..\data\input\1_1__-10_10.dat
-- TINY GP (Java version) --
SEED=-1
MAX_LEN=10000
POPSIZE=100000
DEPTH=5
CROSSOVER_PROB=0.9
PMUT_PER_NODE=0.05
MIN_RANDOM=-5.0
MAX_RANDOM=17.0
GENERATIONS=40
TSIZE=2
SOLVING_THRESHOLD=4.2
----------------------------------
Generation=0 Avg Fitness=2180216.108385819 Best Fitness=630247.3156263583 Avg Size=11.03882
Best Individual: ((X1  * 15.004129824836614) * 16.382622848488708)
Generation=1 Avg Fitness=1501619.5244060454 Best Fitness=629915.0829346961 Avg Size=11.58736
Best Individual: (X1  * (16.560016275204276 * 15.004129824836614))
Generation=2 Avg Fitness=1589726.817365296 Best Fitness=629915.0829346961 Avg Size=12.99804
Best Individual: (X1  * (16.560016275204276 * 15.004129824836614))
Generation=3 Avg Fitness=1320317.85961744 Best Fitness=629216.3636019935 Avg Size=15.12112
Best Individual: ((((16.814196547457065 * X1 ) - (4.230088511262025 / (6.333255087226675 / 13.043624182001015))) - COS(2.0886652083237838)) * 14.914218802896155)
Generation=4 Avg Fitness=7103218.15496724 Best Fitness=183693.23185319838 Avg Size=17.56662
Best Individual: (((X1  / ((8.377161651294351 / 9.354901015989896) / (-1.9952336083018682 * (X1  * ((COS((-3.3674450736981223 * -2.0512196397366007)) * COS(10.703528409138794)) + ((-0.5945446278288165 - X1 ) / -0.44221410804860284)))))) / (2.0886652083237838 - 11.818517381635832)) * 8.476488624490722)
Generation=5 Avg Fitness=7167550.125496389 Best Fitness=183693.23185319838 Avg Size=21.35272
Best Individual: (((X1  / ((8.377161651294351 / 9.354901015989896) / (-1.9952336083018682 * (X1  * ((COS((-3.3674450736981223 * -2.0512196397366007)) * COS(10.703528409138794)) + ((-0.5945446278288165 - X1 ) / -0.44221410804860284)))))) / (2.0886652083237838 - 11.818517381635832)) * 8.476488624490722)
Generation=6 Avg Fitness=3273881.796839245 Best Fitness=105876.88167859087 Avg Size=26.5365
Best Individual: ((-3.398084215418793 - ((X1  * (-0.5945446278288165 + -4.8617922885760425)) * (X1  * X1 ))) - 11.424624323092154)
Generation=7 Avg Fitness=1.7686538174444545E7 Best Fitness=105876.88167859087 Avg Size=30.94818
Best Individual: ((-3.398084215418793 - ((X1  * (-0.5945446278288165 + -4.8617922885760425)) * (X1  * X1 ))) - 11.424624323092154)
Generation=8 Avg Fitness=1.6692546262101904E7 Best Fitness=77773.46909807122 Avg Size=34.28508
Best Individual: (((X1  * ((((((X1  * ((16.016643737882703 * X1 ) - (3.1592243840214635 - 13.722035511564645))) - COS((4.146450898824192 - 3.1592243840214635))) - (SIN(((3.163417896942285 * -3.6498868076285795) - SIN(SIN(0.039083451987599105)))) - X1 )) + 4.404311781570726) - (12.344150381925523 * ((X1  + 3.575412965972909) / SIN(15.004129824836614)))) / 2.8543085514549285)) + 3.430106650166463) - (-1.9952336083018682 / (-3.3674450736981223 / (11.400616134961123 * X1 ))))
Generation=9 Avg Fitness=1.0990536541935532E8 Best Fitness=77773.46909807122 Avg Size=38.54784
Best Individual: (((X1  * ((((((X1  * ((16.016643737882703 * X1 ) - (3.1592243840214635 - 13.722035511564645))) - COS((4.146450898824192 - 3.1592243840214635))) - (SIN(((3.163417896942285 * -3.6498868076285795) - SIN(SIN(0.039083451987599105)))) - X1 )) + 4.404311781570726) - (12.344150381925523 * ((X1  + 3.575412965972909) / SIN(15.004129824836614)))) / 2.8543085514549285)) + 3.430106650166463) - (-1.9952336083018682 / (-3.3674450736981223 / (11.400616134961123 * X1 ))))
Generation=10 Avg Fitness=4.76786386188952E8 Best Fitness=77773.46909807122 Avg Size=45.17662
Best Individual: (((X1  * ((((((X1  * ((16.016643737882703 * X1 ) - (3.1592243840214635 - 13.722035511564645))) - COS((4.146450898824192 - 3.1592243840214635))) - (SIN(((3.163417896942285 * -3.6498868076285795) - SIN(SIN(0.039083451987599105)))) - X1 )) + 4.404311781570726) - (12.344150381925523 * ((X1  + 3.575412965972909) / SIN(15.004129824836614)))) / 2.8543085514549285)) + 3.430106650166463) - (-1.9952336083018682 / (-3.3674450736981223 / (11.400616134961123 * X1 ))))
Generation=11 Avg Fitness=1.5351622417975625E8 Best Fitness=45284.80233839812 Avg Size=53.41472
Best Individual: (((X1  * ((((((X1  * ((13.279893755318898 * X1 ) - (3.1592243840214635 - 13.722035511564645))) - COS((4.146450898824192 - 3.1592243840214635))) - (SIN(((3.163417896942285 * -3.6498868076285795) - SIN(SIN(0.039083451987599105)))) - X1 )) + 4.404311781570726) - (12.344150381925523 * ((X1  + 3.575412965972909) / SIN(15.004129824836614)))) / 2.8543085514549285)) + 3.430106650166463) - (12.344150381925523 / (-3.3674450736981223 / (11.400616134961123 * X1 ))))
Generation=12 Avg Fitness=2.493340725763826E8 Best Fitness=45108.53040882984 Avg Size=62.01272
Best Individual: (((X1  * ((((((X1  * ((13.279893755318898 * X1 ) - (3.1592243840214635 - 13.722035511564645))) - COS((4.146450898824192 - 3.1592243840214635))) - (SIN(((13.57864046499758 + 10.703528409138794) - SIN(SIN(0.039083451987599105)))) - X1 )) + 4.404311781570726) - (12.344150381925523 * ((X1  + 3.575412965972909) / SIN(15.004129824836614)))) / 2.8543085514549285)) + 3.430106650166463) - (12.344150381925523 / (-3.3674450736981223 / (11.400616134961123 * X1 ))))
Generation=13 Avg Fitness=5.9962487294029176E7 Best Fitness=42390.68839931566 Avg Size=73.58686
Best Individual: (((X1  * ((((((X1  * ((16.016643737882703 * X1 ) - 10.637063629975092)) - COS((4.146450898824192 - 3.1592243840214635))) - (SIN(13.279893755318898) - (12.344150381925523 * ((3.430106650166463 - 3.575412965972909) / SIN(15.004129824836614))))) + 2.8543085514549285) - 3.430106650166463) / 3.1592243840214635)) + 4.197388104560989) - 14.745989432987972)
Generation=14 Avg Fitness=9.104027002473594E7 Best Fitness=25940.284518754546 Avg Size=87.40548
Best Individual: (((X1  * ((((((X1  * ((16.016643737882703 * X1 ) - (3.1592243840214635 - 13.722035511564645))) - COS((11.400616134961123 - X1 ))) - (SIN(SIN(13.722035511564645)) * X1 )) + (12.344150381925523 * (X1  / SIN(10.637063629975092)))) - SIN(10.814116727691152)) / 3.1592243840214635)) + 3.430106650166463) - (-1.9952336083018682 / (COS(2.7959630657595067) / 14.745989432987972)))
Generation=15 Avg Fitness=1.0744841242665733E10 Best Fitness=18329.72891564303 Avg Size=98.14124
Best Individual: (((X1  * ((((((X1  * ((16.016643737882703 * X1 ) - (9.133094097595233 - X1 ))) - COS((16.382622848488708 - 3.1592243840214635))) - SIN(SIN(COS(13.279893755318898)))) + 6.9179783682789555) - 8.185180008624283) / 3.430106650166463)) + (-1.9952336083018682 / (-3.3674450736981223 / (11.400616134961123 * X1 )))) - 4.197388104560989)
Generation=16 Avg Fitness=7.803785366214688E8 Best Fitness=16657.522755665374 Avg Size=104.85142
Best Individual: (((X1  * ((((((X1  * ((16.016643737882703 * X1 ) - 6.319314435643918)) - COS((4.146450898824192 - 3.1592243840214635))) - (SIN(COS(13.279893755318898)) - 6.9179783682789555)) + (12.344150381925523 * ((3.430106650166463 - 3.575412965972909) / X1 ))) - 3.430106650166463) / 3.1592243840214635)) + 4.197388104560989) - 7.69345594280415)
Generation=17 Avg Fitness=4.526375992348226E8 Best Fitness=9988.867389304978 Avg Size=116.4495
Best Individual: (((X1  * ((((((X1  * ((16.016643737882703 * X1 ) - (8.185180008624283 - X1 ))) - COS((16.382622848488708 - 3.1592243840214635))) - SIN(SIN(COS(13.279893755318898)))) + 6.9179783682789555) - 13.043624182001015) / 3.430106650166463)) + (-1.9952336083018682 / (-3.3674450736981223 / (11.400616134961123 * X1 )))) - 4.197388104560989)
Generation=18 Avg Fitness=3.236028084251706E8 Best Fitness=9988.867389304978 Avg Size=135.0454
Best Individual: (((X1  * ((((((X1  * ((16.016643737882703 * X1 ) - (8.185180008624283 - X1 ))) - COS((16.382622848488708 - 3.1592243840214635))) - SIN(SIN(COS(13.279893755318898)))) + 6.9179783682789555) - 13.043624182001015) / 3.430106650166463)) + (-1.9952336083018682 / (-3.3674450736981223 / (11.400616134961123 * X1 )))) - 4.197388104560989)
Generation=19 Avg Fitness=8.111569060420677E7 Best Fitness=8789.103818635384 Avg Size=148.26778
Best Individual: (((X1  * ((((((X1  * ((16.016643737882703 * X1 ) - 6.319314435643918)) - COS((4.146450898824192 - 3.1592243840214635))) - (SIN(COS(13.279893755318898)) - 6.9179783682789555)) + (12.344150381925523 * ((3.430106650166463 - 3.575412965972909) / 8.476488624490722))) - 6.9179783682789555) / 3.1592243840214635)) + -3.3674450736981223) - 14.745989432987972)
Generation=20 Avg Fitness=4.91754777596523E7 Best Fitness=7083.343104238298 Avg Size=160.88494
Best Individual: (((X1  * ((((((X1  * ((16.016643737882703 * X1 ) - 10.814116727691152)) - COS((16.382622848488708 - 3.1592243840214635))) - (SIN(COS(13.279893755318898)) - 6.9179783682789555)) + (X1  * ((X1  + 3.575412965972909) / SIN(14.82471430703265)))) - 2.8543085514549285) / 3.430106650166463)) + (SIN(-4.554031734214946) / 16.382622848488708)) - (-3.3674450736981223 / COS(1.726389338348791)))
Generation=21 Avg Fitness=1.3964846982302535E8 Best Fitness=4639.137045234097 Avg Size=178.71906
Best Individual: (((X1  * ((((((X1  * ((16.016643737882703 * X1 ) - 10.814116727691152)) - COS((16.382622848488708 - 6.9179783682789555))) - (SIN(COS(13.279893755318898)) - 6.9179783682789555)) + (X1  * ((X1  + 3.575412965972909) / SIN(14.745989432987972)))) - 2.8543085514549285) / 3.430106650166463)) + (SIN(-4.554031734214946) / 16.382622848488708)) - (-3.3674450736981223 / COS(1.726389338348791)))
Generation=22 Avg Fitness=9.770728773240665E7 Best Fitness=4382.222631520688 Avg Size=196.0874
Best Individual: (((X1  * ((((((X1  * ((15.894550813702057 * X1 ) - 6.319314435643918)) - COS((4.146450898824192 - 3.1592243840214635))) - (SIN(COS(13.279893755318898)) - 6.9179783682789555)) + (12.344150381925523 * ((3.430106650166463 - 3.575412965972909) / (15.004129824836614 - 2.8543085514549285)))) - 3.430106650166463) / 3.1592243840214635)) + X1 ) - 14.745989432987972)
Generation=23 Avg Fitness=3.823233969120532E7 Best Fitness=2442.8090391354194 Avg Size=204.19776
Best Individual: (((X1  * ((((((X1  * ((16.016643737882703 * X1 ) - 10.814116727691152)) - COS((X1  - 3.1592243840214635))) - (SIN(COS(13.279893755318898)) - 16.016643737882703)) + (X1  * ((X1  + 3.575412965972909) / SIN((13.043624182001015 / (9.133094097595233 - -2.3799395738968396)))))) - 2.8543085514549285) / 3.430106650166463)) + (SIN(-4.554031734214946) - 16.382622848488708)) - (-3.3674450736981223 / (11.400616134961123 - -4.954728333009555)))
Generation=24 Avg Fitness=7.655838483575416E8 Best Fitness=2442.8090391354194 Avg Size=207.68204
Best Individual: (((X1  * ((((((X1  * ((16.016643737882703 * X1 ) - 10.814116727691152)) - COS((X1  - 3.1592243840214635))) - (SIN(COS(13.279893755318898)) - 16.016643737882703)) + (X1  * ((X1  + 3.575412965972909) / SIN((13.043624182001015 / (9.133094097595233 - -2.3799395738968396)))))) - 2.8543085514549285) / 3.430106650166463)) + (SIN(-4.554031734214946) - 16.382622848488708)) - (-3.3674450736981223 / (11.400616134961123 - -4.954728333009555)))
Generation=25 Avg Fitness=8.19447065271225E8 Best Fitness=2442.8090391354194 Avg Size=209.87688
Best Individual: (((X1  * ((((((X1  * ((16.016643737882703 * X1 ) - 10.814116727691152)) - COS((X1  - 3.1592243840214635))) - (SIN(COS(13.279893755318898)) - 16.016643737882703)) + (X1  * ((X1  + 3.575412965972909) / SIN((13.043624182001015 / (9.133094097595233 - -2.3799395738968396)))))) - 2.8543085514549285) / 3.430106650166463)) + (SIN(-4.554031734214946) - 16.382622848488708)) - (-3.3674450736981223 / (11.400616134961123 - -4.954728333009555)))
Generation=26 Avg Fitness=3.968579876104111E7 Best Fitness=2442.8090391354194 Avg Size=216.72784
Best Individual: (((X1  * ((((((X1  * ((16.016643737882703 * X1 ) - 10.814116727691152)) - COS((X1  - 3.1592243840214635))) - (SIN(COS(13.279893755318898)) - 16.016643737882703)) + (X1  * ((X1  + 3.575412965972909) / SIN((13.043624182001015 / (9.133094097595233 - -2.3799395738968396)))))) - 2.8543085514549285) / 3.430106650166463)) + (SIN(-4.554031734214946) - 16.382622848488708)) - (-3.3674450736981223 / (11.400616134961123 - -4.954728333009555)))
Generation=27 Avg Fitness=1.2936273390321012E8 Best Fitness=1980.8005461277678 Avg Size=228.85562
Best Individual: (((X1  * ((((((X1  * ((16.016643737882703 * X1 ) - 10.814116727691152)) - COS((X1  - 3.1592243840214635))) - (SIN(COS(13.279893755318898)) - 16.016643737882703)) + (X1  * ((X1  + 3.575412965972909) / SIN((13.043624182001015 / (9.133094097595233 - -2.3799395738968396)))))) - 2.8543085514549285) / 3.430106650166463)) + (SIN(-4.554031734214946) - 16.382622848488708)) - (-3.3674450736981223 / (11.400616134961123 - 13.279893755318898)))
Generation=28 Avg Fitness=9.770759310621003E8 Best Fitness=1137.961026289107 Avg Size=242.30364
Best Individual: (((X1  * ((((((X1  * ((16.016643737882703 * X1 ) - 10.814116727691152)) - COS(X1 )) - (SIN(COS(13.279893755318898)) - 16.016643737882703)) + (X1  * ((X1  + 3.575412965972909) / SIN((13.043624182001015 / (9.133094097595233 - -2.3799395738968396)))))) - 2.8543085514549285) / 3.430106650166463)) + (SIN(10.814116727691152) - 16.382622848488708)) - (-3.3674450736981223 / (11.400616134961123 - -4.954728333009555)))
Generation=29 Avg Fitness=7.84510397927759E8 Best Fitness=1137.961026289107 Avg Size=254.92498
Best Individual: (((X1  * ((((((X1  * ((16.016643737882703 * X1 ) - 10.814116727691152)) - COS(X1 )) - (SIN(COS(13.279893755318898)) - 16.016643737882703)) + (X1  * ((X1  + 3.575412965972909) / SIN((13.043624182001015 / (9.133094097595233 - -2.3799395738968396)))))) - 2.8543085514549285) / 3.430106650166463)) + (SIN(10.814116727691152) - 16.382622848488708)) - (-3.3674450736981223 / (11.400616134961123 - -4.954728333009555)))
Generation=30 Avg Fitness=9.222469546023238E8 Best Fitness=1068.1568897627067 Avg Size=253.20404
Best Individual: (((X1  * ((((((X1  * ((16.016643737882703 * X1 ) - 10.814116727691152)) - COS(X1 )) - (SIN(COS(13.279893755318898)) - 16.016643737882703)) + (X1  * ((X1  + 3.575412965972909) / SIN((13.043624182001015 / (9.133094097595233 - -2.3799395738968396)))))) - 2.8543085514549285) / 3.430106650166463)) + (SIN(10.814116727691152) - 16.382622848488708)) - (-3.3674450736981223 / (0.5899042905989553 - -4.954728333009555)))
Generation=31 Avg Fitness=8.371225004485025E8 Best Fitness=1068.1568897627067 Avg Size=243.49982
Best Individual: (((X1  * ((((((X1  * ((16.016643737882703 * X1 ) - 10.814116727691152)) - COS(X1 )) - (SIN(COS(13.279893755318898)) - 16.016643737882703)) + (X1  * ((X1  + 3.575412965972909) / SIN((13.043624182001015 / (9.133094097595233 - -2.3799395738968396)))))) - 2.8543085514549285) / 3.430106650166463)) + (SIN(10.814116727691152) - 16.382622848488708)) - (-3.3674450736981223 / (0.5899042905989553 - -4.954728333009555)))
Generation=32 Avg Fitness=3.621673214891813E7 Best Fitness=1068.1547516608023 Avg Size=239.21084
Best Individual: (((X1  * ((((((X1  * ((16.016643737882703 * X1 ) - 10.814116727691152)) - COS(X1 )) - (SIN(COS(13.279893755318898)) - 16.016643737882703)) + (X1  * ((X1  + 3.575412965972909) / SIN((13.043624182001015 / (9.133094097595233 - -2.3799395738968396)))))) - 2.8543085514549285) / 3.430106650166463)) + (SIN(10.814116727691152) - 16.382622848488708)) - (-3.3674450736981223 / (11.400616134961123 - 6.333255087226675)))
Generation=33 Avg Fitness=3.512627941642629E8 Best Fitness=1068.1547516608023 Avg Size=240.53494
Best Individual: (((X1  * ((((((X1  * ((16.016643737882703 * X1 ) - 10.814116727691152)) - COS(X1 )) - (SIN(COS(13.279893755318898)) - 16.016643737882703)) + (X1  * ((X1  + 3.575412965972909) / SIN((13.043624182001015 / (9.133094097595233 - -2.3799395738968396)))))) - 2.8543085514549285) / 3.430106650166463)) + (SIN(10.814116727691152) - 16.382622848488708)) - (-3.3674450736981223 / (11.400616134961123 - 6.333255087226675)))
Generation=34 Avg Fitness=1.0245555392702219E8 Best Fitness=860.3014470548898 Avg Size=249.14834
Best Individual: (((X1  * ((((((X1  * ((16.016643737882703 * X1 ) - 10.814116727691152)) - COS((X1  / -3.663847243777907))) - (SIN(COS(13.279893755318898)) - 16.016643737882703)) + (X1  * ((X1  + 3.575412965972909) / SIN((13.043624182001015 / (9.133094097595233 - -2.3799395738968396)))))) - 2.8543085514549285) / 3.430106650166463)) + (SIN((15.004129824836614 - 2.8543085514549285)) - 16.382622848488708)) - (X1  / (11.400616134961123 - -4.954728333009555)))
Generation=35 Avg Fitness=2.25180089787641E7 Best Fitness=860.3014470548898 Avg Size=264.15364
Best Individual: (((X1  * ((((((X1  * ((16.016643737882703 * X1 ) - 10.814116727691152)) - COS((X1  / -3.663847243777907))) - (SIN(COS(13.279893755318898)) - 16.016643737882703)) + (X1  * ((X1  + 3.575412965972909) / SIN((13.043624182001015 / (9.133094097595233 - -2.3799395738968396)))))) - 2.8543085514549285) / 3.430106650166463)) + (SIN((15.004129824836614 - 2.8543085514549285)) - 16.382622848488708)) - (X1  / (11.400616134961123 - -4.954728333009555)))
Generation=36 Avg Fitness=1.2558890889481562E10 Best Fitness=860.3014470548898 Avg Size=270.8836
Best Individual: (((X1  * ((((((X1  * ((16.016643737882703 * X1 ) - 10.814116727691152)) - COS((X1  / -3.663847243777907))) - (SIN(COS(13.279893755318898)) - 16.016643737882703)) + (X1  * ((X1  + 3.575412965972909) / SIN((13.043624182001015 / (9.133094097595233 - -2.3799395738968396)))))) - 2.8543085514549285) / 3.430106650166463)) + (SIN((15.004129824836614 - 2.8543085514549285)) - 16.382622848488708)) - (X1  / (11.400616134961123 - -4.954728333009555)))
Generation=37 Avg Fitness=1.5679577422562532E7 Best Fitness=675.735124896807 Avg Size=276.71526
Best Individual: (((X1  * ((((((X1  * ((16.016643737882703 * X1 ) - 10.814116727691152)) - COS((X1  / -3.663847243777907))) - (SIN(COS(13.279893755318898)) - 16.016643737882703)) + (X1  * ((X1  + 3.575412965972909) / SIN((13.043624182001015 / (9.133094097595233 - -2.3799395738968396)))))) - 3.1592243840214635) / 3.430106650166463)) + (SIN((15.004129824836614 - 2.8543085514549285)) - 16.382622848488708)) - (X1  / (11.400616134961123 - -4.954728333009555)))
Generation=38 Avg Fitness=1.6495077812227944E7 Best Fitness=634.5032932896017 Avg Size=290.78274
Best Individual: (((X1  * ((((((X1  * ((16.016643737882703 * X1 ) - 10.814116727691152)) - COS((X1  / -3.663847243777907))) - (SIN(COS(13.279893755318898)) - 15.575194250813837)) + (X1  * ((X1  + 3.575412965972909) / SIN((13.043624182001015 / (9.133094097595233 - -2.3799395738968396)))))) - 2.8543085514549285) / 3.430106650166463)) + (SIN((15.004129824836614 - 2.8543085514549285)) - 16.382622848488708)) - (X1  / (11.400616134961123 - -4.954728333009555)))
Generation=39 Avg Fitness=1.4291684998482754E7 Best Fitness=622.8136095644636 Avg Size=322.67608
Best Individual: (((X1  * ((((((X1  * ((16.016643737882703 * X1 ) - 10.814116727691152)) - COS((X1  / -3.663847243777907))) - (SIN(COS(13.279893755318898)) - 16.016643737882703)) + (X1  * ((X1  + 3.575412965972909) / SIN((13.043624182001015 / (9.133094097595233 - -2.3799395738968396)))))) - 2.8543085514549285) / 3.430106650166463)) + (SIN((15.004129824836614 - 2.8543085514549285)) - 16.382622848488708)) - (X1  / (11.400616134961123 - 6.9179783682789555)))
PROBLEM *NOT* SOLVED
