..\data\input\1_1__0_100.dat
-- TINY GP (Java version) --
SEED=-1
MAX_LEN=10000
POPSIZE=75000
DEPTH=5
CROSSOVER_PROB=0.9
PMUT_PER_NODE=0.05
MIN_RANDOM=-5.0
MAX_RANDOM=17.0
GENERATIONS=40
TSIZE=2
SOLVING_THRESHOLD=21.0
----------------------------------
Generation=0 Avg Fitness=1.2479771621779504E9 Best Fitness=1.0642120038083302E9 Avg Size=11.004373333333334
Best Individual: (13.722141547629818 / (((-4.490919474236737 / (13.99168003808554 + 9.716770903876906)) / 9.530735321857266) / ((7.877303430632807 - COS(3.2932813178010836)) + X1 )))
Generation=1 Avg Fitness=1.2467022311586864E9 Best Fitness=6.771899165213692E8 Avg Size=10.660426666666666
Best Individual: (8.822912762943044 * ((((13.722141547629818 * 10.174471712468467) + COS(14.232500184535716)) + 5.215135436805474) * ((13.60222344475767 * X1 ) - 14.727767790332098)))
Generation=2 Avg Fitness=1.2499759249304187E9 Best Fitness=5.487015557873741E8 Avg Size=12.176266666666667
Best Individual: ((16.595857661411397 * (X1  * (13.99168003808554 - 0.852679187380768))) * X1 )
Generation=3 Avg Fitness=5.699426725014902E9 Best Fitness=2.5899286780056384E8 Avg Size=15.317973333333333
Best Individual: ((((SIN(2.7883734260415203) * ((COS(-0.6818416220202606) + 12.342235400705931) * X1 )) * (9.37227729304686 / 9.716770903876906)) * (9.716770903876906 * X1 )) * 9.37227729304686)
Generation=4 Avg Fitness=4.466104503494051E10 Best Fitness=2.087291041503754E8 Avg Size=19.280293333333333
Best Individual: (((((((X1  - 7.955085466683558) / 12.001407743046784) / 0.20606289404756062) * 9.551003688449681) + (12.62251346525682 / COS(14.727767790332098))) * (13.99168003808554 + (X1  * 9.37227729304686))) * 11.808934586470546)
Generation=5 Avg Fitness=1.743857075953666E11 Best Fitness=2.087291041503754E8 Avg Size=23.159013333333334
Best Individual: (((((((X1  - 7.955085466683558) / 12.001407743046784) / 0.20606289404756062) * 9.551003688449681) + (12.62251346525682 / COS(14.727767790332098))) * (13.99168003808554 + (X1  * 9.37227729304686))) * 11.808934586470546)
Generation=6 Avg Fitness=6.681418230733145E13 Best Fitness=9.533868273948883E7 Avg Size=27.129706666666667
Best Individual: (((X1  + 5.215135436805474) * 5.891242342962455) * ((X1  + (16.16295877198079 * (0.852679187380768 * COS(9.975972096144156)))) * X1 ))
Generation=7 Avg Fitness=1.1545568966591148E15 Best Fitness=9.533868273948883E7 Avg Size=31.51264
Best Individual: (((X1  + 5.215135436805474) * 5.891242342962455) * ((X1  + (16.16295877198079 * (0.852679187380768 * COS(9.975972096144156)))) * X1 ))
Generation=8 Avg Fitness=9.417311452404179E14 Best Fitness=5.425662411924807E7 Avg Size=36.40848
Best Individual: (((X1  + 5.215135436805474) * 5.891242342962455) * ((X1  + ((12.342235400705931 * -3.799278067671728) * (0.852679187380768 * COS(13.697123226986388)))) * X1 ))
Generation=9 Avg Fitness=3.9776652971996595E15 Best Fitness=5.425662411924807E7 Avg Size=41.49989333333333
Best Individual: (((X1  + 5.215135436805474) * 5.891242342962455) * ((X1  + ((12.342235400705931 * -3.799278067671728) * (0.852679187380768 * COS(13.697123226986388)))) * X1 ))
Generation=10 Avg Fitness=4.331629576770652E18 Best Fitness=5.1328989557280675E7 Avg Size=45.800266666666666
Best Individual: (((SIN(6.680317911015859) * 11.808934586470546) * ((14.727767790332098 + 9.241787539888875) + (X1  * (0.9149386634458807 * X1 )))) * (X1  + 16.2787886507311))
Generation=11 Avg Fitness=1.3190816422623026E17 Best Fitness=9287473.787189476 Avg Size=49.92357333333333
Best Individual: ((9.315651472193482 + ((11.158079554826404 * X1 ) - 14.727767790332098)) * (X1  / ((13.229310736868872 / 5.891242342962455) / X1 )))
Generation=12 Avg Fitness=4.978695517402848E18 Best Fitness=9287473.787189476 Avg Size=53.67165333333333
Best Individual: ((9.315651472193482 + ((11.158079554826404 * X1 ) - 14.727767790332098)) * (X1  / ((13.229310736868872 / 5.891242342962455) / X1 )))
Generation=13 Avg Fitness=6.441557894184634E17 Best Fitness=2178528.5987966657 Avg Size=58.50757333333333
Best Individual: (X1  * (((7.114063379181678 * (SIN(-4.490919474236737) + 4.454891651560725)) + (5.891242342962455 * (X1  * X1 ))) - ((-1.3981564134080227 + 9.241787539888875) + (X1  * (0.9149386634458807 * X1 )))))
Generation=14 Avg Fitness=2.465785980435357E21 Best Fitness=2178528.5987966657 Avg Size=66.69717333333334
Best Individual: (X1  * (((7.114063379181678 * (SIN(-4.490919474236737) + 4.454891651560725)) + (5.891242342962455 * (X1  * X1 ))) - ((-1.3981564134080227 + 9.241787539888875) + (X1  * (0.9149386634458807 * X1 )))))
Generation=15 Avg Fitness=8.85340681524098E20 Best Fitness=1193478.5545825714 Avg Size=75.88656
Best Individual: (X1  * (((1.2405416245278564 * (SIN(-4.490919474236737) + 4.454891651560725)) + (5.891242342962455 * (X1  * X1 ))) - ((-1.3981564134080227 + 9.241787539888875) + (X1  * (0.9149386634458807 * X1 )))))
Generation=16 Avg Fitness=2.4938932685776E23 Best Fitness=1114333.2682888117 Avg Size=82.66573333333334
Best Individual: (X1  * (((7.114063379181678 - (SIN(-4.490919474236737) + 4.454891651560725)) + (5.891242342962455 * (X1  * X1 ))) - ((-1.3981564134080227 + 9.241787539888875) + (X1  * (0.9149386634458807 * X1 )))))
Generation=17 Avg Fitness=2.2968086851568022E23 Best Fitness=1104488.9569870594 Avg Size=89.53154666666667
Best Individual: (X1  * (((0.17018332849223938 * (SIN(-4.490919474236737) + 4.454891651560725)) + (5.891242342962455 * (X1  * X1 ))) - ((-1.3981564134080227 + 9.241787539888875) + (X1  * (0.9149386634458807 * X1 )))))
Generation=18 Avg Fitness=2.4459557673785732E23 Best Fitness=1027435.2380101595 Avg Size=99.24856
Best Individual: (X1  * (((7.114063379181678 - (SIN(-4.490919474236737) + 4.454891651560725)) + (5.891242342962455 * (X1  * X1 ))) - ((12.62251346525682 + 9.241787539888875) + (X1  * (0.9149386634458807 * X1 )))))
Generation=19 Avg Fitness=2.2968076929807165E23 Best Fitness=879991.3438099619 Avg Size=109.47026666666666
Best Individual: (((SIN(6.680317911015859) * 13.99168003808554) * ((-1.0009054388920475 + 7.2272179630904) + (X1  * (0.9149386634458807 * X1 )))) * (X1  + COS((((7.955085466683558 - -0.337929458979346) * 9.975972096144156) * 9.241787539888875))))
Generation=20 Avg Fitness=2.332645032601386E22 Best Fitness=879991.3438099619 Avg Size=115.59218666666666
Best Individual: (((SIN(6.680317911015859) * 13.99168003808554) * ((-1.0009054388920475 + 7.2272179630904) + (X1  * (0.9149386634458807 * X1 )))) * (X1  + COS((((7.955085466683558 - -0.337929458979346) * 9.975972096144156) * 9.241787539888875))))
Generation=21 Avg Fitness=4.237750825940849E19 Best Fitness=733971.1039819473 Avg Size=123.18269333333333
Best Individual: (X1  * (((7.114063379181678 * (SIN(-4.490919474236737) + 0.9149386634458807)) + (5.891242342962455 * (X1  * X1 ))) - (((12.342235400705931 * 8.560223586535633) - (X1  + (13.645225335114429 + 9.530735321857266))) + (X1  * (0.9149386634458807 * X1 )))))
Generation=22 Avg Fitness=9.151175426307416E16 Best Fitness=726060.9230218754 Avg Size=135.3552
Best Individual: (X1  * ((((X1  / 13.722141547629818) * (SIN(-4.490919474236737) + 4.454891651560725)) + (5.891242342962455 * (X1  * X1 ))) - ((16.366341189722128 + (16.366341189722128 + 9.975972096144156)) + (X1  * (0.9149386634458807 * X1 )))))
Generation=23 Avg Fitness=2.460556637585832E20 Best Fitness=520867.7101653571 Avg Size=152.11472
Best Individual: (X1  * (((7.114063379181678 - (SIN(-4.490919474236737) + 4.454891651560725)) + (5.891242342962455 * (X1  * X1 ))) - (((12.342235400705931 * 8.560223586535633) - (X1  + (13.645225335114429 + 9.530735321857266))) + (X1  * (0.9149386634458807 * X1 )))))
Generation=24 Avg Fitness=1.7319419986610006E19 Best Fitness=515071.3648438055 Avg Size=170.40338666666668
Best Individual: (X1  * (((7.114063379181678 * (SIN(-4.490919474236737) + 0.9149386634458807)) + (5.891242342962455 * (X1  * X1 ))) - (((13.917767898409593 * 8.560223586535633) - (X1  + (13.645225335114429 + 9.530735321857266))) + (X1  * (0.9149386634458807 * X1 )))))
Generation=25 Avg Fitness=5.559361847321864E20 Best Fitness=514761.73468290846 Avg Size=183.77802666666668
Best Individual: (X1  * (((7.114063379181678 * (SIN(-4.490919474236737) + 0.9149386634458807)) + (5.891242342962455 * (X1  * X1 ))) - (((12.342235400705931 * 8.560223586535633) - (X1  + (-0.33148053003048794 + 9.530735321857266))) + (X1  * (0.9149386634458807 * X1 )))))
Generation=26 Avg Fitness=3.987302155804335E19 Best Fitness=350803.92412470706 Avg Size=202.86357333333333
Best Individual: (((SIN(6.680317911015859) * 13.99168003808554) * (((0.9149386634458807 * X1 ) / 8.822912762943044) + (X1  * (0.9149386634458807 * X1 )))) * (X1  + COS((((7.955085466683558 - -0.337929458979346) * 9.975972096144156) * 9.241787539888875))))
Generation=27 Avg Fitness=5.2411908407313935E22 Best Fitness=350803.92412470706 Avg Size=229.38290666666666
Best Individual: (((SIN(6.680317911015859) * 13.99168003808554) * (((0.9149386634458807 * X1 ) / 8.822912762943044) + (X1  * (0.9149386634458807 * X1 )))) * (X1  + COS((((7.955085466683558 - -0.337929458979346) * 9.975972096144156) * 9.241787539888875))))
Generation=28 Avg Fitness=4.786208461465892E17 Best Fitness=350803.92412470706 Avg Size=251.68946666666668
Best Individual: (((SIN(6.680317911015859) * 13.99168003808554) * (((0.9149386634458807 * X1 ) / 8.822912762943044) + (X1  * (0.9149386634458807 * X1 )))) * (X1  + COS((((7.955085466683558 - -0.337929458979346) * 9.975972096144156) * 9.241787539888875))))
Generation=29 Avg Fitness=3.401500983244872E18 Best Fitness=350803.92412470706 Avg Size=273.3152
Best Individual: (((SIN(6.680317911015859) * 13.99168003808554) * (((0.9149386634458807 * X1 ) / 8.822912762943044) + (X1  * (0.9149386634458807 * X1 )))) * (X1  + COS((((7.955085466683558 - -0.337929458979346) * 9.975972096144156) * 9.241787539888875))))
Generation=30 Avg Fitness=2.2252322941137437E17 Best Fitness=350803.92412470706 Avg Size=314.5792
Best Individual: (((SIN(6.680317911015859) * 13.99168003808554) * (((0.9149386634458807 * X1 ) / 8.822912762943044) + (X1  * (0.9149386634458807 * X1 )))) * (X1  + COS((((7.955085466683558 - -0.337929458979346) * 9.975972096144156) * 9.241787539888875))))
Generation=31 Avg Fitness=7.827879062724616E19 Best Fitness=350803.92412470706 Avg Size=371.22957333333335
Best Individual: (((SIN(6.680317911015859) * 13.99168003808554) * (((0.9149386634458807 * X1 ) / 8.822912762943044) + (X1  * (0.9149386634458807 * X1 )))) * (X1  + COS((((7.955085466683558 - -0.337929458979346) * 9.975972096144156) * 9.241787539888875))))
Generation=32 Avg Fitness=1.346047704720665E22 Best Fitness=251298.89724117637 Avg Size=363.77808
Best Individual: (((SIN(6.680317911015859) * 13.99168003808554) * (((8.560223586535633 / -3.3862348053221645) + ((0.9149386634458807 * X1 ) / 13.917767898409593)) + (X1  * (0.9149386634458807 * X1 )))) * (X1  + COS((7.955085466683558 * 9.241787539888875))))
Generation=33 Avg Fitness=1.3248030635803261E18 Best Fitness=251298.89724117637 Avg Size=309.6118666666667
Best Individual: (((SIN(6.680317911015859) * 13.99168003808554) * (((8.560223586535633 / -3.3862348053221645) + ((0.9149386634458807 * X1 ) / 13.917767898409593)) + (X1  * (0.9149386634458807 * X1 )))) * (X1  + COS((7.955085466683558 * 9.241787539888875))))
Generation=34 Avg Fitness=5.582766709848038E15 Best Fitness=251298.89724117637 Avg Size=266.18013333333334
Best Individual: (((SIN(6.680317911015859) * 13.99168003808554) * (((8.560223586535633 / -3.3862348053221645) + ((0.9149386634458807 * X1 ) / 13.917767898409593)) + (X1  * (0.9149386634458807 * X1 )))) * (X1  + COS((7.955085466683558 * 9.241787539888875))))
Generation=35 Avg Fitness=5.0609625270088655E19 Best Fitness=251298.89724117637 Avg Size=259.96885333333336
Best Individual: (((SIN(6.680317911015859) * 13.99168003808554) * (((8.560223586535633 / -3.3862348053221645) + ((0.9149386634458807 * X1 ) / 13.917767898409593)) + (X1  * (0.9149386634458807 * X1 )))) * (X1  + COS((7.955085466683558 * 9.241787539888875))))
Generation=36 Avg Fitness=5.029211654634213E19 Best Fitness=251298.89724117637 Avg Size=270.76344
Best Individual: (((SIN(6.680317911015859) * 13.99168003808554) * (((8.560223586535633 / -3.3862348053221645) + ((0.9149386634458807 * X1 ) / 13.917767898409593)) + (X1  * (0.9149386634458807 * X1 )))) * (X1  + COS((7.955085466683558 * 9.241787539888875))))
Generation=37 Avg Fitness=2.4524109971163264E16 Best Fitness=237504.81529434706 Avg Size=282.97474666666665
Best Individual: (((SIN(6.680317911015859) * 13.99168003808554) * (((((16.366341189722128 + 9.975972096144156) / 4.937643697612748) - 7.955085466683558) + ((0.9149386634458807 * X1 ) / 13.917767898409593)) + (X1  * (0.9149386634458807 * X1 )))) * (X1  + COS((7.955085466683558 * 9.241787539888875))))
Generation=38 Avg Fitness=1.4930977800276718E18 Best Fitness=180693.40553737775 Avg Size=292.6574933333333
Best Individual: (((SIN(6.680317911015859) * 13.99168003808554) * ((((-1.3981564134080227 + 13.99168003808554) / -3.3862348053221645) + ((0.9149386634458807 * X1 ) / 13.917767898409593)) + (X1  * (0.9149386634458807 * X1 )))) * (X1  + COS((7.955085466683558 * 9.241787539888875))))
Generation=39 Avg Fitness=2.0784444360040862E21 Best Fitness=173072.15003746163 Avg Size=298.63682666666665
Best Individual: (((SIN(6.680317911015859) * 13.99168003808554) * (((11.808934586470546 / -3.3862348053221645) + ((0.9149386634458807 * X1 ) / 13.917767898409593)) + (X1  * (0.9149386634458807 * X1 )))) * (X1  + COS((7.955085466683558 * 9.241787539888875))))
PROBLEM *NOT* SOLVED
