..\data\input\1_2__0_7.dat
-- TINY GP (Java version) --
SEED=-1
MAX_LEN=10000
POPSIZE=75000
DEPTH=5
CROSSOVER_PROB=0.9
PMUT_PER_NODE=0.05
MIN_RANDOM=-5.0
MAX_RANDOM=6.0
GENERATIONS=40
TSIZE=2
SOLVING_THRESHOLD=1.47
----------------------------------
Generation=0 Avg Fitness=475653.4922474114 Best Fitness=192.19999999999982 Avg Size=10.94664
Best Individual: SIN(((-3.892335824354232 / COS(COS(-1.788506408893341))) - X1 ))
Generation=1 Avg Fitness=11351.918998284178 Best Fitness=191.71999999999994 Avg Size=12.03264
Best Individual: COS((X1  + SIN(-0.8733436831268806)))
Generation=2 Avg Fitness=16205.622478747426 Best Fitness=191.71999999999994 Avg Size=13.85488
Best Individual: COS((X1  + SIN(-0.8733436831268806)))
Generation=3 Avg Fitness=3512.6144629163555 Best Fitness=191.68000000000006 Avg Size=16.09448
Best Individual: SIN(((SIN((-1.6392611261677605 + 3.270591018654871)) - 0.1976623724940021) + X1 ))
Generation=4 Avg Fitness=9010.972017276135 Best Fitness=127.14357142857126 Avg Size=18.459146666666665
Best Individual: (SIN(SIN(((-1.109715445865965 - X1 ) - ((3.891533873232337 / -0.39649898023379304) + SIN(COS((-0.3413137027658806 + -4.615783132947028))))))) / COS(COS(-2.937739492036052)))
Generation=5 Avg Fitness=817.0653810191089 Best Fitness=100.77558441558446 Avg Size=22.265706666666667
Best Individual: (COS((X1  - -2.5149257192503693)) / SIN((2.884091669888634 - 5.153898989011617)))
Generation=6 Avg Fitness=5053.526123110934 Best Fitness=70.10856235512189 Avg Size=28.803786666666667
Best Individual: (COS((X1  - ((-1.6392611261677605 / COS(COS(((3.3155859552159104 - -2.937739492036052) - -2.5149257192503693)))) - 0.07597869605608043))) / (((-4.9298906616139 - (2.310358479423039 * -2.937739492036052)) - COS(-3.580782136966132)) - 3.5493443912133174))
Generation=7 Avg Fitness=610.9505488673939 Best Fitness=70.10856235512189 Avg Size=35.08008
Best Individual: (COS((X1  - ((-1.6392611261677605 / COS(COS(((3.3155859552159104 - -2.937739492036052) - -2.5149257192503693)))) - 0.07597869605608043))) / (((-4.9298906616139 - (2.310358479423039 * -2.937739492036052)) - COS(-3.580782136966132)) - 3.5493443912133174))
Generation=8 Avg Fitness=542.4622800933565 Best Fitness=62.60811594202898 Avg Size=40.44117333333333
Best Individual: (COS((X1  - ((-1.6392611261677605 / COS(COS(-2.5149257192503693))) - 0.07597869605608043))) / COS(((-4.9298906616139 - (2.310358479423039 * -2.937739492036052)) - COS(((((0.07597869605608043 / COS(-1.32498917539078)) + -4.879264694421776) / 0.03652635773017643) / 5.971834663590821)))))
Generation=9 Avg Fitness=4929.974312690107 Best Fitness=18.1883332901416 Avg Size=45.00384
Best Individual: (((((-1.4109321274276359 * -1.1090576623399557) + (-1.5866324773740663 * -4.774715902720761)) * -0.8733436831268806) * SIN((COS(3.822162487810809) - X1 ))) * 0.18201744401820363)
Generation=10 Avg Fitness=754.4280459985239 Best Fitness=18.1883332901416 Avg Size=49.99712
Best Individual: (((((-1.4109321274276359 * -1.1090576623399557) + (-1.5866324773740663 * -4.774715902720761)) * -0.8733436831268806) * SIN((COS(3.822162487810809) - X1 ))) * 0.18201744401820363)
Generation=11 Avg Fitness=3728.226278747908 Best Fitness=18.1883332901416 Avg Size=54.73317333333333
Best Individual: (((((-1.4109321274276359 * -1.1090576623399557) + (-1.5866324773740663 * -4.774715902720761)) * -0.8733436831268806) * SIN((COS(3.822162487810809) - X1 ))) * 0.18201744401820363)
Generation=12 Avg Fitness=403538.317670609 Best Fitness=18.1883332901416 Avg Size=58.88482666666667
Best Individual: (((((-1.4109321274276359 * -1.1090576623399557) + (-1.5866324773740663 * -4.774715902720761)) * -0.8733436831268806) * SIN((COS(3.822162487810809) - X1 ))) * 0.18201744401820363)
Generation=13 Avg Fitness=8377.584676457485 Best Fitness=5.6462091577291815 Avg Size=67.03496
Best Individual: (COS((X1  - ((-1.6392611261677605 / COS(COS((((-0.10448419280930388 * -1.32498917539078) - -2.937739492036052) - -2.5149257192503693)))) - 0.07597869605608043))) / (((-4.9298906616139 - (2.310358479423039 * -2.937739492036052)) - COS(2.982517345011587)) - 3.5493443912133174))
Generation=14 Avg Fitness=43681.10214516006 Best Fitness=3.904791979183316 Avg Size=84.56242666666667
Best Individual: (((((-1.4109321274276359 * -1.1090576623399557) + (-1.5866324773740663 * -4.615783132947028)) * -0.8733436831268806) * SIN((COS(3.822162487810809) - X1 ))) * 0.18201744401820363)
Generation=15 Avg Fitness=31808.551308615308 Best Fitness=3.8726670785981883 Avg Size=104.40936
Best Individual: (((((-1.4109321274276359 * -0.9357654749985604) + (-1.5866324773740663 * -4.774715902720761)) * -0.8733436831268806) * SIN((COS(3.822162487810809) - X1 ))) * 0.18201744401820363)
Generation=16 Avg Fitness=45973.794092747565 Best Fitness=3.8726670785981883 Avg Size=119.75008
Best Individual: (((((-1.4109321274276359 * -0.9357654749985604) + (-1.5866324773740663 * -4.774715902720761)) * -0.8733436831268806) * SIN((COS(3.822162487810809) - X1 ))) * 0.18201744401820363)
Generation=17 Avg Fitness=172371.3153593772 Best Fitness=3.8726670785981883 Avg Size=132.80768
Best Individual: (((((-1.4109321274276359 * -0.9357654749985604) + (-1.5866324773740663 * -4.774715902720761)) * -0.8733436831268806) * SIN((COS(3.822162487810809) - X1 ))) * 0.18201744401820363)
Generation=18 Avg Fitness=1.2699915660515888E8 Best Fitness=3.8726670785981883 Avg Size=140.19426666666666
Best Individual: (((((-1.4109321274276359 * -0.9357654749985604) + (-1.5866324773740663 * -4.774715902720761)) * -0.8733436831268806) * SIN((COS(3.822162487810809) - X1 ))) * 0.18201744401820363)
Generation=19 Avg Fitness=555214.688757786 Best Fitness=3.8726670785981883 Avg Size=144.87141333333332
Best Individual: (((((-1.4109321274276359 * -0.9357654749985604) + (-1.5866324773740663 * -4.774715902720761)) * -0.8733436831268806) * SIN((COS(3.822162487810809) - X1 ))) * 0.18201744401820363)
Generation=20 Avg Fitness=4948709.926754533 Best Fitness=3.8726670785981883 Avg Size=147.48066666666668
Best Individual: (((((-1.4109321274276359 * -0.9357654749985604) + (-1.5866324773740663 * -4.774715902720761)) * -0.8733436831268806) * SIN((COS(3.822162487810809) - X1 ))) * 0.18201744401820363)
Generation=21 Avg Fitness=26533.806764800636 Best Fitness=3.8726670785981883 Avg Size=149.30757333333332
Best Individual: (((((-1.4109321274276359 * -0.9357654749985604) + (-1.5866324773740663 * -4.774715902720761)) * -0.8733436831268806) * SIN((COS(3.822162487810809) - X1 ))) * 0.18201744401820363)
Generation=22 Avg Fitness=1.3429270899656898E8 Best Fitness=3.8726670785981883 Avg Size=158.51954666666666
Best Individual: (((((-1.4109321274276359 * -0.9357654749985604) + (-1.5866324773740663 * -4.774715902720761)) * -0.8733436831268806) * SIN((COS(3.822162487810809) - X1 ))) * 0.18201744401820363)
Generation=23 Avg Fitness=1.34425771152894E8 Best Fitness=3.8726670785981883 Avg Size=163.55773333333335
Best Individual: (((((-1.4109321274276359 * -0.9357654749985604) + (-1.5866324773740663 * -4.774715902720761)) * -0.8733436831268806) * SIN((COS(3.822162487810809) - X1 ))) * 0.18201744401820363)
Generation=24 Avg Fitness=4096601.5199152376 Best Fitness=3.8726670785981883 Avg Size=169.07202666666666
Best Individual: (((((-1.4109321274276359 * -0.9357654749985604) + (-1.5866324773740663 * -4.774715902720761)) * -0.8733436831268806) * SIN((COS(3.822162487810809) - X1 ))) * 0.18201744401820363)
Generation=25 Avg Fitness=94497.61669523914 Best Fitness=3.8726670785981883 Avg Size=178.10824
Best Individual: (((((-1.4109321274276359 * -0.9357654749985604) + (-1.5866324773740663 * -4.774715902720761)) * -0.8733436831268806) * SIN((COS(3.822162487810809) - X1 ))) * 0.18201744401820363)
Generation=26 Avg Fitness=24322.122051948776 Best Fitness=3.8726670785981883 Avg Size=189.09725333333333
Best Individual: (((((-1.4109321274276359 * -0.9357654749985604) + (-1.5866324773740663 * -4.774715902720761)) * -0.8733436831268806) * SIN((COS(3.822162487810809) - X1 ))) * 0.18201744401820363)
Generation=27 Avg Fitness=3914476.733867885 Best Fitness=3.8726670785981883 Avg Size=199.73733333333334
Best Individual: (((((-1.4109321274276359 * -0.9357654749985604) + (-1.5866324773740663 * -4.774715902720761)) * -0.8733436831268806) * SIN((COS(3.822162487810809) - X1 ))) * 0.18201744401820363)
Generation=28 Avg Fitness=82797.10588413638 Best Fitness=3.8726670785981883 Avg Size=210.41464
Best Individual: (((((-1.4109321274276359 * -0.9357654749985604) + (-1.5866324773740663 * -4.774715902720761)) * -0.8733436831268806) * SIN((COS(3.822162487810809) - X1 ))) * 0.18201744401820363)
Generation=29 Avg Fitness=73982.33771240556 Best Fitness=3.8726670785981883 Avg Size=220.95370666666668
Best Individual: (((((-1.4109321274276359 * -0.9357654749985604) + (-1.5866324773740663 * -4.774715902720761)) * -0.8733436831268806) * SIN((COS(3.822162487810809) - X1 ))) * 0.18201744401820363)
Generation=30 Avg Fitness=56876.58468862209 Best Fitness=3.8726670785981883 Avg Size=230.38570666666666
Best Individual: (((((-1.4109321274276359 * -0.9357654749985604) + (-1.5866324773740663 * -4.774715902720761)) * -0.8733436831268806) * SIN((COS(3.822162487810809) - X1 ))) * 0.18201744401820363)
Generation=31 Avg Fitness=64140.89826765052 Best Fitness=3.8726670785981883 Avg Size=242.07245333333333
Best Individual: (((((-1.4109321274276359 * -0.9357654749985604) + (-1.5866324773740663 * -4.774715902720761)) * -0.8733436831268806) * SIN((COS(3.822162487810809) - X1 ))) * 0.18201744401820363)
Generation=32 Avg Fitness=1.3589811944203625E7 Best Fitness=3.8726670785981883 Avg Size=252.80781333333334
Best Individual: (((((-1.4109321274276359 * -0.9357654749985604) + (-1.5866324773740663 * -4.774715902720761)) * -0.8733436831268806) * SIN((COS(3.822162487810809) - X1 ))) * 0.18201744401820363)
Generation=33 Avg Fitness=109089.36058458523 Best Fitness=3.8726670785981883 Avg Size=262.71528
Best Individual: (((((-1.4109321274276359 * -0.9357654749985604) + (-1.5866324773740663 * -4.774715902720761)) * -0.8733436831268806) * SIN((COS(3.822162487810809) - X1 ))) * 0.18201744401820363)
Generation=34 Avg Fitness=5.27884554707837E7 Best Fitness=3.8726670785981883 Avg Size=273.15133333333335
Best Individual: (((((-1.4109321274276359 * -0.9357654749985604) + (-1.5866324773740663 * -4.774715902720761)) * -0.8733436831268806) * SIN((COS(3.822162487810809) - X1 ))) * 0.18201744401820363)
Generation=35 Avg Fitness=2790816.741912776 Best Fitness=3.8726670785981883 Avg Size=283.63325333333336
Best Individual: (((((-1.4109321274276359 * -0.9357654749985604) + (-1.5866324773740663 * -4.774715902720761)) * -0.8733436831268806) * SIN((COS(3.822162487810809) - X1 ))) * 0.18201744401820363)
Generation=36 Avg Fitness=67845.26958036241 Best Fitness=3.8726670785981883 Avg Size=293.52824
Best Individual: (((((-1.4109321274276359 * -0.9357654749985604) + (-1.5866324773740663 * -4.774715902720761)) * -0.8733436831268806) * SIN((COS(3.822162487810809) - X1 ))) * 0.18201744401820363)
Generation=37 Avg Fitness=363597.7712316869 Best Fitness=3.8726670785981883 Avg Size=305.50264
Best Individual: (((((-1.4109321274276359 * -0.9357654749985604) + (-1.5866324773740663 * -4.774715902720761)) * -0.8733436831268806) * SIN((COS(3.822162487810809) - X1 ))) * 0.18201744401820363)
Generation=38 Avg Fitness=7800.151589056912 Best Fitness=3.8726670785981883 Avg Size=316.39944
Best Individual: (((((-1.4109321274276359 * -0.9357654749985604) + (-1.5866324773740663 * -4.774715902720761)) * -0.8733436831268806) * SIN((COS(3.822162487810809) - X1 ))) * 0.18201744401820363)
Generation=39 Avg Fitness=5524245.672360953 Best Fitness=3.8726670785981883 Avg Size=326.0042666666667
Best Individual: (((((-1.4109321274276359 * -0.9357654749985604) + (-1.5866324773740663 * -4.774715902720761)) * -0.8733436831268806) * SIN((COS(3.822162487810809) - X1 ))) * 0.18201744401820363)
PROBLEM *NOT* SOLVED
