..\data\input\1_3__0_4.dat
-- TINY GP (Java version) --
SEED=-1
MAX_LEN=10000
POPSIZE=75000
DEPTH=5
CROSSOVER_PROB=0.9
PMUT_PER_NODE=0.05
MIN_RANDOM=-5.0
MAX_RANDOM=6.0
GENERATIONS=40
TSIZE=2
SOLVING_THRESHOLD=0.84
----------------------------------
Generation=0 Avg Fitness=155843.4443902319 Best Fitness=62.97708434473021 Avg Size=11.023706666666667
Best Individual: ((X1  - -0.5871975774454805) / 1.3009776032734264)
Generation=1 Avg Fitness=11108.94022968188 Best Fitness=61.47000000000001 Avg Size=11.606
Best Individual: ((SIN((COS(0.20583051131922936) * 3.918581972521711)) - X1 ) * COS(-3.803916224249666))
Generation=2 Avg Fitness=9086.500343369153 Best Fitness=58.1717678868697 Avg Size=13.048613333333334
Best Individual: ((X1  / 1.44122677959869) + (-1.4320815679664474 / -2.302926406005695))
Generation=3 Avg Fitness=8520.32225174829 Best Fitness=58.1717678868697 Avg Size=15.133146666666667
Best Individual: ((X1  / 1.44122677959869) + (-1.4320815679664474 / -2.302926406005695))
Generation=4 Avg Fitness=52669.862925049354 Best Fitness=57.093401901941434 Avg Size=18.255466666666667
Best Individual: (((3.2225892552847295 + (COS(-2.1347290914570665) - X1 )) - 3.455044538326634) * (COS((2.707532101952699 * -2.004461107244187)) + -1.394825216634609))
Generation=5 Avg Fitness=1569.0838892501092 Best Fitness=37.999450669061346 Avg Size=21.882373333333334
Best Individual: (X1  - (COS(((X1  + (COS(-1.9080758856932292) - -4.032053101350439)) + -4.747729669873704)) * -0.3304545181333891))
Generation=6 Avg Fitness=1553.7330909274829 Best Fitness=37.999450669061346 Avg Size=26.043733333333332
Best Individual: (X1  - (COS(((X1  + (COS(-1.9080758856932292) - -4.032053101350439)) + -4.747729669873704)) * -0.3304545181333891))
Generation=7 Avg Fitness=2741.1575025600646 Best Fitness=37.999450669061346 Avg Size=31.380933333333335
Best Individual: (X1  - (COS(((X1  + (COS(-1.9080758856932292) - -4.032053101350439)) + -4.747729669873704)) * -0.3304545181333891))
Generation=8 Avg Fitness=4182.985689188334 Best Fitness=31.026173753359963 Avg Size=39.414213333333336
Best Individual: (X1  + ((-4.4032611343302595 + 2.6365493539979736) / (1.978679286278382 * (-2.004461107244187 / SIN((X1  - (COS(((((-1.9080758856932292 - -3.803916224249666) - ((-2.9270822893641744 / SIN(-3.3402365349593204)) / -3.3402365349593204)) + (0.4641549521153605 * 5.313899955432719)) + COS((3.445762187441554 + 3.61348183859781)))) * (-1.918165488252924 - SIN(-1.3961440426114167)))))))))
Generation=9 Avg Fitness=303931.51218897535 Best Fitness=31.026173753359963 Avg Size=49.89653333333333
Best Individual: (X1  + ((-4.4032611343302595 + 2.6365493539979736) / (1.978679286278382 * (-2.004461107244187 / SIN((X1  - (COS(((((-1.9080758856932292 - -3.803916224249666) - ((-2.9270822893641744 / SIN(-3.3402365349593204)) / -3.3402365349593204)) + (0.4641549521153605 * 5.313899955432719)) + COS((3.445762187441554 + 3.61348183859781)))) * (-1.918165488252924 - SIN(-1.3961440426114167)))))))))
Generation=10 Avg Fitness=83537.03804888287 Best Fitness=29.16999999999997 Avg Size=57.60712
Best Individual: (SIN((COS((X1  + SIN(4.876630966603514))) / 2.638059629229205)) + X1 )
Generation=11 Avg Fitness=84688.41312465312 Best Fitness=27.381548623025374 Avg Size=64.26890666666667
Best Individual: (SIN((5.074541615039195 / 2.0786576552387537)) + (X1  + (SIN(4.862894752021537) / (SIN((X1  + (((-2.5911874519702787 + 0.20583051131922936) * SIN(-1.617126199026322)) * 0.3634058624400538))) - (-2.455442233778892 - ((COS(-1.3961440426114167) / 4.091164324813519) - 0.6404795729580464))))))
Generation=12 Avg Fitness=37302.769828296725 Best Fitness=20.076234498977872 Avg Size=72.58293333333333
Best Individual: ((X1  * (-3.276275724062476 - COS(((((4.876630966603514 - 5.617937725858308) - X1 ) / 4.641915583005558) * 3.314540033714442)))) / -2.5911874519702787)
Generation=13 Avg Fitness=1917.2535543941526 Best Fitness=18.1143 Avg Size=80.33269333333334
Best Individual: (X1  - (COS(((X1  + -1.991521502671314) + -2.1347290914570665)) * SIN(SIN(SIN((-3.268268704246839 - (X1  / 4.876630966603514)))))))
Generation=14 Avg Fitness=4211.8686229752775 Best Fitness=18.1143 Avg Size=86.73101333333334
Best Individual: (X1  - (COS(((X1  + -1.991521502671314) + -2.1347290914570665)) * SIN(SIN(SIN((-3.268268704246839 - (X1  / 4.876630966603514)))))))
Generation=15 Avg Fitness=11172.705739340869 Best Fitness=18.1143 Avg Size=95.57098666666667
Best Individual: (X1  - (COS(((X1  + -1.991521502671314) + -2.1347290914570665)) * SIN(SIN(SIN((-3.268268704246839 - (X1  / 4.876630966603514)))))))
Generation=16 Avg Fitness=553.3740187793052 Best Fitness=17.205299999999994 Avg Size=108.69426666666666
Best Individual: (X1  - (COS(((X1  + 5.313899955432719) + -3.0726140367746453)) * SIN(SIN(SIN((-3.268268704246839 - (((X1  + -1.3961440426114167) - -1.7372802948148203) / 4.876630966603514)))))))
Generation=17 Avg Fitness=4629.710606557531 Best Fitness=17.205299999999994 Avg Size=114.40816
Best Individual: (X1  - (COS(((X1  + 5.313899955432719) + -3.0726140367746453)) * SIN(SIN(SIN((-3.268268704246839 - (((X1  + -1.3961440426114167) - -1.7372802948148203) / 4.876630966603514)))))))
Generation=18 Avg Fitness=3410.1389285693954 Best Fitness=16.770699999999984 Avg Size=120.664
Best Individual: (X1  - (COS(((X1  + -1.991521502671314) + -2.1347290914570665)) * SIN(SIN(SIN((-3.268268704246839 - ((-0.5190670020474561 - ((4.876630966603514 - 5.617937725858308) - X1 )) / 4.876630966603514)))))))
Generation=19 Avg Fitness=10331.57662022113 Best Fitness=15.044666835927949 Avg Size=127.88066666666667
Best Individual: (X1  - (COS(((X1  + -1.991521502671314) + -2.1347290914570665)) * (SIN(SIN((-3.268268704246839 - (X1  / 4.296201932380962)))) / ((SIN(SIN(3.1104692354692816)) * ((5.617937725858308 - ((COS(3.1958746896242207) / ((((1.3009776032734264 - ((COS(((-4.032053101350439 + 3.359099427043226) + SIN(-4.747729669873704))) * ((X1  + 1.3009776032734264) + SIN(5.790944731772949))) / 0.2884570409868905)) / 3.455044538326634) / (X1  - COS(((X1  + 1.3009776032734264) + SIN(-4.747729669873704))))) + 0.2884570409868905)) - (1.3009776032734264 / 3.962195408210315))) * 4.8978253179283495)) + 0.4641549521153605))))
Generation=20 Avg Fitness=8747.75568652597 Best Fitness=15.044666835927949 Avg Size=130.46282666666667
Best Individual: (X1  - (COS(((X1  + -1.991521502671314) + -2.1347290914570665)) * (SIN(SIN((-3.268268704246839 - (X1  / 4.296201932380962)))) / ((SIN(SIN(3.1104692354692816)) * ((5.617937725858308 - ((COS(3.1958746896242207) / ((((1.3009776032734264 - ((COS(((-4.032053101350439 + 3.359099427043226) + SIN(-4.747729669873704))) * ((X1  + 1.3009776032734264) + SIN(5.790944731772949))) / 0.2884570409868905)) / 3.455044538326634) / (X1  - COS(((X1  + 1.3009776032734264) + SIN(-4.747729669873704))))) + 0.2884570409868905)) - (1.3009776032734264 / 3.962195408210315))) * 4.8978253179283495)) + 0.4641549521153605))))
Generation=21 Avg Fitness=7870.919173339817 Best Fitness=14.23450000000001 Avg Size=131.24168
Best Individual: (X1  - (COS(((X1  + 5.313899955432719) + -3.0726140367746453)) * SIN(SIN(SIN((-3.268268704246839 - SIN(SIN((-3.268268704246839 - (X1  / 5.746871158524016))))))))))
Generation=22 Avg Fitness=6216.5656814817385 Best Fitness=14.23450000000001 Avg Size=132.62373333333332
Best Individual: (X1  - (COS(((X1  + 5.313899955432719) + -3.0726140367746453)) * SIN(SIN(SIN((-3.268268704246839 - SIN(SIN((-3.268268704246839 - (X1  / 5.746871158524016))))))))))
Generation=23 Avg Fitness=4860.124011768271 Best Fitness=14.051600000000006 Avg Size=137.32354666666666
Best Individual: (X1  - (COS(((X1  + 5.313899955432719) + -3.0726140367746453)) * SIN(SIN(SIN((-3.268268704246839 - (SIN((-3.268268704246839 - (X1  / 4.876630966603514))) / ((SIN(0.785232098572612) * -0.5190670020474561) + 1.5641136914338496))))))))
Generation=24 Avg Fitness=630.4531665540353 Best Fitness=14.051600000000006 Avg Size=143.60605333333334
Best Individual: (X1  - (COS(((X1  + 5.313899955432719) + -3.0726140367746453)) * SIN(SIN(SIN((-3.268268704246839 - (SIN((-3.268268704246839 - (X1  / 4.876630966603514))) / ((SIN(0.785232098572612) * -0.5190670020474561) + 1.5641136914338496))))))))
Generation=25 Avg Fitness=598.8009191006846 Best Fitness=13.049800000000008 Avg Size=152.36421333333334
Best Individual: (X1  - (COS(((X1  + 5.313899955432719) + -3.0726140367746453)) * SIN(SIN(SIN((-3.268268704246839 - ((SIN((-3.268268704246839 - (X1  / 4.876630966603514))) * ((SIN(SIN(SIN((COS(((X1  - 0.785232098572612) - ((-2.1347290914570665 + (2.9354656002045285 * (5.101797206578935 + 2.0862760625366876))) + (5.860896913426773 - 3.918581972521711)))) - 4.550390500637134)))) * 4.296201932380962) + 0.9977199581373064)) / 4.091164324813519)))))))
Generation=26 Avg Fitness=711.1485261696118 Best Fitness=13.049800000000008 Avg Size=160.72778666666667
Best Individual: (X1  - (COS(((X1  + 5.313899955432719) + -3.0726140367746453)) * SIN(SIN(SIN((-3.268268704246839 - ((SIN((-3.268268704246839 - (X1  / 4.876630966603514))) * ((SIN(SIN(SIN((COS(((X1  - 0.785232098572612) - ((-2.1347290914570665 + (2.9354656002045285 * (5.101797206578935 + 2.0862760625366876))) + (5.860896913426773 - 3.918581972521711)))) - 4.550390500637134)))) * 4.296201932380962) + 0.9977199581373064)) / 4.091164324813519)))))))
Generation=27 Avg Fitness=577.837022309657 Best Fitness=13.049800000000008 Avg Size=176.57021333333333
Best Individual: (X1  - (COS(((X1  + 5.313899955432719) + -3.0726140367746453)) * SIN(SIN(SIN((-3.268268704246839 - ((SIN((-3.268268704246839 - (X1  / 4.876630966603514))) * ((SIN(SIN(SIN((COS(((X1  - 0.785232098572612) - ((-2.1347290914570665 + (2.9354656002045285 * (5.101797206578935 + 2.0862760625366876))) + (5.860896913426773 - 3.918581972521711)))) - 4.550390500637134)))) * 4.296201932380962) + 0.9977199581373064)) / 4.091164324813519)))))))
Generation=28 Avg Fitness=427.0688014483456 Best Fitness=13.003663533763465 Avg Size=201.87272
Best Individual: (X1  - (COS(((X1  + -1.991521502671314) + -2.1347290914570665)) * (SIN(SIN((-3.268268704246839 - (X1  / 4.296201932380962)))) / ((SIN(SIN(3.1104692354692816)) * ((5.617937725858308 - ((COS(3.1958746896242207) / ((((1.3009776032734264 - ((COS(((-4.032053101350439 + 3.359099427043226) + SIN(-4.747729669873704))) * ((X1  + 1.3009776032734264) + SIN(5.790944731772949))) / 0.2884570409868905)) / 3.455044538326634) / (X1  - COS(((X1  + 1.44122677959869) + SIN(-4.747729669873704))))) + (1.6306334322096463 / 4.550390500637134))) - (1.3009776032734264 / 3.962195408210315))) * 4.8978253179283495)) + 0.4641549521153605))))
Generation=29 Avg Fitness=494.92546009623794 Best Fitness=11.959089120231473 Avg Size=221.48021333333332
Best Individual: (X1  - (COS(((X1  + 1.3009776032734264) + SIN(1.0579659152766183))) * (2.0030637770256616 / ((-1.423568326646536 * (SIN((X1  - 2.638059629229205)) - (COS(COS(COS(SIN((COS(SIN((COS(SIN(-1.918165488252924)) / SIN((COS(-1.394825216634609) + -2.2143785090412518))))) * -4.747729669873704))))) / -2.1347290914570665))) + 4.8978253179283495))))
Generation=30 Avg Fitness=419.94683948450194 Best Fitness=11.959089120231473 Avg Size=244.34981333333334
Best Individual: (X1  - (COS(((X1  + 1.3009776032734264) + SIN(1.0579659152766183))) * (2.0030637770256616 / ((-1.423568326646536 * (SIN((X1  - 2.638059629229205)) - (COS(COS(COS(SIN((COS(SIN((COS(SIN(-1.918165488252924)) / SIN((COS(-1.394825216634609) + -2.2143785090412518))))) * -4.747729669873704))))) / -2.1347290914570665))) + 4.8978253179283495))))
Generation=31 Avg Fitness=1230377.7524421124 Best Fitness=11.7777857371997 Avg Size=277.60802666666666
Best Individual: (X1  - (COS(((X1  + 1.3009776032734264) + SIN(1.0579659152766183))) * (2.0030637770256616 / ((-1.423568326646536 * (SIN((X1  - 2.638059629229205)) - (COS(COS(COS(SIN((COS(SIN((COS(SIN(-1.918165488252924)) / SIN((COS(2.0862760625366876) + -2.2143785090412518))))) * -4.747729669873704))))) / -2.1347290914570665))) + 4.8978253179283495))))
Generation=32 Avg Fitness=1233711.5860565666 Best Fitness=11.567400000000005 Avg Size=291.41170666666665
Best Individual: (X1  - (COS(((X1  + 5.313899955432719) + -3.0726140367746453)) * SIN(SIN(SIN((-3.268268704246839 - ((SIN((-3.268268704246839 - (X1  / 5.617937725858308))) * ((SIN(SIN(SIN((COS(((X1  - 0.785232098572612) - ((-2.1347290914570665 + (2.9354656002045285 * (5.101797206578935 + 2.0862760625366876))) + (5.860896913426773 - 3.918581972521711)))) - 4.550390500637134)))) * 4.296201932380962) + 0.9977199581373064)) / 4.091164324813519)))))))
Generation=33 Avg Fitness=1232524.5299316694 Best Fitness=10.662700000000005 Avg Size=289.75498666666664
Best Individual: (X1  - (COS(((X1  + 5.313899955432719) + -3.0726140367746453)) * SIN(SIN(SIN((-3.268268704246839 - ((SIN((-3.268268704246839 - (X1  / 4.876630966603514))) * ((SIN(SIN(SIN((COS(((X1  - 0.785232098572612) - ((-2.1347290914570665 + (2.9354656002045285 * ((X1  + 2.0862760625366876) + 2.0862760625366876))) + (5.860896913426773 - 3.918581972521711)))) - 4.550390500637134)))) * 4.296201932380962) + 0.9977199581373064)) / 4.091164324813519)))))))
Generation=34 Avg Fitness=1232639.9842258398 Best Fitness=10.316700000000006 Avg Size=305.80048
Best Individual: (X1  - (COS(((X1  + 5.313899955432719) + -3.0726140367746453)) * SIN(SIN(SIN((-3.268268704246839 - ((SIN((-3.268268704246839 - (X1  / 4.876630966603514))) * ((SIN(SIN(SIN((COS(((X1  - 0.785232098572612) - ((-2.1347290914570665 + (2.9354656002045285 * (5.101797206578935 + 2.0862760625366876))) + (5.860896913426773 - 4.091164324813519)))) - 4.550390500637134)))) * ((3.2225892552847295 - -1.991521502671314) / ((-2.154405384119798 + 3.1958746896242207) * 1.44122677959869))) + 0.9977199581373064)) / 4.091164324813519)))))))
Generation=35 Avg Fitness=1181.8507930440776 Best Fitness=9.828900000000004 Avg Size=325.75336
Best Individual: (X1  - (COS(((X1  + 5.313899955432719) + -3.0726140367746453)) * SIN(SIN(SIN((-3.268268704246839 - ((SIN((-3.268268704246839 - (X1  / 5.617937725858308))) * ((SIN(SIN(SIN((COS(((X1  - 0.785232098572612) - ((-2.1347290914570665 + (2.9354656002045285 * ((3.1104692354692816 / -2.2143785090412518) + 2.0862760625366876))) + (5.860896913426773 - 3.918581972521711)))) - 4.550390500637134)))) * 4.296201932380962) + 0.9977199581373064)) / 4.091164324813519)))))))
Generation=36 Avg Fitness=1352.3057291750908 Best Fitness=9.450900000000008 Avg Size=322.12216
Best Individual: (X1  - (COS(((X1  + 5.313899955432719) + -3.0726140367746453)) * SIN(SIN(SIN((-3.268268704246839 - ((SIN((-3.268268704246839 - (X1  / 4.876630966603514))) * ((SIN(SIN(SIN((COS(((X1  - 0.785232098572612) - ((-2.1347290914570665 + (2.9354656002045285 * (X1  + 2.0862760625366876))) + (5.860896913426773 - 3.918581972521711)))) - 4.550390500637134)))) * 3.962195408210315) + 0.9977199581373064)) / 4.091164324813519)))))))
Generation=37 Avg Fitness=1298.7548300897588 Best Fitness=9.450900000000008 Avg Size=309.17576
Best Individual: (X1  - (COS(((X1  + 5.313899955432719) + -3.0726140367746453)) * SIN(SIN(SIN((-3.268268704246839 - ((SIN((-3.268268704246839 - (X1  / 4.876630966603514))) * ((SIN(SIN(SIN((COS(((X1  - 0.785232098572612) - ((-2.1347290914570665 + (2.9354656002045285 * (X1  + 2.0862760625366876))) + (5.860896913426773 - 3.918581972521711)))) - 4.550390500637134)))) * 3.962195408210315) + 0.9977199581373064)) / 4.091164324813519)))))))
Generation=38 Avg Fitness=2063.6305784501137 Best Fitness=8.8701 Avg Size=310.9237866666667
Best Individual: (X1  - (COS(((X1  + 5.313899955432719) + -3.0726140367746453)) * SIN(SIN(SIN((-3.268268704246839 - ((SIN((-3.268268704246839 - (X1  / 4.876630966603514))) * ((SIN(SIN(SIN((COS(((X1  - 0.785232098572612) - ((-2.1347290914570665 + (2.9354656002045285 * (X1  + 2.0862760625366876))) + (5.860896913426773 - 3.918581972521711)))) - 4.550390500637134)))) * 4.296201932380962) + 0.7054741248982817)) / 4.091164324813519)))))))
Generation=39 Avg Fitness=718.4860361305211 Best Fitness=8.8701 Avg Size=330.23493333333334
Best Individual: (X1  - (COS(((X1  + 5.313899955432719) + -3.0726140367746453)) * SIN(SIN(SIN((-3.268268704246839 - ((SIN((-3.268268704246839 - (X1  / 4.876630966603514))) * ((SIN(SIN(SIN((COS(((X1  - 0.785232098572612) - ((-2.1347290914570665 + (2.9354656002045285 * (X1  + 2.0862760625366876))) + (5.860896913426773 - 3.918581972521711)))) - 4.550390500637134)))) * 4.296201932380962) + 0.7054741248982817)) / 4.091164324813519)))))))
PROBLEM *NOT* SOLVED
