..\data\input\1_3__0_99.dat
-- TINY GP (Java version) --
SEED=-1
MAX_LEN=10000
POPSIZE=75000
DEPTH=5
CROSSOVER_PROB=0.9
PMUT_PER_NODE=0.05
MIN_RANDOM=-5.0
MAX_RANDOM=6.0
GENERATIONS=40
TSIZE=2
SOLVING_THRESHOLD=20.79
----------------------------------
Generation=0 Avg Fitness=220518.75649593837 Best Fitness=1284.0885992448202 Avg Size=11.007386666666667
Best Individual: (-1.0668753531709982 / ((SIN((1.0418365767642523 / X1 )) - -0.9687622932905153) / (-3.558870302452586 - (0.7622561878443612 * 4.183698222441349))))
Generation=1 Avg Fitness=68828.69008438793 Best Fitness=1081.9015394319456 Avg Size=10.76664
Best Individual: (3.1980555174242102 / COS(((((-3.9675186373304845 / X1 ) + -3.2118580512315256) + 4.227561697309326) + (SIN(-2.1262470863028278) - 5.2754669757296675))))
Generation=2 Avg Fitness=69941.50516960958 Best Fitness=1081.9015394319456 Avg Size=11.12208
Best Individual: (3.1980555174242102 / COS(((((-3.9675186373304845 / X1 ) + -3.2118580512315256) + 4.227561697309326) + (SIN(-2.1262470863028278) - 5.2754669757296675))))
Generation=3 Avg Fitness=30337.2824036466 Best Fitness=1081.9015394319456 Avg Size=12.91736
Best Individual: (3.1980555174242102 / COS(((((-3.9675186373304845 / X1 ) + -3.2118580512315256) + 4.227561697309326) + (SIN(-2.1262470863028278) - 5.2754669757296675))))
Generation=4 Avg Fitness=20011.505945553297 Best Fitness=1081.9015394319456 Avg Size=15.988053333333333
Best Individual: (3.1980555174242102 / COS(((((-3.9675186373304845 / X1 ) + -3.2118580512315256) + 4.227561697309326) + (SIN(-2.1262470863028278) - 5.2754669757296675))))
Generation=5 Avg Fitness=31905.44883336511 Best Fitness=1081.9015394319456 Avg Size=20.2768
Best Individual: (3.1980555174242102 / COS(((((-3.9675186373304845 / X1 ) + -3.2118580512315256) + 4.227561697309326) + (SIN(-2.1262470863028278) - 5.2754669757296675))))
Generation=6 Avg Fitness=40602.81698785576 Best Fitness=1055.7703220234353 Avg Size=25.497493333333335
Best Individual: ((SIN((5.174102937680393 - (((2.6857791525169015 * 0.9838153797080098) - 4.227561697309326) / X1 ))) * -2.3096437622375348) / ((COS((2.9419300476898496 + 1.3568236540862557)) / 5.125311117301893) * -3.243662777549254))
Generation=7 Avg Fitness=126915.36399622144 Best Fitness=1055.7703220234353 Avg Size=31.23808
Best Individual: ((SIN((5.174102937680393 - (((2.6857791525169015 * 0.9838153797080098) - 4.227561697309326) / X1 ))) * -2.3096437622375348) / ((COS((2.9419300476898496 + 1.3568236540862557)) / 5.125311117301893) * -3.243662777549254))
Generation=8 Avg Fitness=122320.77554305716 Best Fitness=1055.7703220234353 Avg Size=37.55450666666667
Best Individual: ((SIN((5.174102937680393 - (((2.6857791525169015 * 0.9838153797080098) - 4.227561697309326) / X1 ))) * -2.3096437622375348) / ((COS((2.9419300476898496 + 1.3568236540862557)) / 5.125311117301893) * -3.243662777549254))
Generation=9 Avg Fitness=36062.23440444252 Best Fitness=398.3731365186165 Avg Size=43.298
Best Individual: (3.1980555174242102 / COS(((((-3.9675186373304845 / X1 ) + -3.2118580512315256) + 4.227561697309326) + (SIN(-2.1262470863028278) - -1.0668753531709982))))
Generation=10 Avg Fitness=56456.87585429412 Best Fitness=398.3731365186165 Avg Size=51.2636
Best Individual: (3.1980555174242102 / COS(((((-3.9675186373304845 / X1 ) + -3.2118580512315256) + 4.227561697309326) + (SIN(-2.1262470863028278) - -1.0668753531709982))))
Generation=11 Avg Fitness=46637.30210840428 Best Fitness=398.3731365186165 Avg Size=60.942213333333335
Best Individual: (3.1980555174242102 / COS(((((-3.9675186373304845 / X1 ) + -3.2118580512315256) + 4.227561697309326) + (SIN(-2.1262470863028278) - -1.0668753531709982))))
Generation=12 Avg Fitness=85597.77645131254 Best Fitness=398.3731365186165 Avg Size=70.18693333333333
Best Individual: (3.1980555174242102 / COS(((((-3.9675186373304845 / X1 ) + -3.2118580512315256) + 4.227561697309326) + (SIN(-2.1262470863028278) - -1.0668753531709982))))
Generation=13 Avg Fitness=70518.65604559942 Best Fitness=347.38206804661365 Avg Size=78.06029333333333
Best Individual: (-1.0668753531709982 / ((SIN((1.0418365767642523 / X1 )) - ((SIN((1.0418365767642523 / X1 )) - -0.9687622932905153) / (-3.558870302452586 - (((1.0220325839973299 * 3.1426846314952197) - 0.7622561878443612) / 0.9838153797080098)))) / (COS(-3.2118580512315256) + COS(-4.33290249384925))))
Generation=14 Avg Fitness=73185.0968555896 Best Fitness=297.0560679310516 Avg Size=83.82218666666667
Best Individual: (-1.0668753531709982 / ((SIN((1.0418365767642523 / X1 )) - ((SIN((4.449646742292666 / X1 )) - -0.9687622932905153) / (-3.558870302452586 - (0.7622561878443612 * 4.183698222441349)))) / (COS(-3.2118580512315256) + COS(-4.33290249384925))))
Generation=15 Avg Fitness=154935.28216471896 Best Fitness=211.86141716751817 Avg Size=91.52824
Best Individual: (-1.0668753531709982 / ((SIN(((COS(4.449646742292666) + 0.955300953242177) / SIN(-4.360954308763694))) - ((-4.360954308763694 / (SIN((1.0418365767642523 / X1 )) - -0.9687622932905153)) + ((5.125311117301893 + SIN(3.8948039911703205)) + 1.156925642035107))) / (3.3017015487731065 + (0.7893018300984904 + (((1.0137546375904787 / (5.669401832192817 + (-0.9687622932905153 - -3.692322489717017))) * 5.125311117301893) / -3.417893244058358)))))
Generation=16 Avg Fitness=768398.9257159869 Best Fitness=211.45798617019366 Avg Size=99.57106666666667
Best Individual: (-1.0668753531709982 / ((SIN((1.0418365767642523 / X1 )) - ((SIN((5.2754669757296675 / X1 )) - -0.9687622932905153) / (-3.558870302452586 - (((4.668024577683502 * 3.1426846314952197) - 0.7622561878443612) / 4.38261414819781)))) / (COS(-3.2118580512315256) + COS(-4.33290249384925))))
Generation=17 Avg Fitness=244614.63915342244 Best Fitness=199.87009158906565 Avg Size=107.00810666666666
Best Individual: (-1.0668753531709982 / ((SIN((1.0418365767642523 / X1 )) - ((SIN((4.668024577683502 / X1 )) - -0.9687622932905153) / (-3.558870302452586 - (((4.38261414819781 * 3.1426846314952197) - 0.7622561878443612) / 4.38261414819781)))) / (COS(-3.2118580512315256) + COS(-4.33290249384925))))
Generation=18 Avg Fitness=75166.71398696845 Best Fitness=197.48655789949112 Avg Size=115.69762666666666
Best Individual: (-1.0668753531709982 / ((SIN((1.0418365767642523 / X1 )) - ((SIN((5.125311117301893 / X1 )) - -0.9687622932905153) / (-3.558870302452586 - (((4.38261414819781 * 3.1426846314952197) - 0.7622561878443612) / 4.38261414819781)))) / (COS(-3.2118580512315256) + COS(-4.33290249384925))))
Generation=19 Avg Fitness=71404.61168891304 Best Fitness=191.78775250198285 Avg Size=131.86784
Best Individual: (-1.0668753531709982 / ((SIN((1.0418365767642523 / X1 )) - ((SIN((4.990743082837554 / X1 )) - -0.9687622932905153) / (-3.558870302452586 - (((4.389620390581136 * 3.1426846314952197) - 0.7622561878443612) / 4.38261414819781)))) / (COS(-3.2118580512315256) + COS(-4.33290249384925))))
Generation=20 Avg Fitness=64519.77521781821 Best Fitness=190.9290689235424 Avg Size=154.08010666666667
Best Individual: (-1.0668753531709982 / ((SIN((1.0418365767642523 / X1 )) - ((SIN((4.990743082837554 / X1 )) - -0.9687622932905153) / (-3.558870302452586 - (((4.990743082837554 * 3.1426846314952197) - 0.7622561878443612) / 4.38261414819781)))) / (COS(2.8030210773775) + COS(-4.33290249384925))))
Generation=21 Avg Fitness=264611.19566159183 Best Fitness=187.84718106166483 Avg Size=180.29088
Best Individual: (-1.0668753531709982 / ((SIN((1.0418365767642523 / X1 )) - ((SIN((5.2754669757296675 / X1 )) - -0.9687622932905153) / (-3.558870302452586 - (((4.668024577683502 * 3.1426846314952197) - 1.3568236540862557) / 4.38261414819781)))) / (COS(-3.2118580512315256) + COS(-4.33290249384925))))
Generation=22 Avg Fitness=271329.44474177 Best Fitness=186.7950789060299 Avg Size=203.01325333333332
Best Individual: (-1.0668753531709982 / ((SIN((1.0418365767642523 / X1 )) - ((SIN((5.2754669757296675 / X1 )) - -0.9687622932905153) / (-3.558870302452586 - (((4.668024577683502 * 3.1426846314952197) - 0.7622561878443612) / 4.38261414819781)))) / (COS(2.9419300476898496) + COS(-4.33290249384925))))
Generation=23 Avg Fitness=65136.592172134435 Best Fitness=185.727434430076 Avg Size=218.24637333333334
Best Individual: (-1.0668753531709982 / ((SIN((1.0418365767642523 / X1 )) - ((SIN((5.2754669757296675 / X1 )) - -0.9687622932905153) / (-3.558870302452586 - (((4.227561697309326 * 3.1426846314952197) - (-3.9675186373304845 / X1 )) / 4.38261414819781)))) / (COS(-3.2118580512315256) + COS(-4.33290249384925))))
Generation=24 Avg Fitness=65144.60427640784 Best Fitness=185.727434430076 Avg Size=234.55994666666666
Best Individual: (-1.0668753531709982 / ((SIN((1.0418365767642523 / X1 )) - ((SIN((5.2754669757296675 / X1 )) - -0.9687622932905153) / (-3.558870302452586 - (((4.227561697309326 * 3.1426846314952197) - (-3.9675186373304845 / X1 )) / 4.38261414819781)))) / (COS(-3.2118580512315256) + COS(-4.33290249384925))))
Generation=25 Avg Fitness=70500.92366529827 Best Fitness=185.727434430076 Avg Size=248.01482666666666
Best Individual: (-1.0668753531709982 / ((SIN((1.0418365767642523 / X1 )) - ((SIN((5.2754669757296675 / X1 )) - -0.9687622932905153) / (-3.558870302452586 - (((4.227561697309326 * 3.1426846314952197) - (-3.9675186373304845 / X1 )) / 4.38261414819781)))) / (COS(-3.2118580512315256) + COS(-4.33290249384925))))
Generation=26 Avg Fitness=1833228.8902404797 Best Fitness=185.727434430076 Avg Size=256.0541866666667
Best Individual: (-1.0668753531709982 / ((SIN((1.0418365767642523 / X1 )) - ((SIN((5.2754669757296675 / X1 )) - -0.9687622932905153) / (-3.558870302452586 - (((4.227561697309326 * 3.1426846314952197) - (-3.9675186373304845 / X1 )) / 4.38261414819781)))) / (COS(-3.2118580512315256) + COS(-4.33290249384925))))
Generation=27 Avg Fitness=63473.012711935975 Best Fitness=185.727434430076 Avg Size=262.9692533333333
Best Individual: (-1.0668753531709982 / ((SIN((1.0418365767642523 / X1 )) - ((SIN((5.2754669757296675 / X1 )) - -0.9687622932905153) / (-3.558870302452586 - (((4.227561697309326 * 3.1426846314952197) - (-3.9675186373304845 / X1 )) / 4.38261414819781)))) / (COS(-3.2118580512315256) + COS(-4.33290249384925))))
Generation=28 Avg Fitness=54500.810703228526 Best Fitness=185.727434430076 Avg Size=264.4470666666667
Best Individual: (-1.0668753531709982 / ((SIN((1.0418365767642523 / X1 )) - ((SIN((5.2754669757296675 / X1 )) - -0.9687622932905153) / (-3.558870302452586 - (((4.227561697309326 * 3.1426846314952197) - (-3.9675186373304845 / X1 )) / 4.38261414819781)))) / (COS(-3.2118580512315256) + COS(-4.33290249384925))))
Generation=29 Avg Fitness=53807.65207041408 Best Fitness=179.04004787163026 Avg Size=269.2812
Best Individual: (-1.0668753531709982 / ((SIN((1.0418365767642523 / X1 )) - ((SIN(((((-3.558870302452586 - (((4.668024577683502 * 3.1426846314952197) - 0.7622561878443612) / 4.38261414819781)) / X1 ) + (5.954979184776121 - 0.7622561878443612)) / X1 )) - -0.9687622932905153) / (-3.558870302452586 - (((4.668024577683502 * 3.1426846314952197) - 0.7622561878443612) / 4.449646742292666)))) / (COS(3.3343179014857256) + COS(-4.33290249384925))))
Generation=30 Avg Fitness=62037.52189712166 Best Fitness=179.04004787163026 Avg Size=269.27312
Best Individual: (-1.0668753531709982 / ((SIN((1.0418365767642523 / X1 )) - ((SIN(((((-3.558870302452586 - (((4.668024577683502 * 3.1426846314952197) - 0.7622561878443612) / 4.38261414819781)) / X1 ) + (5.954979184776121 - 0.7622561878443612)) / X1 )) - -0.9687622932905153) / (-3.558870302452586 - (((4.668024577683502 * 3.1426846314952197) - 0.7622561878443612) / 4.449646742292666)))) / (COS(3.3343179014857256) + COS(-4.33290249384925))))
Generation=31 Avg Fitness=71161.49751918136 Best Fitness=178.15955268913316 Avg Size=275.2318666666667
Best Individual: (-1.0668753531709982 / ((SIN((1.0418365767642523 / X1 )) - ((SIN(((((-3.558870302452586 - (((4.227561697309326 * 3.1426846314952197) - (-3.9675186373304845 / X1 )) / 4.38261414819781)) / X1 ) + (5.954979184776121 - 0.7622561878443612)) / X1 )) - -0.9687622932905153) / (-3.558870302452586 - (((4.668024577683502 * 3.1426846314952197) - 0.7622561878443612) / 4.449646742292666)))) / (COS(3.3343179014857256) + COS(-4.33290249384925))))
Generation=32 Avg Fitness=59145.446540194534 Best Fitness=178.15955268913316 Avg Size=296.8485866666667
Best Individual: (-1.0668753531709982 / ((SIN((1.0418365767642523 / X1 )) - ((SIN(((((-3.558870302452586 - (((4.227561697309326 * 3.1426846314952197) - (-3.9675186373304845 / X1 )) / 4.38261414819781)) / X1 ) + (5.954979184776121 - 0.7622561878443612)) / X1 )) - -0.9687622932905153) / (-3.558870302452586 - (((4.668024577683502 * 3.1426846314952197) - 0.7622561878443612) / 4.449646742292666)))) / (COS(3.3343179014857256) + COS(-4.33290249384925))))
Generation=33 Avg Fitness=907673.1287588686 Best Fitness=175.75531929655116 Avg Size=317.8969333333333
Best Individual: (-1.0668753531709982 / ((SIN((1.0418365767642523 / X1 )) - ((SIN(((((-3.558870302452586 - (((4.313718603128189 + 0.7893018300984904) * 0.955300953242177) / 0.9838153797080098)) / X1 ) + (5.954979184776121 - 0.7622561878443612)) / X1 )) - -0.9687622932905153) / (-3.558870302452586 - (((4.668024577683502 * 3.1426846314952197) - 0.7622561878443612) / 4.449646742292666)))) / (COS(3.3343179014857256) + COS(-4.33290249384925))))
Generation=34 Avg Fitness=67689.70968313892 Best Fitness=172.25373528870844 Avg Size=326.20794666666666
Best Individual: (-1.0668753531709982 / ((SIN((1.0418365767642523 / X1 )) - ((SIN(((((-3.558870302452586 - (((4.227561697309326 * (3.9998467781181386 - (-3.558870302452586 - (0.7893018300984904 / 2.9305431787620284)))) - (-3.9675186373304845 / X1 )) / 4.38261414819781)) / X1 ) + (5.954979184776121 - 0.7622561878443612)) / X1 )) - -0.9687622932905153) / (-3.558870302452586 - (((4.668024577683502 * 3.1426846314952197) - 0.7622561878443612) / 4.449646742292666)))) / (COS(3.3343179014857256) + COS(-4.33290249384925))))
Generation=35 Avg Fitness=1738410.2267635178 Best Fitness=171.65000823296063 Avg Size=330.08010666666667
Best Individual: (-1.0668753531709982 / ((SIN((1.0418365767642523 / X1 )) - ((SIN(((((-3.558870302452586 - (((4.668024577683502 * 3.1426846314952197) - 0.7622561878443612) - 4.38261414819781)) / X1 ) + (5.954979184776121 - 0.7622561878443612)) / X1 )) - -0.9687622932905153) / (-3.558870302452586 - (((4.668024577683502 * 3.1426846314952197) - 0.7622561878443612) / 4.449646742292666)))) / (COS(3.3343179014857256) + COS(-4.33290249384925))))
Generation=36 Avg Fitness=2325861.7357141185 Best Fitness=170.81755586385938 Avg Size=341.95736
Best Individual: (-1.0668753531709982 / ((SIN((1.0418365767642523 / X1 )) - ((SIN(((((-3.558870302452586 * (((4.227561697309326 * 3.1426846314952197) - (-3.9675186373304845 / X1 )) / 4.38261414819781)) / X1 ) + (5.954979184776121 - 0.7622561878443612)) / X1 )) - -0.9687622932905153) / (-3.558870302452586 - (((4.668024577683502 * 3.1426846314952197) - 0.7622561878443612) / 4.449646742292666)))) / (COS(3.3343179014857256) + COS(-4.33290249384925))))
Generation=37 Avg Fitness=1221558.4607209377 Best Fitness=170.45376489187115 Avg Size=359.85978666666665
Best Individual: (-1.0668753531709982 / ((SIN((1.0418365767642523 / X1 )) - ((SIN(((((-3.558870302452586 - (5.8572339385883545 - -3.558870302452586)) / X1 ) + (5.954979184776121 - 0.7622561878443612)) / X1 )) - -0.9687622932905153) / (-3.558870302452586 - (((4.668024577683502 * 3.1426846314952197) - 0.7622561878443612) / 4.449646742292666)))) / (COS(3.3343179014857256) + COS(-4.33290249384925))))
Generation=38 Avg Fitness=2.2657757935749344E10 Best Fitness=159.36331746817822 Avg Size=398.81456
Best Individual: (-1.0668753531709982 / ((((1.0418365767642523 / X1 ) - ((SIN(((((-3.558870302452586 * (((4.668024577683502 * 3.1426846314952197) - 0.7622561878443612) / 4.38261414819781)) / X1 ) + (5.954979184776121 - 0.7622561878443612)) / X1 )) - -0.9687622932905153) / (-3.558870302452586 - (((4.668024577683502 * 3.1426846314952197) - 0.7622561878443612) / 4.449646742292666)))) / (COS(3.3343179014857256) + COS(3.8948039911703205))) / 0.7893018300984904))
Generation=39 Avg Fitness=1.1580171200774661E11 Best Fitness=159.36331746817822 Avg Size=422.02352
Best Individual: (-1.0668753531709982 / ((((1.0418365767642523 / X1 ) - ((SIN(((((-3.558870302452586 * (((4.668024577683502 * 3.1426846314952197) - 0.7622561878443612) / 4.38261414819781)) / X1 ) + (5.954979184776121 - 0.7622561878443612)) / X1 )) - -0.9687622932905153) / (-3.558870302452586 - (((4.668024577683502 * 3.1426846314952197) - 0.7622561878443612) / 4.449646742292666)))) / (COS(3.3343179014857256) + COS(3.8948039911703205))) / 0.7893018300984904))
PROBLEM *NOT* SOLVED
