..\data\input\1_3__0_999.dat
-- TINY GP (Java version) --
SEED=-1
MAX_LEN=10000
POPSIZE=75000
DEPTH=5
CROSSOVER_PROB=0.9
PMUT_PER_NODE=0.05
MIN_RANDOM=-5.0
MAX_RANDOM=6.0
GENERATIONS=40
TSIZE=2
SOLVING_THRESHOLD=209.79
----------------------------------
Generation=0 Avg Fitness=1272668.0638378286 Best Fitness=1378.894395454896 Avg Size=10.964
Best Individual: (2.0045105653458117 * (SIN(3.384757638309269) - (2.2544609732053553 * -2.857495173359367)))
Generation=1 Avg Fitness=233283.36212688094 Best Fitness=1378.8916599374606 Avg Size=11.070266666666667
Best Individual: (4.1163204610197415 + ((5.118438318641893 - -1.7553476101415066) + 1.4394786258310868))
Generation=2 Avg Fitness=175480.32424788323 Best Fitness=1378.8916599374606 Avg Size=11.81128
Best Individual: (4.1163204610197415 + ((5.118438318641893 - -1.7553476101415066) + 1.4394786258310868))
Generation=3 Avg Fitness=85783.63169122071 Best Fitness=1336.2995571487743 Avg Size=13.925013333333334
Best Individual: (2.399104796472572 * ((1.1627895936510475 - (-1.567361277473895 * -3.9977293385148878)) * SIN(((3.5959136360921438 / X1 ) - -4.754465401455205))))
Generation=4 Avg Fitness=99347.1065067707 Best Fitness=1336.2995571487743 Avg Size=17.270986666666666
Best Individual: (2.399104796472572 * ((1.1627895936510475 - (-1.567361277473895 * -3.9977293385148878)) * SIN(((3.5959136360921438 / X1 ) - -4.754465401455205))))
Generation=5 Avg Fitness=151485.06312781043 Best Fitness=1336.2995571487743 Avg Size=21.535386666666668
Best Individual: (2.399104796472572 * ((1.1627895936510475 - (-1.567361277473895 * -3.9977293385148878)) * SIN(((3.5959136360921438 / X1 ) - -4.754465401455205))))
Generation=6 Avg Fitness=63493.89755882249 Best Fitness=1277.97849836959 Avg Size=26.553893333333335
Best Individual: (2.399104796472572 * ((1.1627895936510475 - (-1.567361277473895 * -3.9977293385148878)) * SIN((((-2.4782816555973284 * -4.555806422623825) / X1 ) - -4.754465401455205))))
Generation=7 Avg Fitness=37755.78106184462 Best Fitness=1277.97849836959 Avg Size=31.851466666666667
Best Individual: (2.399104796472572 * ((1.1627895936510475 - (-1.567361277473895 * -3.9977293385148878)) * SIN((((-2.4782816555973284 * -4.555806422623825) / X1 ) - -4.754465401455205))))
Generation=8 Avg Fitness=84505.36337576449 Best Fitness=1277.97849836959 Avg Size=37.54645333333333
Best Individual: (2.399104796472572 * ((1.1627895936510475 - (-1.567361277473895 * -3.9977293385148878)) * SIN((((-2.4782816555973284 * -4.555806422623825) / X1 ) - -4.754465401455205))))
Generation=9 Avg Fitness=88230.49150939743 Best Fitness=1277.97849836959 Avg Size=43.833013333333334
Best Individual: (2.399104796472572 * ((1.1627895936510475 - (-1.567361277473895 * -3.9977293385148878)) * SIN((((-2.4782816555973284 * -4.555806422623825) / X1 ) - -4.754465401455205))))
Generation=10 Avg Fitness=27746.879382601153 Best Fitness=1277.97849836959 Avg Size=51.218293333333335
Best Individual: (2.399104796472572 * ((1.1627895936510475 - (-1.567361277473895 * -3.9977293385148878)) * SIN((((-2.4782816555973284 * -4.555806422623825) / X1 ) - -4.754465401455205))))
Generation=11 Avg Fitness=29582.328598203076 Best Fitness=1277.97849836959 Avg Size=61.72048
Best Individual: (2.399104796472572 * ((1.1627895936510475 - (-1.567361277473895 * -3.9977293385148878)) * SIN((((-2.4782816555973284 * -4.555806422623825) / X1 ) - -4.754465401455205))))
Generation=12 Avg Fitness=21279.76787121385 Best Fitness=1113.6211894342284 Avg Size=74.09848
Best Individual: ((1.8900177560599225 + 5.6918717271439885) + (4.775712985266793 * COS((4.463431739043282 / (COS(-1.4589637279386158) * X1 )))))
Generation=13 Avg Fitness=93888.8460076857 Best Fitness=923.1751965382987 Avg Size=77.67344
Best Individual: ((1.8900177560599225 + 5.6918717271439885) + (4.775712985266793 * COS((4.775712985266793 / (COS(-4.751237765671492) * X1 )))))
Generation=14 Avg Fitness=42319.84084182582 Best Fitness=923.1751965382987 Avg Size=74.57621333333333
Best Individual: ((1.8900177560599225 + 5.6918717271439885) + (4.775712985266793 * COS((4.775712985266793 / (COS(-4.751237765671492) * X1 )))))
Generation=15 Avg Fitness=43929.24581536855 Best Fitness=923.1751965382987 Avg Size=75.67648
Best Individual: ((1.8900177560599225 + 5.6918717271439885) + (4.775712985266793 * COS((4.775712985266793 / (COS(-4.751237765671492) * X1 )))))
Generation=16 Avg Fitness=1.425576481520979E7 Best Fitness=859.171666977674 Avg Size=83.21789333333334
Best Individual: ((1.8900177560599225 + 5.6918717271439885) + (5.118438318641893 * COS((-3.8188563590765083 / ((X1  - 1.3891050616375091) * SIN(3.167731269090593))))))
Generation=17 Avg Fitness=128727.54449481204 Best Fitness=793.2953711607113 Avg Size=97.30272
Best Individual: ((1.8900177560599225 + 5.6918717271439885) + (4.775712985266793 * COS((1.3891050616375091 / ((COS(1.3891050616375091) * X1 ) * ((COS(1.852328714965715) + (2.8248202626426444 / X1 )) + (1.8900177560599225 / 5.608060356095002)))))))
Generation=18 Avg Fitness=251797.1842267193 Best Fitness=793.2953711607113 Avg Size=108.87992
Best Individual: ((1.8900177560599225 + 5.6918717271439885) + (4.775712985266793 * COS((1.3891050616375091 / ((COS(1.3891050616375091) * X1 ) * ((COS(1.852328714965715) + (2.8248202626426444 / X1 )) + (1.8900177560599225 / 5.608060356095002)))))))
Generation=19 Avg Fitness=38260.95683828731 Best Fitness=770.8546774106549 Avg Size=120.84149333333333
Best Individual: ((1.8900177560599225 + 5.6918717271439885) + (4.775712985266793 * COS((1.3891050616375091 / ((X1  - 3.6508922903265244) * (1.852328714965715 / (1.8900177560599225 - ((SIN(-1.1267387622458847) - ((SIN((SIN((4.142786964381802 - 0.7574753150447773)) - ((3.5959136360921438 / SIN(0.28980554224052035)) + 1.8900177560599225))) + 5.4480818474721975) * ((((-2.258977449027382 * -0.5637061228647795) + 5.6918717271439885) + ((-2.857495173359367 + (3.5959136360921438 - (3.4820707324431375 / 1.5697255230905611))) * -0.15957115239348596)) + -3.9977293385148878))) * ((1.8900177560599225 + 5.6918717271439885) + (4.775712985266793 * COS((4.775712985266793 / ((X1  - 3.6508922903265244) * COS(4.775712985266793))))))))))))))
Generation=20 Avg Fitness=85497.09214061612 Best Fitness=770.8546774106549 Avg Size=141.73682666666667
Best Individual: ((1.8900177560599225 + 5.6918717271439885) + (4.775712985266793 * COS((1.3891050616375091 / ((X1  - 3.6508922903265244) * (1.852328714965715 / (1.8900177560599225 - ((SIN(-1.1267387622458847) - ((SIN((SIN((4.142786964381802 - 0.7574753150447773)) - ((3.5959136360921438 / SIN(0.28980554224052035)) + 1.8900177560599225))) + 5.4480818474721975) * ((((-2.258977449027382 * -0.5637061228647795) + 5.6918717271439885) + ((-2.857495173359367 + (3.5959136360921438 - (3.4820707324431375 / 1.5697255230905611))) * -0.15957115239348596)) + -3.9977293385148878))) * ((1.8900177560599225 + 5.6918717271439885) + (4.775712985266793 * COS((4.775712985266793 / ((X1  - 3.6508922903265244) * COS(4.775712985266793))))))))))))))
Generation=21 Avg Fitness=1.2233702642174238E13 Best Fitness=700.8056998008842 Avg Size=156.00821333333334
Best Individual: ((1.8900177560599225 + 5.6918717271439885) + (4.775712985266793 * COS((1.3891050616375091 / ((COS(1.3891050616375091) * X1 ) * ((COS(1.852328714965715) + (2.8248202626426444 / X1 )) + (1.8900177560599225 + -1.567361277473895)))))))
Generation=22 Avg Fitness=1.2999967867243221E7 Best Fitness=700.8056998008842 Avg Size=163.15773333333334
Best Individual: ((1.8900177560599225 + 5.6918717271439885) + (4.775712985266793 * COS((1.3891050616375091 / ((COS(1.3891050616375091) * X1 ) * ((COS(1.852328714965715) + (2.8248202626426444 / X1 )) + (1.8900177560599225 + -1.567361277473895)))))))
Generation=23 Avg Fitness=1976562.2036863903 Best Fitness=677.4030154948848 Avg Size=177.93421333333333
Best Individual: ((1.8900177560599225 + 5.6918717271439885) + (4.775712985266793 * COS((1.3891050616375091 / ((COS(1.3891050616375091) * X1 ) * ((COS(1.852328714965715) + (2.8248202626426444 / X1 )) + ((2.3133063657605497 + ((4.142786964381802 - (3.5959136360921438 - (-4.917527817615834 / 1.5697255230905611))) + COS(((-3.6488290945354604 - -0.8446160979879309) * 3.3594549764850044)))) / -4.026260369320871)))))))
Generation=24 Avg Fitness=2658239.937752896 Best Fitness=677.4030154948848 Avg Size=190.56736
Best Individual: ((1.8900177560599225 + 5.6918717271439885) + (4.775712985266793 * COS((1.3891050616375091 / ((COS(1.3891050616375091) * X1 ) * ((COS(1.852328714965715) + (2.8248202626426444 / X1 )) + ((2.3133063657605497 + ((4.142786964381802 - (3.5959136360921438 - (-4.917527817615834 / 1.5697255230905611))) + COS(((-3.6488290945354604 - -0.8446160979879309) * 3.3594549764850044)))) / -4.026260369320871)))))))
Generation=25 Avg Fitness=25637.259699597696 Best Fitness=638.9016739688017 Avg Size=195.95568
Best Individual: (((1.8900177560599225 + 5.6918717271439885) + (4.775712985266793 * COS((2.2544609732053553 / ((COS(1.3891050616375091) * X1 ) * ((COS(1.852328714965715) + (2.8248202626426444 / X1 )) + (1.8900177560599225 / 5.608060356095002))))))) + (1.3891050616375091 / 2.8248202626426444))
Generation=26 Avg Fitness=3915979.2277954565 Best Fitness=547.9426657848135 Avg Size=199.45013333333333
Best Individual: ((1.8900177560599225 + 5.6918717271439885) + (5.118438318641893 * COS((2.399104796472572 / ((COS(1.3891050616375091) * X1 ) * ((COS(1.852328714965715) + (5.7364295317777945 / X1 )) + (1.8900177560599225 / 5.608060356095002)))))))
Generation=27 Avg Fitness=1247672.1692593994 Best Fitness=547.9426657848135 Avg Size=204.12133333333333
Best Individual: ((1.8900177560599225 + 5.6918717271439885) + (5.118438318641893 * COS((2.399104796472572 / ((COS(1.3891050616375091) * X1 ) * ((COS(1.852328714965715) + (5.7364295317777945 / X1 )) + (1.8900177560599225 / 5.608060356095002)))))))
Generation=28 Avg Fitness=1.2062736522111313E7 Best Fitness=547.9426657848135 Avg Size=217.24394666666666
Best Individual: ((1.8900177560599225 + 5.6918717271439885) + (5.118438318641893 * COS((2.399104796472572 / ((COS(1.3891050616375091) * X1 ) * ((COS(1.852328714965715) + (5.7364295317777945 / X1 )) + (1.8900177560599225 / 5.608060356095002)))))))
Generation=29 Avg Fitness=2267595.727358796 Best Fitness=490.3504639236094 Avg Size=241.0832
Best Individual: ((1.8900177560599225 + 5.6918717271439885) + (5.180537582702369 * COS((1.3891050616375091 / ((COS(1.3891050616375091) * X1 ) * ((COS(1.8900177560599225) + (3.6508922903265244 / X1 )) + (1.8900177560599225 / 5.608060356095002)))))))
Generation=30 Avg Fitness=1274740.9947857675 Best Fitness=471.9098522341817 Avg Size=258.77664
Best Individual: ((-3.6726000754080803 * -2.258977449027382) + (5.180537582702369 * COS((1.3891050616375091 / ((COS(1.3891050616375091) * X1 ) * ((COS(1.8900177560599225) + (2.8248202626426444 / X1 )) + (1.8900177560599225 / 5.608060356095002)))))))
Generation=31 Avg Fitness=4.538555171172768E7 Best Fitness=361.7304524055597 Avg Size=254.09938666666667
Best Individual: ((1.8900177560599225 + (5.118438318641893 + 1.621209612872514)) + (4.775712985266793 * COS((1.3891050616375091 / ((COS(1.3891050616375091) * X1 ) * ((COS(1.852328714965715) + (2.8248202626426444 / X1 )) + ((2.3133063657605497 + ((4.142786964381802 - (3.5959136360921438 - (-4.917527817615834 / 1.5697255230905611))) + COS((4.775712985266793 * 3.3594549764850044)))) / -4.026260369320871)))))))
Generation=32 Avg Fitness=7.41581202766924E7 Best Fitness=361.7304524055597 Avg Size=240.69373333333334
Best Individual: ((1.8900177560599225 + (5.118438318641893 + 1.621209612872514)) + (4.775712985266793 * COS((1.3891050616375091 / ((COS(1.3891050616375091) * X1 ) * ((COS(1.852328714965715) + (2.8248202626426444 / X1 )) + ((2.3133063657605497 + ((4.142786964381802 - (3.5959136360921438 - (-4.917527817615834 / 1.5697255230905611))) + COS((4.775712985266793 * 3.3594549764850044)))) / -4.026260369320871)))))))
Generation=33 Avg Fitness=2.7912326763029147E7 Best Fitness=278.9143667825654 Avg Size=229.39586666666668
Best Individual: ((3.5959136360921438 + 5.6918717271439885) + (5.118438318641893 * COS((2.399104796472572 / ((COS(1.3891050616375091) * X1 ) * ((COS(1.8900177560599225) + (5.7364295317777945 / X1 )) + (1.8900177560599225 / 5.71412839796907)))))))
Generation=34 Avg Fitness=3397528.044409775 Best Fitness=278.9143667825654 Avg Size=234.83237333333332
Best Individual: ((3.5959136360921438 + 5.6918717271439885) + (5.118438318641893 * COS((2.399104796472572 / ((COS(1.3891050616375091) * X1 ) * ((COS(1.8900177560599225) + (5.7364295317777945 / X1 )) + (1.8900177560599225 / 5.71412839796907)))))))
Generation=35 Avg Fitness=1.63572663002069E8 Best Fitness=278.9143667825654 Avg Size=251.60632
Best Individual: ((3.5959136360921438 + 5.6918717271439885) + (5.118438318641893 * COS((2.399104796472572 / ((COS(1.3891050616375091) * X1 ) * ((COS(1.8900177560599225) + (5.7364295317777945 / X1 )) + (1.8900177560599225 / 5.71412839796907)))))))
Generation=36 Avg Fitness=889322.6393181853 Best Fitness=278.9143667825654 Avg Size=287.8921066666667
Best Individual: ((3.5959136360921438 + 5.6918717271439885) + (5.118438318641893 * COS((2.399104796472572 / ((COS(1.3891050616375091) * X1 ) * ((COS(1.8900177560599225) + (5.7364295317777945 / X1 )) + (1.8900177560599225 / 5.71412839796907)))))))
Generation=37 Avg Fitness=1.5053393495131021E7 Best Fitness=218.69246845368372 Avg Size=344.89530666666667
Best Individual: ((3.5959136360921438 + 5.6918717271439885) + (4.775712985266793 * COS((2.399104796472572 / ((COS(1.3891050616375091) * X1 ) * ((COS(1.8900177560599225) + (5.7364295317777945 / X1 )) + (1.8900177560599225 / 5.71412839796907)))))))
Generation=38 Avg Fitness=115387.37640618462 Best Fitness=218.69246845368372 Avg Size=394.1428
Best Individual: ((3.5959136360921438 + 5.6918717271439885) + (4.775712985266793 * COS((2.399104796472572 / ((COS(1.3891050616375091) * X1 ) * ((COS(1.8900177560599225) + (5.7364295317777945 / X1 )) + (1.8900177560599225 / 5.71412839796907)))))))
Generation=39 Avg Fitness=2.2106138180401006E9 Best Fitness=218.69246845368372 Avg Size=450.69976
Best Individual: ((3.5959136360921438 + 5.6918717271439885) + (4.775712985266793 * COS((2.399104796472572 / ((COS(1.3891050616375091) * X1 ) * ((COS(1.8900177560599225) + (5.7364295317777945 / X1 )) + (1.8900177560599225 / 5.71412839796907)))))))
PROBLEM *NOT* SOLVED
