..\data\input\1_5__-3.14_3.14.dat
-- TINY GP (Java version) --
SEED=-1
MAX_LEN=10000
POPSIZE=75000
DEPTH=5
CROSSOVER_PROB=0.9
PMUT_PER_NODE=0.05
MIN_RANDOM=-5.0
MAX_RANDOM=17.0
GENERATIONS=40
TSIZE=2
SOLVING_THRESHOLD=1.3188
----------------------------------
Generation=0 Avg Fitness=3302533.4447581554 Best Fitness=1613.9251180116044 Avg Size=10.97968
Best Individual: ((COS(X1 ) / 6.584570411490361) * 13.789744354820932)
Generation=1 Avg Fitness=192603.91088900206 Best Fitness=1613.9251180116044 Avg Size=12.22584
Best Individual: ((COS(X1 ) / 6.584570411490361) * 13.789744354820932)
Generation=2 Avg Fitness=359127.2957701237 Best Fitness=1608.6631222884782 Avg Size=14.628266666666667
Best Individual: (COS(X1 ) / (((6.7165183179847805 + 16.465776094313902) / -4.10827837039883) + 6.1326290604654545))
Generation=3 Avg Fitness=469496.6223808986 Best Fitness=837.4706408829687 Avg Size=17.344213333333332
Best Individual: (-2.4559537642175555 * SIN(((16.640526355684614 + X1 ) + 6.584570411490361)))
Generation=4 Avg Fitness=1997412.0450451295 Best Fitness=837.4706408829687 Avg Size=19.89216
Best Individual: (-2.4559537642175555 * SIN(((16.640526355684614 + X1 ) + 6.584570411490361)))
Generation=5 Avg Fitness=59208.21727067376 Best Fitness=837.4706408829687 Avg Size=23.036213333333333
Best Individual: (-2.4559537642175555 * SIN(((16.640526355684614 + X1 ) + 6.584570411490361)))
Generation=6 Avg Fitness=11356.482387200205 Best Fitness=837.4706408829687 Avg Size=27.653093333333334
Best Individual: (-2.4559537642175555 * SIN(((16.640526355684614 + X1 ) + 6.584570411490361)))
Generation=7 Avg Fitness=48652.605254509355 Best Fitness=795.5013279440826 Avg Size=31.613333333333333
Best Individual: (COS((6.724426723875517 - X1 )) / (8.52007630428005 / 16.591692511477753))
Generation=8 Avg Fitness=77917.23981464696 Best Fitness=749.3139534883786 Avg Size=36.53952
Best Individual: (SIN(COS((X1  - 6.584570411490361))) / SIN(6.724426723875517))
Generation=9 Avg Fitness=111792.52408308198 Best Fitness=749.3139534883786 Avg Size=41.13288
Best Individual: (SIN(COS((X1  - 6.584570411490361))) / SIN(6.724426723875517))
Generation=10 Avg Fitness=1918157.2108584917 Best Fitness=720.9288177643679 Avg Size=44.40272
Best Individual: ((COS(((X1  + -2.6040868101098553) - 16.640526355684614)) / 6.584570411490361) * 13.789744354820932)
Generation=11 Avg Fitness=383866.7307356592 Best Fitness=617.5311782099903 Avg Size=48.1088
Best Individual: (6.459771493395458 / (4.273987500854485 / ((6.724426723875517 - X1 ) / (4.273987500854485 / COS((6.724426723875517 - X1 ))))))
Generation=12 Avg Fitness=144866.8959658214 Best Fitness=405.0657530005405 Avg Size=54.269573333333334
Best Individual: ((6.724426723875517 - X1 ) / ((6.459771493395458 + -3.1473397112914268) / COS((6.724426723875517 - X1 ))))
Generation=13 Avg Fitness=154560.63112798939 Best Fitness=405.0657530005405 Avg Size=61.93597333333334
Best Individual: ((6.724426723875517 - X1 ) / ((6.459771493395458 + -3.1473397112914268) / COS((6.724426723875517 - X1 ))))
Generation=14 Avg Fitness=332118.776719524 Best Fitness=376.52259633647105 Avg Size=71.10248
Best Individual: ((6.724426723875517 - X1 ) * (1.3274512768225115 / (4.273987500854485 / COS((6.724426723875517 - X1 )))))
Generation=15 Avg Fitness=203296.90601946914 Best Fitness=361.1924971208281 Avg Size=79.244
Best Individual: ((6.724426723875517 - X1 ) / (3.1182123782229656 / COS((6.724426723875517 - X1 ))))
Generation=16 Avg Fitness=190725.0770574568 Best Fitness=254.62472002699587 Avg Size=85.65952
Best Individual: ((6.724426723875517 - X1 ) / ((6.459771493395458 + -3.1473397112914268) / COS((6.584570411490361 - X1 ))))
Generation=17 Avg Fitness=183099.7027934446 Best Fitness=254.62472002699587 Avg Size=93.90896
Best Individual: ((6.724426723875517 - X1 ) / ((6.459771493395458 + -3.1473397112914268) / COS((6.584570411490361 - X1 ))))
Generation=18 Avg Fitness=64092.52974519915 Best Fitness=254.62472002699587 Avg Size=106.54538666666667
Best Individual: ((6.724426723875517 - X1 ) / ((6.459771493395458 + -3.1473397112914268) / COS((6.584570411490361 - X1 ))))
Generation=19 Avg Fitness=170445.0427289404 Best Fitness=254.62472002699587 Avg Size=128.10701333333333
Best Individual: ((6.724426723875517 - X1 ) / ((6.459771493395458 + -3.1473397112914268) / COS((6.584570411490361 - X1 ))))
Generation=20 Avg Fitness=128290.5118138255 Best Fitness=254.62472002699587 Avg Size=151.42072
Best Individual: ((6.724426723875517 - X1 ) / ((6.459771493395458 + -3.1473397112914268) / COS((X1  - 6.584570411490361))))
Generation=21 Avg Fitness=89433.42321650976 Best Fitness=253.097982664657 Avg Size=152.82264
Best Individual: ((6.724426723875517 - X1 ) / ((6.459771493395458 + -3.1473397112914268) / COS((COS(-4.10827837039883) - (COS((COS(-0.1582541062926337) - (10.627442706080206 + 6.584570411490361))) + X1 )))))
Generation=22 Avg Fitness=239387.55460192342 Best Fitness=253.097982664657 Avg Size=143.51376
Best Individual: ((6.724426723875517 - X1 ) / ((6.459771493395458 + -3.1473397112914268) / COS((SIN(SIN(6.584570411490361)) - X1 ))))
Generation=23 Avg Fitness=118457.56747900789 Best Fitness=253.097982664657 Avg Size=157.09450666666666
Best Individual: ((6.724426723875517 - X1 ) / ((6.459771493395458 + -3.1473397112914268) / COS((SIN(SIN(6.584570411490361)) - X1 ))))
Generation=24 Avg Fitness=121780.81666911408 Best Fitness=253.097982664657 Avg Size=188.79848
Best Individual: ((6.724426723875517 - X1 ) / ((6.459771493395458 + -3.1473397112914268) / COS((COS(-4.10827837039883) - (COS((COS(-0.1582541062926337) - (10.627442706080206 + 6.584570411490361))) + X1 )))))
Generation=25 Avg Fitness=75835.586505293 Best Fitness=253.097982664657 Avg Size=223.47704
Best Individual: ((6.724426723875517 - X1 ) / ((6.459771493395458 + -3.1473397112914268) / COS((COS(-4.10827837039883) - (COS((COS(-0.1582541062926337) - (10.627442706080206 + 6.584570411490361))) + X1 )))))
Generation=26 Avg Fitness=70483.57668836409 Best Fitness=253.097982664657 Avg Size=271.71272
Best Individual: ((6.724426723875517 - X1 ) / ((6.459771493395458 + -3.1473397112914268) / COS((X1  - SIN(15.400929954296142)))))
Generation=27 Avg Fitness=55822.57057356542 Best Fitness=253.097982664657 Avg Size=366.41405333333336
Best Individual: ((6.724426723875517 - X1 ) / ((6.459771493395458 + -3.1473397112914268) / COS((X1  - SIN(15.400929954296142)))))
Generation=28 Avg Fitness=14041.818610256549 Best Fitness=253.097982664657 Avg Size=460.7102933333333
Best Individual: ((6.724426723875517 - X1 ) / ((6.459771493395458 + -3.1473397112914268) / COS((X1  - SIN(15.400929954296142)))))
Generation=29 Avg Fitness=82585.85669355467 Best Fitness=253.097982664657 Avg Size=485.91349333333335
Best Individual: ((6.724426723875517 - X1 ) / ((6.459771493395458 + -3.1473397112914268) / COS((COS(-4.10827837039883) - (COS((COS(-0.1582541062926337) - (10.627442706080206 + 6.584570411490361))) + X1 )))))
Generation=30 Avg Fitness=73974.50074821312 Best Fitness=253.06539274788628 Avg Size=437.90818666666667
Best Individual: ((6.7165183179847805 - X1 ) / ((6.459771493395458 + -3.1473397112914268) / COS((COS(-4.10827837039883) - (COS((COS(-0.1582541062926337) - (10.627442706080206 + 6.584570411490361))) + X1 )))))
Generation=31 Avg Fitness=43514.40470727827 Best Fitness=252.36260601972552 Avg Size=352.45072
Best Individual: ((6.724426723875517 - X1 ) / ((6.459771493395458 + -3.1473397112914268) / COS((X1  - (15.400929954296142 / 2.33552982528445)))))
Generation=32 Avg Fitness=77713.35583337872 Best Fitness=252.36260601972552 Avg Size=321.20933333333335
Best Individual: ((6.724426723875517 - X1 ) / ((6.459771493395458 + -3.1473397112914268) / COS((X1  - (15.400929954296142 / 2.33552982528445)))))
Generation=33 Avg Fitness=60995.99852274566 Best Fitness=252.36260601972552 Avg Size=331.6281866666667
Best Individual: ((6.724426723875517 - X1 ) / ((6.459771493395458 + -3.1473397112914268) / COS((X1  - (15.400929954296142 / 2.33552982528445)))))
Generation=34 Avg Fitness=41953.96202857028 Best Fitness=224.06495292284472 Avg Size=351.37816
Best Individual: ((6.724426723875517 - X1 ) / ((6.459771493395458 + -3.1473397112914268) / COS((X1  - SIN((SIN(((16.465776094313902 - SIN(SIN(SIN(COS((X1  + 16.450940868361744)))))) * (6.7165183179847805 / (((COS(X1 ) + (16.465776094313902 - (-3.692594105967543 - 6.724426723875517))) - COS(0.6831242519930205)) - -3.7859938891532754)))) - -0.8407340723142545))))))
Generation=35 Avg Fitness=19522.150341361998 Best Fitness=224.06495292284472 Avg Size=372.28264
Best Individual: ((6.724426723875517 - X1 ) / ((6.459771493395458 + -3.1473397112914268) / COS((X1  - SIN((SIN(((16.465776094313902 - SIN(SIN(SIN(COS((X1  + 16.450940868361744)))))) * (6.7165183179847805 / (((COS(X1 ) + (16.465776094313902 - (-3.692594105967543 - 6.724426723875517))) - COS(0.6831242519930205)) - -3.7859938891532754)))) - -0.8407340723142545))))))
Generation=36 Avg Fitness=40610.082548716426 Best Fitness=224.06495292284472 Avg Size=409.02272
Best Individual: ((6.724426723875517 - X1 ) / ((6.459771493395458 + -3.1473397112914268) / COS((X1  - SIN((SIN(((16.465776094313902 - SIN(SIN(SIN(COS((X1  + 16.450940868361744)))))) * (6.7165183179847805 / (((COS(X1 ) + (16.465776094313902 - (-3.692594105967543 - 6.724426723875517))) - COS(0.6831242519930205)) - -3.7859938891532754)))) - -0.8407340723142545))))))
Generation=37 Avg Fitness=39787.799297213016 Best Fitness=224.06495292284472 Avg Size=472.85565333333335
Best Individual: ((6.724426723875517 - X1 ) / ((6.459771493395458 + -3.1473397112914268) / COS((X1  - SIN((SIN(((16.465776094313902 - SIN(SIN(SIN(COS((X1  + 16.450940868361744)))))) * (6.7165183179847805 / (((COS(X1 ) + (16.465776094313902 - (-3.692594105967543 - 6.724426723875517))) - COS(0.6831242519930205)) - -3.7859938891532754)))) - -0.8407340723142545))))))
Generation=38 Avg Fitness=39482.087517815206 Best Fitness=224.06495292284472 Avg Size=524.3654666666666
Best Individual: ((6.724426723875517 - X1 ) / ((6.459771493395458 + -3.1473397112914268) / COS((X1  - SIN((SIN(((16.465776094313902 - SIN(SIN(SIN(COS((X1  + 16.450940868361744)))))) * (6.7165183179847805 / (((COS(X1 ) + (16.465776094313902 - (-3.692594105967543 - 6.724426723875517))) - COS(0.6831242519930205)) - -3.7859938891532754)))) - -0.8407340723142545))))))
Generation=39 Avg Fitness=5226.0077655656605 Best Fitness=224.06495292284472 Avg Size=553.25168
Best Individual: ((6.724426723875517 - X1 ) / ((6.459771493395458 + -3.1473397112914268) / COS((X1  - SIN((SIN(((16.465776094313902 - SIN(SIN(SIN(COS((X1  + 16.450940868361744)))))) * (6.7165183179847805 / (((COS(X1 ) + (16.465776094313902 - (-3.692594105967543 - 6.724426723875517))) - COS(0.6831242519930205)) - -3.7859938891532754)))) - -0.8407340723142545))))))
PROBLEM *NOT* SOLVED
