..\data\input\1_5__0_100.dat
-- TINY GP (Java version) --
SEED=-1
MAX_LEN=10000
POPSIZE=75000
DEPTH=5
CROSSOVER_PROB=0.9
PMUT_PER_NODE=0.05
MIN_RANDOM=-5.0
MAX_RANDOM=17.0
GENERATIONS=40
TSIZE=2
SOLVING_THRESHOLD=21.0
----------------------------------
Generation=0 Avg Fitness=2859845.5569160115 Best Fitness=1560.481941963162 Avg Size=11.006346666666667
Best Individual: ((SIN((-3.395294968733478 * COS(6.374610440355001))) - -1.790019517217738) * COS(X1 ))
Generation=1 Avg Fitness=324111.36625888024 Best Fitness=1560.481941963162 Avg Size=12.325893333333333
Best Individual: ((SIN((-3.395294968733478 * COS(6.374610440355001))) - -1.790019517217738) * COS(X1 ))
Generation=2 Avg Fitness=1346808.764737228 Best Fitness=1560.481941963162 Avg Size=14.950133333333333
Best Individual: ((SIN((-3.395294968733478 * COS(6.374610440355001))) - -1.790019517217738) * COS(X1 ))
Generation=3 Avg Fitness=974563.8862331655 Best Fitness=1560.481941963162 Avg Size=18.001386666666665
Best Individual: ((SIN((-3.395294968733478 * COS(6.374610440355001))) - -1.790019517217738) * COS(X1 ))
Generation=4 Avg Fitness=180270.86027415353 Best Fitness=1560.481941963162 Avg Size=20.466453333333334
Best Individual: ((SIN((-3.395294968733478 * COS(6.374610440355001))) - -1.790019517217738) * COS(X1 ))
Generation=5 Avg Fitness=220044.7995736898 Best Fitness=1558.500000000007 Avg Size=21.48997333333333
Best Individual: (COS(X1 ) + COS(X1 ))
Generation=6 Avg Fitness=239025.43057124663 Best Fitness=1182.167768870834 Avg Size=23.31224
Best Individual: ((SIN(((1.6283705473488101 + X1 ) * COS(8.36602298430545))) - -1.790019517217738) * COS(X1 ))
Generation=7 Avg Fitness=257381.62793033294 Best Fitness=1182.167768870834 Avg Size=27.939573333333332
Best Individual: ((SIN(((1.6283705473488101 + X1 ) * COS(8.36602298430545))) - -1.790019517217738) * COS(X1 ))
Generation=8 Avg Fitness=431939.9101046087 Best Fitness=1182.167768870834 Avg Size=35.62304
Best Individual: ((SIN(((1.6283705473488101 + X1 ) * COS(8.36602298430545))) - -1.790019517217738) * COS(X1 ))
Generation=9 Avg Fitness=646842.4356262236 Best Fitness=1182.167768870834 Avg Size=43.70525333333333
Best Individual: ((SIN(((1.6283705473488101 + X1 ) * COS(8.36602298430545))) - -1.790019517217738) * COS(X1 ))
Generation=10 Avg Fitness=1347620.8013493335 Best Fitness=1138.1459676487639 Avg Size=49.082026666666664
Best Individual: ((SIN(((1.6283705473488101 + X1 ) * COS(8.36602298430545))) - -1.9672043134978234) * COS(X1 ))
Generation=11 Avg Fitness=5426533.416094446 Best Fitness=828.0890781216845 Avg Size=52.49304
Best Individual: ((SIN(((1.6283705473488101 + X1 ) * COS(8.36602298430545))) - (COS(X1 ) * 2.4266027458372363)) * SIN((4.4750244584868675 * ((15.922989319572846 * 3.9599941792189757) / (7.714707002077061 + 4.350457041831495)))))
Generation=12 Avg Fitness=9.376265455397128E7 Best Fitness=616.1175304585971 Avg Size=57.673066666666664
Best Individual: ((SIN(((1.6283705473488101 + X1 ) * COS(8.36602298430545))) - (COS(X1 ) * 2.4266027458372363)) * SIN((4.4750244584868675 * (SIN(SIN(11.851991957108037)) / 2.9992450276312246))))
Generation=13 Avg Fitness=2636784.6955885543 Best Fitness=616.1175304585971 Avg Size=63.50586666666667
Best Individual: ((SIN(((1.6283705473488101 + X1 ) * COS(8.36602298430545))) - (COS(X1 ) * 2.4266027458372363)) * SIN((4.4750244584868675 * (SIN(SIN(11.851991957108037)) / 2.9992450276312246))))
Generation=14 Avg Fitness=5671882.34780356 Best Fitness=582.4008522763083 Avg Size=70.25933333333333
Best Individual: ((SIN(((1.6283705473488101 + X1 ) * COS(8.36602298430545))) - (COS(X1 ) * 2.4266027458372363)) * SIN(-1.0226364323448625))
Generation=15 Avg Fitness=4147066.4484115127 Best Fitness=582.4008522763083 Avg Size=78.94312
Best Individual: ((SIN(((1.6283705473488101 + X1 ) * COS(8.36602298430545))) - (COS(X1 ) * 2.4266027458372363)) * SIN(-1.0226364323448625))
Generation=16 Avg Fitness=572888.061387511 Best Fitness=522.7854796565275 Avg Size=88.1952
Best Individual: ((SIN((((-3.751476220519714 * 16.881243605572237) + X1 ) * COS(8.36602298430545))) - (COS(X1 ) * 2.4266027458372363)) * SIN((4.4750244584868675 * (COS(5.12069176873174) / -1.5288490494589904))))
Generation=17 Avg Fitness=4811544.133470041 Best Fitness=489.53342113848896 Avg Size=101.21536
Best Individual: ((SIN((((-3.751476220519714 * 16.881243605572237) + X1 ) * COS(8.36602298430545))) - (COS(X1 ) * 2.4266027458372363)) * SIN(SIN(4.4750244584868675)))
Generation=18 Avg Fitness=1.0785288688978761E8 Best Fitness=489.53342113848896 Avg Size=121.07392
Best Individual: ((SIN((((-3.751476220519714 * 16.881243605572237) + X1 ) * COS(8.36602298430545))) - (COS(X1 ) * 2.4266027458372363)) * SIN(SIN(4.4750244584868675)))
Generation=19 Avg Fitness=2.195239373686373E7 Best Fitness=474.6840307906389 Avg Size=148.40749333333332
Best Individual: ((SIN(((0.6815006974195406 + X1 ) * COS(8.36602298430545))) - (COS(X1 ) * 2.4266027458372363)) * SIN((4.4750244584868675 * ((15.922989319572846 * 3.9599941792189757) / (7.714707002077061 + 16.765829276377122)))))
Generation=20 Avg Fitness=4.4133087115775615E7 Best Fitness=466.4814495589075 Avg Size=170.0972
Best Individual: ((SIN((((-3.751476220519714 * 16.881243605572237) + X1 ) * COS(8.36602298430545))) - (COS(X1 ) * 2.4266027458372363)) * SIN((4.4750244584868675 * (COS(5.12069176873174) / -1.790019517217738))))
Generation=21 Avg Fitness=1.2280059680698E7 Best Fitness=456.52279189632105 Avg Size=179.01890666666668
Best Individual: ((SIN(((0.8772762583468499 + X1 ) * COS(8.36602298430545))) - (COS(X1 ) * 2.4266027458372363)) * SIN((4.4750244584868675 * (SIN(SIN(-1.5288490494589904)) / 3.7378968633688228))))
Generation=22 Avg Fitness=2.344185247171206E7 Best Fitness=426.91076644358253 Avg Size=185.58482666666666
Best Individual: ((SIN((((-3.751476220519714 * 16.881243605572237) + X1 ) * COS(8.36602298430545))) - (COS(X1 ) * 2.197614975764358)) * SIN((4.4750244584868675 * (COS(5.12069176873174) / -1.5288490494589904))))
Generation=23 Avg Fitness=159032.53474647104 Best Fitness=423.5585954176751 Avg Size=193.68818666666667
Best Individual: ((SIN((((-3.751476220519714 * 16.881243605572237) + X1 ) * COS(8.36602298430545))) - (COS((COS(11.681237468934025) * COS(COS(8.36602298430545)))) * (COS(X1 ) * 2.4266027458372363))) * SIN((4.4750244584868675 * ((15.922989319572846 * 3.9599941792189757) / (7.714707002077061 + 4.350457041831495)))))
Generation=24 Avg Fitness=3.084091019067703E8 Best Fitness=423.2433554858332 Avg Size=189.50018666666668
Best Individual: ((SIN((((-3.751476220519714 * 16.881243605572237) + X1 ) * COS(8.36602298430545))) - (COS(COS(8.36602298430545)) * (COS(X1 ) * 2.4266027458372363))) * SIN((4.4750244584868675 * (((12.250123847303211 + 2.197614975764358) * 3.9599941792189757) / -4.379628306651713))))
Generation=25 Avg Fitness=6448019.929619619 Best Fitness=406.4181597204776 Avg Size=187.90208
Best Individual: ((SIN(((((X1  * 11.403071152973713) * (1.7328641483016423 / (11.322453779009699 * (X2  + X1 )))) + X1 ) * COS(8.36602298430545))) - (COS(X1 ) * 2.4266027458372363)) * SIN(SIN(4.4750244584868675)))
Generation=26 Avg Fitness=1318329.4942262168 Best Fitness=406.4181597204776 Avg Size=202.69701333333333
Best Individual: ((SIN(((((X1  * 11.403071152973713) * (1.7328641483016423 / (11.322453779009699 * (X2  + X1 )))) + X1 ) * COS(8.36602298430545))) - (COS(X1 ) * 2.4266027458372363)) * SIN(SIN(4.4750244584868675)))
Generation=27 Avg Fitness=606883.8094575776 Best Fitness=402.96332663305407 Avg Size=207.41661333333334
Best Individual: ((SIN(((((X1  * 11.403071152973713) * (1.7328641483016423 / (11.322453779009699 * (11.851991957108037 + X1 )))) + X1 ) * COS(8.36602298430545))) - (COS(X1 ) * 2.4266027458372363)) * SIN(SIN(4.4750244584868675)))
Generation=28 Avg Fitness=1.0696577544487253E7 Best Fitness=402.96332663305407 Avg Size=206.52714666666665
Best Individual: ((SIN(((((X1  * 11.403071152973713) * (1.7328641483016423 / (11.322453779009699 * (11.851991957108037 + X1 )))) + X1 ) * COS(8.36602298430545))) - (COS(X1 ) * 2.4266027458372363)) * SIN(SIN(4.4750244584868675)))
Generation=29 Avg Fitness=359712.8875326689 Best Fitness=402.96332663305407 Avg Size=213.2424
Best Individual: ((SIN(((((X1  * 11.403071152973713) * (1.7328641483016423 / (11.322453779009699 * (11.851991957108037 + X1 )))) + X1 ) * COS(8.36602298430545))) - (COS(X1 ) * 2.4266027458372363)) * SIN(SIN(4.4750244584868675)))
Generation=30 Avg Fitness=156167.31800342465 Best Fitness=376.67270855915666 Avg Size=242.86984
Best Individual: ((SIN(((((X1  * 11.403071152973713) * (1.7328641483016423 / (11.322453779009699 * (15.229298384835744 + X1 )))) + X1 ) * COS(8.36602298430545))) - (COS(X1 ) * 2.4266027458372363)) * SIN(SIN(4.4750244584868675)))
Generation=31 Avg Fitness=268126.81901022076 Best Fitness=365.54771790025 Avg Size=269.13562666666667
Best Individual: ((SIN(((((X1  * 11.403071152973713) * (1.7328641483016423 / (11.322453779009699 * (X2  + ((16.765829276377122 / 5.12069176873174) * (0.6815006974195406 + 14.564571986607799)))))) + X1 ) * COS(8.36602298430545))) - (COS(X1 ) * 2.4266027458372363)) * SIN(SIN(4.4750244584868675)))
Generation=32 Avg Fitness=524823.0253529897 Best Fitness=314.7260696944782 Avg Size=270.78706666666665
Best Individual: ((SIN(((((X1  * 11.403071152973713) * (1.7328641483016423 / (11.322453779009699 * (11.851991957108037 + X1 )))) + X1 ) * COS(8.36602298430545))) - (COS(COS(8.36602298430545)) * (COS(X1 ) * 2.4266027458372363))) * SIN((4.4750244584868675 * (((12.250123847303211 + 2.197614975764358) * 3.9599941792189757) / -4.379628306651713))))
Generation=33 Avg Fitness=1277513.1242301615 Best Fitness=297.03199597983365 Avg Size=257.88496
Best Individual: ((SIN(((((X1  * 1.6283705473488101) * (1.7328641483016423 / (11.322453779009699 * (11.851991957108037 + 1.6926412701106646)))) + X1 ) * COS(8.36602298430545))) - (COS(X1 ) * 2.4266027458372363)) * SIN(SIN(4.4750244584868675)))
Generation=34 Avg Fitness=141771.86602328243 Best Fitness=290.8783683188326 Avg Size=257.27341333333334
Best Individual: ((SIN(((((X1  * 11.403071152973713) * (1.7328641483016423 / (11.322453779009699 * (15.229298384835744 + X1 )))) + X1 ) * COS(8.36602298430545))) - (COS(COS(8.36602298430545)) * (COS(X1 ) * 2.4266027458372363))) * SIN((4.4750244584868675 * (SIN(SIN(16.881243605572237)) / 2.9992450276312246))))
Generation=35 Avg Fitness=333922.21058274613 Best Fitness=281.9636677155534 Avg Size=262.66426666666666
Best Individual: ((SIN(((((X1  * 11.403071152973713) * (1.7328641483016423 / (15.229298384835744 * (15.922989319572846 * 3.9599941792189757)))) + X1 ) * COS(8.36602298430545))) - (COS(X1 ) * 2.4266027458372363)) * SIN(SIN(4.4750244584868675)))
Generation=36 Avg Fitness=1212268.3611343422 Best Fitness=147.1198006274941 Avg Size=269.03584
Best Individual: ((SIN(((((X1  * 11.403071152973713) * (1.7328641483016423 / (11.322453779009699 * (6.2564631591401945 * (-2.330239658824193 + (12.250123847303211 + 2.197614975764358)))))) + X1 ) * COS(8.36602298430545))) - (COS(COS(8.36602298430545)) * (COS(X1 ) * 2.4266027458372363))) * SIN((4.4750244584868675 * (((12.250123847303211 + 2.197614975764358) * 3.9599941792189757) / -4.379628306651713))))
Generation=37 Avg Fitness=266581.24503298604 Best Fitness=147.1198006274941 Avg Size=278.8252
Best Individual: ((SIN(((((X1  * 11.403071152973713) * (1.7328641483016423 / (11.322453779009699 * (6.2564631591401945 * (-2.330239658824193 + (12.250123847303211 + 2.197614975764358)))))) + X1 ) * COS(8.36602298430545))) - (COS(COS(8.36602298430545)) * (COS(X1 ) * 2.4266027458372363))) * SIN((4.4750244584868675 * (((12.250123847303211 + 2.197614975764358) * 3.9599941792189757) / -4.379628306651713))))
Generation=38 Avg Fitness=1593871.7300363423 Best Fitness=147.1198006274941 Avg Size=282.8974666666667
Best Individual: ((SIN(((((X1  * 11.403071152973713) * (1.7328641483016423 / (11.322453779009699 * (6.2564631591401945 * (-2.330239658824193 + (12.250123847303211 + 2.197614975764358)))))) + X1 ) * COS(8.36602298430545))) - (COS(COS(8.36602298430545)) * (COS(X1 ) * 2.4266027458372363))) * SIN((4.4750244584868675 * (((12.250123847303211 + 2.197614975764358) * 3.9599941792189757) / -4.379628306651713))))
Generation=39 Avg Fitness=262389.7885391572 Best Fitness=124.40879469303901 Avg Size=286.2185866666667
Best Individual: ((SIN(((((X1  * 1.6283705473488101) * (1.7328641483016423 / (11.322453779009699 * (11.851991957108037 + 1.6926412701106646)))) + X1 ) * COS(8.36602298430545))) - (COS(COS(8.36602298430545)) * (COS(X1 ) * 2.4266027458372363))) * SIN((4.4750244584868675 * (((12.250123847303211 + 2.197614975764358) * 3.9599941792189757) / -4.379628306651713))))
PROBLEM *NOT* SOLVED
