..\data\input\1_6__-1000_1000.dat
-- TINY GP (Java version) --
SEED=-1
MAX_LEN=10000
POPSIZE=75000
DEPTH=5
CROSSOVER_PROB=0.9
PMUT_PER_NODE=0.05
MIN_RANDOM=-5.0
MAX_RANDOM=17.0
GENERATIONS=40
TSIZE=2
SOLVING_THRESHOLD=420.0
----------------------------------
Generation=0 Avg Fitness=2.9373013815847516E9 Best Fitness=1.4639699481741202E9 Avg Size=11.04168
Best Individual: ((SIN(8.317997023776597) - ((-2.6269872282772306 - X2 ) * X1 )) - (-4.827165835458791 - COS(-4.359062237813573)))
Generation=1 Avg Fitness=2.0771881079365532E9 Best Fitness=1.4639597890469856E9 Avg Size=10.7204
Best Individual: ((SIN(8.317997023776597) - ((-2.6269872282772306 - X2 ) * X1 )) - (-4.827165835458791 - 15.93065245888246))
Generation=2 Avg Fitness=2.565133386348199E9 Best Fitness=1.1789863863931863E9 Avg Size=12.077413333333332
Best Individual: ((((SIN(8.317997023776597) - ((-2.6269872282772306 - X2 ) * X1 )) - (-1.0641871920468455 * 9.63703079241327)) / 0.6547344202163314) + 8.723066776201868)
Generation=3 Avg Fitness=2.5461248037278438E9 Best Fitness=1.178974523036066E9 Avg Size=15.4064
Best Individual: ((((SIN(8.317997023776597) - ((-2.6269872282772306 - X2 ) * X1 )) - (-1.0641871920468455 * 9.63703079241327)) / 0.6547344202163314) + (15.858466017529715 + 6.854408681584339))
Generation=4 Avg Fitness=4.691815750334679E10 Best Fitness=9.09043906871601E8 Avg Size=19.20776
Best Individual: ((((SIN(8.317997023776597) - ((-2.6269872282772306 - X2 ) * X1 )) - (-1.0641871920468455 * 9.63703079241327)) / SIN(6.736347673983444)) + 15.93065245888246)
Generation=5 Avg Fitness=2.1216649259261487E12 Best Fitness=8.680371301855047E8 Avg Size=23.18848
Best Individual: ((-3.668264156280136 * ((15.359878092448792 - ((SIN(8.317997023776597) - ((-2.6269872282772306 - X2 ) * X1 )) - (-4.827165835458791 - COS(-4.359062237813573)))) * (3.507757666179206 / 4.147353313693875))) + 0.6547344202163314)
Generation=6 Avg Fitness=3.835796045810889E12 Best Fitness=8.679420862667234E8 Avg Size=27.52288
Best Individual: (((SIN(8.317997023776597) - ((4.317553976073974 - X2 ) * X1 )) - (-4.827165835458791 - (((COS(14.114454898006656) / (X1  - 15.265799660490732)) * ((7.57844890643465 / -2.801647226563192) + (((8.8171588494582 + (-4.900758278516593 / -2.801647226563192)) * (-1.0641871920468455 * 7.131597430952379)) * 14.066430761092992))) - -2.3089218533617175))) * (3.507757666179206 - (10.108867751231958 / 16.53707463321464)))
Generation=7 Avg Fitness=7.71947422670189E14 Best Fitness=1.3025943352466743E8 Avg Size=30.98576
Best Individual: ((X1  * X1 ) - (-2.801647226563192 * (SIN(8.317997023776597) - ((6.462042125208795 - X2 ) * X1 ))))
Generation=8 Avg Fitness=1.8123491256628578E15 Best Fitness=1.3053675702691663E7 Avg Size=33.84832
Best Individual: ((X1  * X1 ) - ((((((15.360328729416842 * 16.541677004969166) * -2.3089218533617175) - ((-2.6120829376839767 - X2 ) * X1 )) + SIN(-1.0641871920468455)) * -0.3416327584275445) * 8.763100973272552))
Generation=9 Avg Fitness=1.541186017483716E15 Best Fitness=1.3053675702691663E7 Avg Size=37.423386666666666
Best Individual: ((X1  * X1 ) - ((((((15.360328729416842 * 16.541677004969166) * -2.3089218533617175) - ((-2.6120829376839767 - X2 ) * X1 )) + SIN(-1.0641871920468455)) * -0.3416327584275445) * 8.763100973272552))
Generation=10 Avg Fitness=1.9765318952799628E14 Best Fitness=1.3053675702691663E7 Avg Size=42.53344
Best Individual: ((X1  * X1 ) - ((((((15.360328729416842 * 16.541677004969166) * -2.3089218533617175) - ((-2.6120829376839767 - X2 ) * X1 )) + SIN(-1.0641871920468455)) * -0.3416327584275445) * 8.763100973272552))
Generation=11 Avg Fitness=2.3865841215119938E14 Best Fitness=1.3053675702691663E7 Avg Size=48.32026666666667
Best Individual: ((X1  * X1 ) - ((((((15.360328729416842 * 16.541677004969166) * -2.3089218533617175) - ((-2.6120829376839767 - X2 ) * X1 )) + SIN(-1.0641871920468455)) * -0.3416327584275445) * 8.763100973272552))
Generation=12 Avg Fitness=5.690656395429182E16 Best Fitness=8929012.096251097 Avg Size=53.76949333333334
Best Individual: ((X1  * X1 ) - (((((16.53707463321464 - -3.002346910183361) - (((-1.53257738655822 / X1 ) - X2 ) * X1 )) + SIN(-1.0641871920468455)) * -0.3416327584275445) * 8.763100973272552))
Generation=13 Avg Fitness=1.730049702473128E17 Best Fitness=8928570.04000001 Avg Size=59.841973333333335
Best Individual: (8.317997023776597 + (((-2.6269872282772306 + X2 ) * X1 ) - ((SIN((X1  - SIN(8.317997023776597))) - (X1  * X1 )) + (((-2.6269872282772306 - X2 ) - X2 ) * X1 ))))
Generation=14 Avg Fitness=3.2117966713669555E18 Best Fitness=8928570.04000001 Avg Size=68.43616
Best Individual: (8.317997023776597 + (((-2.6269872282772306 + X2 ) * X1 ) - ((SIN((X1  - SIN(8.317997023776597))) - (X1  * X1 )) + (((-2.6269872282772306 - X2 ) - X2 ) * X1 ))))
Generation=15 Avg Fitness=6.458942933799397E19 Best Fitness=7935181.463180304 Avg Size=78.86768
Best Individual: (((SIN(8.317997023776597) - ((-2.6269872282772306 - X2 ) * X1 )) - (-4.827165835458791 - (((X1  * X1 ) - ((-2.6269872282772306 - X2 ) * X1 )) - ((X2  - ((SIN((6.736347673983444 + 1.042852488857326)) - ((7.2538897248577925 - X2 ) * X1 )) - ((SIN(8.723066776201868) + 6.854408681584339) - -4.827165835458791))) - (-1.0764837485701868 * -4.827165835458791))))) - COS((COS(16.54441888803592) - 13.504891434305069)))
Generation=16 Avg Fitness=1.021639720399966E20 Best Fitness=7935181.463180304 Avg Size=89.26402666666667
Best Individual: (((SIN(8.317997023776597) - ((-2.6269872282772306 - X2 ) * X1 )) - (-4.827165835458791 - (((X1  * X1 ) - ((-2.6269872282772306 - X2 ) * X1 )) - ((X2  - ((SIN((6.736347673983444 + 1.042852488857326)) - ((7.2538897248577925 - X2 ) * X1 )) - ((SIN(8.723066776201868) + 6.854408681584339) - -4.827165835458791))) - (-1.0764837485701868 * -4.827165835458791))))) - COS((COS(16.54441888803592) - 13.504891434305069)))
Generation=17 Avg Fitness=7.05431551961302E22 Best Fitness=7935162.203180311 Avg Size=98.14850666666666
Best Individual: (((SIN(8.317997023776597) - ((-2.6269872282772306 - X2 ) * X1 )) - (-4.827165835458791 - (((X1  * X1 ) - ((-2.6269872282772306 - X2 ) * X1 )) - ((X2  - ((SIN((6.736347673983444 + (6.462042125208795 - X2 ))) - ((7.2538897248577925 - X2 ) * X1 )) - ((SIN(8.723066776201868) + 6.854408681584339) - -4.827165835458791))) - (-1.0764837485701868 * -4.827165835458791))))) - COS((COS(16.54441888803592) - 13.504891434305069)))
Generation=18 Avg Fitness=2.2403840886106008E30 Best Fitness=4066808.8028769507 Avg Size=106.0328
Best Individual: ((X1  * X1 ) - (((((X2  * -2.3089218533617175) - ((((0.3946330052995606 - 0.18180331211993916) * (6.854408681584339 / 15.93065245888246)) - X2 ) * X1 )) + SIN(-1.0641871920468455)) * -0.3416327584275445) * 8.763100973272552))
Generation=19 Avg Fitness=2.006355081282168E23 Best Fitness=3682016.8584404113 Avg Size=113.46434666666667
Best Individual: ((SIN(8.317997023776597) - ((((-2.6269872282772306 - X2 ) + ((5.7040024984623905 + (7.2538897248577925 - X2 )) - (11.63112478555447 + X1 ))) - X2 ) * X1 )) - ((6.854408681584339 + ((13.15186243837055 * ((9.63703079241327 * 13.751759699439031) / ((15.93065245888246 * 11.63112478555447) - ((SIN(0.5975188038549621) - (((SIN(COS(SIN(-1.0641871920468455))) + -0.3416327584275445) - (((15.359878092448792 - (14.623471049426193 * -3.383340602446859)) + 13.515617286451317) - 9.944263079411384)) / 14.066430761092992)) - 13.50394205860129)))) * X2 )) - X1 ))
Generation=20 Avg Fitness=3.0702752648329284E24 Best Fitness=3283247.2446944304 Avg Size=120.91146666666667
Best Individual: ((SIN(8.317997023776597) - ((((-2.6269872282772306 - X2 ) + ((10.461834763592282 + (7.2538897248577925 - X2 )) - (15.93065245888246 + X1 ))) - X2 ) * X1 )) - ((6.854408681584339 + ((13.15186243837055 * ((9.63703079241327 * 13.751759699439031) / ((15.93065245888246 * 11.63112478555447) - ((SIN(0.5975188038549621) - (((SIN(COS(SIN(-1.0641871920468455))) + -0.3416327584275445) - (((15.359878092448792 - (14.623471049426193 * -3.383340602446859)) + 13.515617286451317) - 9.944263079411384)) / 14.066430761092992)) - 13.50394205860129)))) * X2 )) - X1 ))
Generation=21 Avg Fitness=3.774305969014203E24 Best Fitness=647552.5326126086 Avg Size=132.77616
Best Individual: ((SIN(8.317997023776597) - ((((-2.6269872282772306 - X2 ) + ((5.7040024984623905 + (7.2538897248577925 - X2 )) - (9.63703079241327 + X1 ))) - X2 ) * X1 )) - ((-1.53257738655822 + ((13.15186243837055 * ((9.63703079241327 * 13.751759699439031) / ((15.93065245888246 * 11.63112478555447) - ((SIN(-2.801647226563192) - (((SIN(COS(15.858466017529715)) + ((9.744252412947493 + 13.515617286451317) - 9.944263079411384)) - COS((11.63112478555447 * (8.763100973272552 / 0.06935433065471752)))) * 5.688303748069)) - 13.50394205860129)))) * X2 )) - X1 ))
Generation=22 Avg Fitness=1.2610587280039907E22 Best Fitness=647552.5326126086 Avg Size=150.52818666666667
Best Individual: ((SIN(8.317997023776597) - ((((-2.6269872282772306 - X2 ) + ((5.7040024984623905 + (7.2538897248577925 - X2 )) - (9.63703079241327 + X1 ))) - X2 ) * X1 )) - ((-1.53257738655822 + ((13.15186243837055 * ((9.63703079241327 * 13.751759699439031) / ((15.93065245888246 * 11.63112478555447) - ((SIN(-2.801647226563192) - (((SIN(COS(15.858466017529715)) + ((9.744252412947493 + 13.515617286451317) - 9.944263079411384)) - COS((11.63112478555447 * (8.763100973272552 / 0.06935433065471752)))) * 5.688303748069)) - 13.50394205860129)))) * X2 )) - X1 ))
Generation=23 Avg Fitness=6.90427727668437E22 Best Fitness=647552.5326126086 Avg Size=168.21965333333333
Best Individual: ((SIN(8.317997023776597) - ((((-2.6269872282772306 - X2 ) + ((5.7040024984623905 + (7.2538897248577925 - X2 )) - (9.63703079241327 + X1 ))) - X2 ) * X1 )) - ((-1.53257738655822 + ((13.15186243837055 * ((9.63703079241327 * 13.751759699439031) / ((15.93065245888246 * 11.63112478555447) - ((SIN(-2.801647226563192) - (((SIN(COS(15.858466017529715)) + ((9.744252412947493 + 13.515617286451317) - 9.944263079411384)) - COS((11.63112478555447 * (8.763100973272552 / 0.06935433065471752)))) * 5.688303748069)) - 13.50394205860129)))) * X2 )) - X1 ))
Generation=24 Avg Fitness=7.392315770076257E27 Best Fitness=647552.5326126086 Avg Size=181.046
Best Individual: ((SIN(8.317997023776597) - ((((-2.6269872282772306 - X2 ) + ((5.7040024984623905 + (7.2538897248577925 - X2 )) - (9.63703079241327 + X1 ))) - X2 ) * X1 )) - ((-1.53257738655822 + ((13.15186243837055 * ((9.63703079241327 * 13.751759699439031) / ((15.93065245888246 * 11.63112478555447) - ((SIN(-2.801647226563192) - (((SIN(COS(15.858466017529715)) + ((9.744252412947493 + 13.515617286451317) - 9.944263079411384)) - COS((11.63112478555447 * (8.763100973272552 / 0.06935433065471752)))) * 5.688303748069)) - 13.50394205860129)))) * X2 )) - X1 ))
Generation=25 Avg Fitness=9.697802081709817E23 Best Fitness=270249.7999487495 Avg Size=192.21898666666667
Best Individual: (((SIN(8.317997023776597) - ((-2.6269872282772306 - X2 ) * X1 )) - (-4.827165835458791 - (((X1  * X1 ) - SIN(10.648123784798111)) - (((9.63703079241327 / -2.1489373807901435) - X2 ) * X1 )))) - ((X2  - ((SIN((6.736347673983444 + 1.042852488857326)) - ((7.2538897248577925 - X2 ) * X1 )) - ((SIN(8.723066776201868) + 6.854408681584339) - (0.21426351137721422 - X2 )))) - (X2  * -4.827165835458791)))
Generation=26 Avg Fitness=2.7007302752074E25 Best Fitness=254619.2956111074 Avg Size=202.82557333333332
Best Individual: (((SIN(8.317997023776597) - ((-4.827165835458791 - X2 ) * X1 )) - (-4.827165835458791 - (((X1  * X1 ) - ((-2.3089218533617175 - X2 ) * X1 )) - ((X2  - ((SIN(14.212582669200113) - ((7.2538897248577925 - X2 ) * X1 )) - ((X2  + -4.827165835458791) - (X2  * -4.827165835458791)))) - ((COS(16.54441888803592) - 13.504891434305069) + 7.213936363993161))))) - 6.7904620627407315)
Generation=27 Avg Fitness=2.992266394098493E25 Best Fitness=254619.2956111074 Avg Size=206.11672
Best Individual: (((SIN(8.317997023776597) - ((-4.827165835458791 - X2 ) * X1 )) - (-4.827165835458791 - (((X1  * X1 ) - ((-2.3089218533617175 - X2 ) * X1 )) - ((X2  - ((SIN(14.212582669200113) - ((7.2538897248577925 - X2 ) * X1 )) - ((X2  + -4.827165835458791) - (X2  * -4.827165835458791)))) - ((COS(16.54441888803592) - 13.504891434305069) + 7.213936363993161))))) - 6.7904620627407315)
Generation=28 Avg Fitness=1.6921431603228724E23 Best Fitness=174471.04818784076 Avg Size=204.60176
Best Individual: ((((10.648123784798111 / (10.954842607548992 / 0.5975188038549621)) + ((7.131597430952379 * (0.6547344202163314 - X2 )) - ((((-2.6269872282772306 - X2 ) - -4.113712513500302) - (4.199477642647727 + X1 )) * X1 ))) + ((SIN((4.317553976073974 / 0.5975188038549621)) - ((-2.6269872282772306 - X2 ) * X1 )) - X1 )) - ((14.066430761092992 + 15.265799660490732) - (SIN(7.675456346106518) - ((4.317553976073974 - X2 ) * X1 ))))
Generation=29 Avg Fitness=1.708879516800091E18 Best Fitness=137993.20568612945 Avg Size=208.88197333333332
Best Individual: ((SIN(8.317997023776597) - ((((-2.6269872282772306 - X2 ) + ((5.7040024984623905 + (12.7625014266056 - X2 )) - (15.93065245888246 + X1 ))) - X2 ) * X1 )) - ((6.854408681584339 + ((13.15186243837055 * ((9.63703079241327 * 9.944263079411384) / ((15.93065245888246 * 11.63112478555447) - ((SIN(0.5975188038549621) - (((SIN(COS(SIN(-1.0641871920468455))) + -0.3416327584275445) - ((0.5975188038549621 + 13.515617286451317) - 9.944263079411384)) / 14.066430761092992)) - -2.6269872282772306)))) * X2 )) - (9.944263079411384 - (10.108867751231958 / 16.53707463321464))))
Generation=30 Avg Fitness=7.419173473477734E17 Best Fitness=137993.20568612945 Avg Size=223.02530666666667
Best Individual: ((SIN(8.317997023776597) - ((((-2.6269872282772306 - X2 ) + ((5.7040024984623905 + (12.7625014266056 - X2 )) - (15.93065245888246 + X1 ))) - X2 ) * X1 )) - ((6.854408681584339 + ((13.15186243837055 * ((9.63703079241327 * 9.944263079411384) / ((15.93065245888246 * 11.63112478555447) - ((SIN(0.5975188038549621) - (((SIN(COS(SIN(-1.0641871920468455))) + -0.3416327584275445) - ((0.5975188038549621 + 13.515617286451317) - 9.944263079411384)) / 14.066430761092992)) - -2.6269872282772306)))) * X2 )) - (9.944263079411384 - (10.108867751231958 / 16.53707463321464))))
Generation=31 Avg Fitness=2.558102077130254E19 Best Fitness=137869.2887571573 Avg Size=238.16837333333334
Best Individual: ((SIN(8.317997023776597) - ((((-2.6269872282772306 - X2 ) + ((5.7040024984623905 + (12.7625014266056 - X2 )) - (15.93065245888246 + X1 ))) - X2 ) * X1 )) - ((6.854408681584339 + ((13.15186243837055 * ((9.63703079241327 * 9.944263079411384) / ((15.93065245888246 * 11.63112478555447) - ((SIN(0.5975188038549621) - (((SIN(COS(SIN(X1 ))) + -0.3416327584275445) - ((0.5975188038549621 + 13.515617286451317) - 9.944263079411384)) / 14.066430761092992)) - -2.6269872282772306)))) * X2 )) - (9.944263079411384 - (10.108867751231958 / 16.53707463321464))))
Generation=32 Avg Fitness=5.143667181417284E34 Best Fitness=62854.26484479925 Avg Size=256.8548
Best Individual: (((((10.003328578783291 - 13.15186243837055) - 6.736347673983444) + ((5.7040024984623905 * (0.6547344202163314 - X2 )) - ((((-2.6269872282772306 - X2 ) - -4.113712513500302) - (4.199477642647727 + X1 )) * X1 ))) + ((SIN((-0.3416327584275445 / 0.5975188038549621)) - ((-2.6269872282772306 - X2 ) * X1 )) - X1 )) - ((9.597309630571782 + ((-4.827165835458791 + -3.668264156280136) - (((-0.3416327584275445 * (14.114454898006656 - (4.317553976073974 - X2 ))) - X2 ) + 9.63703079241327))) - (SIN(8.317997023776597) - ((4.317553976073974 - X2 ) * X1 ))))
Generation=33 Avg Fitness=2.268053803138591E20 Best Fitness=52973.633189274464 Avg Size=276.36064
Best Individual: (((3.5942204907966477 + ((5.980461655277697 * (0.6547344202163314 - X2 )) - ((((-2.6269872282772306 - X2 ) - -4.113712513500302) - (4.199477642647727 + X1 )) * X1 ))) + ((SIN((-0.3416327584275445 / 0.5975188038549621)) - ((-2.6269872282772306 - X2 ) * X1 )) - X2 )) - ((9.597309630571782 + (15.93065245888246 + X1 )) - (SIN(8.317997023776597) - ((4.317553976073974 - X2 ) * X1 ))))
Generation=34 Avg Fitness=4.846221328186332E19 Best Fitness=52973.633189274464 Avg Size=291.64536
Best Individual: (((3.5942204907966477 + ((5.980461655277697 * (0.6547344202163314 - X2 )) - ((((-2.6269872282772306 - X2 ) - -4.113712513500302) - (4.199477642647727 + X1 )) * X1 ))) + ((SIN((-0.3416327584275445 / 0.5975188038549621)) - ((-2.6269872282772306 - X2 ) * X1 )) - X2 )) - ((9.597309630571782 + (15.93065245888246 + X1 )) - (SIN(8.317997023776597) - ((4.317553976073974 - X2 ) * X1 ))))
Generation=35 Avg Fitness=3.392878223203902E20 Best Fitness=52057.681870321285 Avg Size=307.0957066666667
Best Individual: (((3.5942204907966477 + ((5.980461655277697 * (0.6547344202163314 - X2 )) - ((((-2.6269872282772306 - X2 ) - -4.113712513500302) - (4.199477642647727 + X1 )) * X1 ))) + ((SIN((X2  / 0.5975188038549621)) - ((-2.6269872282772306 - X2 ) * X1 )) - X2 )) - ((9.597309630571782 + (15.93065245888246 + X1 )) - (SIN(8.317997023776597) - ((4.317553976073974 - X2 ) * X1 ))))
Generation=36 Avg Fitness=1.5369517373595914E22 Best Fitness=52057.681870321285 Avg Size=330.88954666666666
Best Individual: (((3.5942204907966477 + ((5.980461655277697 * (0.6547344202163314 - X2 )) - ((((-2.6269872282772306 - X2 ) - -4.113712513500302) - (4.199477642647727 + X1 )) * X1 ))) + ((SIN((X2  / 0.5975188038549621)) - ((-2.6269872282772306 - X2 ) * X1 )) - X2 )) - ((9.597309630571782 + (15.93065245888246 + X1 )) - (SIN(8.317997023776597) - ((4.317553976073974 - X2 ) * X1 ))))
Generation=37 Avg Fitness=5.905835118866952E22 Best Fitness=35607.83500559821 Avg Size=352.62053333333336
Best Individual: (((3.5942204907966477 + ((5.980461655277697 * (0.6547344202163314 - X2 )) - ((((-2.6269872282772306 - X2 ) - -4.113712513500302) - (4.199477642647727 + X1 )) * X1 ))) + ((SIN((-0.3416327584275445 / 0.5975188038549621)) - ((-2.6269872282772306 - X2 ) * X1 )) - X2 )) - ((9.597309630571782 + (-2.6269872282772306 + X1 )) - (SIN(8.317997023776597) - ((4.317553976073974 - X2 ) * X1 ))))
Generation=38 Avg Fitness=6.490512099569192E22 Best Fitness=35607.83500559821 Avg Size=373.41565333333335
Best Individual: (((3.5942204907966477 + ((5.980461655277697 * (0.6547344202163314 - X2 )) - ((((-2.6269872282772306 - X2 ) - -4.113712513500302) - (4.199477642647727 + X1 )) * X1 ))) + ((SIN((-0.3416327584275445 / 0.5975188038549621)) - ((-2.6269872282772306 - X2 ) * X1 )) - X2 )) - ((9.597309630571782 + (-2.6269872282772306 + X1 )) - (SIN(8.317997023776597) - ((4.317553976073974 - X2 ) * X1 ))))
Generation=39 Avg Fitness=1.3058484618700325E19 Best Fitness=24743.439264053148 Avg Size=392.18493333333333
Best Individual: ((SIN(8.317997023776597) - ((((-2.6269872282772306 - X2 ) + ((5.7040024984623905 + (12.7625014266056 - X2 )) - (15.858466017529715 + X1 ))) - X2 ) * X1 )) - ((6.854408681584339 + ((13.15186243837055 * ((9.63703079241327 * 9.944263079411384) / ((15.93065245888246 * 11.63112478555447) - ((SIN(0.5975188038549621) - (((SIN(COS(SIN(-1.0641871920468455))) + -0.3416327584275445) - ((0.5975188038549621 + 13.515617286451317) - 7.213936363993161)) / 14.066430761092992)) - -2.6269872282772306)))) * X2 )) - (9.944263079411384 - (X2  / 16.53707463321464))))
PROBLEM *NOT* SOLVED
