..\data\input\1_6__-10_10.dat
-- TINY GP (Java version) --
SEED=-1
MAX_LEN=10000
POPSIZE=75000
DEPTH=5
CROSSOVER_PROB=0.9
PMUT_PER_NODE=0.05
MIN_RANDOM=-5.0
MAX_RANDOM=17.0
GENERATIONS=40
TSIZE=2
SOLVING_THRESHOLD=4.2
----------------------------------
Generation=0 Avg Fitness=1.0637467439939322E7 Best Fitness=168371.42199999985 Avg Size=11.019066666666667
Best Individual: (X2  * X1 )
Generation=1 Avg Fitness=1377417.69960493 Best Fitness=168371.42199999985 Avg Size=10.415813333333332
Best Individual: (X2  * X1 )
Generation=2 Avg Fitness=764695.049756622 Best Fitness=168371.42199999985 Avg Size=10.434826666666666
Best Individual: (X2  * X1 )
Generation=3 Avg Fitness=1733729.8103293332 Best Fitness=167435.70060000024 Avg Size=12.06488
Best Individual: ((X1  * X2 ) - SIN(-1.338828323748631))
Generation=4 Avg Fitness=480985.7818974306 Best Fitness=115540.73742039417 Avg Size=15.257706666666667
Best Individual: (16.477749451903293 + (((X2  * (-2.4601598300412246 + 2.6524635015772855)) * (16.91222526239379 + SIN(7.5144607992090915))) * (X1  * COS((SIN(-1.1467126190705947) / (0.8667006674788693 + (2.2296067431759576 * 7.117645225798208)))))))
Generation=5 Avg Fitness=464540.16182121105 Best Fitness=114174.29955341296 Avg Size=19.0828
Best Individual: (16.477749451903293 + (((X2  * (-2.4601598300412246 + 2.6524635015772855)) * (16.91222526239379 + SIN(7.5144607992090915))) * (X1  * COS((SIN(-1.1467126190705947) / (SIN(SIN((SIN(13.411046575435673) / (10.260118439963378 - -2.0882465095436493)))) + (11.134474673318195 - X2 )))))))
Generation=6 Avg Fitness=824906.0930957287 Best Fitness=114174.29955341296 Avg Size=22.985786666666666
Best Individual: (16.477749451903293 + (((X2  * (-2.4601598300412246 + 2.6524635015772855)) * (16.91222526239379 + SIN(7.5144607992090915))) * (X1  * COS((SIN(-1.1467126190705947) / (SIN(SIN((SIN(13.411046575435673) / (10.260118439963378 - -2.0882465095436493)))) + (11.134474673318195 - X2 )))))))
Generation=7 Avg Fitness=938715.3941670324 Best Fitness=85520.96316554313 Avg Size=27.357893333333333
Best Individual: (16.477749451903293 + (((X2  * (-2.4601598300412246 + 2.6524635015772855)) * (16.91222526239379 + SIN(7.5144607992090915))) * (X1  - COS((SIN(-1.4366248160152137) / (0.8667006674788693 + 10.59825889401171))))))
Generation=8 Avg Fitness=1367899.6265423964 Best Fitness=76535.51156040239 Avg Size=32.38824
Best Individual: (((X1  * X1 ) - X2 ) + (((X2  * (-2.4601598300412246 + 2.6524635015772855)) * (16.91222526239379 + SIN(7.5144607992090915))) * (X1  * COS((SIN(-1.1467126190705947) / 7.869975369838917)))))
Generation=9 Avg Fitness=626127.0186302137 Best Fitness=76535.51156040239 Avg Size=38.74624
Best Individual: (((X1  * X1 ) - X2 ) + (((X2  * (-2.4601598300412246 + 2.6524635015772855)) * (16.91222526239379 + SIN(7.5144607992090915))) * (X1  * COS((SIN(-1.1467126190705947) / 7.869975369838917)))))
Generation=10 Avg Fitness=1109577.1698172977 Best Fitness=42067.33545773587 Avg Size=46.98968
Best Individual: (((X1  * X1 ) - (5.854938022520967 + X2 )) + (((X2  * (-2.4601598300412246 + 2.6524635015772855)) * (16.91222526239379 + SIN(7.5144607992090915))) * (X1  - COS((SIN(-1.1467126190705947) / 7.5144607992090915)))))
Generation=11 Avg Fitness=865591.0922657229 Best Fitness=42067.33545773587 Avg Size=59.42733333333333
Best Individual: (((X1  * X1 ) - (5.854938022520967 + X2 )) + (((X2  * (-2.4601598300412246 + 2.6524635015772855)) * (16.91222526239379 + SIN(7.5144607992090915))) * (X1  - COS((SIN(-1.1467126190705947) / 7.5144607992090915)))))
Generation=12 Avg Fitness=1085942.806094478 Best Fitness=41562.4100998637 Avg Size=72.82178666666667
Best Individual: (((X1  * X1 ) - (5.854938022520967 + X2 )) + (((X2  * (-2.4601598300412246 + 2.6524635015772855)) * (16.91222526239379 + SIN((6.181903560188983 - 16.62126284696848)))) * (X1  - COS((SIN(-1.1467126190705947) / 7.5144607992090915)))))
Generation=13 Avg Fitness=938478.1757566431 Best Fitness=41562.4100998637 Avg Size=83.50256
Best Individual: (((X1  * X1 ) - (5.854938022520967 + X2 )) + (((X2  * (-2.4601598300412246 + 2.6524635015772855)) * (16.91222526239379 + SIN((6.181903560188983 - 16.62126284696848)))) * (X1  - COS((SIN(-1.1467126190705947) / 7.5144607992090915)))))
Generation=14 Avg Fitness=6092741.004160119 Best Fitness=38612.60524652067 Avg Size=92.49528
Best Individual: (((SIN((13.40382259831674 + 5.854938022520967)) - X2 ) + ((X1  * X1 ) - SIN(-1.338828323748631))) + ((((X2  * (-2.4601598300412246 + 2.6524635015772855)) * (16.91222526239379 + SIN(10.973213053826251))) * (X1  * COS((-2.4601598300412246 / (13.40382259831674 + (SIN(SIN(11.673605217527843)) * COS((5.8638640254243874 / -4.090845650606326)))))))) - (9.027488258312738 * X2 )))
Generation=15 Avg Fitness=1.749012240012528E8 Best Fitness=14538.54653404218 Avg Size=104.58637333333333
Best Individual: (((SIN((13.40382259831674 + 5.854938022520967)) - X2 ) + ((X1  * X1 ) - SIN(-1.338828323748631))) + ((((X2  * (-2.4601598300412246 + 2.6524635015772855)) * (16.91222526239379 + SIN(-2.4601598300412246))) * (X1  * COS((SIN(-1.1467126190705947) / (0.8667006674788693 + 10.59825889401171))))) - (7.117645225798208 * X2 )))
Generation=16 Avg Fitness=7581868.617587463 Best Fitness=6293.676444619395 Avg Size=118.55842666666666
Best Individual: (((SIN((6.727574460768103 + 5.854938022520967)) - X2 ) + ((X1  * X1 ) - SIN(-1.338828323748631))) + ((((X2  * (-2.4601598300412246 + 2.6524635015772855)) * (16.91222526239379 + SIN(10.38415224954878))) * (X1  * COS((SIN(-1.1467126190705947) / (0.8667006674788693 + 10.59825889401171))))) - (X2  * 5.854938022520967)))
Generation=17 Avg Fitness=2572088.830925729 Best Fitness=4364.184232105936 Avg Size=125.2348
Best Individual: (((SIN((13.40382259831674 + 5.854938022520967)) - (X2  * 6.181903560188983)) + ((X1  * X1 ) - SIN(-1.338828323748631))) + ((((X2  * (-2.4601598300412246 + 2.6524635015772855)) * (16.91222526239379 + SIN(10.973213053826251))) * (X1  * COS((SIN(-2.607916046052755) / (0.8667006674788693 + 10.59825889401171))))) - X2 ))
Generation=18 Avg Fitness=2132573.909546056 Best Fitness=4364.184232105936 Avg Size=133.14546666666666
Best Individual: (((SIN((13.40382259831674 + 5.854938022520967)) - (X2  * 6.181903560188983)) + ((X1  * X1 ) - SIN(-1.338828323748631))) + ((((X2  * (-2.4601598300412246 + 2.6524635015772855)) * (16.91222526239379 + SIN(10.973213053826251))) * (X1  * COS((SIN(-2.607916046052755) / (0.8667006674788693 + 10.59825889401171))))) - X2 ))
Generation=19 Avg Fitness=6714129.161336249 Best Fitness=4240.10518190463 Avg Size=154.03298666666666
Best Individual: (((SIN((6.727574460768103 + 5.854938022520967)) - X2 ) + ((X1  * X1 ) - SIN(-1.338828323748631))) + ((((X2  * (-2.4601598300412246 + 2.6524635015772855)) * (16.91222526239379 + SIN(-1.4366248160152137))) * (X1  * COS((SIN(-1.1467126190705947) / (0.8667006674788693 + 10.59825889401171))))) - (X2  * 5.854938022520967)))
Generation=20 Avg Fitness=1.5623007388669574E8 Best Fitness=4239.172608664854 Avg Size=186.64341333333334
Best Individual: (((10.59825889401171 - (X2  * 5.854938022520967)) + ((SIN((13.40382259831674 + 5.854938022520967)) - X2 ) + ((X1  * X1 ) - SIN(-1.338828323748631)))) + ((((X2  * (-2.4601598300412246 + 2.6524635015772855)) * (16.91222526239379 + SIN(10.973213053826251))) * (X1  * COS((SIN(-1.1467126190705947) / (0.8667006674788693 + 10.59825889401171))))) - 10.59825889401171))
Generation=21 Avg Fitness=4.959668403267056E7 Best Fitness=1850.1004607675852 Avg Size=218.07501333333335
Best Individual: (((SIN((6.727574460768103 + 5.854938022520967)) - X2 ) + ((X1  * X1 ) - SIN(-1.338828323748631))) + ((((X2  * (-2.4601598300412246 + 2.6524635015772855)) * (16.91222526239379 + SIN(10.38415224954878))) * (X1  * COS((SIN(-1.1467126190705947) / (0.8667006674788693 + -4.842863154313969))))) - (X2  * 5.854938022520967)))
Generation=22 Avg Fitness=3.7731402191951595E7 Best Fitness=1850.1004607675852 Avg Size=238.95445333333333
Best Individual: (((SIN((6.727574460768103 + 5.854938022520967)) - X2 ) + ((X1  * X1 ) - SIN(-1.338828323748631))) + ((((X2  * (-2.4601598300412246 + 2.6524635015772855)) * (16.91222526239379 + SIN(10.38415224954878))) * (X1  * COS((SIN(-1.1467126190705947) / (0.8667006674788693 + -4.842863154313969))))) - (X2  * 5.854938022520967)))
Generation=23 Avg Fitness=7508771.912517684 Best Fitness=606.3937823664083 Avg Size=247.66765333333333
Best Individual: (((SIN(((-1.1467126190705947 * X2 ) / 10.59825889401171)) - X2 ) + ((X1  * X1 ) - SIN(-1.338828323748631))) + ((((X2  * (-2.4601598300412246 + 2.6524635015772855)) * (16.91222526239379 + SIN(10.38415224954878))) * (X1  * COS((SIN(-1.1467126190705947) / (0.8667006674788693 + -4.842863154313969))))) - (X2  * 5.854938022520967)))
Generation=24 Avg Fitness=1.5980105012614057E9 Best Fitness=606.3937823664083 Avg Size=251.14965333333333
Best Individual: (((SIN(((-1.1467126190705947 * X2 ) / 10.59825889401171)) - X2 ) + ((X1  * X1 ) - SIN(-1.338828323748631))) + ((((X2  * (-2.4601598300412246 + 2.6524635015772855)) * (16.91222526239379 + SIN(10.38415224954878))) * (X1  * COS((SIN(-1.1467126190705947) / (0.8667006674788693 + -4.842863154313969))))) - (X2  * 5.854938022520967)))
Generation=25 Avg Fitness=7120179.75209321 Best Fitness=606.3937823664083 Avg Size=248.92858666666666
Best Individual: (((SIN(((-1.1467126190705947 * X2 ) / 10.59825889401171)) - X2 ) + ((X1  * X1 ) - SIN(-1.338828323748631))) + ((((X2  * (-2.4601598300412246 + 2.6524635015772855)) * (16.91222526239379 + SIN(10.38415224954878))) * (X1  * COS((SIN(-1.1467126190705947) / (0.8667006674788693 + -4.842863154313969))))) - (X2  * 5.854938022520967)))
Generation=26 Avg Fitness=2.0224026284772408E8 Best Fitness=121.27130310422784 Avg Size=257.4315466666667
Best Individual: (((X2  / -2.786676265880126) * (16.91222526239379 - COS(15.85225838548072))) + (((SIN((13.40382259831674 + 4.834590090360917)) * X2 ) + ((X1  * X1 ) - SIN(-1.338828323748631))) + (((X2  * (-2.4601598300412246 + 2.6524635015772855)) * (16.91222526239379 + SIN(10.926966802389726))) * (X1  * COS((-2.0882465095436493 / 10.59825889401171))))))
Generation=27 Avg Fitness=4.050199760487501E8 Best Fitness=121.27130310422784 Avg Size=281.38058666666666
Best Individual: (((X2  / -2.786676265880126) * (16.91222526239379 - COS(15.85225838548072))) + (((SIN((13.40382259831674 + 4.834590090360917)) * X2 ) + ((X1  * X1 ) - SIN(-1.338828323748631))) + (((X2  * (-2.4601598300412246 + 2.6524635015772855)) * (16.91222526239379 + SIN(10.926966802389726))) * (X1  * COS((-2.0882465095436493 / 10.59825889401171))))))
Generation=28 Avg Fitness=6.1392419271867455E10 Best Fitness=121.27130310422784 Avg Size=307.3828
Best Individual: (((X2  / -2.786676265880126) * (16.91222526239379 - COS(15.85225838548072))) + (((SIN((13.40382259831674 + 4.834590090360917)) * X2 ) + ((X1  * X1 ) - SIN(-1.338828323748631))) + (((X2  * (-2.4601598300412246 + 2.6524635015772855)) * (16.91222526239379 + SIN(10.926966802389726))) * (X1  * COS((-2.0882465095436493 / 10.59825889401171))))))
Generation=29 Avg Fitness=7.863511914955907E10 Best Fitness=121.27130310422784 Avg Size=338.79808
Best Individual: (((X2  / -2.786676265880126) * (16.91222526239379 - COS(15.85225838548072))) + (((SIN((13.40382259831674 + 4.834590090360917)) * X2 ) + ((X1  * X1 ) - SIN(-1.338828323748631))) + (((X2  * (-2.4601598300412246 + 2.6524635015772855)) * (16.91222526239379 + SIN(10.926966802389726))) * (X1  * COS(6.092904489511032)))))
Generation=30 Avg Fitness=6.049723069482269E10 Best Fitness=113.87820519685172 Avg Size=361.53941333333336
Best Individual: (((X2  / -2.786676265880126) * (16.91222526239379 - COS(15.85225838548072))) + (((SIN((7.117645225798208 + 4.834590090360917)) * X2 ) + ((X1  * X1 ) - SIN(-1.338828323748631))) + (((X2  * (-2.4601598300412246 + 2.6524635015772855)) * (16.91222526239379 + SIN(10.926966802389726))) * (X1  * COS(((0.9575465755565951 - COS(-3.249416887661412)) / (-1.1467126190705947 + 10.926966802389726)))))))
Generation=31 Avg Fitness=2943469.3189813816 Best Fitness=113.87820519685172 Avg Size=385.47045333333335
Best Individual: (((X2  / -2.786676265880126) * (16.91222526239379 - COS(15.85225838548072))) + (((SIN((7.117645225798208 + 4.834590090360917)) * X2 ) + ((X1  * X1 ) - SIN(-1.338828323748631))) + (((X2  * (-2.4601598300412246 + 2.6524635015772855)) * (16.91222526239379 + SIN(10.926966802389726))) * (X1  * COS(((0.9575465755565951 - COS(-3.249416887661412)) / (-1.1467126190705947 + 10.926966802389726)))))))
Generation=32 Avg Fitness=7.038477639414918E7 Best Fitness=100.34958488761995 Avg Size=403.87344
Best Individual: (((X2  / -2.786676265880126) * (16.91222526239379 - COS(15.85225838548072))) + (((SIN((13.40382259831674 + 4.834590090360917)) * X2 ) + ((X1  * X1 ) - SIN(-1.4366248160152137))) + (((X2  * (-2.4601598300412246 + 2.6524635015772855)) * (16.91222526239379 + SIN(10.926966802389726))) * (X1  * COS((-2.0882465095436493 / 10.59825889401171))))))
Generation=33 Avg Fitness=3.7565397275783956E8 Best Fitness=96.812988422907 Avg Size=406.4925333333333
Best Individual: (((X2  / -2.786676265880126) * (16.91222526239379 - COS(15.85225838548072))) + (((SIN((13.40382259831674 + 4.834590090360917)) * X2 ) + ((X1  * X1 ) - SIN(10.926966802389726))) + (((X2  * (-2.4601598300412246 + 2.6524635015772855)) * (16.91222526239379 + SIN(10.926966802389726))) * (X1  * COS((-2.0882465095436493 / 10.59825889401171))))))
Generation=34 Avg Fitness=1143442.5142801236 Best Fitness=96.812988422907 Avg Size=415.28741333333335
Best Individual: (((X2  / -2.786676265880126) * (16.91222526239379 - COS(15.85225838548072))) + (((SIN((13.40382259831674 + 4.834590090360917)) * X2 ) + ((X1  * X1 ) - SIN(10.926966802389726))) + (((X2  * (-2.4601598300412246 + 2.6524635015772855)) * (16.91222526239379 + SIN(10.926966802389726))) * (X1  * COS((-2.0882465095436493 / 10.59825889401171))))))
Generation=35 Avg Fitness=4.695291794965562E8 Best Fitness=94.03805051590068 Avg Size=429.81429333333335
Best Individual: (((X2  / -2.786676265880126) * (16.91222526239379 - COS(15.85225838548072))) + (((SIN((7.117645225798208 + 4.834590090360917)) * X2 ) + ((X1  * X1 ) - SIN(-1.338828323748631))) + (((X2  * (-2.4601598300412246 + 2.6524635015772855)) * (16.91222526239379 + SIN(4.834590090360917))) * (X1  * COS(((0.9575465755565951 - COS(-3.249416887661412)) / (-1.1467126190705947 + 10.926966802389726)))))))
Generation=36 Avg Fitness=4957997.578844922 Best Fitness=75.149029833317 Avg Size=436.68272
Best Individual: (((X2  / -2.786676265880126) * (16.91222526239379 - COS(15.85225838548072))) + (((SIN((13.40382259831674 + 4.834590090360917)) * X2 ) + ((X1  * X1 ) - SIN(4.631842358704947))) + (((X2  * (-2.4601598300412246 + 2.6524635015772855)) * (16.91222526239379 + SIN(-1.4366248160152137))) * (X1  * COS((SIN(-1.1467126190705947) / 4.8879957023198735))))))
Generation=37 Avg Fitness=897022.185723787 Best Fitness=75.149029833317 Avg Size=428.2799733333333
Best Individual: (((X2  / -2.786676265880126) * (16.91222526239379 - COS(15.85225838548072))) + (((SIN((13.40382259831674 + 4.834590090360917)) * X2 ) + ((X1  * X1 ) - SIN(4.631842358704947))) + (((X2  * (-2.4601598300412246 + 2.6524635015772855)) * (16.91222526239379 + SIN(-1.4366248160152137))) * (X1  * COS((SIN(-1.1467126190705947) / 4.8879957023198735))))))
Generation=38 Avg Fitness=1810494.3865701896 Best Fitness=75.149029833317 Avg Size=423.28730666666667
Best Individual: (((X2  / -2.786676265880126) * (16.91222526239379 - COS(15.85225838548072))) + (((SIN((13.40382259831674 + 4.834590090360917)) * X2 ) + ((X1  * X1 ) - SIN(4.631842358704947))) + (((X2  * (-2.4601598300412246 + 2.6524635015772855)) * (16.91222526239379 + SIN(-1.4366248160152137))) * (X1  * COS((SIN(-1.1467126190705947) / 4.8879957023198735))))))
Generation=39 Avg Fitness=6.578762720643422E7 Best Fitness=60.60228443094864 Avg Size=451.0618666666667
Best Individual: (((X2  / -2.786676265880126) * (16.91222526239379 - COS(15.85225838548072))) + (((SIN((7.117645225798208 + 4.834590090360917)) * X2 ) + ((X1  * X1 ) - SIN(4.631842358704947))) + (((X2  * (-2.4601598300412246 + 2.6524635015772855)) * (16.91222526239379 + SIN(4.834590090360917))) * (X1  * COS(((0.9575465755565951 - COS(-3.249416887661412)) / (-1.1467126190705947 + 10.926966802389726)))))))
PROBLEM *NOT* SOLVED
