..\data\input\1_6__-1_1.dat
-- TINY GP (Java version) --
SEED=-1
MAX_LEN=10000
POPSIZE=75000
DEPTH=5
CROSSOVER_PROB=0.9
PMUT_PER_NODE=0.05
MIN_RANDOM=-5.0
MAX_RANDOM=17.0
GENERATIONS=40
TSIZE=2
SOLVING_THRESHOLD=0.42
----------------------------------
Generation=0 Avg Fitness=1598079.06081821 Best Fitness=3256.8039561477635 Avg Size=11.01112
Best Individual: (((SIN(-3.060928798098062) / 0.9526291197570291) + (14.631314732159897 - (9.14752544869254 * X2 ))) - 12.669930034871292)
Generation=1 Avg Fitness=164819.40613993487 Best Fitness=3256.8039561477635 Avg Size=12.00296
Best Individual: (((SIN(-3.060928798098062) / 0.9526291197570291) + (14.631314732159897 - (9.14752544869254 * X2 ))) - 12.669930034871292)
Generation=2 Avg Fitness=129274.81674268184 Best Fitness=3256.8039561477635 Avg Size=13.896
Best Individual: (((SIN(-3.060928798098062) / 0.9526291197570291) + (14.631314732159897 - (9.14752544869254 * X2 ))) - 12.669930034871292)
Generation=3 Avg Fitness=53921.29318542969 Best Fitness=2506.1933333333327 Avg Size=16.782506666666666
Best Individual: (COS(COS((((10.024524124323976 - (8.515727735074021 / 4.550498661471243)) + -1.0985098554094552) * (4.744172214311323 * -2.0190360799775915)))) - (X2  / COS(4.830480803941109)))
Generation=4 Avg Fitness=21949.024883345086 Best Fitness=2388.379999999997 Avg Size=20.68448
Best Individual: (COS(COS((((10.024524124323976 - (15.437905763348272 / 4.550498661471243)) + -1.0985098554094552) * (12.302312154703174 * -2.0190360799775915)))) - (X2  / COS(1.4420792898848998)))
Generation=5 Avg Fitness=103239.25268919597 Best Fitness=2214.474000435588 Avg Size=25.01072
Best Individual: (((9.28545643921695 * ((-2.2688309385370373 * X2 ) / COS((1.4420792898848998 / (SIN(SIN(-1.0595961122257531)) + 15.537264382239819))))) + 4.550498661471243) / 2.9734331529598483)
Generation=6 Avg Fitness=63348.76985495202 Best Fitness=2073.849673585538 Avg Size=29.564373333333332
Best Individual: (((X2  * -3.7547879950497807) + SIN(-2.120417623994795)) - (-2.120417623994795 - ((-2.2688309385370373 + COS(-2.460033184291661)) * X2 )))
Generation=7 Avg Fitness=59192.740697392604 Best Fitness=2072.777142857145 Avg Size=35.04122666666667
Best Individual: (COS(COS((((-1.5560695651871348 - (10.024524124323976 - (8.515727735074021 / 4.550498661471243))) + -1.0985098554094552) * (12.302312154703174 * -2.0190360799775915)))) - (X2  / SIN(9.28545643921695)))
Generation=8 Avg Fitness=41025.40432085258 Best Fitness=2068.8571952175384 Avg Size=40.45957333333333
Best Individual: (COS(SIN(SIN((-2.495374605591219 + 2.41168023110171)))) - (X2  * 6.847217973271139))
Generation=9 Avg Fitness=46725.77373327689 Best Fitness=2052.508524527315 Avg Size=47.154853333333335
Best Individual: ((COS(1.41294769101407) - X2 ) * (9.28545643921695 - (((-2.2688309385370373 * -1.0985098554094552) - SIN(14.956779023877235)) / COS((COS(4.390963641020214) * -1.5560695651871348)))))
Generation=10 Avg Fitness=34969.508197864685 Best Fitness=2042.161656626436 Avg Size=54.0688
Best Individual: ((COS(1.41294769101407) - X2 ) * (9.28545643921695 - (12.68635084172173 / (4.830480803941109 + COS(0.41736152984643393)))))
Generation=11 Avg Fitness=15176.313130340017 Best Fitness=2012.1837594075455 Avg Size=59.56074666666667
Best Individual: (COS(SIN(SIN(((X1  / -3.8718380040083957) + X2 )))) - (X2  * 7.030278806797513))
Generation=12 Avg Fitness=12388.482991131335 Best Fitness=2012.1837594075455 Avg Size=66.02418666666667
Best Individual: (COS(SIN(SIN(((X1  / -3.8718380040083957) + X2 )))) - (X2  * 7.030278806797513))
Generation=13 Avg Fitness=42026.88252509369 Best Fitness=1414.5260589459192 Avg Size=73.91229333333334
Best Individual: ((COS(1.41294769101407) - X2 ) * (9.28545643921695 - ((11.999274558910546 - -0.03499411908581607) / (4.830480803941109 + (-2.460033184291661 * X1 )))))
Generation=14 Avg Fitness=17524.49043779123 Best Fitness=1414.5260589459192 Avg Size=82.73365333333334
Best Individual: ((COS(1.41294769101407) - X2 ) * (9.28545643921695 - ((11.999274558910546 - -0.03499411908581607) / (4.830480803941109 + (-2.460033184291661 * X1 )))))
Generation=15 Avg Fitness=21335.966959092486 Best Fitness=1414.5260589459192 Avg Size=90.9888
Best Individual: ((COS(1.41294769101407) - X2 ) * (9.28545643921695 - ((11.999274558910546 - -0.03499411908581607) / (4.830480803941109 + (-2.460033184291661 * X1 )))))
Generation=16 Avg Fitness=14325.146100433589 Best Fitness=1374.6283004306417 Avg Size=99.46205333333333
Best Individual: ((COS(1.41294769101407) - X2 ) * (9.28545643921695 - ((11.368519699321801 - -0.03499411908581607) / (4.830480803941109 + (-2.460033184291661 * X1 )))))
Generation=17 Avg Fitness=39307.961443719665 Best Fitness=776.6275254396368 Avg Size=105.18402666666667
Best Individual: ((COS(1.41294769101407) - X2 ) * (9.28545643921695 - (SIN((((15.652141546176189 - -0.7920176116776902) - X1 ) * -1.0985098554094552)) / SIN(SIN(-3.413724555553129)))))
Generation=18 Avg Fitness=1355682.7701300245 Best Fitness=776.6275254396368 Avg Size=110.01904
Best Individual: ((COS(1.41294769101407) - X2 ) * (9.28545643921695 - (SIN((((15.652141546176189 - -0.7920176116776902) - X1 ) * -1.0985098554094552)) / SIN(SIN(-3.413724555553129)))))
Generation=19 Avg Fitness=57208.7830052545 Best Fitness=776.6275254396368 Avg Size=108.10312
Best Individual: ((COS(1.41294769101407) - X2 ) * (9.28545643921695 - (SIN((((15.652141546176189 - -0.7920176116776902) - X1 ) * -1.0985098554094552)) / SIN(SIN(-3.413724555553129)))))
Generation=20 Avg Fitness=18227.908880541723 Best Fitness=776.6275254396368 Avg Size=107.09797333333333
Best Individual: ((COS(1.41294769101407) - X2 ) * (9.28545643921695 - (SIN((((15.652141546176189 - -0.7920176116776902) - X1 ) * -1.0985098554094552)) / SIN(SIN(-3.413724555553129)))))
Generation=21 Avg Fitness=533561.108587841 Best Fitness=776.6275254396368 Avg Size=109.61568
Best Individual: ((COS(1.41294769101407) - X2 ) * (9.28545643921695 - (SIN((((15.652141546176189 - -0.7920176116776902) - X1 ) * -1.0985098554094552)) / SIN(SIN(-3.413724555553129)))))
Generation=22 Avg Fitness=73860.3884926654 Best Fitness=776.6275254396368 Avg Size=111.57933333333334
Best Individual: ((COS(1.41294769101407) - X2 ) * (9.28545643921695 - (SIN((((15.652141546176189 - -0.7920176116776902) - X1 ) * -1.0985098554094552)) / SIN(SIN(-3.413724555553129)))))
Generation=23 Avg Fitness=13738.234533017869 Best Fitness=750.2976538997201 Avg Size=118.83506666666666
Best Individual: ((COS(1.41294769101407) - X2 ) * (9.28545643921695 - (SIN((((15.652141546176189 - -0.7920176116776902) - X1 ) * -1.0985098554094552)) / (SIN(-3.413724555553129) * 1.0784523471329157))))
Generation=24 Avg Fitness=10429.296353647458 Best Fitness=748.7638134491831 Avg Size=132.44346666666667
Best Individual: ((COS(1.41294769101407) - X2 ) * (9.28545643921695 - (SIN((((15.652141546176189 - -0.7920176116776902) - X1 ) * -1.0985098554094552)) / SIN(0.29825143061285253))))
Generation=25 Avg Fitness=17602.626711300836 Best Fitness=748.7638134491831 Avg Size=144.56773333333334
Best Individual: ((COS(1.41294769101407) - X2 ) * (9.28545643921695 - (SIN((((15.652141546176189 - -0.7920176116776902) - X1 ) * -1.0985098554094552)) / SIN(0.29825143061285253))))
Generation=26 Avg Fitness=43314.41165740092 Best Fitness=748.704141078506 Avg Size=153.49856
Best Individual: ((COS(1.41294769101407) - X2 ) * (9.28545643921695 - (SIN((((15.652141546176189 - -0.7920176116776902) - X1 ) * -1.0985098554094552)) / SIN((11.75392458011591 + (11.75392458011591 / (10.833980382705608 + ((X2  - COS(1.4420792898848998)) / 9.018984503538173))))))))
Generation=27 Avg Fitness=57683.273182914934 Best Fitness=742.9066864924475 Avg Size=159.88485333333333
Best Individual: ((COS(1.41294769101407) - X2 ) * (9.222216252275388 - (SIN((((15.652141546176189 - -0.7920176116776902) - X1 ) * -1.0985098554094552)) / (SIN(-3.413724555553129) * 1.0784523471329157))))
Generation=28 Avg Fitness=12371.529726807272 Best Fitness=742.9066864924475 Avg Size=162.86773333333332
Best Individual: ((COS(1.41294769101407) - X2 ) * (9.222216252275388 - (SIN((((15.652141546176189 - -0.7920176116776902) - X1 ) * -1.0985098554094552)) / (SIN(-3.413724555553129) * 1.0784523471329157))))
Generation=29 Avg Fitness=4535.461752886814 Best Fitness=742.9066864924475 Avg Size=162.34290666666666
Best Individual: ((COS(1.41294769101407) - X2 ) * (9.222216252275388 - (SIN((((15.652141546176189 - -0.7920176116776902) - X1 ) * -1.0985098554094552)) / (SIN(-3.413724555553129) * 1.0784523471329157))))
Generation=30 Avg Fitness=7023.002806217559 Best Fitness=742.9066864924475 Avg Size=164.53381333333334
Best Individual: ((COS(1.41294769101407) - X2 ) * (9.222216252275388 - (SIN((((15.652141546176189 - -0.7920176116776902) - X1 ) * -1.0985098554094552)) / (SIN(-3.413724555553129) * 1.0784523471329157))))
Generation=31 Avg Fitness=4840.485493080908 Best Fitness=742.9066864924475 Avg Size=169.32330666666667
Best Individual: ((COS(1.41294769101407) - X2 ) * (9.222216252275388 - (SIN((((15.652141546176189 - -0.7920176116776902) - X1 ) * -1.0985098554094552)) / (SIN(-3.413724555553129) * 1.0784523471329157))))
Generation=32 Avg Fitness=4805.005442841183 Best Fitness=734.8838403547578 Avg Size=172.15626666666665
Best Individual: ((COS(1.41294769101407) - X2 ) * (9.28545643921695 - (SIN((((15.652141546176189 - -0.7920176116776902) - X1 ) * -1.0985098554094552)) / SIN((11.75392458011591 + (11.75392458011591 / (10.833980382705608 + ((X2  - COS((X1  - 11.75392458011591))) / 9.018984503538173))))))))
Generation=33 Avg Fitness=5182.654430199819 Best Fitness=734.8838403547578 Avg Size=173.29544
Best Individual: ((COS(1.41294769101407) - X2 ) * (9.28545643921695 - (SIN((((15.652141546176189 - -0.7920176116776902) - X1 ) * -1.0985098554094552)) / SIN((11.75392458011591 + (11.75392458011591 / (10.833980382705608 + ((X2  - COS((X1  - 11.75392458011591))) / 9.018984503538173))))))))
Generation=34 Avg Fitness=4278.270795248758 Best Fitness=723.2064451619815 Avg Size=178.70752
Best Individual: ((COS(1.41294769101407) - X2 ) * (9.28545643921695 - (SIN((((15.652141546176189 - -0.7920176116776902) - X1 ) * -1.0985098554094552)) / SIN((11.75392458011591 + (11.75392458011591 / (10.833980382705608 + ((X2  - COS(((15.652141546176189 - (-1.5560695651871348 + -0.4512608907835114)) - X1 ))) / (4.830480803941109 + (-2.460033184291661 / (13.403460523315072 + 13.403460523315072)))))))))))
Generation=35 Avg Fitness=8743.93755888367 Best Fitness=723.2064451619815 Avg Size=187.6524
Best Individual: ((COS(1.41294769101407) - X2 ) * (9.28545643921695 - (SIN((((15.652141546176189 - -0.7920176116776902) - X1 ) * -1.0985098554094552)) / SIN((11.75392458011591 + (11.75392458011591 / (10.833980382705608 + ((X2  - COS(((15.652141546176189 - (-1.5560695651871348 + -0.4512608907835114)) - X1 ))) / (4.830480803941109 + (-2.460033184291661 / (13.403460523315072 + 13.403460523315072)))))))))))
Generation=36 Avg Fitness=6313.5643270205965 Best Fitness=723.2064451619815 Avg Size=197.41496
Best Individual: ((COS(1.41294769101407) - X2 ) * (9.28545643921695 - (SIN((((15.652141546176189 - -0.7920176116776902) - X1 ) * -1.0985098554094552)) / SIN((11.75392458011591 + (11.75392458011591 / (10.833980382705608 + ((X2  - COS(((15.652141546176189 - (-1.5560695651871348 + -0.4512608907835114)) - X1 ))) / (4.830480803941109 + (-2.460033184291661 / (13.403460523315072 + 13.403460523315072)))))))))))
Generation=37 Avg Fitness=123818.42070138532 Best Fitness=723.2064451619815 Avg Size=203.10682666666668
Best Individual: ((COS(1.41294769101407) - X2 ) * (9.28545643921695 - (SIN((((15.652141546176189 - -0.7920176116776902) - X1 ) * -1.0985098554094552)) / SIN((11.75392458011591 + (11.75392458011591 / (10.833980382705608 + ((X2  - COS(((15.652141546176189 - (-1.5560695651871348 + -0.4512608907835114)) - X1 ))) / (4.830480803941109 + (-2.460033184291661 / (13.403460523315072 + 13.403460523315072)))))))))))
Generation=38 Avg Fitness=41459.21016514765 Best Fitness=723.2064451619815 Avg Size=197.58149333333333
Best Individual: ((COS(1.41294769101407) - X2 ) * (9.28545643921695 - (SIN((((15.652141546176189 - -0.7920176116776902) - X1 ) * -1.0985098554094552)) / SIN((11.75392458011591 + (11.75392458011591 / (10.833980382705608 + ((X2  - COS(((15.652141546176189 - (-1.5560695651871348 + -0.4512608907835114)) - X1 ))) / (4.830480803941109 + (-2.460033184291661 / (13.403460523315072 + 13.403460523315072)))))))))))
Generation=39 Avg Fitness=14201.919314196319 Best Fitness=707.5049311379786 Avg Size=196.46512
Best Individual: ((COS(1.41294769101407) - X2 ) * (9.28545643921695 - (SIN((((15.652141546176189 - -0.7920176116776902) - X1 ) * -1.0985098554094552)) / SIN((11.75392458011591 + (11.75392458011591 / (10.833980382705608 + ((X2  - COS(((15.652141546176189 - (-1.5560695651871348 + -0.4512608907835114)) - (11.75392458011591 - (SIN((((-3.413724555553129 - -0.7920176116776902) - X1 ) * -1.0985098554094552)) / SIN(0.29825143061285253)))))) / 5.872804282333565))))))))
PROBLEM *NOT* SOLVED
