..\data\input\2_2__0_3.14.dat
-- TINY GP (Java version) --
SEED=-1
MAX_LEN=10000
POPSIZE=75000
DEPTH=5
CROSSOVER_PROB=0.9
PMUT_PER_NODE=0.05
MIN_RANDOM=-5.0
MAX_RANDOM=6.0
GENERATIONS=40
TSIZE=2
SOLVING_THRESHOLD=0.6594
----------------------------------
Generation=0 Avg Fitness=294839.6768984748 Best Fitness=1055.9599999999975 Avg Size=11.00592
Best Individual: COS((X1  * 4.18958169191079))
Generation=1 Avg Fitness=144065.47297568485 Best Fitness=1055.9599999999975 Avg Size=11.96264
Best Individual: COS((X1  * 4.18958169191079))
Generation=2 Avg Fitness=16740.87710736699 Best Fitness=869.006014759495 Avg Size=13.857653333333333
Best Individual: (-2.7350180948734533 / (0.03366654170859906 - (-3.723962010152472 - ((4.18958169191079 * X1 ) - (2.952451236736268 - -2.000901515865495)))))
Generation=3 Avg Fitness=130960.65386410442 Best Fitness=869.006014759495 Avg Size=16.583146666666668
Best Individual: (-2.7350180948734533 / (0.03366654170859906 - (-3.723962010152472 - ((4.18958169191079 * X1 ) - (2.952451236736268 - -2.000901515865495)))))
Generation=4 Avg Fitness=1.7901505660806734E7 Best Fitness=825.6629014981313 Avg Size=20.214373333333334
Best Individual: (-2.5871581881532184 / (0.03366654170859906 - (-3.723962010152472 - ((4.18958169191079 * X1 ) - (2.952451236736268 - -2.000901515865495)))))
Generation=5 Avg Fitness=86997.36517085443 Best Fitness=825.6629014981313 Avg Size=24.937546666666666
Best Individual: (-2.5871581881532184 / (0.03366654170859906 - (-3.723962010152472 - ((4.18958169191079 * X1 ) - (2.952451236736268 - -2.000901515865495)))))
Generation=6 Avg Fitness=34700.79146981507 Best Fitness=825.6629014981313 Avg Size=31.200426666666665
Best Individual: (-2.5871581881532184 / (0.03366654170859906 - (-3.723962010152472 - ((4.18958169191079 * X1 ) - (2.952451236736268 - -2.000901515865495)))))
Generation=7 Avg Fitness=3996.488305296697 Best Fitness=825.6629014981313 Avg Size=37.53202666666667
Best Individual: (-2.5871581881532184 / (0.03366654170859906 - (-3.723962010152472 - ((4.18958169191079 * X1 ) - (2.952451236736268 - -2.000901515865495)))))
Generation=8 Avg Fitness=3.064469184002819E7 Best Fitness=825.6629014981313 Avg Size=42.15946666666667
Best Individual: (-2.5871581881532184 / (0.03366654170859906 - (-3.723962010152472 - ((4.18958169191079 * X1 ) - (2.952451236736268 - -2.000901515865495)))))
Generation=9 Avg Fitness=9265.228930940451 Best Fitness=825.6629014981313 Avg Size=43.19352
Best Individual: (-2.5871581881532184 / (0.03366654170859906 - (-3.723962010152472 - ((4.18958169191079 * X1 ) - (2.952451236736268 - -2.000901515865495)))))
Generation=10 Avg Fitness=7270.6444731835745 Best Fitness=825.6629014981313 Avg Size=42.28858666666667
Best Individual: (-2.5871581881532184 / (0.03366654170859906 - (-3.723962010152472 - ((4.18958169191079 * X1 ) - (2.952451236736268 - -2.000901515865495)))))
Generation=11 Avg Fitness=11021.89803006351 Best Fitness=825.6629014981313 Avg Size=44.74
Best Individual: (-2.5871581881532184 / (0.03366654170859906 - (-3.723962010152472 - ((4.18958169191079 * X1 ) - (2.952451236736268 - -2.000901515865495)))))
Generation=12 Avg Fitness=3108.0355570237753 Best Fitness=825.6629014981313 Avg Size=52.88634666666667
Best Individual: (-2.5871581881532184 / (0.03366654170859906 - (-3.723962010152472 - ((4.18958169191079 * X1 ) - (2.952451236736268 - -2.000901515865495)))))
Generation=13 Avg Fitness=5758.782259773314 Best Fitness=825.6629014981313 Avg Size=64.94274666666666
Best Individual: (-2.5871581881532184 / (0.03366654170859906 - (-3.723962010152472 - ((4.18958169191079 * X1 ) - (2.952451236736268 - -2.000901515865495)))))
Generation=14 Avg Fitness=1151.7670899515695 Best Fitness=825.6629014981313 Avg Size=77.25008
Best Individual: (-2.5871581881532184 / (0.03366654170859906 - (-3.723962010152472 - ((4.18958169191079 * X1 ) - (2.952451236736268 - -2.000901515865495)))))
Generation=15 Avg Fitness=4598.363874446793 Best Fitness=825.6629014981313 Avg Size=88.3848
Best Individual: (-2.5871581881532184 / (0.03366654170859906 - (-3.723962010152472 - ((4.18958169191079 * X1 ) - (2.952451236736268 - -2.000901515865495)))))
Generation=16 Avg Fitness=5198.731184289107 Best Fitness=787.7320646210381 Avg Size=98.63768
Best Individual: (-1.5687560342929499 / (0.03366654170859906 - (-3.723962010152472 - ((4.18958169191079 * X1 ) - (2.952451236736268 - -2.000901515865495)))))
Generation=17 Avg Fitness=1136.8935749104062 Best Fitness=787.7320646210381 Avg Size=112.29090666666667
Best Individual: (-1.5687560342929499 / (0.03366654170859906 - (-3.723962010152472 - ((4.18958169191079 * X1 ) - (2.952451236736268 - -2.000901515865495)))))
Generation=18 Avg Fitness=3626.1221398792204 Best Fitness=681.5425643295794 Avg Size=140.81288
Best Individual: (-2.0937502700706387 / (0.03366654170859906 - (-3.723962010152472 - ((4.18958169191079 * X1 ) - (2.952451236736268 - -2.000901515865495)))))
Generation=19 Avg Fitness=26319.758903546393 Best Fitness=681.5425643295794 Avg Size=197.62584
Best Individual: (-2.0937502700706387 / (0.03366654170859906 - (-3.723962010152472 - ((4.18958169191079 * X1 ) - (2.952451236736268 - -2.000901515865495)))))
Generation=20 Avg Fitness=8671.16328461114 Best Fitness=681.5425643295794 Avg Size=243.97816
Best Individual: (-2.0937502700706387 / (0.03366654170859906 - (-3.723962010152472 - ((4.18958169191079 * X1 ) - (2.952451236736268 - -2.000901515865495)))))
Generation=21 Avg Fitness=10645.492517284096 Best Fitness=681.5425643295794 Avg Size=250.34277333333333
Best Individual: (-2.0937502700706387 / (0.03366654170859906 - (-3.723962010152472 - ((4.18958169191079 * X1 ) - (2.952451236736268 - -2.000901515865495)))))
Generation=22 Avg Fitness=2620.4437985512614 Best Fitness=681.5425643295794 Avg Size=232.30416
Best Individual: (-2.0937502700706387 / (0.03366654170859906 - (-3.723962010152472 - ((4.18958169191079 * X1 ) - (2.952451236736268 - -2.000901515865495)))))
Generation=23 Avg Fitness=2227.7466908443207 Best Fitness=681.5425643295794 Avg Size=215.13912
Best Individual: (-2.0937502700706387 / (0.03366654170859906 - (-3.723962010152472 - ((4.18958169191079 * X1 ) - (2.952451236736268 - -2.000901515865495)))))
Generation=24 Avg Fitness=2321.0736131753047 Best Fitness=681.5425643295794 Avg Size=215.22690666666668
Best Individual: (-2.0937502700706387 / (0.03366654170859906 - (-3.723962010152472 - ((4.18958169191079 * X1 ) - (2.952451236736268 - -2.000901515865495)))))
Generation=25 Avg Fitness=1445.0556805231126 Best Fitness=681.5425643295794 Avg Size=225.42381333333333
Best Individual: (-2.0937502700706387 / (0.03366654170859906 - (-3.723962010152472 - ((4.18958169191079 * X1 ) - (2.952451236736268 - -2.000901515865495)))))
Generation=26 Avg Fitness=1187.101785456826 Best Fitness=681.5425643295794 Avg Size=245.73509333333334
Best Individual: (-2.0937502700706387 / (0.03366654170859906 - (-3.723962010152472 - ((4.18958169191079 * X1 ) - (2.952451236736268 - -2.000901515865495)))))
Generation=27 Avg Fitness=1139.7939323671633 Best Fitness=681.5425643295794 Avg Size=301.00794666666667
Best Individual: (-2.0937502700706387 / (0.03366654170859906 - (-3.723962010152472 - ((4.18958169191079 * X1 ) - (2.952451236736268 - -2.000901515865495)))))
Generation=28 Avg Fitness=1163.1741720421383 Best Fitness=681.5425643295794 Avg Size=377.13368
Best Individual: (-2.0937502700706387 / (0.03366654170859906 - (-3.723962010152472 - ((4.18958169191079 * X1 ) - (2.952451236736268 - -2.000901515865495)))))
Generation=29 Avg Fitness=1077.8093700034262 Best Fitness=681.5425643295794 Avg Size=428.42277333333334
Best Individual: (-2.0937502700706387 / (0.03366654170859906 - (-3.723962010152472 - ((4.18958169191079 * X1 ) - (2.952451236736268 - -2.000901515865495)))))
Generation=30 Avg Fitness=1085.3986869283995 Best Fitness=681.5425643295794 Avg Size=469.71794666666665
Best Individual: (-2.0937502700706387 / (0.03366654170859906 - (-3.723962010152472 - ((4.18958169191079 * X1 ) - (2.952451236736268 - -2.000901515865495)))))
Generation=31 Avg Fitness=1100.636326200304 Best Fitness=681.5425643295794 Avg Size=465.62965333333335
Best Individual: (-2.0937502700706387 / (0.03366654170859906 - (-3.723962010152472 - ((4.18958169191079 * X1 ) - (2.952451236736268 - -2.000901515865495)))))
Generation=32 Avg Fitness=1120.929092941056 Best Fitness=681.5425643295794 Avg Size=429.61752
Best Individual: (-2.0937502700706387 / (0.03366654170859906 - (-3.723962010152472 - ((4.18958169191079 * X1 ) - (2.952451236736268 - -2.000901515865495)))))
Generation=33 Avg Fitness=13774.48717641022 Best Fitness=681.5425643295794 Avg Size=412.42317333333335
Best Individual: (-2.0937502700706387 / (0.03366654170859906 - (-3.723962010152472 - ((4.18958169191079 * X1 ) - (2.952451236736268 - -2.000901515865495)))))
Generation=34 Avg Fitness=4268.698806838306 Best Fitness=681.5425643295794 Avg Size=425.37733333333335
Best Individual: (-2.0937502700706387 / (0.03366654170859906 - (-3.723962010152472 - ((4.18958169191079 * X1 ) - (2.952451236736268 - -2.000901515865495)))))
Generation=35 Avg Fitness=3062.927232178983 Best Fitness=681.5425643295794 Avg Size=475.66858666666667
Best Individual: (-2.0937502700706387 / (0.03366654170859906 - (-3.723962010152472 - ((4.18958169191079 * X1 ) - (2.952451236736268 - -2.000901515865495)))))
Generation=36 Avg Fitness=3772.7842719475843 Best Fitness=681.5425643295794 Avg Size=525.60584
Best Individual: (-2.0937502700706387 / (0.03366654170859906 - (-3.723962010152472 - ((4.18958169191079 * X1 ) - (2.952451236736268 - -2.000901515865495)))))
Generation=37 Avg Fitness=2357.437636287498 Best Fitness=681.5425643295794 Avg Size=535.7712533333333
Best Individual: (-2.0937502700706387 / (0.03366654170859906 - (-3.723962010152472 - ((4.18958169191079 * X1 ) - (2.952451236736268 - -2.000901515865495)))))
Generation=38 Avg Fitness=12200.03007675779 Best Fitness=681.5425643295794 Avg Size=522.6000266666666
Best Individual: (-2.0937502700706387 / (0.03366654170859906 - (-3.723962010152472 - ((4.18958169191079 * X1 ) - (2.952451236736268 - -2.000901515865495)))))
Generation=39 Avg Fitness=10521.137107022281 Best Fitness=681.5425643295794 Avg Size=553.7321866666666
Best Individual: (-2.0937502700706387 / (0.03366654170859906 - (-3.723962010152472 - ((4.18958169191079 * X1 ) - (2.952451236736268 - -2.000901515865495)))))
PROBLEM *NOT* SOLVED
