..\data\input\1_8__-1.27_0.27.dat
-- TINY GP (Java version) --
SEED=-1
MAX_LEN=10000
POPSIZE=75000
DEPTH=5
CROSSOVER_PROB=0.9
PMUT_PER_NODE=0.05
MIN_RANDOM=-5.0
MAX_RANDOM=6.0
GENERATIONS=40
TSIZE=2
SOLVING_THRESHOLD=0.3234
----------------------------------
Generation=0 Avg Fitness=67034.15321610968 Best Fitness=231.62710334839164 Avg Size=10.986586666666666
Best Individual: ((COS(-0.36713617759331907) + (-1.4090298223345297 - X1 )) / -0.3356590051839481)
Generation=1 Avg Fitness=53974.68809242687 Best Fitness=231.62710334839164 Avg Size=12.14848
Best Individual: ((COS(-0.36713617759331907) + (-1.4090298223345297 - X1 )) / -0.3356590051839481)
Generation=2 Avg Fitness=5120.382158478099 Best Fitness=231.62710334839164 Avg Size=14.58432
Best Individual: ((COS(-0.36713617759331907) + (-1.4090298223345297 - X1 )) / -0.3356590051839481)
Generation=3 Avg Fitness=18180.032180472877 Best Fitness=231.62710334839164 Avg Size=17.59144
Best Individual: ((COS(-0.36713617759331907) + (-1.4090298223345297 - X1 )) / -0.3356590051839481)
Generation=4 Avg Fitness=36883.08195259087 Best Fitness=229.18806737026944 Avg Size=20.68352
Best Individual: ((X1  + COS(SIN(((-4.309775170125472 * 2.323272444660703) / (-2.5086966865082054 / ((-0.3356590051839481 * -4.560952682597174) + 2.783163470744922)))))) * ((COS(4.55233995280739) * ((-1.4738885789093406 / SIN(5.240616589159869)) * 1.51169469368255)) + 3.951619301813274))
Generation=5 Avg Fitness=1527.4255469276152 Best Fitness=227.484496169609 Avg Size=24.526933333333332
Best Individual: (-1.9682885960357681 + (((COS(-2.498429979780628) - X1 ) * -3.43812192567057) + SIN((-4.812611012669215 / -3.85875167747258))))
Generation=6 Avg Fitness=2115.1366477608285 Best Fitness=227.484496169609 Avg Size=29.506853333333332
Best Individual: (-1.9682885960357681 + (((COS(-2.498429979780628) - X1 ) * -3.43812192567057) + SIN((-4.812611012669215 / -3.85875167747258))))
Generation=7 Avg Fitness=3249222.2495859624 Best Fitness=212.23354740877156 Avg Size=34.37114666666667
Best Individual: ((COS((-2.296558341135558 + SIN(3.048836301539888))) - X1 ) / COS(((SIN(SIN(SIN(SIN(3.916799977895831)))) + X1 ) - 1.316505206762228)))
Generation=8 Avg Fitness=1048485.9938854881 Best Fitness=212.23354740877156 Avg Size=40.542213333333336
Best Individual: ((COS((-2.296558341135558 + SIN(3.048836301539888))) - X1 ) / COS(((SIN(SIN(SIN(SIN(3.916799977895831)))) + X1 ) - 1.316505206762228)))
Generation=9 Avg Fitness=1682901.6019833195 Best Fitness=212.23354740877156 Avg Size=46.30936
Best Individual: ((COS((-2.296558341135558 + SIN(3.048836301539888))) - X1 ) / COS(((SIN(SIN(SIN(SIN(3.916799977895831)))) + X1 ) - 1.316505206762228)))
Generation=10 Avg Fitness=2284947.686912659 Best Fitness=201.53135941516425 Avg Size=52.57541333333333
Best Individual: ((X1  + COS(COS(SIN(((-3.43812192567057 - (2.5469833337319807 - 5.58982389853198)) - -0.16807454270744238))))) * (3.048836301539888 / COS(SIN((((((X1  * (5.238396412028846 / 3.188282966055807)) + 2.5058563683323634) - COS(COS(SIN(((((3.916799977895831 + COS(COS(SIN(X1 )))) * 2.8088356466225166) + (X1  - -2.619361321969061)) / COS((SIN((-3.5205577870622164 - SIN((2.2340249289624374 / -0.16807454270744238)))) + (3.916799977895831 / 0.47691962579653424)))))))) + -1.18988536970588) * (-0.36713617759331907 * -2.498429979780628))))))
Generation=11 Avg Fitness=1244139.0745649992 Best Fitness=193.74892214005925 Avg Size=64.62234666666667
Best Individual: ((COS((-2.296558341135558 + SIN(-3.43812192567057))) - X1 ) / COS(((SIN(SIN(SIN(SIN(3.916799977895831)))) + X1 ) - 1.316505206762228)))
Generation=12 Avg Fitness=2681401.812883363 Best Fitness=185.9335154791138 Avg Size=80.16061333333333
Best Individual: ((X1  + COS(SIN(((-4.309775170125472 * 2.323272444660703) / (-2.5086966865082054 / ((-0.3356590051839481 * -4.560952682597174) + 2.783163470744922)))))) * ((-3.5205577870622164 * COS(((X1  + COS(COS(SIN(((-3.43812192567057 - (2.5469833337319807 - 5.58982389853198)) - -0.16807454270744238))))) * 2.8088356466225166))) + (3.916799977895831 - SIN(4.685430059205807))))
Generation=13 Avg Fitness=1931496.4332308813 Best Fitness=185.9335154791138 Avg Size=91.13357333333333
Best Individual: ((X1  + COS(SIN(((-4.309775170125472 * 2.323272444660703) / (-2.5086966865082054 / ((-0.3356590051839481 * -4.560952682597174) + 2.783163470744922)))))) * ((-3.5205577870622164 * COS(((X1  + COS(COS(SIN(((-3.43812192567057 - (2.5469833337319807 - 5.58982389853198)) - -0.16807454270744238))))) * 2.8088356466225166))) + (3.916799977895831 - SIN(4.685430059205807))))
Generation=14 Avg Fitness=2775.522022874362 Best Fitness=172.76090026181257 Avg Size=104.40245333333333
Best Individual: ((X1  + COS(SIN(((-4.309775170125472 * 2.323272444660703) / (-2.5086966865082054 / ((-0.3356590051839481 * -4.560952682597174) + 2.783163470744922)))))) * ((-3.5205577870622164 * COS(((X1  + COS(COS(SIN(((-3.43812192567057 - (2.5469833337319807 - 5.58982389853198)) - -0.16807454270744238))))) * 2.8088356466225166))) + (3.916799977895831 - X1 )))
Generation=15 Avg Fitness=297494.61480065173 Best Fitness=145.18044618050737 Avg Size=122.4836
Best Individual: ((X1  + COS(COS(SIN(((-3.43812192567057 - (2.5469833337319807 - 5.58982389853198)) - -0.16807454270744238))))) * (3.048836301539888 / COS((((((X1  * (5.238396412028846 / 3.188282966055807)) + 2.5058563683323634) - COS(COS(SIN(((((3.916799977895831 + COS(COS(SIN(X1 )))) * 2.8088356466225166) + (X1  - -2.619361321969061)) / COS((SIN((-3.5205577870622164 - SIN((2.2340249289624374 / -0.16807454270744238)))) + (3.916799977895831 / 0.47691962579653424)))))))) + -1.18988536970588) * (-0.36713617759331907 * -2.498429979780628)))))
Generation=16 Avg Fitness=1585215.8823868278 Best Fitness=117.22133475123846 Avg Size=144.99416
Best Individual: ((COS((-2.296558341135558 + SIN(3.048836301539888))) - X1 ) / COS(((SIN(SIN((-2.5086966865082054 / ((-0.3356590051839481 * -4.560952682597174) + 2.783163470744922)))) + (X1  + X1 )) - (5.23740500523262 * COS(3.6248144098566293)))))
Generation=17 Avg Fitness=4359.276168945801 Best Fitness=117.22133475123846 Avg Size=161.13853333333333
Best Individual: ((COS((-2.296558341135558 + SIN(3.048836301539888))) - X1 ) / COS(((SIN(SIN((-2.5086966865082054 / ((-0.3356590051839481 * -4.560952682597174) + 2.783163470744922)))) + (X1  + X1 )) - (5.23740500523262 * COS(3.6248144098566293)))))
Generation=18 Avg Fitness=297478.68465951714 Best Fitness=117.22133475123846 Avg Size=171.52154666666667
Best Individual: ((COS((-2.296558341135558 + SIN(3.048836301539888))) - X1 ) / COS(((SIN(SIN((-2.5086966865082054 / ((-0.3356590051839481 * -4.560952682597174) + 2.783163470744922)))) + (X1  + X1 )) - (5.23740500523262 * COS(3.6248144098566293)))))
Generation=19 Avg Fitness=436197.4563966408 Best Fitness=117.22133475123846 Avg Size=191.10869333333332
Best Individual: ((COS((-2.296558341135558 + SIN(3.048836301539888))) - X1 ) / COS(((SIN(SIN((-2.5086966865082054 / ((-0.3356590051839481 * -4.560952682597174) + 2.783163470744922)))) + (X1  + X1 )) - (5.23740500523262 * COS(3.6248144098566293)))))
Generation=20 Avg Fitness=1348573.2836770262 Best Fitness=117.22133475123846 Avg Size=214.26
Best Individual: ((COS((-2.296558341135558 + SIN(3.048836301539888))) - X1 ) / COS(((SIN(SIN((-2.5086966865082054 / ((-0.3356590051839481 * -4.560952682597174) + 2.783163470744922)))) + (X1  + X1 )) - (5.23740500523262 * COS(3.6248144098566293)))))
Generation=21 Avg Fitness=2467.0061795427896 Best Fitness=117.22133475123846 Avg Size=244.78530666666666
Best Individual: ((COS((-2.296558341135558 + SIN(3.048836301539888))) - X1 ) / COS(((SIN(SIN((-2.5086966865082054 / ((-0.3356590051839481 * -4.560952682597174) + 2.783163470744922)))) + (X1  + X1 )) - (5.23740500523262 * COS(3.6248144098566293)))))
Generation=22 Avg Fitness=577119.5085267078 Best Fitness=114.56535410932253 Avg Size=287.08309333333335
Best Individual: (((COS((-2.11255574568481 + SIN(3.048836301539888))) - X1 ) / COS(((SIN(SIN(SIN(SIN(3.916799977895831)))) + X1 ) - 1.316505206762228))) / COS((SIN(X1 ) * ((COS((-3.8542772047234797 / 0.7030617120724063)) + SIN(COS(SIN(2.4067009946648543)))) / COS(2.8088356466225166)))))
Generation=23 Avg Fitness=353161.53638685663 Best Fitness=106.12485431883584 Avg Size=341.68869333333333
Best Individual: (((COS((-2.11255574568481 + SIN(3.048836301539888))) - X1 ) / COS(((SIN(SIN(SIN(SIN(3.916799977895831)))) + X1 ) - 1.316505206762228))) / COS((SIN(X1 ) * (-1.4738885789093406 / COS(SIN((((5.58982389853198 / (-0.36713617759331907 + 3.794504780188497)) + ((-0.3356590051839481 * -4.560952682597174) + 2.783163470744922)) * 0.47691962579653424)))))))
Generation=24 Avg Fitness=579463.2720511073 Best Fitness=106.12485431883584 Avg Size=374.21064
Best Individual: (((COS((-2.11255574568481 + SIN(3.048836301539888))) - X1 ) / COS(((SIN(SIN(SIN(SIN(3.916799977895831)))) + X1 ) - 1.316505206762228))) / COS((SIN(X1 ) * (-1.4738885789093406 / COS(SIN((((5.58982389853198 / (-0.36713617759331907 + 3.794504780188497)) + ((-0.3356590051839481 * -4.560952682597174) + 2.783163470744922)) * 0.47691962579653424)))))))
Generation=25 Avg Fitness=373610.6372390193 Best Fitness=106.12485431883584 Avg Size=377.4589066666667
Best Individual: (((COS((-2.11255574568481 + SIN(3.048836301539888))) - X1 ) / COS(((SIN(SIN(SIN(SIN(3.916799977895831)))) + X1 ) - 1.316505206762228))) / COS((SIN(X1 ) * (-1.4738885789093406 / COS(SIN((((5.58982389853198 / (-0.36713617759331907 + 3.794504780188497)) + ((-0.3356590051839481 * -4.560952682597174) + 2.783163470744922)) * 0.47691962579653424)))))))
Generation=26 Avg Fitness=397020.414230236 Best Fitness=56.26791050740884 Avg Size=366.45829333333336
Best Individual: (((COS((-2.11255574568481 + SIN(3.048836301539888))) - X1 ) / COS(((SIN(SIN(SIN(SIN(3.916799977895831)))) + X1 ) - 1.316505206762228))) / COS(((X1  * -1.4090298223345297) * 0.8568729152383385)))
Generation=27 Avg Fitness=2140991.155755118 Best Fitness=52.397944794957 Avg Size=371.86013333333335
Best Individual: (((COS((-2.11255574568481 + SIN(3.048836301539888))) - X1 ) / COS(((SIN(SIN(SIN(SIN(3.916799977895831)))) + X1 ) - 1.316505206762228))) / COS(((X1  / -1.4090298223345297) * -1.7059633599656445)))
Generation=28 Avg Fitness=984691.0103771279 Best Fitness=52.397944794957 Avg Size=435.07608
Best Individual: (((COS((-2.11255574568481 + SIN(3.048836301539888))) - X1 ) / COS(((SIN(SIN(SIN(SIN(3.916799977895831)))) + X1 ) - 1.316505206762228))) / COS(((X1  / -1.4090298223345297) * -1.7059633599656445)))
Generation=29 Avg Fitness=1269605.8255828395 Best Fitness=52.397944794957 Avg Size=460.12056
Best Individual: (((COS((-2.11255574568481 + SIN(3.048836301539888))) - X1 ) / COS(((SIN(SIN(SIN(SIN(3.916799977895831)))) + X1 ) - 1.316505206762228))) / COS(((X1  / -1.4090298223345297) * -1.7059633599656445)))
Generation=30 Avg Fitness=499510.29550687794 Best Fitness=52.397944794957 Avg Size=440.57989333333336
Best Individual: (((COS((-2.11255574568481 + SIN(3.048836301539888))) - X1 ) / COS(((SIN(SIN(SIN(SIN(3.916799977895831)))) + X1 ) - 1.316505206762228))) / COS(((X1  / -1.4090298223345297) * -1.7059633599656445)))
Generation=31 Avg Fitness=1776361.1957843867 Best Fitness=52.397944794957 Avg Size=452.6328
Best Individual: (((COS((-2.11255574568481 + SIN(3.048836301539888))) - X1 ) / COS(((SIN(SIN(SIN(SIN(3.916799977895831)))) + X1 ) - 1.316505206762228))) / COS(((X1  / -1.4090298223345297) * -1.7059633599656445)))
Generation=32 Avg Fitness=1590032.5801587424 Best Fitness=46.37882848462789 Avg Size=470.3530133333333
Best Individual: (((COS((-2.11255574568481 + SIN(3.048836301539888))) - X1 ) / COS(((SIN(SIN((-2.5086966865082054 / ((-0.3356590051839481 * -4.560952682597174) + 2.783163470744922)))) + (X1  + X1 )) - (5.23740500523262 * COS(3.6248144098566293))))) / 0.7165181155776477)
Generation=33 Avg Fitness=4333378.892986322 Best Fitness=46.37882848462789 Avg Size=415.16402666666664
Best Individual: (((COS((-2.11255574568481 + SIN(3.048836301539888))) - X1 ) / COS(((SIN(SIN((-2.5086966865082054 / ((-0.3356590051839481 * -4.560952682597174) + 2.783163470744922)))) + (X1  + X1 )) - (5.23740500523262 * COS(3.6248144098566293))))) / 0.7165181155776477)
Generation=34 Avg Fitness=5.739582162045552E10 Best Fitness=41.14971281133185 Avg Size=346.51538666666664
Best Individual: ((((SIN(-2.296558341135558) + SIN(-3.43812192567057)) - X1 ) / COS(((SIN(SIN((-2.5086966865082054 / ((-0.3356590051839481 * -4.560952682597174) + 2.783163470744922)))) + (X1  + X1 )) - (5.23740500523262 * COS(3.6248144098566293))))) / 0.7165181155776477)
Generation=35 Avg Fitness=3455549.1805155426 Best Fitness=41.14971281133185 Avg Size=326.14112
Best Individual: ((((SIN(-2.296558341135558) + SIN(-3.43812192567057)) - X1 ) / COS(((SIN(SIN((-2.5086966865082054 / ((-0.3356590051839481 * -4.560952682597174) + 2.783163470744922)))) + (X1  + X1 )) - (5.23740500523262 * COS(3.6248144098566293))))) / 0.7165181155776477)
Generation=36 Avg Fitness=5414229.515322163 Best Fitness=41.14971281133185 Avg Size=326.30085333333335
Best Individual: ((((SIN(-2.296558341135558) + SIN(-3.43812192567057)) - X1 ) / COS(((SIN(SIN((-2.5086966865082054 / ((-0.3356590051839481 * -4.560952682597174) + 2.783163470744922)))) + (X1  + X1 )) - (5.23740500523262 * COS(3.6248144098566293))))) / 0.7165181155776477)
Generation=37 Avg Fitness=1.1802018727948723E7 Best Fitness=41.14971281133185 Avg Size=328.16386666666665
Best Individual: ((((SIN(-2.296558341135558) + SIN(-3.43812192567057)) - X1 ) / COS(((SIN(SIN((-2.5086966865082054 / ((-0.3356590051839481 * -4.560952682597174) + 2.783163470744922)))) + (X1  + X1 )) - (5.23740500523262 * COS(3.6248144098566293))))) / 0.7165181155776477)
Generation=38 Avg Fitness=9177650.882412512 Best Fitness=41.14971281133185 Avg Size=319.2414933333333
Best Individual: ((((SIN(-2.296558341135558) + SIN(-3.43812192567057)) - X1 ) / COS(((SIN(SIN((-2.5086966865082054 / ((-0.3356590051839481 * -4.560952682597174) + 2.783163470744922)))) + (X1  + X1 )) - (5.23740500523262 * COS(3.6248144098566293))))) / 0.7165181155776477)
Generation=39 Avg Fitness=6950554.876830998 Best Fitness=37.61693599587463 Avg Size=341.4118133333333
Best Individual: (((COS((-4.286509538613285 + SIN(3.048836301539888))) - X1 ) / COS(((SIN(SIN((-2.5086966865082054 / ((-0.3356590051839481 * -4.560952682597174) + 2.783163470744922)))) + (X1  + X1 )) - (5.23740500523262 * COS(3.6248144098566293))))) / 0.7165181155776477)
PROBLEM *NOT* SOLVED
