..\data\input\1_8__-1.29_0.29.dat
-- TINY GP (Java version) --
SEED=-1
MAX_LEN=10000
POPSIZE=75000
DEPTH=5
CROSSOVER_PROB=0.9
PMUT_PER_NODE=0.05
MIN_RANDOM=-5.0
MAX_RANDOM=6.0
GENERATIONS=40
TSIZE=2
SOLVING_THRESHOLD=0.3318
----------------------------------
Generation=0 Avg Fitness=33299.129513297456 Best Fitness=631.5454936703024 Avg Size=10.997573333333333
Best Individual: ((((4.094308826607769 / -1.2193595769704446) + (3.9220609736809724 + X1 )) / (COS((4.018027110992211 * 0.17963233459035166)) / (-4.11358757742169 + 4.761145175835699))) * 5.26411620444642)
Generation=1 Avg Fitness=8781.687707190096 Best Fitness=631.5454936703024 Avg Size=12.023413333333334
Best Individual: ((((4.094308826607769 / -1.2193595769704446) + (3.9220609736809724 + X1 )) / (COS((4.018027110992211 * 0.17963233459035166)) / (-4.11358757742169 + 4.761145175835699))) * 5.26411620444642)
Generation=2 Avg Fitness=14443.603168394684 Best Fitness=623.0935892257849 Avg Size=14.4092
Best Individual: (1.2727519362434583 - (SIN(-1.1628137909371814) - (3.9220609736809724 * X1 )))
Generation=3 Avg Fitness=29618.783985144248 Best Fitness=623.0935892257849 Avg Size=17.111706666666667
Best Individual: (1.2727519362434583 - (SIN(-1.1628137909371814) - (3.9220609736809724 * X1 )))
Generation=4 Avg Fitness=67568.91478601737 Best Fitness=461.48145099599054 Avg Size=19.611626666666666
Best Individual: (SIN(5.821997021770807) / (X1  - 0.2856453059161135))
Generation=5 Avg Fitness=14924.778432681122 Best Fitness=461.48145099599054 Avg Size=23.31429333333333
Best Individual: (SIN(5.821997021770807) / (X1  - 0.2856453059161135))
Generation=6 Avg Fitness=106010.37989424201 Best Fitness=461.48145099599054 Avg Size=28.875413333333334
Best Individual: (SIN(5.821997021770807) / (X1  - 0.2856453059161135))
Generation=7 Avg Fitness=8171.049260463182 Best Fitness=461.48145099599054 Avg Size=35.38826666666667
Best Individual: (SIN(5.821997021770807) / (X1  - 0.2856453059161135))
Generation=8 Avg Fitness=13471.025546092193 Best Fitness=456.24294371025474 Avg Size=41.40253333333333
Best Individual: (SIN(5.809819967335507) / (X1  - 0.2856453059161135))
Generation=9 Avg Fitness=11914.852646815838 Best Fitness=456.24294371025474 Avg Size=45.893813333333334
Best Individual: (SIN(5.809819967335507) / (X1  - 0.2856453059161135))
Generation=10 Avg Fitness=4376.63459605569 Best Fitness=456.24294371025474 Avg Size=50.61016
Best Individual: (SIN(5.809819967335507) / (X1  - 0.2856453059161135))
Generation=11 Avg Fitness=5659.578996804191 Best Fitness=456.24294371025474 Avg Size=56.731093333333334
Best Individual: (SIN(5.809819967335507) / (X1  - 0.2856453059161135))
Generation=12 Avg Fitness=422785.53265404823 Best Fitness=434.47564100463603 Avg Size=59.730826666666665
Best Individual: ((SIN(5.821997021770807) / (X1  - 0.2856453059161135)) - COS(-1.1628137909371814))
Generation=13 Avg Fitness=433301.42347900866 Best Fitness=434.47564100463603 Avg Size=62.21202666666667
Best Individual: ((SIN(5.821997021770807) / (X1  - 0.2856453059161135)) - COS(-1.1628137909371814))
Generation=14 Avg Fitness=371947.3480475948 Best Fitness=396.162636091045 Avg Size=65.0328
Best Individual: (((COS(SIN(-1.1972789053065358)) + 0.8022189522071628) * ((X1  + -0.4912400672681807) + (SIN((SIN((1.7638085530566885 - 3.45888364299838)) + -2.5959604314029576)) + X1 ))) + (SIN(5.821997021770807) / (X1  - 0.2856453059161135)))
Generation=15 Avg Fitness=14532.783096660241 Best Fitness=396.162636091045 Avg Size=68.26522666666666
Best Individual: (((COS(SIN(-1.1972789053065358)) + 0.8022189522071628) * ((X1  + -0.4912400672681807) + (SIN((SIN((1.7638085530566885 - 3.45888364299838)) + -2.5959604314029576)) + X1 ))) + (SIN(5.821997021770807) / (X1  - 0.2856453059161135)))
Generation=16 Avg Fitness=38583.334984298956 Best Fitness=396.162636091045 Avg Size=72.4348
Best Individual: (((COS(SIN(-1.1972789053065358)) + 0.8022189522071628) * ((X1  + -0.4912400672681807) + (SIN((SIN((1.7638085530566885 - 3.45888364299838)) + -2.5959604314029576)) + X1 ))) + (SIN(5.821997021770807) / (X1  - 0.2856453059161135)))
Generation=17 Avg Fitness=28535.994551356493 Best Fitness=358.6085187352905 Avg Size=78.10885333333333
Best Individual: (((COS(SIN(-1.1972789053065358)) / 0.8022189522071628) * ((X1  + -0.4912400672681807) + (SIN((SIN((1.7638085530566885 - 3.45888364299838)) + -2.5959604314029576)) + X1 ))) + (SIN(5.821997021770807) / (X1  - 0.2856453059161135)))
Generation=18 Avg Fitness=17081.25114363766 Best Fitness=358.6085187352905 Avg Size=89.88341333333334
Best Individual: (((COS(SIN(-1.1972789053065358)) / 0.8022189522071628) * ((X1  + -0.4912400672681807) + (SIN((SIN((1.7638085530566885 - 3.45888364299838)) + -2.5959604314029576)) + X1 ))) + (SIN(5.821997021770807) / (X1  - 0.2856453059161135)))
Generation=19 Avg Fitness=9332.081084586735 Best Fitness=355.792102674303 Avg Size=126.53085333333334
Best Individual: (((COS(SIN(-1.1972789053065358)) + 0.8022189522071628) * ((X1  - -0.4912400672681807) + (SIN((SIN((X1  - 0.2856453059161135)) + -2.5959604314029576)) + X1 ))) + (SIN(5.821997021770807) / (X1  - 0.2856453059161135)))
Generation=20 Avg Fitness=133218.73511561545 Best Fitness=343.431452698733 Avg Size=191.51861333333332
Best Individual: (((COS(SIN(-1.1972789053065358)) + 0.8022189522071628) * X1 ) + ((SIN(5.821997021770807) / (X1  - 0.2856453059161135)) / SIN(1.1835588248000208)))
Generation=21 Avg Fitness=3544.1886908903844 Best Fitness=343.431452698733 Avg Size=235.02328
Best Individual: (((COS(SIN(-1.1972789053065358)) + 0.8022189522071628) * X1 ) + ((SIN(5.821997021770807) / (X1  - 0.2856453059161135)) / SIN(1.1835588248000208)))
Generation=22 Avg Fitness=836982.0024961836 Best Fitness=341.4826709090989 Avg Size=253.21690666666666
Best Individual: (((COS(SIN(-1.1972789053065358)) / 0.8022189522071628) * ((X1  + -0.4912400672681807) + (SIN((SIN((1.7638085530566885 - 3.45888364299838)) + -2.5959604314029576)) + X1 ))) + ((5.821997021770807 / (X1  - 0.2856453059161135)) * ((SIN(5.26411620444642) / 5.832730260969987) / 1.7638085530566885)))
Generation=23 Avg Fitness=780838.9537873274 Best Fitness=341.4826709090989 Avg Size=270.5098933333333
Best Individual: (((COS(SIN(-1.1972789053065358)) / 0.8022189522071628) * ((X1  + -0.4912400672681807) + (SIN((SIN((1.7638085530566885 - 3.45888364299838)) + -2.5959604314029576)) + X1 ))) + ((5.821997021770807 / (X1  - 0.2856453059161135)) * ((SIN(5.26411620444642) / 5.832730260969987) / 1.7638085530566885)))
Generation=24 Avg Fitness=8773.030493921937 Best Fitness=341.4826709090989 Avg Size=297.1933066666667
Best Individual: (((COS(SIN(-1.1972789053065358)) / 0.8022189522071628) * ((X1  + -0.4912400672681807) + (SIN((SIN((1.7638085530566885 - 3.45888364299838)) + -2.5959604314029576)) + X1 ))) + ((5.821997021770807 / (X1  - 0.2856453059161135)) * ((SIN(5.26411620444642) / 5.832730260969987) / 1.7638085530566885)))
Generation=25 Avg Fitness=2942.589868350178 Best Fitness=341.4826709090989 Avg Size=311.12872
Best Individual: (((COS(SIN(-1.1972789053065358)) / 0.8022189522071628) * ((X1  + -0.4912400672681807) + (SIN((SIN((1.7638085530566885 - 3.45888364299838)) + -2.5959604314029576)) + X1 ))) + ((5.821997021770807 / (X1  - 0.2856453059161135)) * ((SIN(5.26411620444642) / 5.832730260969987) / 1.7638085530566885)))
Generation=26 Avg Fitness=5085.400239465202 Best Fitness=327.203169490009 Avg Size=296.85477333333336
Best Individual: (((COS(SIN(-1.1972789053065358)) + 0.8022189522071628) * ((X1  + -0.4912400672681807) + (-4.942790576485865 + 4.050258983143035))) + ((SIN(-0.5167723311560861) / (X1  - 0.2856453059161135)) + ((1.2727519362434583 - (0.2856453059161135 + SIN((X1  + ((-3.3360073350054384 / 4.761145175835699) + X1 ))))) / COS((1.986489228600738 * (-0.9229691123810859 / 5.77206292091542))))))
Generation=27 Avg Fitness=3059.410649633964 Best Fitness=327.203169490009 Avg Size=282.38288
Best Individual: (((COS(SIN(-1.1972789053065358)) + 0.8022189522071628) * ((X1  + -0.4912400672681807) + (-4.942790576485865 + 4.050258983143035))) + ((SIN(-0.5167723311560861) / (X1  - 0.2856453059161135)) + ((1.2727519362434583 - (0.2856453059161135 + SIN((X1  + ((-3.3360073350054384 / 4.761145175835699) + X1 ))))) / COS((1.986489228600738 * (-0.9229691123810859 / 5.77206292091542))))))
Generation=28 Avg Fitness=5654.987769941787 Best Fitness=327.203169490009 Avg Size=298.23410666666666
Best Individual: (((COS(SIN(-1.1972789053065358)) + 0.8022189522071628) * ((X1  + -0.4912400672681807) + (-4.942790576485865 + 4.050258983143035))) + ((SIN(-0.5167723311560861) / (X1  - 0.2856453059161135)) + ((1.2727519362434583 - (0.2856453059161135 + SIN((X1  + ((-3.3360073350054384 / 4.761145175835699) + X1 ))))) / COS((1.986489228600738 * (-0.9229691123810859 / 5.77206292091542))))))
Generation=29 Avg Fitness=265770.7661800662 Best Fitness=327.203169490009 Avg Size=349.89344
Best Individual: (((COS(SIN(-1.1972789053065358)) + 0.8022189522071628) * ((X1  + -0.4912400672681807) + (-4.942790576485865 + 4.050258983143035))) + ((SIN(-0.5167723311560861) / (X1  - 0.2856453059161135)) + ((1.2727519362434583 - (0.2856453059161135 + SIN((X1  + ((-3.3360073350054384 / 4.761145175835699) + X1 ))))) / COS((1.986489228600738 * (-0.9229691123810859 / 5.77206292091542))))))
Generation=30 Avg Fitness=247671.26116159372 Best Fitness=327.203169490009 Avg Size=386.22408
Best Individual: (((COS(SIN(-1.1972789053065358)) + 0.8022189522071628) * ((X1  + -0.4912400672681807) + (-4.942790576485865 + 4.050258983143035))) + ((SIN(-0.5167723311560861) / (X1  - 0.2856453059161135)) + ((1.2727519362434583 - (0.2856453059161135 + SIN((X1  + ((-3.3360073350054384 / 4.761145175835699) + X1 ))))) / COS((1.986489228600738 * (-0.9229691123810859 / 5.77206292091542))))))
Generation=31 Avg Fitness=13301.712100522936 Best Fitness=326.85541153211324 Avg Size=405.08816
Best Individual: (((COS(SIN(1.986489228600738)) + 0.8022189522071628) * ((X1  + -0.4912400672681807) + (-4.942790576485865 + 4.050258983143035))) + ((SIN(-0.5167723311560861) / (X1  - 0.2856453059161135)) + ((1.2727519362434583 - (0.2856453059161135 + SIN((X1  + ((-3.3360073350054384 / 4.761145175835699) + X1 ))))) / COS((1.986489228600738 * (-0.9229691123810859 / 5.77206292091542))))))
Generation=32 Avg Fitness=16792.57071149701 Best Fitness=325.73115388062587 Avg Size=436.25130666666666
Best Individual: (((COS(SIN(-1.1972789053065358)) + 0.8022189522071628) * ((X1  + -0.4912400672681807) + (-4.942790576485865 + 4.050258983143035))) + ((SIN(-0.5167723311560861) / (X1  - 0.2856453059161135)) + ((1.2727519362434583 - (0.2856453059161135 + SIN((X1  + ((-3.3360073350054384 / 3.675627000339251) + X1 ))))) / COS((1.986489228600738 * (-0.9229691123810859 / 5.77206292091542))))))
Generation=33 Avg Fitness=4646.231291684192 Best Fitness=325.5311090359857 Avg Size=483.64224
Best Individual: (((COS(SIN(-1.1972789053065358)) + 0.8022189522071628) * ((X1  + -0.4912400672681807) + (-4.942790576485865 + 4.050258983143035))) + ((SIN(-0.5167723311560861) / (X1  - 0.2856453059161135)) + ((1.2727519362434583 - (0.2856453059161135 + SIN((X1  + ((-3.3360073350054384 / 3.7467015530850283) + X1 ))))) / COS((1.986489228600738 * (-0.9229691123810859 / 5.77206292091542))))))
Generation=34 Avg Fitness=15034.608040130848 Best Fitness=325.2578978038124 Avg Size=462.1505333333333
Best Individual: (((COS(SIN(-1.1972789053065358)) + 0.8022189522071628) * ((X1  + -0.4912400672681807) + (-4.942790576485865 + 4.050258983143035))) + ((SIN(-0.5167723311560861) / (X1  - 0.2856453059161135)) + ((1.2727519362434583 - (0.2856453059161135 + SIN((X1  + ((-3.3360073350054384 / 4.028965872888332) + X1 ))))) / COS((1.986489228600738 * (-0.9229691123810859 / 5.77206292091542))))))
Generation=35 Avg Fitness=3019.3132303392663 Best Fitness=323.78957176520487 Avg Size=405.93122666666665
Best Individual: (((COS(SIN(-1.1972789053065358)) + 0.8022189522071628) * ((X1  + -0.4912400672681807) + (-4.942790576485865 + 4.050258983143035))) + ((SIN(5.744936735593209) / (X1  - 0.2856453059161135)) + ((1.2727519362434583 - (0.2856453059161135 + SIN((X1  + ((-3.3360073350054384 / 4.761145175835699) + X1 ))))) / COS((1.986489228600738 * (-0.9229691123810859 / 5.77206292091542))))))
Generation=36 Avg Fitness=4307.208941067675 Best Fitness=323.273346897083 Avg Size=368.76424
Best Individual: (((COS(SIN(-1.1972789053065358)) + 0.8022189522071628) * ((X1  + -0.4912400672681807) + (-4.942790576485865 + 4.050258983143035))) + ((SIN(5.744936735593209) / (X1  - 0.2856453059161135)) + ((1.2727519362434583 - (0.2856453059161135 + SIN((X1  + ((-3.3360073350054384 / 4.761145175835699) + X1 ))))) / COS((1.986489228600738 * (-0.9229691123810859 / 0.29232835976820937))))))
Generation=37 Avg Fitness=4241.22522766381 Best Fitness=322.82224471303346 Avg Size=352.64824
Best Individual: (((COS(SIN(-1.1972789053065358)) + 0.8022189522071628) * ((X1  + -0.4912400672681807) + (-4.942790576485865 + 4.050258983143035))) + ((SIN(5.744936735593209) / (X1  - 0.2856453059161135)) + ((1.2727519362434583 - (0.2856453059161135 + SIN((X1  + ((-3.3360073350054384 / 4.761145175835699) + X1 ))))) / COS((-1.5762163904988413 * (-0.9229691123810859 / 5.77206292091542))))))
Generation=38 Avg Fitness=7422.093041639712 Best Fitness=322.7115048015026 Avg Size=342.0076
Best Individual: (((COS(SIN(-1.1972789053065358)) + 0.8022189522071628) * ((X1  + -0.4912400672681807) + (-4.942790576485865 + 4.050258983143035))) + ((SIN(5.744936735593209) / (X1  - 0.2856453059161135)) + ((1.2727519362434583 - (0.2856453059161135 + SIN((X1  + ((-3.3360073350054384 / 4.761145175835699) + X1 ))))) / COS(0.19217505868301288))))
Generation=39 Avg Fitness=103308.78096086132 Best Fitness=322.0501291379158 Avg Size=346.93842666666666
Best Individual: (((COS(SIN(-1.1972789053065358)) + 0.8022189522071628) * ((X1  + -0.4912400672681807) + (-4.942790576485865 + 4.050258983143035))) + ((SIN(-2.5959604314029576) / (X1  - 0.2856453059161135)) + ((1.2727519362434583 - (0.2856453059161135 + SIN((X1  + ((-3.3360073350054384 / 4.761145175835699) + X1 ))))) / COS((-0.9229691123810859 * (-0.9229691123810859 / 5.77206292091542))))))
PROBLEM *NOT* SOLVED
