..\data\input\1_8__-3.14_3.14.dat
-- TINY GP (Java version) --
SEED=-1
MAX_LEN=10000
POPSIZE=75000
DEPTH=5
CROSSOVER_PROB=0.9
PMUT_PER_NODE=0.05
MIN_RANDOM=-5.0
MAX_RANDOM=6.0
GENERATIONS=40
TSIZE=2
SOLVING_THRESHOLD=1.3188
----------------------------------
Generation=0 Avg Fitness=50756.476960424734 Best Fitness=2126.0799999999995 Avg Size=11.02888
Best Individual: COS((3.858505576321244 * (0.8744086149341008 - ((X1  - 0.607917944806502) + 3.174167629357873))))
Generation=1 Avg Fitness=9243.740770141834 Best Fitness=2126.0799999999995 Avg Size=11.857333333333333
Best Individual: COS((3.858505576321244 * (0.8744086149341008 - ((X1  - 0.607917944806502) + 3.174167629357873))))
Generation=2 Avg Fitness=17821.428272760455 Best Fitness=2125.370000000001 Avg Size=13.739493333333334
Best Individual: COS((((X1  * -3.8646426077927245) + COS((-2.660310054551836 * 2.2220722278702496))) + 4.697631584251939))
Generation=3 Avg Fitness=227503.3548736456 Best Fitness=2125.370000000001 Avg Size=16.76162666666667
Best Individual: COS((((X1  * -3.8646426077927245) + COS((-2.660310054551836 * 2.2220722278702496))) + 4.697631584251939))
Generation=4 Avg Fitness=248223.64338040745 Best Fitness=2125.370000000001 Avg Size=20.903653333333335
Best Individual: COS((((X1  * -3.8646426077927245) + COS((-2.660310054551836 * 2.2220722278702496))) + 4.697631584251939))
Generation=5 Avg Fitness=293450.453790932 Best Fitness=2102.1799999999994 Avg Size=25.95093333333333
Best Individual: COS((4.010028793451539 * (0.8744086149341008 - ((X1  - 0.607917944806502) + 3.174167629357873))))
Generation=6 Avg Fitness=1200605.7885384266 Best Fitness=2102.1799999999994 Avg Size=31.721866666666667
Best Individual: COS((4.010028793451539 * (0.8744086149341008 - ((X1  - 0.607917944806502) + 3.174167629357873))))
Generation=7 Avg Fitness=719752.5234827386 Best Fitness=2101.07 Avg Size=35.777013333333336
Best Individual: COS((-3.986029198642661 * (0.8744086149341008 - ((X1  - 0.607917944806502) + 3.174167629357873))))
Generation=8 Avg Fitness=9658.370688571202 Best Fitness=2101.07 Avg Size=37.61005333333333
Best Individual: COS((-3.986029198642661 * (0.8744086149341008 - ((X1  - 0.607917944806502) + 3.174167629357873))))
Generation=9 Avg Fitness=4341.917594819372 Best Fitness=2101.07 Avg Size=41.737973333333336
Best Individual: COS((-3.986029198642661 * (0.8744086149341008 - ((X1  - 0.607917944806502) + 3.174167629357873))))
Generation=10 Avg Fitness=9087.428393354325 Best Fitness=2100.8899999999967 Avg Size=50.75072
Best Individual: COS((-3.986029198642661 * (0.8744086149341008 - (5.4989585484893695 - (X1  * COS(SIN(-0.029068554170256)))))))
Generation=11 Avg Fitness=20463.595096008074 Best Fitness=2092.2900000000004 Avg Size=58.059466666666665
Best Individual: COS((3.858505576321244 * (0.8744086149341008 - ((X1  - 0.607917944806502) + (((COS((4.010028793451539 * (0.8744086149341008 - ((X1  - 0.607917944806502) + 3.174167629357873)))) / ((COS(COS((SIN(4.29986803532551) - -2.5029772906939503))) * -2.5029772906939503) + ((-3.116140169558046 / COS(-0.10735964479427462)) - COS(COS(-0.10735964479427462))))) * COS(0.03345699081523712)) / 2.764907316767631)))))
Generation=12 Avg Fitness=20499.317283282657 Best Fitness=2092.2900000000004 Avg Size=61.60557333333333
Best Individual: COS((3.858505576321244 * (0.8744086149341008 - ((X1  - 0.607917944806502) + (((COS((4.010028793451539 * (0.8744086149341008 - ((X1  - 0.607917944806502) + 3.174167629357873)))) / ((COS(COS((SIN(4.29986803532551) - -2.5029772906939503))) * -2.5029772906939503) + ((-3.116140169558046 / COS(-0.10735964479427462)) - COS(COS(-0.10735964479427462))))) * COS(0.03345699081523712)) / 2.764907316767631)))))
Generation=13 Avg Fitness=18601.392043510652 Best Fitness=2086.7000000000016 Avg Size=64.73997333333334
Best Individual: COS((3.858505576321244 * (0.8744086149341008 - ((X1  - 0.607917944806502) + (((COS((4.010028793451539 * (0.8744086149341008 - ((X1  - 0.607917944806502) + 3.174167629357873)))) / ((COS(COS((SIN(4.29986803532551) - -2.5029772906939503))) * -2.5029772906939503) + ((-3.116140169558046 / COS(-0.10735964479427462)) - COS(5.312933896278256)))) * (0.607917944806502 + 2.9867534392411192)) / 3.924164056617256)))))
Generation=14 Avg Fitness=18586.466874358233 Best Fitness=2086.7000000000016 Avg Size=68.39122666666667
Best Individual: COS((3.858505576321244 * (0.8744086149341008 - ((X1  - 0.607917944806502) + (((COS((4.010028793451539 * (0.8744086149341008 - ((X1  - 0.607917944806502) + 3.174167629357873)))) / ((COS(COS((SIN(4.29986803532551) - -2.5029772906939503))) * -2.5029772906939503) + ((-3.116140169558046 / COS(-0.10735964479427462)) - COS(5.312933896278256)))) * (0.607917944806502 + 2.9867534392411192)) / 3.924164056617256)))))
Generation=15 Avg Fitness=2278.23346197488 Best Fitness=2084.6299999999974 Avg Size=72.69010666666667
Best Individual: COS((3.858505576321244 * (0.8744086149341008 - ((X1  - (COS((3.858505576321244 * X1 )) / 5.515971328343962)) + (5.000406756749383 * 1.8122131341324828)))))
Generation=16 Avg Fitness=133375.33499386677 Best Fitness=2060.8499999999995 Avg Size=78.35549333333333
Best Individual: COS((-3.986029198642661 * (((X1  - (COS((3.858505576321244 * X1 )) / 5.515971328343962)) + (5.000406756749383 * 1.8122131341324828)) - -0.46496931887355863)))
Generation=17 Avg Fitness=133453.16599551964 Best Fitness=2060.8499999999995 Avg Size=83.89669333333333
Best Individual: COS((-3.986029198642661 * (((X1  - (COS((3.858505576321244 * X1 )) / 5.515971328343962)) + (5.000406756749383 * 1.8122131341324828)) - -0.46496931887355863)))
Generation=18 Avg Fitness=886523.7103932234 Best Fitness=2060.8499999999995 Avg Size=89.70106666666666
Best Individual: COS((-3.986029198642661 * (((X1  - (COS((3.858505576321244 * X1 )) / 5.515971328343962)) + (5.000406756749383 * 1.8122131341324828)) - -0.46496931887355863)))
Generation=19 Avg Fitness=2771.9858443587673 Best Fitness=2060.8499999999995 Avg Size=101.45272
Best Individual: COS((-3.986029198642661 * (((X1  - (COS((3.858505576321244 * X1 )) / 5.515971328343962)) + (5.000406756749383 * 1.8122131341324828)) - -0.46496931887355863)))
Generation=20 Avg Fitness=2315.2723579319118 Best Fitness=2059.6500000000005 Avg Size=117.26530666666666
Best Individual: COS((-3.986029198642661 * (-0.7297737198291951 - (5.4989585484893695 - (X1  - (COS((3.924164056617256 * X1 )) / 5.515971328343962))))))
Generation=21 Avg Fitness=2689.2746582033346 Best Fitness=2041.9299999999957 Avg Size=129.3248
Best Individual: COS((-3.986029198642661 * (((X1  - (COS((3.858505576321244 * X1 )) / (5.000406756749383 * 1.8122131341324828))) + (5.000406756749383 * 1.8122131341324828)) - -0.46496931887355863)))
Generation=22 Avg Fitness=2297.918292775694 Best Fitness=2040.6299999999953 Avg Size=138.87144
Best Individual: COS((-3.986029198642661 * (((X1  - (COS((3.858505576321244 * X1 )) / (4.697631584251939 * 1.8122131341324828))) + (5.000406756749383 * 1.8122131341324828)) - -0.46496931887355863)))
Generation=23 Avg Fitness=2344.2909899631222 Best Fitness=2039.4899999999968 Avg Size=151.61317333333332
Best Individual: COS((-3.986029198642661 * (((X1  - ((COS((3.924164056617256 * X1 )) / 5.515971328343962) / 1.1792882401847713)) + (5.000406756749383 * 1.8122131341324828)) - -0.46496931887355863)))
Generation=24 Avg Fitness=2795.492305671659 Best Fitness=2034.2899999999945 Avg Size=166.49290666666667
Best Individual: COS((-3.986029198642661 * (-0.7297737198291951 - (5.4989585484893695 - (X1  - (COS((3.924164056617256 * X1 )) / ((COS(-0.7972525813797162) * (((2.2220722278702496 * 0.023697896603469104) * (((COS(2.5870372744171792) * 4.29986803532551) * SIN(2.705945469638171)) + X1 )) + 5.53042983998119)) + 4.841660449065959)))))))
Generation=25 Avg Fitness=2166.9844704225293 Best Fitness=2034.2899999999945 Avg Size=171.23392
Best Individual: COS((-3.986029198642661 * (-0.7297737198291951 - (5.4989585484893695 - (X1  - (COS((3.924164056617256 * X1 )) / ((COS(-0.7972525813797162) * (((2.2220722278702496 * 0.023697896603469104) * (((COS(2.5870372744171792) * 4.29986803532551) * SIN(2.705945469638171)) + X1 )) + 5.53042983998119)) + 4.841660449065959)))))))
Generation=26 Avg Fitness=4050.421272019375 Best Fitness=2031.5199999999911 Avg Size=169.26565333333335
Best Individual: COS((-3.986029198642661 * (-0.7297737198291951 - (5.4989585484893695 - (X1  - (COS((3.924164056617256 * (X1  - (SIN(-3.0370046000412345) / 5.000406756749383)))) / (5.000406756749383 * 1.8122131341324828)))))))
Generation=27 Avg Fitness=4775.916427362296 Best Fitness=2031.5199999999911 Avg Size=172.24522666666667
Best Individual: COS((-3.986029198642661 * (-0.7297737198291951 - (5.4989585484893695 - (X1  - (COS((3.924164056617256 * (X1  - (SIN(-3.0370046000412345) / 5.000406756749383)))) / (5.000406756749383 * 1.8122131341324828)))))))
Generation=28 Avg Fitness=5097.003725169638 Best Fitness=2031.5199999999911 Avg Size=175.55709333333334
Best Individual: COS((-3.986029198642661 * (-0.7297737198291951 - (5.4989585484893695 - (X1  - (COS((3.924164056617256 * (X1  - (SIN(-3.0370046000412345) / 5.000406756749383)))) / (5.000406756749383 * 1.8122131341324828)))))))
Generation=29 Avg Fitness=5468.113104290635 Best Fitness=2031.5199999999911 Avg Size=178.71248
Best Individual: COS((-3.986029198642661 * (-0.7297737198291951 - (5.4989585484893695 - (X1  - (COS((3.924164056617256 * (X1  - (SIN(-3.0370046000412345) / 5.000406756749383)))) / (5.000406756749383 * 1.8122131341324828)))))))
Generation=30 Avg Fitness=5547.8449693817365 Best Fitness=2031.5199999999911 Avg Size=183.96173333333334
Best Individual: COS((-3.986029198642661 * (-0.7297737198291951 - (5.4989585484893695 - (X1  - (COS((3.924164056617256 * (X1  - (SIN(-3.0370046000412345) / 5.000406756749383)))) / (5.000406756749383 * 1.8122131341324828)))))))
Generation=31 Avg Fitness=19302.572139119922 Best Fitness=2031.5199999999911 Avg Size=189.50853333333333
Best Individual: COS((-3.986029198642661 * (-0.7297737198291951 - (5.4989585484893695 - (X1  - (COS((3.924164056617256 * (X1  - (SIN(-3.0370046000412345) / 5.000406756749383)))) / (5.000406756749383 * 1.8122131341324828)))))))
Generation=32 Avg Fitness=20603.17012796764 Best Fitness=2026.8399999999926 Avg Size=198.91861333333333
Best Individual: COS((-3.986029198642661 * (-0.7297737198291951 - (5.4989585484893695 - (X1  - (COS((3.924164056617256 * (X1  - (COS((3.924164056617256 * X1 )) / (5.000406756749383 * 1.8122131341324828))))) / (3.924164056617256 * 1.8122131341324828)))))))
Generation=33 Avg Fitness=3625.3861624722726 Best Fitness=2026.8399999999926 Avg Size=223.72058666666666
Best Individual: COS((-3.986029198642661 * (-0.7297737198291951 - (5.4989585484893695 - (X1  - (COS((3.924164056617256 * (X1  - (COS((3.924164056617256 * X1 )) / (5.000406756749383 * 1.8122131341324828))))) / (3.924164056617256 * 1.8122131341324828)))))))
Generation=34 Avg Fitness=41398.52922350319 Best Fitness=2026.8399999999926 Avg Size=259.22784
Best Individual: COS((-3.986029198642661 * (-0.7297737198291951 - (5.4989585484893695 - (X1  - (COS((3.924164056617256 * (X1  - (COS((3.924164056617256 * X1 )) / (5.000406756749383 * 1.8122131341324828))))) / (3.924164056617256 * 1.8122131341324828)))))))
Generation=35 Avg Fitness=36824.53943611368 Best Fitness=2025.9299999999926 Avg Size=275.78565333333336
Best Individual: COS((-3.986029198642661 * (-0.7297737198291951 - (5.4989585484893695 - (X1  - (COS((3.924164056617256 * (X1  - (COS((3.924164056617256 * X1 )) / (((5.204327080168069 - 0.607917944806502) + 3.174167629357873) * 1.8122131341324828))))) / (3.924164056617256 * 1.8122131341324828)))))))
Generation=36 Avg Fitness=3643.4463178417896 Best Fitness=2025.9299999999926 Avg Size=250.87114666666668
Best Individual: COS((-3.986029198642661 * (-0.7297737198291951 - (5.4989585484893695 - (X1  - (COS((3.924164056617256 * (X1  - (COS((3.924164056617256 * X1 )) / (((5.204327080168069 - 0.607917944806502) + 3.174167629357873) * 1.8122131341324828))))) / (3.924164056617256 * 1.8122131341324828)))))))
Generation=37 Avg Fitness=3863.5647990120005 Best Fitness=2025.4199999999921 Avg Size=226.97701333333333
Best Individual: COS((-3.986029198642661 * (-0.7297737198291951 - (5.4989585484893695 - (X1  - (COS((3.924164056617256 * (X1  - (COS((3.924164056617256 * X1 )) / ((5.000406756749383 + 1.8122131341324828) * 1.8122131341324828))))) / (3.858505576321244 * 1.8122131341324828)))))))
Generation=38 Avg Fitness=2318.094421802605 Best Fitness=2023.3799999999933 Avg Size=231.49848
Best Individual: COS((-3.986029198642661 * (-0.7297737198291951 - (-3.986029198642661 - (X1  - (COS((3.924164056617256 * (X1  - (COS(3.396757548065654) / (5.000406756749383 * 1.8122131341324828))))) / (3.924164056617256 * 1.8122131341324828)))))))
Generation=39 Avg Fitness=2706.742288919657 Best Fitness=2023.3799999999933 Avg Size=247.26325333333332
Best Individual: COS((-3.986029198642661 * (-0.7297737198291951 - (-3.986029198642661 - (X1  - (COS((3.924164056617256 * (X1  - (COS(3.396757548065654) / (5.000406756749383 * 1.8122131341324828))))) / (3.924164056617256 * 1.8122131341324828)))))))
PROBLEM *NOT* SOLVED
