..\data\input\1_1__-10_10.dat
-- TINY GP (Java version) --
SEED=-1
MAX_LEN=10000
POPSIZE=50000
DEPTH=5
CROSSOVER_PROB=0.9
PMUT_PER_NODE=0.05
MIN_RANDOM=-5.0
MAX_RANDOM=17.0
GENERATIONS=40
TSIZE=2
SOLVING_THRESHOLD=4.2
----------------------------------
Generation=0 Avg Fitness=2052984.6971131286 Best Fitness=631258.3852803857 Avg Size=7.00834
Best Individual: ((13.753942680144107 * (1.3043179759884485 * X1 )) * 14.825210720691217)
Generation=1 Avg Fitness=1510184.861237976 Best Fitness=630285.8595061597 Avg Size=7.20256
Best Individual: ((((-3.7136552131958145 - 8.65518256517323) / SIN(14.588121908121785)) - SIN(-4.846553358132553)) * (X1  / COS((4.496854883472935 - COS(1.7320463531261518)))))
Generation=2 Avg Fitness=1315450.8771140345 Best Fitness=630285.8595061597 Avg Size=8.26166
Best Individual: ((((-3.7136552131958145 - 8.65518256517323) / SIN(14.588121908121785)) - SIN(-4.846553358132553)) * (X1  / COS((4.496854883472935 - COS(1.7320463531261518)))))
Generation=3 Avg Fitness=1300741.2252990794 Best Fitness=628981.733728631 Avg Size=9.70136
Best Individual: ((((16.45248768681325 * (3.299623640809063 + (((9.258795449878079 * X1 ) * 16.702526357180297) + (COS(15.670055917530302) - 15.349797085498885)))) / 9.680581793786784) - 6.732142277131901) - 14.825210720691217)
Generation=4 Avg Fitness=1458488.32185925 Best Fitness=257736.09243652874 Avg Size=11.70828
Best Individual: ((((((((15.670055917530302 * SIN(11.299620917165825)) - 11.829263556378706) - ((5.679465609154384 - -0.9480977501789329) - 9.867105260519768)) / -4.053057979567828) * (X1  + -1.6876729624416291)) * X1 ) + 11.995600898523833) * X1 )
Generation=5 Avg Fitness=1503081.187874862 Best Fitness=166111.3762153518 Avg Size=14.63406
Best Individual: ((X1  * 8.65518256517323) - (((X1  * ((-3.4208889737655017 - (X1  - 6.4260774225223845)) - X1 )) * (2.1401462641686653 * X1 )) + COS(-3.8455320518243967)))
Generation=6 Avg Fitness=1979777.8895551416 Best Fitness=87203.89594557502 Avg Size=18.31102
Best Individual: ((SIN((-2.6605342324202024 * X1 )) + (COS(0.4479510987052642) - (-1.0825600365502024 * ((X1  * (X1  * 4.787557192570006)) + 8.158709515687422)))) * X1 )
Generation=7 Avg Fitness=2772512.204837599 Best Fitness=86758.49584381148 Avg Size=22.26658
Best Individual: ((SIN((-2.6605342324202024 * X1 )) + (SIN((6.921458539037319 - -1.7192166151071877)) - (-1.0825600365502024 * ((X1  * (X1  * 4.787557192570006)) + 8.158709515687422)))) * X1 )
Generation=8 Avg Fitness=3916505.1913089026 Best Fitness=68519.78971795981 Avg Size=26.3738
Best Individual: (((((X1  * X1 ) * (X1  + ((-1.6876729624416291 / -1.0825600365502024) / (-1.6876729624416291 - 14.588121908121785)))) * 15.149709320441033) * 5.4223363479493685) / 16.933561873440937)
Generation=9 Avg Fitness=4273592.992241734 Best Fitness=48833.24820202948 Avg Size=30.98002
Best Individual: ((X1  * ((4.75491264717715 * (X1  / (9.426012479374863 / (9.546848687970883 * (X1  - SIN(15.349797085498885)))))) + ((((-4.744744404467409 + (SIN((-1.0956725140671306 * ((7.3142863046389905 - (X1  * 16.45248768681325)) * X1 ))) * -0.9124203360045549)) / 9.258795449878079) - 9.909233493728696) / -4.014194200683306))) - 14.025806252281637)
Generation=10 Avg Fitness=4.2318893433158845E7 Best Fitness=48833.24820202948 Avg Size=35.91956
Best Individual: ((X1  * ((4.75491264717715 * (X1  / (9.426012479374863 / (9.546848687970883 * (X1  - SIN(15.349797085498885)))))) + ((((-4.744744404467409 + (SIN((-1.0956725140671306 * ((7.3142863046389905 - (X1  * 16.45248768681325)) * X1 ))) * -0.9124203360045549)) / 9.258795449878079) - 9.909233493728696) / -4.014194200683306))) - 14.025806252281637)
Generation=11 Avg Fitness=8.780417978647716E7 Best Fitness=26211.836062709506 Avg Size=41.3833
Best Individual: ((X1  * ((4.75491264717715 * (X1  / (9.426012479374863 / (9.546848687970883 * (X1  - SIN(15.349797085498885)))))) + 9.909233493728696)) - 14.025806252281637)
Generation=12 Avg Fitness=3.90094281318994E7 Best Fitness=26211.836062709506 Avg Size=48.26238
Best Individual: ((X1  * ((4.75491264717715 * (X1  / (9.426012479374863 / (9.546848687970883 * (X1  - SIN(15.349797085498885)))))) + 9.909233493728696)) - 14.025806252281637)
Generation=13 Avg Fitness=5.764074201885385E7 Best Fitness=23140.76938382999 Avg Size=56.6802
Best Individual: ((X1  * ((4.75491264717715 * (X1  / (9.426012479374863 / (9.546848687970883 * (X1  - SIN(0.4479510987052642)))))) + (1.58902407258394 * 7.611462779862878))) - 14.025806252281637)
Generation=14 Avg Fitness=1.584158082282724E8 Best Fitness=23140.76938382999 Avg Size=62.87124
Best Individual: ((X1  * ((4.75491264717715 * (X1  / (9.426012479374863 / (9.546848687970883 * (X1  - SIN(0.4479510987052642)))))) + (1.58902407258394 * 7.611462779862878))) - 14.025806252281637)
Generation=15 Avg Fitness=5.5857261065704085E7 Best Fitness=23140.76938382999 Avg Size=66.74932
Best Individual: ((X1  * ((4.75491264717715 * (X1  / (9.426012479374863 / (9.546848687970883 * (X1  - SIN(0.4479510987052642)))))) + (1.58902407258394 * 7.611462779862878))) - 14.025806252281637)
Generation=16 Avg Fitness=6.160467391856651E7 Best Fitness=23140.76938382999 Avg Size=70.38282
Best Individual: ((X1  * ((4.75491264717715 * (X1  / (9.426012479374863 / (9.546848687970883 * (X1  - SIN(0.4479510987052642)))))) + (1.58902407258394 * 7.611462779862878))) - 14.025806252281637)
Generation=17 Avg Fitness=1.1281179415718283E8 Best Fitness=13663.32241411821 Avg Size=76.71462
Best Individual: ((X1  * ((4.75491264717715 * (X1  / (9.426012479374863 / (9.546848687970883 * (X1  - SIN(15.349797085498885)))))) + ((((-4.744744404467409 + COS(((X1  - ((5.4223363479493685 - (-3.6642653360008532 + X1 )) / 1.0401464229787543)) * (COS(SIN(COS((-1.0825600365502024 - (((15.111006495770333 + COS((-2.6605342324202024 * 1.0401464229787543))) - SIN(((-2.6605342324202024 / COS(-2.6605342324202024)) * (-1.0825600365502024 * X1 )))) - X1 ))))) + (X1  + (COS(11.43759464427854) + (15.314303396719517 + 6.7943628578063215))))))) / 9.258795449878079) - ((((X1  * X1 ) + 15.670055917530302) - 5.4499412539037575) - 9.876515480537199)) / -4.014194200683306))) - 14.025806252281637)
Generation=18 Avg Fitness=1.956683649334072E8 Best Fitness=13337.331065629993 Avg Size=86.68626
Best Individual: ((X1  + (SIN((16.933561873440937 - 8.477757383405107)) - (-1.0825600365502024 * (4.75491264717715 * ((X1  / 1.0401464229787543) / (9.426012479374863 / (9.546848687970883 * (X1  - SIN(COS(COS(11.813692623439984))))))))))) * X1 )
Generation=19 Avg Fitness=1.2547012040747051E9 Best Fitness=7587.469043614607 Avg Size=100.32894
Best Individual: (X1  + (((X1  + (16.933561873440937 * (X1  / (6.56731387488086 / ((X1  * (X1  + X1 )) - (8.158709515687422 / (16.702526357180297 * (SIN(((9.258795449878079 * X1 ) + ((SIN(9.198052175905993) + (((X1  * 7.3142863046389905) + (-4.192493277837098 + 14.778675984419444)) + (15.314303396719517 / 4.496854883472935))) + ((X1  * (X1  * 4.787557192570006)) + 9.876515480537199)))) + ((COS(3.299623640809063) + 13.035499184395945) * X1 ))))))))) + -2.3519561962125763) - ((-4.053057979567828 - (((X1  * (16.467133663271426 - (X1  * 9.426012479374863))) - (X1  * (X1  * X1 ))) / 4.75491264717715)) + 14.524577929979824)))
Generation=20 Avg Fitness=7.000043218069354E8 Best Fitness=7587.469043614607 Avg Size=116.42654
Best Individual: (X1  + (((X1  + (16.933561873440937 * (X1  / (6.56731387488086 / ((X1  * (X1  + X1 )) - (8.158709515687422 / (16.702526357180297 * (SIN(((9.258795449878079 * X1 ) + ((SIN(9.198052175905993) + (((X1  * 7.3142863046389905) + (-4.192493277837098 + 14.778675984419444)) + (15.314303396719517 / 4.496854883472935))) + ((X1  * (X1  * 4.787557192570006)) + 9.876515480537199)))) + ((COS(3.299623640809063) + 13.035499184395945) * X1 ))))))))) + -2.3519561962125763) - ((-4.053057979567828 - (((X1  * (16.467133663271426 - (X1  * 9.426012479374863))) - (X1  * (X1  * X1 ))) / 4.75491264717715)) + 14.524577929979824)))
Generation=21 Avg Fitness=3.466662807885791E8 Best Fitness=7587.469043614607 Avg Size=130.8804
Best Individual: (X1  + (((X1  + (16.933561873440937 * (X1  / (6.56731387488086 / ((X1  * (X1  + X1 )) - (8.158709515687422 / (16.702526357180297 * (SIN(((9.258795449878079 * X1 ) + ((SIN(9.198052175905993) + (((X1  * 7.3142863046389905) + (-4.192493277837098 + 14.778675984419444)) + (15.314303396719517 / 4.496854883472935))) + ((X1  * (X1  * 4.787557192570006)) + 9.876515480537199)))) + ((COS(3.299623640809063) + 13.035499184395945) * X1 ))))))))) + -2.3519561962125763) - ((-4.053057979567828 - (((X1  * (16.467133663271426 - (X1  * 9.426012479374863))) - (X1  * (X1  * X1 ))) / 4.75491264717715)) + 14.524577929979824)))
Generation=22 Avg Fitness=1.2256944953410088E8 Best Fitness=6215.918653160039 Avg Size=148.71508
Best Individual: ((X1  * ((4.75491264717715 * (X1  / (9.426012479374863 / (9.546848687970883 * (X1  - SIN(15.349797085498885)))))) + (((((12.058622757163771 + (X1  + COS(((X1  - COS(16.933561873440937)) - (11.299620917165825 + (9.258795449878079 * 5.4223363479493685)))))) * X1 ) / 9.258795449878079) - ((((X1  * X1 ) + 15.670055917530302) - 5.4499412539037575) - 9.876515480537199)) / -4.014194200683306))) - 14.025806252281637)
Generation=23 Avg Fitness=1.7981289723978683E8 Best Fitness=6215.918653160039 Avg Size=168.80894
Best Individual: ((X1  * ((4.75491264717715 * (X1  / (9.426012479374863 / (9.546848687970883 * (X1  - SIN(15.349797085498885)))))) + (((((12.058622757163771 + (X1  + COS(((X1  - COS(16.933561873440937)) - (11.299620917165825 + (9.258795449878079 * 5.4223363479493685)))))) * X1 ) / 9.258795449878079) - ((((X1  * X1 ) + 15.670055917530302) - 5.4499412539037575) - 9.876515480537199)) / -4.014194200683306))) - 14.025806252281637)
Generation=24 Avg Fitness=1.083702141711754E8 Best Fitness=5880.366429162043 Avg Size=176.90858
Best Individual: ((X1  * ((4.75491264717715 * (X1  / (9.546848687970883 / (9.546848687970883 * (X1  - SIN(15.349797085498885)))))) + ((((-4.744744404467409 + COS(((X1  - -2.2581818899877177) * (COS(SIN(COS((-1.0825600365502024 - (((X1  * SIN(((9.909233493728696 + COS((-2.2581818899877177 - ((9.426012479374863 / (9.546848687970883 * (X1  - SIN(15.349797085498885)))) / ((X1  * 13.035499184395945) - -3.4326393185382043))))) - ((6.7943628578063215 * 1.58902407258394) * 14.778675984419444)))) - SIN(((X1  * (X1  * 4.787557192570006)) * (-1.0825600365502024 * X1 )))) - (-4.053057979567828 - (-4.744744404467409 + (SIN((-1.0956725140671306 * (X1  + ((((((SIN((((15.314303396719517 - 7.3142863046389905) - (((8.158709515687422 - (16.933561873440937 - ((-4.846553358132553 - SIN(12.832271287472807)) + (COS((2.871697607425313 / (14.825210720691217 - SIN(X1 )))) - X1 )))) / 1.0401464229787543) + 9.867105260519768)) * X1 )) + (((-2.6605342324202024 / X1 ) - ((-1.7192166151071877 + 15.349797085498885) + X1 )) - (-1.0825600365502024 * ((X1  * (X1  * 4.787557192570006)) + 8.158709515687422)))) * X1 ) * X1 ) * 16.702526357180297) + COS((3.912571677649378 * ((X1  - 16.45248768681325) * (((COS((9.258795449878079 - 4.787557192570006)) + 15.670055917530302) - 5.4499412539037575) - (4.75491264717715 * (X1  / (9.426012479374863 / (9.546848687970883 * (X1  - SIN(COS((14.825210720691217 - 5.4499412539037575))))))))))))) - COS(15.149709320441033))))) * 6.4260774225223845)))))))) + (X1  + ((X1  / SIN(-2.6605342324202024)) + (7.3142863046389905 + 6.921458539037319))))))) / 9.258795449878079) - ((((X1  * X1 ) + 15.670055917530302) - 5.4499412539037575) - X1 )) / -4.014194200683306))) - 14.025806252281637)
Generation=25 Avg Fitness=8.220172479803406E10 Best Fitness=5153.839723650562 Avg Size=179.59998
Best Individual: ((X1  * ((4.75491264717715 * (X1  / (9.426012479374863 / (9.546848687970883 * (X1  - SIN(15.349797085498885)))))) + ((((-4.744744404467409 + (SIN(12.832271287472807) + (((4.75491264717715 - SIN(-4.192493277837098)) + (X1  * (X1  + X1 ))) - ((((6.921458539037319 + -3.1197563503019414) / SIN(2.8319264217131472)) - 9.909233493728696) / (X1  + (3.912571677649378 - (10.952440628646258 + (8.158709515687422 - (16.702526357180297 / -1.0956725140671306))))))))) / 9.258795449878079) - ((((X1  * X1 ) + 15.670055917530302) - 5.4499412539037575) - X1 )) / -4.014194200683306))) - 14.025806252281637)
Generation=26 Avg Fitness=8.184879448594955E10 Best Fitness=4619.722889137084 Avg Size=198.23178
Best Individual: ((X1  * ((4.75491264717715 * (X1  / (9.546848687970883 / (9.546848687970883 * (X1  - SIN(15.349797085498885)))))) + ((((((((COS((1.58902407258394 + X1 )) + 9.876515480537199) + (COS(((2.871697607425313 + SIN((9.546848687970883 + (-2.349516232676127 + ((((-2.6605342324202024 * 16.702526357180297) + 0.12689051372975246) - 0.4479510987052642) / X1 ))))) / X1 )) + 13.035499184395945)) - COS(6.732142277131901)) * X1 ) / 16.467133663271426) / 9.258795449878079) - ((((X1  * X1 ) + 15.670055917530302) - 5.4499412539037575) - X1 )) / -4.014194200683306))) - 14.025806252281637)
Generation=27 Avg Fitness=8.370561176119281E8 Best Fitness=3915.8227266539534 Avg Size=233.52174
Best Individual: (((SIN(14.588121908121785) + ((COS(1.7320463531261518) * (SIN((X1  - SIN(4.787557192570006))) + ((12.857663089419166 + X1 ) * X1 ))) - (-1.0825600365502024 * ((X1  * (X1  * 4.787557192570006)) + 0.4479510987052642)))) * X1 ) - 14.025806252281637)
Generation=28 Avg Fitness=1.7420410013731186E9 Best Fitness=2088.3512537044007 Avg Size=255.89294
Best Individual: ((X1  * ((4.75491264717715 * (X1  / (9.546848687970883 / (9.546848687970883 * (X1  - SIN(15.349797085498885)))))) + ((((X1  * 4.787557192570006) / 9.258795449878079) - ((((X1  * X1 ) + 15.670055917530302) - 5.4499412539037575) - X1 )) / -4.014194200683306))) - 14.025806252281637)
Generation=29 Avg Fitness=1.0115721060597906E9 Best Fitness=2088.3512537044007 Avg Size=268.68448
Best Individual: ((X1  * ((4.75491264717715 * (X1  / (9.546848687970883 / (9.546848687970883 * (X1  - SIN(15.349797085498885)))))) + ((((X1  * 4.787557192570006) / 9.258795449878079) - ((((X1  * X1 ) + 15.670055917530302) - 5.4499412539037575) - X1 )) / -4.014194200683306))) - 14.025806252281637)
Generation=30 Avg Fitness=3.37863921489742E10 Best Fitness=2088.3512537044007 Avg Size=315.22588
Best Individual: ((X1  * ((4.75491264717715 * (X1  / (9.546848687970883 / (9.546848687970883 * (X1  - SIN(15.349797085498885)))))) + ((((X1  * 4.787557192570006) / 9.258795449878079) - ((((X1  * X1 ) + 15.670055917530302) - 5.4499412539037575) - X1 )) / -4.014194200683306))) - 14.025806252281637)
Generation=31 Avg Fitness=9.683489380282327E8 Best Fitness=2088.3512537044007 Avg Size=448.14874
Best Individual: ((X1  * ((4.75491264717715 * (X1  / (9.546848687970883 / (9.546848687970883 * (X1  - SIN(15.349797085498885)))))) + ((((X1  * 4.787557192570006) / 9.258795449878079) - ((((X1  * X1 ) + 15.670055917530302) - 5.4499412539037575) - X1 )) / -4.014194200683306))) - 14.025806252281637)
Generation=32 Avg Fitness=2.0411839140872116E9 Best Fitness=1881.2197152687634 Avg Size=567.7224
Best Individual: ((X1  * ((4.75491264717715 * (X1  / (9.546848687970883 / (9.546848687970883 * (X1  - SIN(15.314303396719517)))))) + ((((-4.744744404467409 + COS(((X1  - -2.2581818899877177) * (COS(SIN(COS((-1.0825600365502024 - (((X1  * SIN(((9.909233493728696 + COS((-2.2581818899877177 - (((((4.787557192570006 + 15.670055917530302) - 16.45248768681325) - SIN(-4.192493277837098)) + 5.834669994624461) - ((((((SIN(2.8319264217131472) * ((X1  * ((((X1  * (X1  * 4.787557192570006)) + 9.258795449878079) * (X1  * 8.65518256517323)) * 4.787557192570006)) + 8.158709515687422)) + SIN(15.349797085498885)) - 16.45248768681325) - SIN((12.501977927930948 - (X1  * (X1  + COS((-2.6605342324202024 - (11.299620917165825 + ((15.111006495770333 + (X1  - SIN(15.349797085498885))) * 15.643515454274272))))))))) * 4.787557192570006) * ((X1  * (X1  * 4.787557192570006)) + 8.158709515687422)))))) - ((6.7943628578063215 * 1.58902407258394) * 14.778675984419444)))) - SIN(((X1  * (X1  * 4.787557192570006)) * (-1.0825600365502024 * X1 )))) - (-4.053057979567828 - (-4.744744404467409 + (SIN((-1.0956725140671306 * (X1  + ((((((SIN(COS((-2.6605342324202024 * 1.0401464229787543))) + (((-2.6605342324202024 / X1 ) - ((4.787557192570006 + 15.349797085498885) + X1 )) - (-4.192493277837098 * X1 ))) * X1 ) * X1 ) * 16.702526357180297) + COS(((((X1  * X1 ) + 15.670055917530302) - 5.4499412539037575) * ((X1  - 16.45248768681325) * (((COS((9.258795449878079 - 4.787557192570006)) + 15.670055917530302) - 5.4499412539037575) - 3.299623640809063))))) - COS(15.149709320441033))))) * COS(SIN((15.643515454274272 - X1 ))))))))))) + (X1  + ((X1  / SIN(-2.6605342324202024)) + (7.3142863046389905 + (SIN(9.258795449878079) * -1.0825600365502024)))))))) / 9.258795449878079) - ((((X1  * X1 ) + 15.670055917530302) - 5.4499412539037575) - X1 )) / -4.014194200683306))) - 14.025806252281637)
Generation=33 Avg Fitness=3.065780363409339E9 Best Fitness=1881.2197152687634 Avg Size=539.92464
Best Individual: ((X1  * ((4.75491264717715 * (X1  / (9.546848687970883 / (9.546848687970883 * (X1  - SIN(15.314303396719517)))))) + ((((-4.744744404467409 + COS(((X1  - -2.2581818899877177) * (COS(SIN(COS((-1.0825600365502024 - (((X1  * SIN(((9.909233493728696 + COS((-2.2581818899877177 - (((((4.787557192570006 + 15.670055917530302) - 16.45248768681325) - SIN(-4.192493277837098)) + 5.834669994624461) - ((((((SIN(2.8319264217131472) * ((X1  * ((((X1  * (X1  * 4.787557192570006)) + 9.258795449878079) * (X1  * 8.65518256517323)) * 4.787557192570006)) + 8.158709515687422)) + SIN(15.349797085498885)) - 16.45248768681325) - SIN((12.501977927930948 - (X1  * (X1  + COS((-2.6605342324202024 - (11.299620917165825 + ((15.111006495770333 + (X1  - SIN(15.349797085498885))) * 15.643515454274272))))))))) * 4.787557192570006) * ((X1  * (X1  * 4.787557192570006)) + 8.158709515687422)))))) - ((6.7943628578063215 * 1.58902407258394) * 14.778675984419444)))) - SIN(((X1  * (X1  * 4.787557192570006)) * (-1.0825600365502024 * X1 )))) - (-4.053057979567828 - (-4.744744404467409 + (SIN((-1.0956725140671306 * (X1  + ((((((SIN(COS((-2.6605342324202024 * 1.0401464229787543))) + (((-2.6605342324202024 / X1 ) - ((4.787557192570006 + 15.349797085498885) + X1 )) - (-4.192493277837098 * X1 ))) * X1 ) * X1 ) * 16.702526357180297) + COS(((((X1  * X1 ) + 15.670055917530302) - 5.4499412539037575) * ((X1  - 16.45248768681325) * (((COS((9.258795449878079 - 4.787557192570006)) + 15.670055917530302) - 5.4499412539037575) - 3.299623640809063))))) - COS(15.149709320441033))))) * COS(SIN((15.643515454274272 - X1 ))))))))))) + (X1  + ((X1  / SIN(-2.6605342324202024)) + (7.3142863046389905 + (SIN(9.258795449878079) * -1.0825600365502024)))))))) / 9.258795449878079) - ((((X1  * X1 ) + 15.670055917530302) - 5.4499412539037575) - X1 )) / -4.014194200683306))) - 14.025806252281637)
Generation=34 Avg Fitness=2.5780264000386777E9 Best Fitness=1311.9746153642693 Avg Size=464.8003
Best Individual: ((X1  * ((4.75491264717715 * (X1  / (9.546848687970883 / (9.546848687970883 * (X1  - SIN(15.349797085498885)))))) + (((((4.496854883472935 + 9.426012479374863) + COS(COS(SIN((((X1  / -1.0825600365502024) / ((2.871697607425313 - 15.670055917530302) * -1.0825600365502024)) + SIN((((COS(13.753942680144107) - SIN(X1 )) - (X1  * ((COS((16.467133663271426 - 8.158709515687422)) * 14.778675984419444) + X1 ))) * SIN((SIN(((X1  - SIN(15.349797085498885)) - SIN(9.867105260519768))) + 13.035499184395945))))))))) / X1 ) - ((((X1  * (X1  - SIN(15.349797085498885))) + 15.670055917530302) - 5.4499412539037575) - X1 )) / -4.014194200683306))) - 14.025806252281637)
Generation=35 Avg Fitness=7.052212000263662E9 Best Fitness=777.0246995102007 Avg Size=423.33386
Best Individual: ((X1  * ((4.75491264717715 * (X1  / (9.546848687970883 / (9.546848687970883 * (X1  - SIN(15.349797085498885)))))) + ((((-4.744744404467409 + COS(((X1  - -2.2581818899877177) * (COS(SIN(COS((-1.0825600365502024 - (((X1  * SIN((-1.0825600365502024 - ((6.7943628578063215 * 1.58902407258394) * (-1.0825600365502024 * ((X1  * (X1  * 4.787557192570006)) + (SIN((((16.933561873440937 + (15.314303396719517 - (X1  * (X1  / (9.426012479374863 / (9.546848687970883 * (X1  - SIN(COS((((X1  / -1.0825600365502024) / ((2.871697607425313 - ((X1  * X1 ) + 15.670055917530302)) * ((((15.149709320441033 + (-4.744744404467409 + 11.299620917165825)) / 16.702526357180297) + (((15.111006495770333 + COS((-2.6605342324202024 * 1.0401464229787543))) * 16.702526357180297) + (X1  - ((X1  - 10.84426413292359) / 1.0401464229787543)))) * ((((-3.6642653360008532 / 1.0401464229787543) + (9.426012479374863 * (((X1  * SIN(((9.909233493728696 + COS((-2.2581818899877177 - (14.588121908121785 / ((X1  * 13.035499184395945) - -3.4326393185382043))))) - (COS(9.426012479374863) * 12.857663089419166)))) - (COS(((14.025806252281637 * 6.776775623439775) - (6.56731387488086 * (X1  + (5.4499412539037575 * 9.198052175905993))))) * 9.680581793786784)) / (-2.349516232676127 + (7.3142863046389905 / 11.995600898523833))))) - 15.349797085498885) - 15.643515454274272)))) + SIN((((((3.299623640809063 - (4.496854883472935 + X1 )) / 1.0401464229787543) - 5.834669994624461) - (X1  * ((COS((16.467133663271426 - 8.158709515687422)) * 14.778675984419444) + (X1  + 15.670055917530302)))) * SIN((SIN(((16.933561873440937 + 9.546848687970883) - SIN(9.867105260519768))) + 13.035499184395945)))))))))))))) * X1 ) + 16.45248768681325)) + (-4.053057979567828 - (X1  / 8.158709515687422))))))))) - SIN((X1  * (-1.0825600365502024 * X1 )))) - (-4.053057979567828 - (-4.744744404467409 + (SIN((-1.0956725140671306 * ((-1.0825600365502024 + ((((10.84426413292359 * X1 ) * 16.702526357180297) + SIN(1.7320463531261518)) - 15.670055917530302)) + ((((((SIN((((15.314303396719517 - 7.3142863046389905) - (((8.158709515687422 - (16.933561873440937 - ((-4.846553358132553 - SIN(12.832271287472807)) + (COS((2.871697607425313 / (14.825210720691217 - SIN(X1 )))) - X1 )))) / 1.0401464229787543) + 9.867105260519768)) * X1 )) + (((-2.6605342324202024 / X1 ) - ((-1.7192166151071877 + 15.349797085498885) + X1 )) - (-1.0825600365502024 * (X1  + 8.158709515687422)))) * X1 ) * X1 ) * 16.702526357180297) + COS((3.912571677649378 * ((X1  - ((4.75491264717715 * (X1  / (9.426012479374863 / (9.546848687970883 * (X1  - SIN(X1 )))))) + (((X1  / 9.258795449878079) - ((((X1  * X1 ) + 9.546848687970883) - -1.0825600365502024) - 9.876515480537199)) / -4.014194200683306))) * X1 )))) - COS(15.149709320441033))))) * 6.4260774225223845)))))))) + (X1  + ((X1  / SIN(-2.6605342324202024)) + (7.3142863046389905 + 6.921458539037319))))))) / 9.258795449878079) - (((((X1  - SIN(15.349797085498885)) * X1 ) + 15.670055917530302) - 5.4499412539037575) - X1 )) / -4.014194200683306))) - 16.45248768681325)
Generation=36 Avg Fitness=2.4993805093098693E7 Best Fitness=693.9683423731142 Avg Size=404.95498
Best Individual: ((X1  * ((4.75491264717715 * (X1  / (9.546848687970883 / (9.546848687970883 * (X1  - SIN(15.349797085498885)))))) + ((-1.0825600365502024 - (((((X1  - SIN(15.349797085498885)) * X1 ) + 15.670055917530302) - 5.4499412539037575) - X1 )) / -4.014194200683306))) - 16.45248768681325)
Generation=37 Avg Fitness=2.5593123409312872E11 Best Fitness=693.9683423731142 Avg Size=389.04456
Best Individual: ((X1  * ((4.75491264717715 * (X1  / (9.546848687970883 / (9.546848687970883 * (X1  - SIN(15.349797085498885)))))) + ((-1.0825600365502024 - (((((X1  - SIN(15.349797085498885)) * X1 ) + 15.670055917530302) - 5.4499412539037575) - X1 )) / -4.014194200683306))) - 16.45248768681325)
Generation=38 Avg Fitness=4.430833178196263E7 Best Fitness=693.9683423731142 Avg Size=412.46848
Best Individual: ((X1  * ((4.75491264717715 * (X1  / (9.546848687970883 / (9.546848687970883 * (X1  - SIN(15.349797085498885)))))) + ((-1.0825600365502024 - (((((X1  - SIN(15.349797085498885)) * X1 ) + 15.670055917530302) - 5.4499412539037575) - X1 )) / -4.014194200683306))) - 16.45248768681325)
Generation=39 Avg Fitness=2.1267263072476828E11 Best Fitness=693.9683423731142 Avg Size=444.97964
Best Individual: ((X1  * ((4.75491264717715 * (X1  / (9.546848687970883 / (9.546848687970883 * (X1  - SIN(15.349797085498885)))))) + ((-1.0825600365502024 - (((((X1  - SIN(15.349797085498885)) * X1 ) + 15.670055917530302) - 5.4499412539037575) - X1 )) / -4.014194200683306))) - 16.45248768681325)
PROBLEM *NOT* SOLVED
