..\data\input\1_6__0_100.dat
-- TINY GP (Java version) --
SEED=-1
MAX_LEN=10000
POPSIZE=50000
DEPTH=5
CROSSOVER_PROB=0.9
PMUT_PER_NODE=0.05
MIN_RANDOM=-5.0
MAX_RANDOM=17.0
GENERATIONS=40
TSIZE=2
SOLVING_THRESHOLD=21.0
----------------------------------
Generation=0 Avg Fitness=3.1143874148807243E7 Best Fitness=9593453.555039473 Avg Size=7.01706
Best Individual: (11.377235680268164 + ((((1.2370811913279827 * 11.379882196927632) - SIN(3.3391742257466817)) * (X1  * 15.438828750126419)) - 12.294660186505475))
Generation=1 Avg Fitness=3.915937077795551E7 Best Fitness=6368234.040608796 Avg Size=7.54916
Best Individual: (3.9109024539258055 - ((4.5036642255086825 - 6.845402506308771) - (X1  * (X2  * ((8.74304807535352 - 6.712112521257298) + 1.2370811913279827)))))
Generation=2 Avg Fitness=3.672193615375976E7 Best Fitness=6357155.811063933 Avg Size=9.58544
Best Individual: (((3.9109024539258055 - ((5.911369872693532 - 6.845402506308771) - (X1  * (X2  * ((8.74304807535352 - 6.712112521257298) + 1.2370811913279827))))) + 11.379882196927632) + SIN(COS((6.757169509466625 - 8.986351276854691))))
Generation=3 Avg Fitness=6.909242947246253E7 Best Fitness=4607182.727759263 Avg Size=12.49522
Best Individual: (3.9109024539258055 - (6.008386218710429 - (X1  * (X2  * ((9.480987346087241 - 6.712112521257298) + 1.2370811913279827)))))
Generation=4 Avg Fitness=1.9451786998007843E8 Best Fitness=4342008.631999456 Avg Size=15.30304
Best Individual: (((((11.507385534140273 - (7.592482554392676 + 1.8124561860011434)) * 7.442056598563749) / (((5.25351909977492 * 5.801714543480735) / 6.113854148719772) + SIN(1.5684913801194007))) + (X1  * 9.816390974620235)) * ((((8.986351276854691 - -2.535345659987497) + 6.488582965249876) + (8.74304807535352 * X2 )) / ((-3.0413493554759694 * (-4.092771576514203 + 12.37920657804629)) * COS((11.498595581645002 * -3.0413493554759694)))))
Generation=5 Avg Fitness=2.925977662625606E8 Best Fitness=3845194.039759688 Avg Size=17.8027
Best Individual: (((15.53640240746152 + 13.199916486605368) * X1 ) + ((-3.0961401994134383 - ((5.911369872693532 - 6.845402506308771) - (X1  * (X2  * ((8.74304807535352 - 6.712112521257298) + 1.2370811913279827))))) + 2.783378712771671))
Generation=6 Avg Fitness=8.049082934724432E8 Best Fitness=2174331.5909232246 Avg Size=20.3064
Best Individual: ((5.801714543480735 * (X1  * 14.565934328774183)) - ((5.327158760777431 * (8.573098356073272 * 16.424411787533028)) - (X1  * (X2  * ((((COS(11.507385534140273) - -4.24557632915101) + (16.090024545094742 / 4.3666653076649045)) - 6.712112521257298) + 1.2370811913279827)))))
Generation=7 Avg Fitness=7.011221005280999E9 Best Fitness=2174331.5909232246 Avg Size=23.235
Best Individual: ((5.801714543480735 * (X1  * 14.565934328774183)) - ((5.327158760777431 * (8.573098356073272 * 16.424411787533028)) - (X1  * (X2  * ((((COS(11.507385534140273) - -4.24557632915101) + (16.090024545094742 / 4.3666653076649045)) - 6.712112521257298) + 1.2370811913279827)))))
Generation=8 Avg Fitness=5.424509216172647E10 Best Fitness=2174331.5909232246 Avg Size=26.48082
Best Individual: ((5.801714543480735 * (X1  * 14.565934328774183)) - ((5.327158760777431 * (8.573098356073272 * 16.424411787533028)) - (X1  * (X2  * ((((COS(11.507385534140273) - -4.24557632915101) + (16.090024545094742 / 4.3666653076649045)) - 6.712112521257298) + 1.2370811913279827)))))
Generation=9 Avg Fitness=7.164603140070844E11 Best Fitness=2174331.5909232246 Avg Size=29.77948
Best Individual: ((5.801714543480735 * (X1  * 14.565934328774183)) - ((5.327158760777431 * (8.573098356073272 * 16.424411787533028)) - (X1  * (X2  * ((((COS(11.507385534140273) - -4.24557632915101) + (16.090024545094742 / 4.3666653076649045)) - 6.712112521257298) + 1.2370811913279827)))))
Generation=10 Avg Fitness=9.462490072268645E10 Best Fitness=1929102.343624436 Avg Size=32.7471
Best Individual: ((5.801714543480735 * (X1  * 14.565934328774183)) - ((5.327158760777431 * (12.294660186505475 * 16.424411787533028)) - (X1  * (X2  * ((((COS(11.507385534140273) - -4.24557632915101) + (16.090024545094742 / 4.3666653076649045)) - 6.712112521257298) + 1.2370811913279827)))))
Generation=11 Avg Fitness=2.234428409833767E11 Best Fitness=872600.07 Avg Size=36.16484
Best Individual: (((X1  + (X2  + X2 )) + X2 ) * X1 )
Generation=12 Avg Fitness=6.282985518222418E10 Best Fitness=872600.07 Avg Size=41.17714
Best Individual: (((X1  + (X2  + X2 )) + X2 ) * X1 )
Generation=13 Avg Fitness=1.2528045628165461E12 Best Fitness=872600.07 Avg Size=47.75068
Best Individual: (((X1  + (X2  + X2 )) + X2 ) * X1 )
Generation=14 Avg Fitness=1.4976224297472758E13 Best Fitness=872600.07 Avg Size=55.61676
Best Individual: (((X1  + (X2  + X2 )) + X2 ) * X1 )
Generation=15 Avg Fitness=1.6244435888993381E12 Best Fitness=706694.9041842778 Avg Size=63.99856
Best Individual: (X1  * (((10.059880112531708 / 4.9121393530782935) * X2 ) + ((((X1  + (-1.801339313601006 + X2 )) * 11.377235680268164) / 13.192680014224425) + (1.8124561860011434 + 8.986351276854691))))
Generation=16 Avg Fitness=1.295580186210832E12 Best Fitness=706694.9041842778 Avg Size=73.08444
Best Individual: (X1  * (((10.059880112531708 / 4.9121393530782935) * X2 ) + ((((X1  + (-1.801339313601006 + X2 )) * 11.377235680268164) / 13.192680014224425) + (1.8124561860011434 + 8.986351276854691))))
Generation=17 Avg Fitness=3.7964035218405747E12 Best Fitness=706694.9041842778 Avg Size=84.76444
Best Individual: (X1  * (((10.059880112531708 / 4.9121393530782935) * X2 ) + ((((X1  + (-1.801339313601006 + X2 )) * 11.377235680268164) / 13.192680014224425) + (1.8124561860011434 + 8.986351276854691))))
Generation=18 Avg Fitness=2.1642602992248172E14 Best Fitness=470045.3118988592 Avg Size=98.5652
Best Individual: ((X1  * (X2  * 3.9109024539258055)) + ((((-2.535345659987497 - X2 ) + X1 ) * X1 ) - (X2  - (6.712112521257298 * 1.2370811913279827))))
Generation=19 Avg Fitness=3.500610849933965E16 Best Fitness=316497.18794918415 Avg Size=110.27364
Best Individual: ((X1  * (X2  * 3.9109024539258055)) + ((((SIN(4.624759040711956) - X2 ) + X1 ) * X1 ) - (X2  - (X1  * 1.2370811913279827))))
Generation=20 Avg Fitness=7.519347677204649E14 Best Fitness=316497.18794918415 Avg Size=119.8822
Best Individual: ((X1  * (X2  * 3.9109024539258055)) + ((((SIN(4.624759040711956) - X2 ) + X1 ) * X1 ) - (X2  - (X1  * 1.2370811913279827))))
Generation=21 Avg Fitness=3.1494940395048735E15 Best Fitness=316497.18794918415 Avg Size=128.73328
Best Individual: ((X1  * (X2  * 3.9109024539258055)) + ((((SIN(4.624759040711956) - X2 ) + X1 ) * X1 ) - (X2  - (X1  * 1.2370811913279827))))
Generation=22 Avg Fitness=4.900214865752517E17 Best Fitness=273808.2109742124 Avg Size=137.32012
Best Individual: ((X1  * (X2  * 3.9109024539258055)) + ((((SIN(5.229048676076211) - X2 ) + X1 ) * ((X1  - 4.735612810757331) + ((3.9109024539258055 - SIN((8.986351276854691 * 1.5684913801194007))) + 6.757169509466625))) - (12.438957336226906 - 12.294660186505475)))
Generation=23 Avg Fitness=4.899157804554409E17 Best Fitness=196732.68138343035 Avg Size=139.68386
Best Individual: ((X1  * (X2  * 3.9109024539258055)) + ((((COS(6.712112521257298) - X2 ) + X1 ) * ((X1  - 4.735612810757331) + 9.480987346087241)) - (COS(11.780210907721806) - (14.565934328774183 * ((((COS((-4.092771576514203 - 0.40507155114557225)) - 15.438828750126419) + 6.845402506308771) + -2.506025919420452) - SIN(13.192680014224425))))))
Generation=24 Avg Fitness=1.4914171908671193E19 Best Fitness=99366.87854032611 Avg Size=139.6509
Best Individual: ((X1  * (X1  - (X2  * (1.2370811913279827 - 4.256066816162601)))) + ((COS((15.601054348936287 + (8.573098356073272 * 0.40507155114557225))) * 8.573098356073272) - ((COS(13.199916486605368) * ((6.712112521257298 * 5.911369872693532) - (((0.41954899450992045 + 10.059880112531708) / -3.0961401994134383) - 11.780210907721806))) - (((6.757169509466625 * (2.783378712771671 - ((X2  - 5.25351909977492) + SIN((12.294660186505475 + (3.9109024539258055 - 13.710995202207233)))))) * (16.59605813821351 / 12.37920657804629)) - 6.362047996291913))))
Generation=25 Avg Fitness=6.257945640076914E16 Best Fitness=79943.41632846757 Avg Size=148.74356
Best Individual: ((X1  * (X1  - (X2  * (1.2370811913279827 - 4.256066816162601)))) + ((COS((15.601054348936287 + (8.573098356073272 * 0.40507155114557225))) * 8.573098356073272) - ((COS(13.199916486605368) * ((11.780210907721806 * 5.911369872693532) - ((8.986351276854691 / -3.0961401994134383) - 11.780210907721806))) - (((6.757169509466625 * (2.783378712771671 - ((X2  - 5.25351909977492) + X2 ))) * (6.757169509466625 / 12.37920657804629)) - 6.362047996291913))))
Generation=26 Avg Fitness=6.238387117517132E15 Best Fitness=79943.41632846757 Avg Size=158.9309
Best Individual: ((X1  * (X1  - (X2  * (1.2370811913279827 - 4.256066816162601)))) + ((COS((15.601054348936287 + (8.573098356073272 * 0.40507155114557225))) * 8.573098356073272) - ((COS(13.199916486605368) * ((11.780210907721806 * 5.911369872693532) - ((8.986351276854691 / -3.0961401994134383) - 11.780210907721806))) - (((6.757169509466625 * (2.783378712771671 - ((X2  - 5.25351909977492) + X2 ))) * (6.757169509466625 / 12.37920657804629)) - 6.362047996291913))))
Generation=27 Avg Fitness=2.5837692532847027E18 Best Fitness=79688.01083707521 Avg Size=163.27192
Best Individual: ((X1  * (X1  - (X2  * (1.2370811913279827 - 4.256066816162601)))) + ((COS((15.601054348936287 + (8.573098356073272 * 0.40507155114557225))) * 8.573098356073272) - ((COS(((6.974520863387918 * 7.314030509301173) - 1.198162412491996)) * ((11.780210907721806 * 5.911369872693532) - ((1.2370811913279827 - 9.728392870587225) * -3.372236803688309))) - (((6.757169509466625 * (2.783378712771671 - ((X2  - 5.25351909977492) + X2 ))) * COS(SIN(4.624759040711956))) - 6.362047996291913))))
Generation=28 Avg Fitness=1.1134221646905651E22 Best Fitness=67765.73203371654 Avg Size=173.2266
Best Individual: ((X1  * (X1  - (X2  * (1.2370811913279827 - 4.256066816162601)))) + ((COS((15.601054348936287 + (8.573098356073272 * 0.40507155114557225))) * 11.498595581645002) - ((COS(13.199916486605368) * ((11.780210907721806 * 5.911369872693532) - (((0.41954899450992045 + 7.442056598563749) / 4.9121393530782935) - 7.314030509301173))) - (((6.757169509466625 * (2.783378712771671 - ((X2  - 5.25351909977492) + SIN((11.377235680268164 + ((COS((5.974581313963721 / (X2  * 3.9109024539258055))) - ((((1.198162412491996 - X2 ) + X1 ) * ((X1  - (12.294660186505475 - 12.33140103424233)) + 3.9109024539258055)) - ((X2  - X2 ) - SIN((5.974581313963721 / 12.37920657804629))))) * COS(16.090024545094742))))))) * (16.464511718889703 / 13.710995202207233)) - COS((-1.801339313601006 + 5.327158760777431))))))
Generation=29 Avg Fitness=4.084198620924297E22 Best Fitness=62867.87791750925 Avg Size=179.69244
Best Individual: ((X1  * (X1  - (X2  * (1.2370811913279827 - 4.256066816162601)))) + ((COS(SIN(5.229048676076211)) * 13.199916486605368) - ((COS(13.199916486605368) * ((11.780210907721806 * 5.911369872693532) - (((0.41954899450992045 + 10.059880112531708) / -3.0961401994134383) - 11.780210907721806))) - (((10.059880112531708 * (2.783378712771671 - ((X2  - 5.25351909977492) + SIN((COS(6.493347534086796) + (COS(3.9109024539258055) + X1 )))))) * COS(SIN(0.7473969275235053))) - 6.362047996291913))))
Generation=30 Avg Fitness=1.1134221633108446E22 Best Fitness=39800.62252939811 Avg Size=180.07498
Best Individual: ((X1  * (X1  - (X2  * (1.2370811913279827 - 4.256066816162601)))) + ((COS((8.658168233902686 + (8.573098356073272 * COS(((8.573098356073272 + (((1.2370811913279827 / (10.059880112531708 * 0.40507155114557225)) * (COS(((SIN((8.986351276854691 * ((1.8124561860011434 + ((X1  * 8.986351276854691) - 1.198162412491996)) * ((X1  * (((1.2370811913279827 - 9.728392870587225) * -3.372236803688309) - (X2  * ((8.658168233902686 / 7.592482554392676) - 4.256066816162601)))) + (X2  - (1.198162412491996 * (4.256066816162601 + 6.757169509466625))))))) - SIN((12.37920657804629 * SIN(COS(9.30438364423298))))) - 5.327158760777431)) + 12.294660186505475)) - (X2  * 3.9109024539258055))) / (X1  * (X2  * 3.9109024539258055))))))) * 8.573098356073272) - ((COS((X1  - (X2  * ((6.0075250009426195 / 7.592482554392676) - 3.9109024539258055)))) * 2.515564220796258) - (((6.757169509466625 * (2.783378712771671 - ((X2  - 5.25351909977492) + SIN((12.294660186505475 + (3.9109024539258055 - 13.710995202207233)))))) * (16.59605813821351 / 12.37920657804629)) - ((SIN(((COS((15.601054348936287 - ((X1  - (12.294660186505475 - 12.33140103424233)) + 3.9109024539258055))) - ((10.059880112531708 - SIN((0.15572160943620617 * (X2  * 8.986351276854691)))) + (COS((15.601054348936287 - (6.488582965249876 + (-1.6421297112148387 * X2 )))) - 4.735612810757331))) * ((12.33140103424233 - X1 ) + SIN(COS(SIN(4.624759040711956)))))) - X2 ) + X1 )))))
Generation=31 Avg Fitness=1.1134248752175284E22 Best Fitness=36163.38255850119 Avg Size=181.3868
Best Individual: ((X1  * (X1  - (X2  * (1.2370811913279827 - 4.256066816162601)))) + ((COS(((((10.246513080356031 * (10.246513080356031 + (6.757169509466625 * (X1  - ((X2  - 11.498595581645002) + SIN((((((X1  * ((8.74304807535352 + 9.480987346087241) + 5.25351909977492)) + ((((((((11.498595581645002 + 1.8124561860011434) + (13.192680014224425 - COS(6.757169509466625))) + COS(16.090024545094742)) * X1 ) + SIN(5.229048676076211)) * 12.294660186505475) * 8.658168233902686) + 12.37920657804629)) - COS((COS(11.780210907721806) / 16.899511521077653))) - (13.710995202207233 * (15.294475317423153 + 11.498595581645002))) + 1.8124561860011434))))))) + (12.438957336226906 + 9.816390974620235)) * 8.658168233902686) + (-2.4828475053181673 * 0.40507155114557225))) * 8.573098356073272) - (((9.480987346087241 - X2 ) + X1 ) - (((6.757169509466625 * (2.783378712771671 - ((X2  - 5.25351909977492) + SIN((12.294660186505475 + (3.9109024539258055 - 13.710995202207233)))))) * (16.59605813821351 / 12.37920657804629)) - 6.362047996291913))))
Generation=32 Avg Fitness=1.5450093550264752E15 Best Fitness=35827.42577280658 Avg Size=181.96436
Best Individual: ((X1  * (X1  - (X2  * (1.2370811913279827 - 4.256066816162601)))) + ((COS(((((10.246513080356031 * (10.246513080356031 + (6.757169509466625 * (X1  - ((X2  - 11.498595581645002) + SIN((((((X1  * ((8.74304807535352 + 9.480987346087241) + 5.25351909977492)) + ((((((((11.498595581645002 + 1.8124561860011434) + (13.192680014224425 - COS(6.757169509466625))) + COS((COS(16.899511521077653) / 11.507385534140273))) * X1 ) + SIN(5.229048676076211)) * 12.294660186505475) * 8.658168233902686) + 12.37920657804629)) - COS((COS(11.780210907721806) / 16.899511521077653))) - (13.710995202207233 * (15.294475317423153 + (((((X1  * (X2  * 3.9109024539258055)) + X1 ) + (1.8124561860011434 + (3.9109024539258055 - 1.198162412491996))) + 2.783378712771671) - ((13.018952382146065 - 2.980109573629589) * 1.2370811913279827))))) + 1.8124561860011434))))))) + (12.438957336226906 + 9.816390974620235)) * 8.658168233902686) + ((COS(13.199916486605368) * ((11.780210907721806 * 5.911369872693532) - (((0.41954899450992045 + 11.507385534140273) / -3.0961401994134383) - 11.780210907721806))) * 0.40507155114557225))) * 8.573098356073272) - (((9.480987346087241 - X2 ) + X1 ) - (((6.757169509466625 * (2.783378712771671 - ((X2  - 5.25351909977492) + SIN((12.294660186505475 + (3.9109024539258055 - 13.710995202207233)))))) * (16.59605813821351 / 12.37920657804629)) - 6.362047996291913))))
Generation=33 Avg Fitness=8.414623482915105E13 Best Fitness=35594.53651448815 Avg Size=183.77048
Best Individual: ((X1  * (X1  - (X2  * (1.2370811913279827 - 4.256066816162601)))) + ((0.7473969275235053 * X2 ) - (X1  - (((6.757169509466625 * (2.783378712771671 - ((X2  - 5.25351909977492) + SIN((12.294660186505475 + (3.9109024539258055 - ((3.9109024539258055 - SIN(14.565934328774183)) + 9.480987346087241))))))) * (16.59605813821351 / 12.37920657804629)) - 6.362047996291913))))
Generation=34 Avg Fitness=3.0870864813204256E17 Best Fitness=31538.95528736902 Avg Size=192.84098
Best Individual: ((X1  * (X1  - (X2  * (1.2370811913279827 - 4.256066816162601)))) + ((COS((15.601054348936287 + (8.573098356073272 * 0.40507155114557225))) * 8.573098356073272) - ((X1  - ((X2  - 11.498595581645002) + SIN((((((X1  * ((8.74304807535352 + 9.480987346087241) + SIN(13.192680014224425))) + ((((((((11.498595581645002 + 1.8124561860011434) + (13.192680014224425 - COS(6.757169509466625))) + COS((COS(16.899511521077653) / 11.507385534140273))) * X1 ) + -2.4828475053181673) * 12.294660186505475) * 8.658168233902686) + 12.37920657804629)) - COS((COS(11.780210907721806) / 16.899511521077653))) - ((16.464511718889703 / ((1.2370811913279827 - 4.256066816162601) * ((12.294660186505475 * (X1  * 14.565934328774183)) * 15.510481616394674))) * (15.294475317423153 + 11.498595581645002))) + 1.8124561860011434)))) - (((6.757169509466625 * (2.783378712771671 - ((X2  - 5.25351909977492) + SIN((12.294660186505475 + (3.9109024539258055 - 13.710995202207233)))))) * (16.59605813821351 / 12.37920657804629)) - 6.362047996291913))))
Generation=35 Avg Fitness=2.708102191602066E14 Best Fitness=31538.95528736902 Avg Size=216.09238
Best Individual: ((X1  * (X1  - (X2  * (1.2370811913279827 - 4.256066816162601)))) + ((COS((15.601054348936287 + (8.573098356073272 * 0.40507155114557225))) * 8.573098356073272) - ((X1  - ((X2  - 11.498595581645002) + SIN((((((X1  * ((8.74304807535352 + 9.480987346087241) + SIN(13.192680014224425))) + ((((((((11.498595581645002 + 1.8124561860011434) + (13.192680014224425 - COS(6.757169509466625))) + COS((COS(16.899511521077653) / 11.507385534140273))) * X1 ) + -2.4828475053181673) * 12.294660186505475) * 8.658168233902686) + 12.37920657804629)) - COS((COS(11.780210907721806) / 16.899511521077653))) - ((16.464511718889703 / ((1.2370811913279827 - 4.256066816162601) * ((12.294660186505475 * (X1  * 14.565934328774183)) * 15.510481616394674))) * (15.294475317423153 + 11.498595581645002))) + 1.8124561860011434)))) - (((6.757169509466625 * (2.783378712771671 - ((X2  - 5.25351909977492) + SIN((12.294660186505475 + (3.9109024539258055 - 13.710995202207233)))))) * (16.59605813821351 / 12.37920657804629)) - 6.362047996291913))))
Generation=36 Avg Fitness=5.937632044849677E15 Best Fitness=31333.084594590033 Avg Size=243.87418
Best Individual: ((X1  * (X1  - (X2  * (1.2370811913279827 - 4.256066816162601)))) + ((SIN(4.624759040711956) * 8.573098356073272) - ((COS((5.327158760777431 - (X2  * ((6.0075250009426195 / 7.592482554392676) - 3.9109024539258055)))) * 2.515564220796258) - (((6.757169509466625 * (2.783378712771671 - ((X2  - 5.25351909977492) + SIN((12.294660186505475 + (3.9109024539258055 - 13.710995202207233)))))) * (16.59605813821351 / 12.37920657804629)) - ((SIN(((COS((15.601054348936287 - ((X1  - (12.294660186505475 - 12.33140103424233)) + 3.9109024539258055))) - ((10.059880112531708 - SIN((0.15572160943620617 * (X2  * 8.986351276854691)))) + (COS((15.601054348936287 - (6.488582965249876 + (-1.6421297112148387 * X2 )))) - 4.735612810757331))) * ((12.33140103424233 - X1 ) + SIN(COS(SIN(4.624759040711956)))))) - X2 ) + X1 )))))
Generation=37 Avg Fitness=4.877876796463757E14 Best Fitness=31260.987368568276 Avg Size=252.0428
Best Individual: ((X1  * (X1  - (X2  * (1.2370811913279827 - 4.256066816162601)))) + ((COS((8.658168233902686 + (8.573098356073272 * COS(((8.573098356073272 + (((1.2370811913279827 / (10.059880112531708 * 0.40507155114557225)) * (COS(((SIN((8.986351276854691 * ((1.8124561860011434 + ((X1  * 8.986351276854691) - 1.198162412491996)) * ((X1  * 1.2370811913279827) + (X2  - (1.198162412491996 * (4.256066816162601 + 6.757169509466625))))))) - SIN((12.37920657804629 * -3.372236803688309))) - 5.327158760777431)) + 12.294660186505475)) - (COS(((X1  - (12.294660186505475 - 5.801714543480735)) + ((COS((2.783378712771671 / 2.515564220796258)) - ((3.9109024539258055 - SIN((8.986351276854691 * (0.41954899450992045 * (7.314030509301173 + (((8.658168233902686 * ((SIN(9.816390974620235) + (8.658168233902686 * (11.507385534140273 / 0.7473969275235053))) + 11.780210907721806)) * ((9.480987346087241 - X2 ) + 15.096593255746598)) - ((-1.801339313601006 + 5.327158760777431) * ((11.379882196927632 * (15.438828750126419 * (6.008386218710429 + 8.085602936460111))) + (2.980109573629589 - (((6.757169509466625 * (2.783378712771671 - ((X2  - 5.25351909977492) + 3.9109024539258055))) * (5.974581313963721 / 12.37920657804629)) - 6.362047996291913)))))))))) + 9.480987346087241)) * ((X2  - (COS((9.480987346087241 * (COS(6.493347534086796) + (X1  * 14.565934328774183)))) + X1 )) + SIN(((X2  * 15.096593255746598) + SIN(((X1  * X1 ) * 1.198162412491996)))))))) * 3.9109024539258055))) / (X1  * (X2  * 3.9109024539258055))))))) * 8.573098356073272) - (12.37920657804629 - (((6.757169509466625 * (2.783378712771671 - ((X2  - 5.25351909977492) + SIN((12.294660186505475 + (3.9109024539258055 - SIN((12.294660186505475 + (3.9109024539258055 - 13.710995202207233))))))))) * (16.59605813821351 / 12.37920657804629)) - ((2.783378712771671 - X2 ) + X1 )))))
Generation=38 Avg Fitness=9.793573859969446E11 Best Fitness=30563.247124615795 Avg Size=251.42594
Best Individual: ((X1  * (X1  - (X2  * (1.2370811913279827 - 4.256066816162601)))) + ((COS((8.658168233902686 + (8.573098356073272 * COS(((((X2  * 3.9109024539258055) - X2 ) + (((1.2370811913279827 / (10.059880112531708 * 0.40507155114557225)) * (COS(((SIN((8.986351276854691 * ((1.8124561860011434 + ((X1  * 8.986351276854691) - 1.198162412491996)) * ((X1  * 1.2370811913279827) + (X2  - (1.198162412491996 * X1 )))))) - SIN((12.37920657804629 * -3.372236803688309))) - 5.327158760777431)) + 12.294660186505475)) - (COS(((X1  - (12.294660186505475 - 5.801714543480735)) + ((COS((2.783378712771671 / 2.515564220796258)) - ((3.9109024539258055 - SIN((8.986351276854691 * (0.41954899450992045 * (7.314030509301173 + (((8.658168233902686 * ((0.15572160943620617 * (X2  * 8.986351276854691)) + 11.780210907721806)) * ((9.480987346087241 - X2 ) + 15.096593255746598)) - ((-1.801339313601006 + 5.327158760777431) * 5.327158760777431))))))) + 9.480987346087241)) * ((X2  - (COS((9.480987346087241 * (COS(6.493347534086796) + (X1  * 14.565934328774183)))) + X1 )) + SIN(((X2  * 15.096593255746598) + SIN(((X1  * X1 ) * 1.198162412491996)))))))) * 3.9109024539258055))) / (2.234755123248342 * ((3.7759143807729227 * X1 ) + 16.090024545094742))))))) * 8.573098356073272) - (12.37920657804629 - (((6.757169509466625 * (2.783378712771671 - ((X2  - 5.25351909977492) + SIN((12.294660186505475 + (3.9109024539258055 - SIN((12.294660186505475 + (3.9109024539258055 - 13.710995202207233))))))))) * (16.59605813821351 / 12.37920657804629)) - ((SIN((((COS((5.974581313963721 / 12.294660186505475)) + (X1  * (COS((16.59605813821351 * 7.314030509301173)) + 10.246513080356031))) - ((10.059880112531708 - SIN((0.15572160943620617 * (X2  * 6.757169509466625)))) + (COS((15.601054348936287 - (6.488582965249876 + (-1.6421297112148387 * X2 )))) - 4.735612810757331))) * ((12.33140103424233 - X1 ) + SIN(COS(SIN(4.624759040711956)))))) - X2 ) + X1 )))))
Generation=39 Avg Fitness=7.202858935723353E12 Best Fitness=29311.173828014373 Avg Size=260.347
Best Individual: ((X1  * (X1  - (X2  * (1.2370811913279827 - 4.256066816162601)))) + ((COS((8.658168233902686 + (8.573098356073272 * COS(((((X2  * 3.9109024539258055) - 5.327158760777431) + (((1.2370811913279827 / (10.059880112531708 * 0.40507155114557225)) * (COS(((SIN((8.986351276854691 * ((1.8124561860011434 + ((X1  * 8.986351276854691) - 1.198162412491996)) * ((X1  * 1.2370811913279827) + (X2  - (1.198162412491996 * X1 )))))) - SIN((12.37920657804629 * -3.372236803688309))) - 5.327158760777431)) + 12.294660186505475)) - (COS(((X1  - (12.294660186505475 - 5.801714543480735)) + ((COS((2.783378712771671 / 2.515564220796258)) - ((3.9109024539258055 - SIN((8.986351276854691 * (0.41954899450992045 * (7.314030509301173 + (((8.658168233902686 * ((SIN(9.816390974620235) + (8.658168233902686 * (11.507385534140273 / 0.7473969275235053))) + 11.780210907721806)) * ((9.480987346087241 - X2 ) + 15.096593255746598)) - ((-1.801339313601006 + 5.327158760777431) * 5.327158760777431))))))) + 9.480987346087241)) * ((X2  - (COS((9.480987346087241 * (COS(6.493347534086796) + (X1  * 14.565934328774183)))) + X1 )) + SIN(((X2  * 15.096593255746598) + SIN(((X1  * X1 ) * 1.198162412491996)))))))) * 3.9109024539258055))) / (2.234755123248342 * ((3.7759143807729227 * X1 ) + 16.090024545094742))))))) * 8.573098356073272) - (12.37920657804629 - (((6.757169509466625 * (2.783378712771671 - ((X2  - 5.25351909977492) + SIN((12.294660186505475 + (3.9109024539258055 - SIN((12.294660186505475 + (3.9109024539258055 - 13.710995202207233))))))))) * (16.59605813821351 / 12.37920657804629)) - ((SIN((((COS(((((COS(((6.0075250009426195 / 7.592482554392676) - 4.256066816162601)) - ((3.9109024539258055 - SIN((8.986351276854691 * ((9.480987346087241 + ((6.974520863387918 * ((SIN(9.816390974620235) + (8.658168233902686 * ((X2  * ((-0.6345093583290478 / 7.592482554392676) - 4.256066816162601)) / 0.7473969275235053))) - (COS(((SIN(6.493347534086796) * ((X2  - (COS(((7.314030509301173 + 8.986351276854691) * 1.8124561860011434)) + X1 )) + SIN(5.229048676076211))) * (((COS((16.464511718889703 / 12.37920657804629)) - ((3.9109024539258055 - SIN((8.986351276854691 * ((COS((COS(16.899511521077653) / 11.507385534140273)) + (11.377235680268164 - 1.198162412491996)) * (7.314030509301173 + (((((3.9109024539258055 - SIN(8.573098356073272)) + 9.480987346087241) * ((SIN(9.816390974620235) + 2.234755123248342) + 11.780210907721806)) * (14.565934328774183 + 3.9109024539258055)) - (1.198162412491996 * (X2  * (9.480987346087241 + X1 ))))))))) + 9.480987346087241)) * X1 ) + X1 ))) + X1 ))) - 1.198162412491996)) * (7.314030509301173 + (8.085602936460111 * 0.15572160943620617)))))) + 9.480987346087241)) * ((X2  - (COS((9.480987346087241 * (COS(10.059880112531708) + X1 ))) + X1 )) + SIN(5.229048676076211))) * 3.3391742257466817) - 6.362047996291913)) + (X1  * (COS((16.59605813821351 * 7.314030509301173)) + 10.246513080356031))) - ((10.059880112531708 - SIN((0.15572160943620617 * (X2  * 6.757169509466625)))) + (COS((15.601054348936287 - (6.488582965249876 + (-1.6421297112148387 * X2 )))) - 4.735612810757331))) * ((12.33140103424233 - X1 ) + SIN(COS(SIN(4.624759040711956)))))) - X2 ) + X1 )))))
PROBLEM *NOT* SOLVED
