..\data\input\1_1__-1_1.dat
-- TINY GP (Java version) --
SEED=-1
MAX_LEN=10000
POPSIZE=75000
DEPTH=5
CROSSOVER_PROB=0.9
PMUT_PER_NODE=0.05
MIN_RANDOM=-5.0
MAX_RANDOM=17.0
GENERATIONS=40
TSIZE=2
SOLVING_THRESHOLD=0.42
----------------------------------
Generation=0 Avg Fitness=192556.40266305092 Best Fitness=427.5121989105432 Avg Size=10.986506666666667
Best Individual: (((-3.1896097485892945 * SIN((X1  * -2.2677196264643085))) + SIN(-1.623631792348485)) - 14.700860041974277)
Generation=1 Avg Fitness=120314.02775648667 Best Fitness=427.5121989105432 Avg Size=11.756106666666666
Best Individual: (((-3.1896097485892945 * SIN((X1  * -2.2677196264643085))) + SIN(-1.623631792348485)) - 14.700860041974277)
Generation=2 Avg Fitness=25920.42098125906 Best Fitness=426.51436015397593 Avg Size=13.36728
Best Individual: (((((9.191594676657424 + 9.258533592585266) * COS(6.343668712451603)) - 10.474933634957699) / 5.452200724153309) * (X1  - 11.294643021913771))
Generation=3 Avg Fitness=26515.20950727576 Best Fitness=202.59839501330234 Avg Size=15.85176
Best Individual: ((((9.548697227403498 * SIN(7.747307867012591)) - 5.444293083250836) - (0.8878480527566008 + (-4.355061734979361 * X1 ))) + (-4.931903663831072 - (1.7323489581740974 + 14.266126052272998)))
Generation=4 Avg Fitness=85828.89392618263 Best Fitness=202.59839501330234 Avg Size=19.37568
Best Individual: ((((9.548697227403498 * SIN(7.747307867012591)) - 5.444293083250836) - (0.8878480527566008 + (-4.355061734979361 * X1 ))) + (-4.931903663831072 - (1.7323489581740974 + 14.266126052272998)))
Generation=5 Avg Fitness=9465.791219129485 Best Fitness=165.77213851660434 Avg Size=23.60272
Best Individual: ((((9.548697227403498 * SIN(7.747307867012591)) - 5.444293083250836) - (0.8878480527566008 + (-4.931903663831072 * X1 ))) + (-4.931903663831072 - (1.7323489581740974 + 14.266126052272998)))
Generation=6 Avg Fitness=39084.02338066259 Best Fitness=158.00667660510436 Avg Size=28.0172
Best Individual: (((((3.8639441899771203 - -2.206459925682279) - COS(11.236468289051775)) * X1 ) - 10.784244346506254) - 7.12067830678123)
Generation=7 Avg Fitness=44542.26400689193 Best Fitness=158.00667660510436 Avg Size=31.60184
Best Individual: (((((3.8639441899771203 - -2.206459925682279) - COS(11.236468289051775)) * X1 ) - 10.784244346506254) - 7.12067830678123)
Generation=8 Avg Fitness=85493.697415498 Best Fitness=149.13638365579152 Avg Size=34.89368
Best Individual: (-1.623631792348485 + (((X1  * 5.452200724153309) - 16.452276977483763) - (0.36072882023120734 - ((4.497180742206885 - (-3.1896097485892945 / 15.172291511122019)) / 4.497180742206885))))
Generation=9 Avg Fitness=63417.19134265272 Best Fitness=147.60111695848525 Avg Size=38.78402666666667
Best Individual: (-1.623631792348485 + (((X1  * 5.452200724153309) - 16.452276977483763) - (0.36072882023120734 - ((4.497180742206885 - (9.033993526182947 / 15.172291511122019)) / 4.497180742206885))))
Generation=10 Avg Fitness=141293.6380957254 Best Fitness=145.59217773796422 Avg Size=45.244506666666666
Best Individual: ((-1.623631792348485 + (((X1  * 6.343668712451603) - 16.452276977483763) - COS((X1  - 15.327143064106721)))) + -0.2729186117493754)
Generation=11 Avg Fitness=21767.34445354986 Best Fitness=110.85659057714996 Avg Size=53.12912
Best Individual: ((SIN((0.8878480527566008 + (-4.355061734979361 * X1 ))) - 16.975082950825236) - (X1  / SIN((7.875071032167872 + 4.497180742206885))))
Generation=12 Avg Fitness=22727.699515898592 Best Fitness=110.85659057714996 Avg Size=61.43792
Best Individual: ((SIN((0.8878480527566008 + (-4.355061734979361 * X1 ))) - 16.975082950825236) - (X1  / SIN((7.875071032167872 + 4.497180742206885))))
Generation=13 Avg Fitness=10188.95057727682 Best Fitness=98.29972671891673 Avg Size=70.62690666666667
Best Individual: (-1.623631792348485 + (((X1  * 6.343668712451603) - 16.452276977483763) - (-0.2729186117493754 - COS(((((9.548697227403498 * SIN(7.747307867012591)) - 5.444293083250836) - (0.8878480527566008 + (-4.355061734979361 * X1 ))) + (-4.931903663831072 - (1.7323489581740974 + 14.266126052272998)))))))
Generation=14 Avg Fitness=9154.006155898165 Best Fitness=91.75266018978552 Avg Size=79.94821333333333
Best Individual: (((SIN((0.8878480527566008 + (-4.355061734979361 * X1 ))) - 16.975082950825236) - (X1  / SIN((7.875071032167872 + 4.497180742206885)))) - SIN(15.415590118636008))
Generation=15 Avg Fitness=6734.569362555812 Best Fitness=91.75266018978552 Avg Size=86.98933333333333
Best Individual: (((SIN((0.8878480527566008 + (-4.355061734979361 * X1 ))) - 16.975082950825236) - (X1  / SIN((7.875071032167872 + 4.497180742206885)))) - SIN(15.415590118636008))
Generation=16 Avg Fitness=1863.403505096527 Best Fitness=91.75266018978552 Avg Size=95.24394666666667
Best Individual: (((SIN((0.8878480527566008 + (-4.355061734979361 * X1 ))) - 16.975082950825236) - (X1  / SIN((7.875071032167872 + 4.497180742206885)))) - SIN(15.415590118636008))
Generation=17 Avg Fitness=110791.61014157014 Best Fitness=76.93249523633932 Avg Size=108.15605333333333
Best Individual: (-1.623631792348485 + (((X1  * 5.452200724153309) - 14.965195762780482) - (SIN(((((9.548697227403498 * SIN(7.747307867012591)) - 5.444293083250836) - (0.8878480527566008 + (-4.355061734979361 * X1 ))) + (-4.931903663831072 - (1.7323489581740974 + 15.64660831800068)))) + COS(((COS(SIN((7.875071032167872 + 4.497180742206885))) / 13.104995738515225) * SIN(3.144737467457718))))))
Generation=18 Avg Fitness=119586.04279416728 Best Fitness=76.93249523633932 Avg Size=127.44176
Best Individual: (-1.623631792348485 + (((X1  * 5.452200724153309) - 14.965195762780482) - (SIN(((((9.548697227403498 * SIN(7.747307867012591)) - 5.444293083250836) - (0.8878480527566008 + (-4.355061734979361 * X1 ))) + (-4.931903663831072 - (1.7323489581740974 + 15.64660831800068)))) + COS(((COS(SIN((7.875071032167872 + 4.497180742206885))) / 13.104995738515225) * SIN(-2.206459925682279))))))
Generation=19 Avg Fitness=649171.1015889394 Best Fitness=76.3663348633657 Avg Size=163.39517333333333
Best Individual: (((SIN((0.8878480527566008 + (-4.355061734979361 * X1 ))) - 16.975082950825236) - (X1  / SIN((7.875071032167872 + 10.794309928403983)))) - SIN(15.415590118636008))
Generation=20 Avg Fitness=22031.168224711 Best Fitness=68.85752461811168 Avg Size=220.37850666666668
Best Individual: (-1.623631792348485 + (((X1  * 5.452200724153309) - 14.965195762780482) - (SIN(((((9.548697227403498 * SIN(7.747307867012591)) - 5.444293083250836) - (0.8878480527566008 + (-4.355061734979361 * X1 ))) + (-4.931903663831072 - (1.7323489581740974 + 16.143483849435885)))) + COS(((COS(SIN((SIN(((COS(15.415590118636008) + ((X1  - 10.474933634957699) - (0.754148044320889 - SIN(0.08889598400249099)))) + 5.452200724153309)) + 15.163570859565578))) / 9.47772578459539) * 9.548697227403498)))))
Generation=21 Avg Fitness=20594.787731223525 Best Fitness=67.31624976280534 Avg Size=266.15381333333335
Best Individual: (((SIN((0.6233842578297972 + (-4.355061734979361 * X1 ))) - 16.975082950825236) - (X1  / SIN((7.875071032167872 + 10.794309928403983)))) - SIN(15.415590118636008))
Generation=22 Avg Fitness=6495.180777893378 Best Fitness=67.31624976280534 Avg Size=288.0414133333333
Best Individual: (((SIN((0.6233842578297972 + (-4.355061734979361 * X1 ))) - 16.975082950825236) - (X1  / SIN((7.875071032167872 + 10.794309928403983)))) - SIN(15.415590118636008))
Generation=23 Avg Fitness=2125.0404899334912 Best Fitness=67.31624976280534 Avg Size=306.1883466666667
Best Individual: (((SIN((0.6233842578297972 + (-4.355061734979361 * X1 ))) - 16.975082950825236) - (X1  / SIN((7.875071032167872 + 10.794309928403983)))) - SIN(15.415590118636008))
Generation=24 Avg Fitness=2507.566739169956 Best Fitness=66.49131666545114 Avg Size=328.97632
Best Individual: ((-1.623631792348485 + (((X1  * 6.343668712451603) - 16.452276977483763) - COS((X1  - 15.327143064106721)))) + SIN(((((0.9167703381825465 * ((12.34151952084741 * -1.623631792348485) - 13.324401057411897)) + 9.258533592585266) + 9.152014560956774) + (-4.355061734979361 * X1 ))))
Generation=25 Avg Fitness=2509.9469189669885 Best Fitness=65.38346433486538 Avg Size=346.93498666666665
Best Individual: (((SIN((13.104995738515225 + (-4.355061734979361 * X1 ))) - 16.975082950825236) - (X1  / SIN((7.875071032167872 + 10.794309928403983)))) - SIN(0.36072882023120734))
Generation=26 Avg Fitness=6966.3685658602735 Best Fitness=63.16454484532885 Avg Size=364.5120533333333
Best Individual: (((SIN((0.6233842578297972 + (-4.355061734979361 * X1 ))) - 16.975082950825236) - (X1  / SIN((7.875071032167872 + 10.794309928403983)))) - SIN(COS((-2.92211398592468 * 0.36072882023120734))))
Generation=27 Avg Fitness=13373.930536209691 Best Fitness=58.70838314423801 Avg Size=376.06570666666664
Best Individual: ((-1.623631792348485 + (((X1  * 6.343668712451603) - 16.452276977483763) - COS((X1  - 15.12322490472005)))) + SIN(((((0.9167703381825465 * ((12.34151952084741 * -1.623631792348485) - 13.324401057411897)) + 9.258533592585266) + 9.152014560956774) + (-4.355061734979361 * X1 ))))
Generation=28 Avg Fitness=260049.00122005248 Best Fitness=58.70838314423801 Avg Size=383.9714133333333
Best Individual: ((-1.623631792348485 + (((X1  * 6.343668712451603) - 16.452276977483763) - COS((X1  - 15.12322490472005)))) + SIN(((((0.9167703381825465 * ((12.34151952084741 * -1.623631792348485) - 13.324401057411897)) + 9.258533592585266) + 9.152014560956774) + (-4.355061734979361 * X1 ))))
Generation=29 Avg Fitness=37821.15637052089 Best Fitness=57.68536371524307 Avg Size=387.97205333333335
Best Individual: ((-1.623631792348485 + (((X1  * 6.343668712451603) - 16.452276977483763) - COS((X1  - (0.08889598400249099 - 3.8639441899771203))))) + SIN(((((0.9167703381825465 * ((12.34151952084741 * -1.623631792348485) - 13.324401057411897)) + 9.258533592585266) + 9.152014560956774) + (-4.355061734979361 * X1 ))))
Generation=30 Avg Fitness=100737.43974101976 Best Fitness=57.68536371524307 Avg Size=390.22704
Best Individual: ((-1.623631792348485 + (((X1  * 6.343668712451603) - 16.452276977483763) - COS((X1  - (0.08889598400249099 - 3.8639441899771203))))) + SIN(((((0.9167703381825465 * ((12.34151952084741 * -1.623631792348485) - 13.324401057411897)) + 9.258533592585266) + 9.152014560956774) + (-4.355061734979361 * X1 ))))
Generation=31 Avg Fitness=1179280.30670288 Best Fitness=56.9738636002222 Avg Size=405.8310133333333
Best Individual: ((-1.623631792348485 + (((X1  * 6.343668712451603) - 16.452276977483763) - COS((X1  - 14.9636933298098)))) + SIN(((((0.9167703381825465 * ((12.34151952084741 * -1.623631792348485) - 13.324401057411897)) + 9.258533592585266) + 9.152014560956774) + (-4.355061734979361 * X1 ))))
Generation=32 Avg Fitness=19496.762538672287 Best Fitness=55.60273533068553 Avg Size=427.1755733333333
Best Individual: ((-1.623631792348485 + (((X1  * 6.343668712451603) - 16.452276977483763) - COS((X1  - (0.08889598400249099 - 3.8639441899771203))))) + SIN(((((0.9167703381825465 * ((12.34151952084741 * -1.623631792348485) - 6.343668712451603)) + 9.258533592585266) + 9.152014560956774) + (-4.355061734979361 * X1 ))))
Generation=33 Avg Fitness=8965.843793383328 Best Fitness=53.37931155099734 Avg Size=450.14634666666666
Best Individual: ((-1.623631792348485 + (((X1  * 6.343668712451603) - 16.452276977483763) - COS((X1  - 15.12322490472005)))) + SIN(((((0.9167703381825465 * ((12.34151952084741 * -1.623631792348485) - 13.324401057411897)) + 9.258533592585266) + 9.152014560956774) + (-4.115577169700273 * X1 ))))
Generation=34 Avg Fitness=11456.524782981915 Best Fitness=52.83598155216363 Avg Size=473.64093333333335
Best Individual: ((-1.623631792348485 + (((X1  * 6.343668712451603) - 16.452276977483763) - COS((X1  - (0.08889598400249099 - 3.8639441899771203))))) + SIN(((((0.9167703381825465 * ((12.34151952084741 * -1.623631792348485) - 13.324401057411897)) + 9.258533592585266) + 9.152014560956774) + (-4.115577169700273 * X1 ))))
Generation=35 Avg Fitness=25279.06336061596 Best Fitness=52.33214914651198 Avg Size=447.8830933333333
Best Individual: ((-1.623631792348485 + (((X1  * 6.343668712451603) - 16.452276977483763) - COS((X1  - (0.08889598400249099 - 3.8639441899771203))))) + SIN(((((0.9167703381825465 * 0.9167703381825465) + 9.258533592585266) + 9.152014560956774) + (-4.115577169700273 * X1 ))))
Generation=36 Avg Fitness=163558.60477629263 Best Fitness=50.81995880059305 Avg Size=398.8391466666667
Best Individual: ((-1.623631792348485 + (((X1  * 6.343668712451603) - 16.452276977483763) - COS((X1  - (0.08889598400249099 - 3.8639441899771203))))) + SIN((((0.8878480527566008 + 9.258533592585266) + 9.152014560956774) + (-4.115577169700273 * X1 ))))
Generation=37 Avg Fitness=348547.948894569 Best Fitness=50.177254971266514 Avg Size=412.16304
Best Individual: ((-1.623631792348485 + (((X1  * 6.343668712451603) - 16.452276977483763) - COS((X1  - (0.08889598400249099 - 3.8639441899771203))))) + SIN(((((((12.34151952084741 * -1.623631792348485) - 13.324401057411897) * ((12.34151952084741 * -1.623631792348485) - 13.324401057411897)) + 9.258533592585266) + 9.152014560956774) + (-4.115577169700273 * X1 ))))
Generation=38 Avg Fitness=696318.7552277368 Best Fitness=50.14149335678131 Avg Size=424.67874666666665
Best Individual: ((-1.623631792348485 + (((X1  * 6.343668712451603) - 16.452276977483763) - COS((X1  - (0.08889598400249099 - 3.8639441899771203))))) + SIN(((((0.9167703381825465 * ((12.34151952084741 * -1.623631792348485) - 6.343668712451603)) + 9.258533592585266) + 9.152014560956774) + (-4.115577169700273 * X1 ))))
Generation=39 Avg Fitness=277877.04427321017 Best Fitness=48.97090575232363 Avg Size=425.20456
Best Individual: ((-1.623631792348485 + (((X1  * 6.343668712451603) - 16.452276977483763) - COS((X1  - (0.08889598400249099 - 3.8639441899771203))))) + SIN(((((0.9167703381825465 * (X1  / COS(((COS(SIN(X1 )) / 13.104995738515225) * 12.34151952084741)))) + -3.4002584981497903) + 12.488566267482593) + ((7.007132163053242 - (((X1  + (12.133652419346284 - -2.92211398592468)) - 14.700860041974277) - 12.34151952084741)) + ((((13.324401057411897 + 9.152014560956774) + (-4.355061734979361 * X1 )) - ((COS((0.6982013259716702 / 0.9167703381825465)) * 5.444293083250836) * 6.343668712451603)) + SIN((4.497180742206885 * ((((SIN(1.126716836592685) / SIN(SIN(0.26960814739572836))) - 16.143483849435885) + 12.935203550311442) + (-2.92211398592468 + 13.950506798113956)))))))))
PROBLEM *NOT* SOLVED
