..\data\input\1_3__0_9.dat
-- TINY GP (Java version) --
SEED=-1
MAX_LEN=10000
POPSIZE=75000
DEPTH=5
CROSSOVER_PROB=0.9
PMUT_PER_NODE=0.05
MIN_RANDOM=-5.0
MAX_RANDOM=6.0
GENERATIONS=40
TSIZE=2
SOLVING_THRESHOLD=1.89
----------------------------------
Generation=0 Avg Fitness=7157121.030968083 Best Fitness=311.2272037043969 Avg Size=10.9924
Best Individual: ((((0.9733431595660047 - -2.8739119111852047) / COS(-3.1204687581556483)) + (X1  + 5.228208324210341)) / (SIN(4.350296389887356) * (-3.0940335734825304 + 1.0117228941658034)))
Generation=1 Avg Fitness=28775.0733448809 Best Fitness=232.56043477274144 Avg Size=11.289093333333334
Best Individual: ((SIN(-4.076719779199494) - (COS(2.321732019224184) / -1.480564345413439)) * (X1  + 5.2966976200848475))
Generation=2 Avg Fitness=8279.409308614444 Best Fitness=232.56043477274144 Avg Size=12.174373333333333
Best Individual: ((SIN(-4.076719779199494) - (COS(2.321732019224184) / -1.480564345413439)) * (X1  + 5.2966976200848475))
Generation=3 Avg Fitness=12981.283355841388 Best Fitness=232.56043477274144 Avg Size=14.026293333333333
Best Individual: ((SIN(-4.076719779199494) - (COS(2.321732019224184) / -1.480564345413439)) * (X1  + 5.2966976200848475))
Generation=4 Avg Fitness=4167.531617576475 Best Fitness=217.86556126570719 Avg Size=17.084693333333334
Best Individual: ((((X1  / 3.195632440726678) + 1.0117228941658034) / -3.081926817671279) * (SIN(3.195632440726678) - 4.07703289938971))
Generation=5 Avg Fitness=4057.8752857457202 Best Fitness=217.86556126570719 Avg Size=21.419973333333335
Best Individual: ((((X1  / 3.195632440726678) + 1.0117228941658034) / -3.081926817671279) * (SIN(3.195632440726678) - 4.07703289938971))
Generation=6 Avg Fitness=2167.468987612823 Best Fitness=217.86556126570719 Avg Size=26.80464
Best Individual: ((((X1  / 3.195632440726678) + 1.0117228941658034) / -3.081926817671279) * (SIN(3.195632440726678) - 4.07703289938971))
Generation=7 Avg Fitness=2454.6686243565687 Best Fitness=211.40935103237027 Avg Size=32.47661333333333
Best Individual: (3.195632440726678 - (1.8861429659818798 / ((((0.5126341882508605 - -3.081926817671279) + -4.617030397445806) - SIN(-2.7886818069822503)) - ((-3.1204687581556483 / COS(3.770895909557691)) / (-3.0940335734825304 + X1 )))))
Generation=8 Avg Fitness=5102.1629185491665 Best Fitness=151.2426728498742 Avg Size=37.17528
Best Individual: (((2.3118501698268537 * X1 ) / 4.097942070457499) - COS(((SIN(-4.724839496603666) - (((SIN(COS(COS(-0.815683713190972))) * X1 ) + SIN((SIN(COS(-3.1204687581556483)) * 2.321732019224184))) / -3.786254563066362)) * (0.6769309151449772 - 2.999516065233421))))
Generation=9 Avg Fitness=3826.963925377566 Best Fitness=135.43939617156 Avg Size=43.074106666666665
Best Individual: (3.195632440726678 - (1.8861429659818798 / (((3.315284820668019 + -4.617030397445806) - SIN(((4.6264359974065385 / 5.714852630285284) + (-3.081926817671279 - 5.169767935977983)))) - ((-3.1204687581556483 / COS(3.770895909557691)) / (-3.708431421302519 + X1 )))))
Generation=10 Avg Fitness=2708077.6887137 Best Fitness=135.43939617156 Avg Size=52.112293333333334
Best Individual: (3.195632440726678 - (1.8861429659818798 / (((3.315284820668019 + -4.617030397445806) - SIN(((4.6264359974065385 / 5.714852630285284) + (-3.081926817671279 - 5.169767935977983)))) - ((-3.1204687581556483 / COS(3.770895909557691)) / (-3.708431421302519 + X1 )))))
Generation=11 Avg Fitness=4323220.3319057925 Best Fitness=123.59038004008605 Avg Size=60.98453333333333
Best Individual: (3.195632440726678 - (1.8861429659818798 / (((3.315284820668019 + -4.617030397445806) - SIN(((4.6264359974065385 / 5.2966976200848475) + (-3.081926817671279 - 5.169767935977983)))) - ((-3.1204687581556483 / COS(3.770895909557691)) / (-3.708431421302519 + X1 )))))
Generation=12 Avg Fitness=42738.3356657411 Best Fitness=84.31041725853025 Avg Size=68.1312
Best Individual: (2.1084396457581924 * ((3.195632440726678 - (X1  / ((((COS(-3.221348945721782) - 0.5126341882508605) + 1.7429661261092377) - -4.617030397445806) - SIN(4.07703289938971)))) / ((-3.1204687581556483 / COS(-4.275086787124015)) / (0.5126341882508605 + X1 ))))
Generation=13 Avg Fitness=979700.5657044643 Best Fitness=84.31041725853025 Avg Size=75.89584
Best Individual: (2.1084396457581924 * ((3.195632440726678 - (X1  / ((((COS(-3.221348945721782) - 0.5126341882508605) + 1.7429661261092377) - -4.617030397445806) - SIN(4.07703289938971)))) / ((-3.1204687581556483 / COS(-4.275086787124015)) / (0.5126341882508605 + X1 ))))
Generation=14 Avg Fitness=12796.416853080691 Best Fitness=49.31184319321694 Avg Size=86.67101333333333
Best Individual: (X1  / ((3.195632440726678 - (X1  / (((3.315284820668019 + -4.617030397445806) - SIN(-2.7886818069822503)) - (0.8118610044740864 / 3.315284820668019)))) / (((SIN((SIN(COS(-3.1204687581556483)) * (2.999516065233421 * 3.8284568113629245))) + 0.8118610044740864) + 3.6852903424703563) - -0.7038801529660699)))
Generation=15 Avg Fitness=14575.764091794943 Best Fitness=49.31184319321694 Avg Size=97.5384
Best Individual: (X1  / ((3.195632440726678 - (X1  / (((3.315284820668019 + -4.617030397445806) - SIN(-2.7886818069822503)) - (0.8118610044740864 / 3.315284820668019)))) / (((SIN((SIN(COS(-3.1204687581556483)) * (2.999516065233421 * 3.8284568113629245))) + 0.8118610044740864) + 3.6852903424703563) - -0.7038801529660699)))
Generation=16 Avg Fitness=42132.899668788574 Best Fitness=49.31184319321694 Avg Size=107.04994666666667
Best Individual: (X1  / ((3.195632440726678 - (X1  / (((3.315284820668019 + -4.617030397445806) - SIN(-2.7886818069822503)) - (0.8118610044740864 / 3.315284820668019)))) / (((SIN((SIN(COS(-3.1204687581556483)) * (2.999516065233421 * 3.8284568113629245))) + 0.8118610044740864) + 3.6852903424703563) - -0.7038801529660699)))
Generation=17 Avg Fitness=652135.977696227 Best Fitness=49.31184319321694 Avg Size=118.15266666666666
Best Individual: (X1  / ((3.195632440726678 - (X1  / (((3.315284820668019 + -4.617030397445806) - SIN(-2.7886818069822503)) - (0.8118610044740864 / 3.315284820668019)))) / (((SIN((SIN(COS(-3.1204687581556483)) * (2.999516065233421 * 3.8284568113629245))) + 0.8118610044740864) + 3.6852903424703563) - -0.7038801529660699)))
Generation=18 Avg Fitness=16181.570339675389 Best Fitness=39.69258814165255 Avg Size=128.04928
Best Individual: (X1  / ((3.195632440726678 - (X1  / (((3.315284820668019 + -4.617030397445806) - SIN(-2.7886818069822503)) - (0.8118610044740864 / 3.315284820668019)))) / (((SIN((SIN(COS(-4.724839496603666)) * (2.999516065233421 * 3.8284568113629245))) + 0.8118610044740864) + 3.6852903424703563) - -0.7038801529660699)))
Generation=19 Avg Fitness=16343.853853796187 Best Fitness=39.69258814165255 Avg Size=140.8228
Best Individual: (X1  / ((3.195632440726678 - (X1  / (((3.315284820668019 + -4.617030397445806) - SIN(-2.7886818069822503)) - (0.8118610044740864 / 3.315284820668019)))) / (((SIN((SIN(COS(-4.724839496603666)) * (2.999516065233421 * 3.8284568113629245))) + 0.8118610044740864) + 3.6852903424703563) - -0.7038801529660699)))
Generation=20 Avg Fitness=27557.189960253923 Best Fitness=34.32615571634858 Avg Size=160.80082666666667
Best Individual: (X1  / ((3.195632440726678 - (X1  / (((3.315284820668019 + -4.617030397445806) - SIN(-2.7886818069822503)) - (((SIN(4.097942070457499) * COS(0.9733431595660047)) / -2.7886818069822503) / ((((SIN(1.8861429659818798) - 1.0117228941658034) * COS(1.937317005497805)) * (COS((4.07703289938971 + 3.8507708122703956)) + (2.1084396457581924 - -3.0216888939105235))) * 4.357185015804516))))) / 5.124570463811345))
Generation=21 Avg Fitness=9469.942291431258 Best Fitness=34.32615571634858 Avg Size=180.2612
Best Individual: (X1  / ((3.195632440726678 - (X1  / (((3.315284820668019 + -4.617030397445806) - SIN(-2.7886818069822503)) - (((SIN(4.097942070457499) * COS(0.9733431595660047)) / -2.7886818069822503) / ((((SIN(1.8861429659818798) - 1.0117228941658034) * COS(1.937317005497805)) * (COS((4.07703289938971 + 3.8507708122703956)) + (2.1084396457581924 - -3.0216888939105235))) * 4.357185015804516))))) / 5.124570463811345))
Generation=22 Avg Fitness=17497.613419831625 Best Fitness=34.32615571634858 Avg Size=211.02077333333332
Best Individual: (X1  / ((3.195632440726678 - (X1  / (((3.315284820668019 + -4.617030397445806) - SIN(-2.7886818069822503)) - (((SIN(4.097942070457499) * COS(0.9733431595660047)) / -2.7886818069822503) / ((((SIN(1.8861429659818798) - 1.0117228941658034) * COS(1.937317005497805)) * (COS((4.07703289938971 + 3.8507708122703956)) + (2.1084396457581924 - -3.0216888939105235))) * 4.357185015804516))))) / 5.124570463811345))
Generation=23 Avg Fitness=16147.01035487472 Best Fitness=28.777619350565384 Avg Size=260.07202666666666
Best Individual: (X1  / ((3.195632440726678 - (X1  / (((3.315284820668019 + -4.617030397445806) - SIN(-2.7886818069822503)) - (0.8118610044740864 / 3.315284820668019)))) / (((SIN((SIN(COS(-4.724839496603666)) * (2.3118501698268537 * X1 ))) + 0.8118610044740864) + 3.6852903424703563) - -0.7038801529660699)))
Generation=24 Avg Fitness=60574.953472294874 Best Fitness=28.777619350565384 Avg Size=300.3443466666667
Best Individual: (X1  / ((3.195632440726678 - (X1  / (((3.315284820668019 + -4.617030397445806) - SIN(-2.7886818069822503)) - (0.8118610044740864 / 3.315284820668019)))) / (((SIN((SIN(COS(-4.724839496603666)) * (2.3118501698268537 * X1 ))) + 0.8118610044740864) + 3.6852903424703563) - -0.7038801529660699)))
Generation=25 Avg Fitness=43443.55802227408 Best Fitness=26.732661679011517 Avg Size=309.51165333333336
Best Individual: (3.195632440726678 - (1.8861429659818798 / (((3.315284820668019 + -4.617030397445806) - SIN(-2.2841743408084616)) - ((-3.1204687581556483 / COS(2.3118501698268537)) / (COS(3.770895909557691) + (-3.0940335734825304 + X1 ))))))
Generation=26 Avg Fitness=54952.80089578401 Best Fitness=26.732661679011517 Avg Size=326.75664
Best Individual: (3.195632440726678 - (1.8861429659818798 / (((3.315284820668019 + -4.617030397445806) - SIN(-2.2841743408084616)) - ((-3.1204687581556483 / COS(2.3118501698268537)) / (COS(3.770895909557691) + (-3.0940335734825304 + X1 ))))))
Generation=27 Avg Fitness=28845.649452561418 Best Fitness=26.732661679011517 Avg Size=349.11421333333334
Best Individual: (3.195632440726678 - (1.8861429659818798 / (((3.315284820668019 + -4.617030397445806) - SIN(-2.2841743408084616)) - ((-3.1204687581556483 / COS(2.3118501698268537)) / (COS(3.770895909557691) + (-3.0940335734825304 + X1 ))))))
Generation=28 Avg Fitness=34974.30330684328 Best Fitness=26.732661679011517 Avg Size=356.1730933333333
Best Individual: (3.195632440726678 - (1.8861429659818798 / (((3.315284820668019 + -4.617030397445806) - SIN(-2.2841743408084616)) - ((-3.1204687581556483 / COS(2.3118501698268537)) / (COS(3.770895909557691) + (-3.0940335734825304 + X1 ))))))
Generation=29 Avg Fitness=21842.649999816116 Best Fitness=22.842002468833876 Avg Size=343.6906133333333
Best Individual: (3.195632440726678 - (1.8861429659818798 / (((3.315284820668019 + -4.617030397445806) - SIN(((1.9108949284502215 * -3.221348945721782) + 5.228208324210341))) - ((-3.0107186389340774 / COS(2.3118501698268537)) / (COS(3.770895909557691) + (-3.0940335734825304 + X1 ))))))
Generation=30 Avg Fitness=90854.69011537397 Best Fitness=22.842002468833876 Avg Size=323.88301333333334
Best Individual: (3.195632440726678 - (1.8861429659818798 / (((3.315284820668019 + -4.617030397445806) - SIN(((1.9108949284502215 * -3.221348945721782) + 5.228208324210341))) - ((-3.0107186389340774 / COS(2.3118501698268537)) / (COS(3.770895909557691) + (-3.0940335734825304 + X1 ))))))
Generation=31 Avg Fitness=25040.729315946515 Best Fitness=22.394055576709377 Avg Size=327.05032
Best Individual: (X1  / ((3.195632440726678 - (X1  / (((3.315284820668019 + -4.617030397445806) - SIN(-2.7886818069822503)) - (0.8118610044740864 / 3.315284820668019)))) / (((SIN((SIN(COS(-4.724839496603666)) * ((X1  / 2.9195189824660623) * X1 ))) + 0.8118610044740864) + 3.6852903424703563) - -0.7038801529660699)))
Generation=32 Avg Fitness=12463.299184593154 Best Fitness=22.394055576709377 Avg Size=343.75946666666664
Best Individual: (X1  / ((3.195632440726678 - (X1  / (((3.315284820668019 + -4.617030397445806) - SIN(-2.7886818069822503)) - (0.8118610044740864 / 3.315284820668019)))) / (((SIN((SIN(COS(-4.724839496603666)) * ((X1  / 2.9195189824660623) * X1 ))) + 0.8118610044740864) + 3.6852903424703563) - -0.7038801529660699)))
Generation=33 Avg Fitness=23379.549563438894 Best Fitness=22.394055576709377 Avg Size=367.31869333333333
Best Individual: (X1  / ((3.195632440726678 - (X1  / (((3.315284820668019 + -4.617030397445806) - SIN(-2.7886818069822503)) - (0.8118610044740864 / 3.315284820668019)))) / (((SIN((SIN(COS(-4.724839496603666)) * ((X1  / 2.9195189824660623) * X1 ))) + 0.8118610044740864) + 3.6852903424703563) - -0.7038801529660699)))
Generation=34 Avg Fitness=12243.39935568291 Best Fitness=22.394055576709377 Avg Size=399.93130666666667
Best Individual: (X1  / ((3.195632440726678 - (X1  / (((3.315284820668019 + -4.617030397445806) - SIN(-2.7886818069822503)) - (0.8118610044740864 / 3.315284820668019)))) / (((SIN((SIN(COS(-4.724839496603666)) * ((X1  / 2.9195189824660623) * X1 ))) + 0.8118610044740864) + 3.6852903424703563) - -0.7038801529660699)))
Generation=35 Avg Fitness=6703.962485065134 Best Fitness=22.394055576709377 Avg Size=380.88584
Best Individual: (X1  / ((3.195632440726678 - (X1  / (((3.315284820668019 + -4.617030397445806) - SIN(-2.7886818069822503)) - (0.8118610044740864 / 3.315284820668019)))) / (((SIN((SIN(COS(-4.724839496603666)) * ((X1  / 2.9195189824660623) * X1 ))) + 0.8118610044740864) + 3.6852903424703563) - -0.7038801529660699)))
Generation=36 Avg Fitness=11444.908530392451 Best Fitness=22.308555554730837 Avg Size=331.34581333333335
Best Individual: (3.195632440726678 - (1.8861429659818798 / (((3.315284820668019 + -4.617030397445806) - SIN(((1.9108949284502215 * -3.221348945721782) + 5.228208324210341))) - ((-3.0216888939105235 / COS(2.3118501698268537)) / (COS(3.770895909557691) + (-3.0940335734825304 + X1 ))))))
Generation=37 Avg Fitness=17274.91106999259 Best Fitness=21.98179796517212 Avg Size=321.2354133333333
Best Individual: (3.195632440726678 - (1.8861429659818798 / (((3.315284820668019 + -4.617030397445806) - SIN((((0.5126341882508605 / (3.315284820668019 + -3.0940335734825304)) * -3.221348945721782) + 5.228208324210341))) - ((-3.0518069814589315 / COS(2.3118501698268537)) / (COS(3.770895909557691) + (-3.0940335734825304 + X1 ))))))
Generation=38 Avg Fitness=18630.46521060572 Best Fitness=20.342639816665084 Avg Size=339.6732533333333
Best Individual: (X1  / ((3.195632440726678 - (X1  / (((3.315284820668019 + -4.617030397445806) - SIN(-2.7715263020565915)) - (0.8118610044740864 / 3.315284820668019)))) / (((SIN((SIN(COS(-4.724839496603666)) * ((X1  / 2.9195189824660623) * X1 ))) + -2.718494007323843) + 3.6852903424703563) - -4.275086787124015)))
Generation=39 Avg Fitness=39596.03807561403 Best Fitness=20.342639816665084 Avg Size=361.94413333333335
Best Individual: (X1  / ((3.195632440726678 - (X1  / (((3.315284820668019 + -4.617030397445806) - SIN(-2.7715263020565915)) - (0.8118610044740864 / 3.315284820668019)))) / (((SIN((SIN(COS(-4.724839496603666)) * ((X1  / 2.9195189824660623) * X1 ))) + -2.718494007323843) + 3.6852903424703563) - -4.275086787124015)))
PROBLEM *NOT* SOLVED
