..\data\input\1_5__0_7.dat
-- TINY GP (Java version) --
SEED=-1
MAX_LEN=10000
POPSIZE=75000
DEPTH=5
CROSSOVER_PROB=0.9
PMUT_PER_NODE=0.05
MIN_RANDOM=-5.0
MAX_RANDOM=17.0
GENERATIONS=40
TSIZE=2
SOLVING_THRESHOLD=1.47
----------------------------------
Generation=0 Avg Fitness=5.817504696676447E9 Best Fitness=914.9999999999962 Avg Size=11.009466666666667
Best Individual: (COS(COS((-1.919736968664635 / 15.459218123791057))) + COS(X1 ))
Generation=1 Avg Fitness=1750760.9895252765 Best Fitness=895.4019999868772 Avg Size=12.067786666666667
Best Individual: (SIN((-4.741020642640487 - X1 )) - -0.8447549999671953)
Generation=2 Avg Fitness=502680.8762766733 Best Fitness=895.4019999868772 Avg Size=14.104293333333333
Best Individual: (SIN((-4.741020642640487 - X1 )) - -0.8447549999671953)
Generation=3 Avg Fitness=55554.869186925236 Best Fitness=871.9999999999984 Avg Size=16.45792
Best Individual: (COS(COS((9.984142103329367 / 15.459218123791057))) + COS(X1 ))
Generation=4 Avg Fitness=21609.475207814052 Best Fitness=558.1534440809852 Avg Size=19.033706666666667
Best Individual: (COS(COS(((9.984142103329367 + 2.74570305821336) / X1 ))) + (-4.741020642640487 * (COS(X1 ) * SIN(5.960597175257124))))
Generation=5 Avg Fitness=392166.9913961218 Best Fitness=558.1534440809852 Avg Size=21.498613333333335
Best Individual: (COS(COS(((9.984142103329367 + 2.74570305821336) / X1 ))) + (-4.741020642640487 * (COS(X1 ) * SIN(5.960597175257124))))
Generation=6 Avg Fitness=365681.2974788417 Best Fitness=307.72049723107256 Avg Size=25.567546666666665
Best Individual: (COS(COS(9.336639608748872)) + (-4.741020642640487 * (COS(X1 ) * SIN(5.960597175257124))))
Generation=7 Avg Fitness=47870.26849910228 Best Fitness=307.72049723107256 Avg Size=31.008586666666666
Best Individual: (COS(COS(9.336639608748872)) + (-4.741020642640487 * (COS(X1 ) * SIN(5.960597175257124))))
Generation=8 Avg Fitness=48243.73157087373 Best Fitness=273.41790635372877 Avg Size=36.14592
Best Individual: (COS(COS(((9.984142103329367 + 2.74570305821336) / -1.919736968664635))) + (-4.741020642640487 * (COS(X1 ) * SIN(5.960597175257124))))
Generation=9 Avg Fitness=69237.20130478735 Best Fitness=241.50000000000014 Avg Size=41.27544
Best Individual: (COS(X1 ) + COS((COS(X1 ) - COS(COS(SIN(X1 ))))))
Generation=10 Avg Fitness=107469.45289011388 Best Fitness=230.00000000000017 Avg Size=46.902613333333335
Best Individual: (COS(X1 ) + COS((COS(X1 ) - COS(COS(15.120770014166975)))))
Generation=11 Avg Fitness=2.722641159355933E8 Best Fitness=230.00000000000017 Avg Size=53.932053333333336
Best Individual: (COS(X1 ) + COS((COS(X1 ) - COS(COS(15.120770014166975)))))
Generation=12 Avg Fitness=97572.56627332131 Best Fitness=211.50000000000065 Avg Size=60.85442666666667
Best Individual: (COS(X1 ) + COS((COS(X1 ) - COS(COS(SIN((COS(COS((7.738489540830475 / X1 ))) + COS(X1 ))))))))
Generation=13 Avg Fitness=109039.06449233775 Best Fitness=198.99999999999903 Avg Size=66.0956
Best Individual: (COS(X1 ) + COS((COS(X1 ) - COS(COS(SIN(COS((-4.741020642640487 - X1 ))))))))
Generation=14 Avg Fitness=52752.5303089567 Best Fitness=186.50000000000193 Avg Size=73.04064
Best Individual: (COS(X1 ) + COS((COS(COS(COS((2.3831293446616026 * 11.586504941014159)))) - SIN(COS(X1 )))))
Generation=15 Avg Fitness=74935.26567843367 Best Fitness=183.0000000000005 Avg Size=88.27056
Best Individual: (COS(X1 ) + COS((COS(X1 ) - COS(COS(SIN((((COS(X1 ) - 9.042183684248409) - COS((14.175738215977443 + 7.452449512881788))) - 0.07127504696881459)))))))
Generation=16 Avg Fitness=35669.10982422257 Best Fitness=183.0000000000005 Avg Size=103.04482666666667
Best Individual: (COS(X1 ) + COS((COS(X1 ) - COS(COS(SIN((((COS(X1 ) - 9.042183684248409) - COS((14.175738215977443 + 7.452449512881788))) - 0.07127504696881459)))))))
Generation=17 Avg Fitness=15325.193595306368 Best Fitness=163.99999999999946 Avg Size=118.87781333333334
Best Individual: (COS(X1 ) + COS((COS(X1 ) - COS(COS(SIN(COS((COS(X1 ) - COS(((11.857958439269076 / -0.12409409908754299) + 2.630696699341825))))))))))
Generation=18 Avg Fitness=15115.774656528838 Best Fitness=163.99999999999946 Avg Size=141.47106666666667
Best Individual: (COS(X1 ) + COS((COS(X1 ) - COS(COS(SIN(COS((COS(X1 ) - COS(((11.857958439269076 / -0.12409409908754299) + 2.630696699341825))))))))))
Generation=19 Avg Fitness=7394.484574963525 Best Fitness=163.99999999999946 Avg Size=155.49106666666665
Best Individual: (COS(X1 ) + COS((COS(X1 ) - COS(COS(SIN(COS((COS(X1 ) - COS(((11.857958439269076 / -0.12409409908754299) + 2.630696699341825))))))))))
Generation=20 Avg Fitness=11497.685768729478 Best Fitness=163.00000000000026 Avg Size=169.26850666666667
Best Individual: (COS(X1 ) + COS((COS(X1 ) - COS(COS(SIN((COS(COS((COS(X1 ) - COS(COS(SIN((COS(COS((7.738489540830475 / 16.207148332263678))) + COS(X1 )))))))) + (COS((X1  / COS(9.55117922667445))) + (16.53954170940707 / 4.794252163889599)))))))))
Generation=21 Avg Fitness=15405.621543202076 Best Fitness=162.99999999999935 Avg Size=192.52493333333334
Best Individual: (COS(X1 ) + COS((COS(X1 ) - COS(COS(SIN(SIN(((COS(X1 ) - 9.042183684248409) - COS((14.175738215977443 + 7.452449512881788))))))))))
Generation=22 Avg Fitness=7656.728453354865 Best Fitness=158.4999999999997 Avg Size=212.4568
Best Individual: (COS(X1 ) + COS((COS(X1 ) - COS(COS(SIN(SIN(((COS(X1 ) - 9.042183684248409) - COS((2.3995869066664604 + 7.452449512881788))))))))))
Generation=23 Avg Fitness=8443.418989732692 Best Fitness=157.49999999999963 Avg Size=222.88005333333334
Best Individual: (COS(X1 ) + COS((COS(X1 ) - COS(COS(SIN(COS((COS(X1 ) - COS(((11.857958439269076 / COS(3.9710442248077253)) + 12.429402778905597))))))))))
Generation=24 Avg Fitness=11026.278918764057 Best Fitness=157.49999999999963 Avg Size=241.13162666666668
Best Individual: (COS(X1 ) + COS((COS(X1 ) - COS(COS(SIN(COS((COS(X1 ) - COS(((11.857958439269076 / COS(3.9710442248077253)) + 12.429402778905597))))))))))
Generation=25 Avg Fitness=10382.113888387536 Best Fitness=157.49999999999963 Avg Size=255.28624
Best Individual: (COS(X1 ) + COS((COS(X1 ) - COS(COS(SIN(SIN(((COS(X1 ) - 9.042183684248409) - (SIN(3.6734560562814362) - SIN(9.024693040689401))))))))))
Generation=26 Avg Fitness=17170.085919732428 Best Fitness=157.49999999999963 Avg Size=272.0044266666667
Best Individual: (COS(X1 ) + COS((COS(X1 ) - COS(COS(SIN(SIN(((COS(X1 ) - 9.042183684248409) - (SIN(3.6734560562814362) - SIN(9.024693040689401))))))))))
Generation=27 Avg Fitness=16827.513131873457 Best Fitness=156.99999999999994 Avg Size=289.01213333333334
Best Individual: (COS(X1 ) + COS((COS(X1 ) - COS(COS(SIN(SIN(((COS(X1 ) - 9.042183684248409) - COS((2.3995869066664604 + (X1  / 10.81921797176894)))))))))))
Generation=28 Avg Fitness=25544.304880160933 Best Fitness=156.99999999999994 Avg Size=295.03293333333335
Best Individual: (COS(X1 ) + COS((COS(X1 ) - COS(COS(SIN(SIN(((COS(X1 ) - 9.042183684248409) - COS((2.3995869066664604 + (X1  / 10.81921797176894)))))))))))
Generation=29 Avg Fitness=12517.943680450111 Best Fitness=156.99999999999994 Avg Size=304.02624
Best Individual: (COS(X1 ) + COS((COS(X1 ) - COS(COS(SIN(SIN(((COS(X1 ) - 9.042183684248409) - COS((2.3995869066664604 + (X1  / 10.81921797176894)))))))))))
Generation=30 Avg Fitness=11321.473109813967 Best Fitness=156.99999999999994 Avg Size=306.69008
Best Individual: (COS(X1 ) + COS((COS(X1 ) - COS(COS(SIN(SIN(((COS(X1 ) - 9.042183684248409) - COS((2.3995869066664604 + (X1  / 10.81921797176894)))))))))))
Generation=31 Avg Fitness=7520.99235113253 Best Fitness=156.99999999999994 Avg Size=308.5775733333333
Best Individual: (COS(X1 ) + COS((COS(X1 ) - COS(COS(SIN(SIN(((COS(X1 ) - 9.042183684248409) - COS((2.3995869066664604 + (X1  / 10.81921797176894)))))))))))
Generation=32 Avg Fitness=10398.133533594499 Best Fitness=156.99999999999994 Avg Size=316.56832
Best Individual: (COS(X1 ) + COS((COS(X1 ) - COS(COS(SIN(SIN(((COS(X1 ) - 9.042183684248409) - COS((2.3995869066664604 + (X1  / 10.81921797176894)))))))))))
Generation=33 Avg Fitness=9383.982137677856 Best Fitness=156.49999999999983 Avg Size=322.1508
Best Individual: (COS(X1 ) + COS((COS(X1 ) - COS(COS(SIN(SIN(((COS(X1 ) - 9.024693040689401) - COS((2.3995869066664604 + (X1  / 10.81921797176894)))))))))))
Generation=34 Avg Fitness=18072.98847453703 Best Fitness=156.49999999999983 Avg Size=317.79962666666665
Best Individual: (COS(X1 ) + COS((COS(X1 ) - COS(COS(SIN(SIN(((COS(X1 ) - 9.024693040689401) - COS((2.3995869066664604 + (X1  / 10.81921797176894)))))))))))
Generation=35 Avg Fitness=9044.155767159666 Best Fitness=156.49999999999983 Avg Size=316.6545066666667
Best Individual: (COS(X1 ) + COS((COS(X1 ) - COS(COS(SIN(SIN(((COS(X1 ) - 9.024693040689401) - COS((2.3995869066664604 + (X1  / 10.81921797176894)))))))))))
Generation=36 Avg Fitness=6257.171175682 Best Fitness=156.49999999999983 Avg Size=324.1818666666667
Best Individual: (COS(X1 ) + COS((COS(X1 ) - COS(COS(SIN(SIN(((COS(X1 ) - 9.024693040689401) - COS((2.3995869066664604 + (X1  / 10.81921797176894)))))))))))
Generation=37 Avg Fitness=4967.123351973188 Best Fitness=156.49999999999983 Avg Size=338.19728
Best Individual: (COS(X1 ) + COS((COS(X1 ) - COS(COS(SIN(SIN(((COS(X1 ) - 9.024693040689401) - COS((2.3995869066664604 + (X1  / 10.81921797176894)))))))))))
Generation=38 Avg Fitness=7739.932719014802 Best Fitness=155.49999999999991 Avg Size=364.8655733333333
Best Individual: (COS(X1 ) + COS((COS(X1 ) - COS(COS(SIN(SIN(((COS(X1 ) - 9.042183684248409) - COS((-3.84696226676502 + (X1  / (3.284699312208163 + 8.341532165472504))))))))))))
Generation=39 Avg Fitness=15365.92583047315 Best Fitness=155.49999999999991 Avg Size=411.8786133333333
Best Individual: (COS(X1 ) + COS((COS(X1 ) - COS(COS(SIN(SIN(((COS(X1 ) - 9.042183684248409) - COS((-3.84696226676502 + (X1  / (3.284699312208163 + 8.341532165472504))))))))))))
PROBLEM *NOT* SOLVED
