..\data\input\1_6__0_100.dat
-- TINY GP (Java version) --
SEED=-1
MAX_LEN=10000
POPSIZE=75000
DEPTH=5
CROSSOVER_PROB=0.9
PMUT_PER_NODE=0.05
MIN_RANDOM=-5.0
MAX_RANDOM=17.0
GENERATIONS=40
TSIZE=2
SOLVING_THRESHOLD=21.0
----------------------------------
Generation=0 Avg Fitness=4.8893358863624877E8 Best Fitness=8832599.474031359 Avg Size=10.946906666666667
Best Individual: (((X1  / 4.979245988846561) * 14.3499476071311) * (X2  / COS(-0.9715003218312797)))
Generation=1 Avg Fitness=3.2114625557984367E7 Best Fitness=7471342.097772791 Avg Size=10.524586666666666
Best Individual: (((2.06563096494921 * X2 ) * X1 ) * 1.481176935368504)
Generation=2 Avg Fitness=4.2409509086711794E7 Best Fitness=5267286.820656824 Avg Size=11.9
Best Individual: ((((-3.151615369859175 / (16.984322187090356 / (8.499160561275195 - (6.212109985534012 - 2.428956402345044)))) + ((14.3499476071311 * 4.548622469032182) * (X1  * X2 ))) - -0.463083233901151) / 15.149657002304163)
Generation=3 Avg Fitness=3.403556703732047E8 Best Fitness=5267160.4803991085 Avg Size=14.66648
Best Individual: ((((-3.151615369859175 / (16.984322187090356 / (8.499160561275195 - (6.212109985534012 - 16.36783542617173)))) + ((14.3499476071311 * 4.548622469032182) * (X1  * X2 ))) - -0.463083233901151) / 15.149657002304163)
Generation=4 Avg Fitness=1.6132201765359356E9 Best Fitness=4410124.181339584 Avg Size=17.6408
Best Individual: ((X1  + ((X2  * (4.326565026250568 / 11.702977332560017)) * X1 )) * (10.84479808363266 + ((-3.6570670291899496 / 15.273680390770245) / 4.557687170912038)))
Generation=5 Avg Fitness=3.629993819446796E10 Best Fitness=4410124.181339584 Avg Size=20.742213333333332
Best Individual: ((X1  + ((X2  * (4.326565026250568 / 11.702977332560017)) * X1 )) * (10.84479808363266 + ((-3.6570670291899496 / 15.273680390770245) / 4.557687170912038)))
Generation=6 Avg Fitness=1.0748642881903795E10 Best Fitness=3238139.3223918574 Avg Size=24.05669333333333
Best Individual: ((((13.149181209905684 / ((15.96469534166284 / -3.196601243932772) / 0.903805320642828)) + (((16.70881546793355 + X2 ) * 4.548622469032182) * (X1  * 11.182263740973752))) - 16.70881546793355) / 15.149657002304163)
Generation=7 Avg Fitness=1.2607497966260414E10 Best Fitness=3219342.0069671734 Avg Size=27.90256
Best Individual: ((((13.149181209905684 / (5.366338225482046 / 0.903805320642828)) + (((16.70881546793355 + X2 ) * 4.548622469032182) * (X1  * 11.182263740973752))) - (((6.033081793850126 * (10.394239007157601 - -3.151615369859175)) / -1.0695893156577951) * (((4.091335761308217 / 15.96469534166284) - 12.52239162746908) / 4.091335761308217))) / 15.149657002304163)
Generation=8 Avg Fitness=2.2357238827013523E10 Best Fitness=2756095.068835809 Avg Size=32.27824
Best Individual: ((((13.149181209905684 / (5.366338225482046 / (13.917571081468235 * 16.36783542617173))) + (((16.70881546793355 + X2 ) * 4.548622469032182) * ((X1  - 1.481176935368504) * 11.182263740973752))) - (((6.033081793850126 * (10.394239007157601 - -3.151615369859175)) / -1.0695893156577951) * (((4.091335761308217 / 15.96469534166284) - 12.52239162746908) / 4.091335761308217))) / 15.149657002304163)
Generation=9 Avg Fitness=5.021992274975335E13 Best Fitness=2756095.068835809 Avg Size=37.66813333333333
Best Individual: ((((13.149181209905684 / (5.366338225482046 / (13.917571081468235 * 16.36783542617173))) + (((16.70881546793355 + X2 ) * 4.548622469032182) * ((X1  - 1.481176935368504) * 11.182263740973752))) - (((6.033081793850126 * (10.394239007157601 - -3.151615369859175)) / -1.0695893156577951) * (((4.091335761308217 / 15.96469534166284) - 12.52239162746908) / 4.091335761308217))) / 15.149657002304163)
Generation=10 Avg Fitness=2.676899053360605E11 Best Fitness=2448166.8112659384 Avg Size=42.78952
Best Individual: (((X1  * ((13.43753973581602 * (X2  + 10.394239007157601)) + X1 )) + ((X1  * 11.702977332560017) - 4.979245988846561)) / 4.1442368937417395)
Generation=11 Avg Fitness=2.024813275652823E14 Best Fitness=843105.3433228172 Avg Size=48.013146666666664
Best Individual: ((X1  * 13.28032574029529) / ((SIN(5.814049457802843) / ((X1  * ((-4.9465549947234955 + 6.750040118342836) / 4.225356700433563)) + X2 )) * (COS(6.137229699732501) - 11.702977332560017)))
Generation=12 Avg Fitness=1.0009770641314221E12 Best Fitness=831104.2686278467 Avg Size=54.92648
Best Individual: ((X1  + ((X2  * (SIN(5.366338225482046) / (8.671790618492345 - 11.702977332560017))) * (9.411567706610983 / 0.8848348275883344))) * X1 )
Generation=13 Avg Fitness=9.942955047686256E12 Best Fitness=831104.2686278467 Avg Size=64.52762666666666
Best Individual: ((X1  + ((X2  * (SIN(5.366338225482046) / (8.671790618492345 - 11.702977332560017))) * (9.411567706610983 / 0.8848348275883344))) * X1 )
Generation=14 Avg Fitness=6.549609446727926E14 Best Fitness=831104.2686278467 Avg Size=75.09602666666666
Best Individual: ((X1  + ((X2  * (SIN(5.366338225482046) / (8.671790618492345 - 11.702977332560017))) * (9.411567706610983 / 0.8848348275883344))) * X1 )
Generation=15 Avg Fitness=5.751268132244054E12 Best Fitness=750799.3264620558 Avg Size=85.06485333333333
Best Individual: ((X1  * 13.28032574029529) / ((SIN(5.814049457802843) / ((X1  * ((-4.9465549947234955 + 6.750040118342836) / 4.225356700433563)) + X2 )) * (COS((0.9141439119541213 * (10.84479808363266 / 1.481176935368504))) - 11.702977332560017)))
Generation=16 Avg Fitness=1.0356922815453725E13 Best Fitness=714011.8365441613 Avg Size=98.12802666666667
Best Individual: ((X1  * 13.28032574029529) / ((SIN(5.814049457802843) / ((X1  * ((-4.9465549947234955 + 6.750040118342836) / 4.225356700433563)) + X2 )) * (COS((0.9141439119541213 * (13.28032574029529 * 7.7061352626539605))) - 11.702977332560017)))
Generation=17 Avg Fitness=5.977967701664648E13 Best Fitness=366951.7027382549 Avg Size=111.38018666666666
Best Individual: ((X1  + ((X2  * (SIN(5.366338225482046) / (8.671790618492345 - 11.702977332560017))) * 11.12686445750337)) * X1 )
Generation=18 Avg Fitness=6.16931074870762E14 Best Fitness=366951.7027382549 Avg Size=116.77344
Best Individual: ((X1  + ((X2  * (SIN(5.366338225482046) / (8.671790618492345 - 11.702977332560017))) * 11.12686445750337)) * X1 )
Generation=19 Avg Fitness=1.3207504886090074E13 Best Fitness=366951.7027382549 Avg Size=118.52338666666667
Best Individual: ((X1  + ((X2  * (SIN(5.366338225482046) / (8.671790618492345 - 11.702977332560017))) * 11.12686445750337)) * X1 )
Generation=20 Avg Fitness=1.9202823774176795E15 Best Fitness=366951.7027382549 Avg Size=125.47794666666667
Best Individual: ((X1  + ((X2  * (SIN(5.366338225482046) / (8.671790618492345 - 11.702977332560017))) * 11.12686445750337)) * X1 )
Generation=21 Avg Fitness=5.932982965227073E17 Best Fitness=366951.7027382549 Avg Size=137.73133333333334
Best Individual: ((X1  + ((X2  * (SIN(5.366338225482046) / (8.671790618492345 - 11.702977332560017))) * 11.12686445750337)) * X1 )
Generation=22 Avg Fitness=6.388466232257826E16 Best Fitness=366951.7027382549 Avg Size=150.3076
Best Individual: ((X1  + ((X2  * (SIN(5.366338225482046) / (8.671790618492345 - 11.702977332560017))) * 11.12686445750337)) * X1 )
Generation=23 Avg Fitness=2.7394138432834208E17 Best Fitness=366951.7027382549 Avg Size=178.41021333333333
Best Individual: ((X1  + ((X2  * (SIN(5.366338225482046) / (8.671790618492345 - 11.702977332560017))) * 11.12686445750337)) * X1 )
Generation=24 Avg Fitness=1.1565500056154325E15 Best Fitness=366951.7027382549 Avg Size=219.5444
Best Individual: ((X1  + ((X2  * (SIN(5.366338225482046) / (8.671790618492345 - 11.702977332560017))) * 11.12686445750337)) * X1 )
Generation=25 Avg Fitness=1.181424924838752E15 Best Fitness=366951.7027382549 Avg Size=248.77786666666665
Best Individual: ((X1  + ((X2  * (SIN(5.366338225482046) / (8.671790618492345 - 11.702977332560017))) * 11.12686445750337)) * X1 )
Generation=26 Avg Fitness=1.1603671351447209E13 Best Fitness=366951.7027382549 Avg Size=264.27624
Best Individual: ((X1  + ((X2  * (SIN(5.366338225482046) / (8.671790618492345 - 11.702977332560017))) * 11.12686445750337)) * X1 )
Generation=27 Avg Fitness=6.767545513244615E12 Best Fitness=366951.7027382549 Avg Size=275.6223733333333
Best Individual: ((X1  + ((X2  * (SIN(5.366338225482046) / (8.671790618492345 - 11.702977332560017))) * 11.12686445750337)) * X1 )
Generation=28 Avg Fitness=3.837148852405226E14 Best Fitness=366951.7027382549 Avg Size=287.86608
Best Individual: ((X1  + ((X2  * (SIN(5.366338225482046) / (8.671790618492345 - 11.702977332560017))) * 11.12686445750337)) * X1 )
Generation=29 Avg Fitness=9.661306556059356E13 Best Fitness=366951.7027382549 Avg Size=298.1142933333333
Best Individual: ((X1  + ((X2  * (SIN(5.366338225482046) / (8.671790618492345 - 11.702977332560017))) * 11.12686445750337)) * X1 )
Generation=30 Avg Fitness=8.449604025732063E12 Best Fitness=366951.7027382549 Avg Size=310.27384
Best Individual: ((X1  + ((X2  * (SIN(5.366338225482046) / (8.671790618492345 - 11.702977332560017))) * 11.12686445750337)) * X1 )
Generation=31 Avg Fitness=3.8434795913415355E15 Best Fitness=366951.7027382549 Avg Size=321.5548
Best Individual: ((X1  + ((X2  * (SIN(5.366338225482046) / (8.671790618492345 - 11.702977332560017))) * 11.12686445750337)) * X1 )
Generation=32 Avg Fitness=2.6200075616075022E14 Best Fitness=366951.7027382549 Avg Size=333.9316
Best Individual: ((X1  + ((X2  * (SIN(5.366338225482046) / (8.671790618492345 - 11.702977332560017))) * 11.12686445750337)) * X1 )
Generation=33 Avg Fitness=7.915346844837283E21 Best Fitness=366951.7027382549 Avg Size=345.90325333333334
Best Individual: ((X1  + ((X2  * (SIN(5.366338225482046) / (8.671790618492345 - 11.702977332560017))) * 11.12686445750337)) * X1 )
Generation=34 Avg Fitness=2.557561399830618E14 Best Fitness=366951.7027382549 Avg Size=357.8265866666667
Best Individual: ((X1  + ((X2  * (SIN(5.366338225482046) / (8.671790618492345 - 11.702977332560017))) * 11.12686445750337)) * X1 )
Generation=35 Avg Fitness=4.9815615591384656E14 Best Fitness=326880.81097901735 Avg Size=369.93122666666665
Best Individual: ((((X1  * 1.0340982359822828) - 3.1603050041397083) + ((X2  * (SIN(5.366338225482046) / (8.671790618492345 - 11.702977332560017))) * 11.12686445750337)) * X1 )
Generation=36 Avg Fitness=1.5081366402634465E12 Best Fitness=326880.81097901735 Avg Size=381.76608
Best Individual: ((((X1  * 1.0340982359822828) - 3.1603050041397083) + ((X2  * (SIN(5.366338225482046) / (8.671790618492345 - 11.702977332560017))) * 11.12686445750337)) * X1 )
Generation=37 Avg Fitness=1.8210684614339782E17 Best Fitness=326880.81097901735 Avg Size=396.8723733333333
Best Individual: ((((X1  * 1.0340982359822828) - 3.1603050041397083) + ((X2  * (SIN(5.366338225482046) / (8.671790618492345 - 11.702977332560017))) * 11.12686445750337)) * X1 )
Generation=38 Avg Fitness=2.2886530342555564E18 Best Fitness=326880.81097901735 Avg Size=410.73728
Best Individual: ((((X1  * 1.0340982359822828) - 3.1603050041397083) + ((X2  * (SIN(5.366338225482046) / (8.671790618492345 - 11.702977332560017))) * 11.12686445750337)) * X1 )
Generation=39 Avg Fitness=2.088600085439645E12 Best Fitness=326880.81097901735 Avg Size=424.76824
Best Individual: ((((X1  * 1.0340982359822828) - 3.1603050041397083) + ((X2  * (SIN(5.366338225482046) / (8.671790618492345 - 11.702977332560017))) * 11.12686445750337)) * X1 )
PROBLEM *NOT* SOLVED
