..\data\input\1_8__-1.57_1.57.dat
-- TINY GP (Java version) --
SEED=-1
MAX_LEN=10000
POPSIZE=75000
DEPTH=5
CROSSOVER_PROB=0.9
PMUT_PER_NODE=0.05
MIN_RANDOM=-5.0
MAX_RANDOM=6.0
GENERATIONS=40
TSIZE=2
SOLVING_THRESHOLD=0.6594
----------------------------------
Generation=0 Avg Fitness=53813.45530472306 Best Fitness=1090.3700000000001 Avg Size=11.0192
Best Individual: COS(((((-0.02294808075895194 + 1.4644163518335311) + (X1  * 2.402888139301062)) - (3.113016663399936 / 4.436051890993882)) + (SIN(-1.804932077139466) - (X1  / -0.6047969120255576))))
Generation=1 Avg Fitness=21783.541230635823 Best Fitness=1071.4499999999991 Avg Size=12.197466666666667
Best Individual: COS(((((-0.02294808075895194 + 1.4644163518335311) + (X1  * 2.402888139301062)) - (3.113016663399936 / 4.436051890993882)) + (SIN((-2.8555085663956117 * 0.3507289874121762)) - (X1  / -0.6047969120255576))))
Generation=2 Avg Fitness=22794.126149245218 Best Fitness=1044.7599999999998 Avg Size=14.636
Best Individual: COS(((((-0.02294808075895194 + 1.4644163518335311) + (X1  * 2.402888139301062)) - (-0.22692737391287032 / 4.436051890993882)) + (SIN((-2.8555085663956117 * 0.3507289874121762)) - (X1  / -0.6047969120255576))))
Generation=3 Avg Fitness=59446.401612752714 Best Fitness=1039.739999999998 Avg Size=17.500613333333334
Best Individual: COS(((((-0.02294808075895194 + 1.4644163518335311) + (X1  * 2.402888139301062)) + (-0.4535232854215989 / 2.5960887117179006)) + (SIN((-2.8555085663956117 * 0.3507289874121762)) - (X1  / -0.6047969120255576))))
Generation=4 Avg Fitness=2426781.085195337 Best Fitness=1039.5099999999989 Avg Size=20.884666666666668
Best Individual: COS((((X1  * 3.874117554905137) + 0.5918891573961886) - COS(4.8605111887188475)))
Generation=5 Avg Fitness=191188.49459941027 Best Fitness=996.310623271546 Avg Size=25.72352
Best Individual: (SIN(((4.8605111887188475 / -2.6336150300717263) - COS(-3.0914104942160865))) / (-2.5518267440432107 + ((X1  - -0.5443930652136411) - -3.2936946451826756)))
Generation=6 Avg Fitness=206666.8054668695 Best Fitness=794.4432062588289 Avg Size=32.11152
Best Individual: (((-0.543441955233039 * (2.2080692086490377 - -0.6190567831795963)) / 4.30964499079233) / (X1  + (-1.018748713004606 + (SIN((3.7520980933603862 - 5.512549711121913)) * -0.7488639214111537))))
Generation=7 Avg Fitness=15507.161502239183 Best Fitness=794.4432062588289 Avg Size=37.48429333333333
Best Individual: (((-0.543441955233039 * (2.2080692086490377 - -0.6190567831795963)) / 4.30964499079233) / (X1  + (-1.018748713004606 + (SIN((3.7520980933603862 - 5.512549711121913)) * -0.7488639214111537))))
Generation=8 Avg Fitness=13403.449683219096 Best Fitness=745.7900800371156 Avg Size=40.03749333333333
Best Individual: (SIN(((4.8605111887188475 / -0.6190567831795963) - COS(-3.0914104942160865))) / (-2.5518267440432107 + ((X1  - -0.5443930652136411) - -3.2936946451826756)))
Generation=9 Avg Fitness=13525.978583221475 Best Fitness=728.7350527924131 Avg Size=41.745866666666664
Best Individual: (SIN((2.574749411472748 - COS(-3.0914104942160865))) / (-2.5518267440432107 + ((X1  - -0.5443930652136411) - -3.2936946451826756)))
Generation=10 Avg Fitness=4810.336897016041 Best Fitness=728.1154607273244 Avg Size=44.751333333333335
Best Individual: (SIN(((4.067301281436709 / -2.6336150300717263) - COS(-3.0914104942160865))) / (-2.5518267440432107 + ((X1  - -0.5443930652136411) - -3.2936946451826756)))
Generation=11 Avg Fitness=3879.1806851032725 Best Fitness=716.2792911378051 Avg Size=51.91525333333333
Best Individual: (SIN(((4.8605111887188475 / -2.6336150300717263) - COS(0.5918891573961886))) / (-2.5518267440432107 + ((X1  - -0.5443930652136411) - -3.2936946451826756)))
Generation=12 Avg Fitness=5256.846776080065 Best Fitness=708.6943369247809 Avg Size=61.62101333333333
Best Individual: (SIN(((4.8605111887188475 / -2.6336150300717263) - COS(5.630138100225199))) / (-2.5518267440432107 + ((X1  - -0.5443930652136411) - -3.2936946451826756)))
Generation=13 Avg Fitness=6300.87617717953 Best Fitness=708.6943369247809 Avg Size=68.02376
Best Individual: (SIN(((4.8605111887188475 / -2.6336150300717263) - COS(5.630138100225199))) / (-2.5518267440432107 + ((X1  - -0.5443930652136411) - -3.2936946451826756)))
Generation=14 Avg Fitness=8977.74768136198 Best Fitness=694.1819644622775 Avg Size=73.35128
Best Individual: (SIN(((4.067301281436709 / -2.6336150300717263) - COS(-3.0914104942160865))) / (-2.5518267440432107 + ((X1  - -0.543441955233039) - -3.2936946451826756)))
Generation=15 Avg Fitness=28951.47110024102 Best Fitness=694.1819644622775 Avg Size=80.70272
Best Individual: (SIN(((4.067301281436709 / -2.6336150300717263) - COS(-3.0914104942160865))) / (-2.5518267440432107 + ((X1  - -0.543441955233039) - -3.2936946451826756)))
Generation=16 Avg Fitness=29533.998775820313 Best Fitness=688.3170945158331 Avg Size=91.23168
Best Individual: (SIN(((4.8605111887188475 / -2.6336150300717263) - COS((2.643830667741584 * -4.518026552061013)))) / (-2.5518267440432107 + ((X1  - -0.543441955233039) - -3.2936946451826756)))
Generation=17 Avg Fitness=26664.57031695261 Best Fitness=688.3170945158331 Avg Size=97.55712
Best Individual: (SIN(((4.8605111887188475 / -2.6336150300717263) - COS((2.643830667741584 * -4.518026552061013)))) / (-2.5518267440432107 + ((X1  - -0.543441955233039) - -3.2936946451826756)))
Generation=18 Avg Fitness=248153.50301923003 Best Fitness=674.4296324621772 Avg Size=101.7508
Best Individual: (SIN(((-2.5518267440432107 * 0.5918891573961886) - COS(-3.0914104942160865))) / (-2.5518267440432107 + ((X1  - -0.543441955233039) - -3.2936946451826756)))
Generation=19 Avg Fitness=5068.652098456906 Best Fitness=674.4296324621772 Avg Size=112.16530666666667
Best Individual: (SIN(((-2.5518267440432107 * 0.5918891573961886) - COS(-3.0914104942160865))) / (-2.5518267440432107 + ((X1  - -0.543441955233039) - -3.2936946451826756)))
Generation=20 Avg Fitness=6721.335975961038 Best Fitness=674.3277208605896 Avg Size=121.47688
Best Individual: (SIN(SIN(((4.067301281436709 / -2.6336150300717263) - COS(-3.0914104942160865)))) / (-2.5518267440432107 + ((X1  - -0.543441955233039) - -3.2936946451826756)))
Generation=21 Avg Fitness=5118.669626611431 Best Fitness=667.2325309110819 Avg Size=129.06074666666666
Best Individual: ((((4.8605111887188475 / -2.6336150300717263) - (-3.0914104942160865 / (-2.5518267440432107 + ((X1  - -0.543441955233039) - -3.2936946451826756)))) * SIN(COS((SIN((-3.4257885430726915 * -4.0231012005388225)) * 5.998747972239768)))) / (4.231158943203086 / SIN(-2.020349104435096)))
Generation=22 Avg Fitness=11474.316533091598 Best Fitness=659.5647151527738 Avg Size=135.00554666666667
Best Individual: ((((4.8605111887188475 / -2.6336150300717263) - (-3.0914104942160865 / (-2.5518267440432107 + ((X1  - -0.543441955233039) - -3.2936946451826756)))) * SIN(COS((SIN((-3.4257885430726915 * -4.0231012005388225)) * 5.998747972239768)))) / (4.231158943203086 / SIN(4.30964499079233)))
Generation=23 Avg Fitness=6363.463967428469 Best Fitness=654.1798422774075 Avg Size=143.20413333333335
Best Individual: ((((4.8605111887188475 / -2.6336150300717263) - (-3.0914104942160865 / (-2.5518267440432107 + ((X1  - -0.543441955233039) - -3.2936946451826756)))) * SIN(COS((SIN((-3.4257885430726915 * -4.0231012005388225)) * COS(5.455435779550411))))) / -4.518026552061013)
Generation=24 Avg Fitness=2922.879732472569 Best Fitness=653.2703139314981 Avg Size=159.77882666666667
Best Individual: ((((4.8605111887188475 / -2.6336150300717263) - (-3.0914104942160865 / (-2.5518267440432107 + ((X1  - -0.543441955233039) - -3.2936946451826756)))) * SIN(COS((SIN((-2.020349104435096 * -4.0231012005388225)) * 5.998747972239768)))) / (4.231158943203086 / SIN(-2.020349104435096)))
Generation=25 Avg Fitness=2252.6639347164073 Best Fitness=653.2703139314981 Avg Size=183.40773333333334
Best Individual: ((((4.8605111887188475 / -2.6336150300717263) - (-3.0914104942160865 / (-2.5518267440432107 + ((X1  - -0.543441955233039) - -3.2936946451826756)))) * SIN(COS((SIN((-2.020349104435096 * -4.0231012005388225)) * 5.998747972239768)))) / (4.231158943203086 / SIN(-2.020349104435096)))
Generation=26 Avg Fitness=1801.3946934900566 Best Fitness=653.1657880050043 Avg Size=211.56384
Best Individual: ((((5.2156452294700895 / -2.6336150300717263) - (-3.0914104942160865 / (-2.5518267440432107 + ((X1  - -0.543441955233039) - -3.2936946451826756)))) * SIN(COS((SIN((-3.4257885430726915 * -4.0231012005388225)) * -0.5443930652136411)))) / (4.231158943203086 / SIN(-2.020349104435096)))
Generation=27 Avg Fitness=46419.35089266914 Best Fitness=641.4125622104117 Avg Size=228.83410666666666
Best Individual: ((((4.8605111887188475 / -2.6336150300717263) - (-3.0914104942160865 / (-2.5518267440432107 + ((X1  - -0.543441955233039) - -3.2936946451826756)))) * SIN(COS((SIN((-3.4257885430726915 * -4.0231012005388225)) * 5.998747972239768)))) / (4.231158943203086 / SIN((SIN(COS(4.231158943203086)) * (-3.4380042245785893 * X1 )))))
Generation=28 Avg Fitness=7235.185563383541 Best Fitness=631.105001923695 Avg Size=239.26669333333334
Best Individual: ((((4.8605111887188475 / -2.6336150300717263) - (-3.0914104942160865 / (-2.5518267440432107 + ((X1  - -0.543441955233039) - -3.2936946451826756)))) * SIN(COS((SIN((-3.4257885430726915 * -4.0231012005388225)) * 5.998747972239768)))) / (4.231158943203086 / SIN(((X1  + ((X1  - -0.5443930652136411) - -0.5443930652136411)) / COS(5.693919440565558)))))
Generation=29 Avg Fitness=11555.897524228241 Best Fitness=627.4095462716915 Avg Size=243.59136
Best Individual: (((((X1  - -2.2127675378476597) / -2.6336150300717263) - (-3.0914104942160865 / (-2.5518267440432107 + ((X1  - -0.543441955233039) - -3.2936946451826756)))) * SIN(COS((SIN((-3.4257885430726915 * -4.0231012005388225)) * 5.998747972239768)))) / (4.231158943203086 / SIN(((X1  + ((X1  - -0.5443930652136411) - -0.5443930652136411)) / COS(5.693919440565558)))))
Generation=30 Avg Fitness=6964.563011652297 Best Fitness=627.4095462716915 Avg Size=241.24317333333335
Best Individual: (((((X1  - -2.2127675378476597) / -2.6336150300717263) - (-3.0914104942160865 / (-2.5518267440432107 + ((X1  - -0.543441955233039) - -3.2936946451826756)))) * SIN(COS((SIN((-3.4257885430726915 * -4.0231012005388225)) * 5.998747972239768)))) / (4.231158943203086 / SIN(((X1  + ((X1  - -0.5443930652136411) - -0.5443930652136411)) / COS(5.693919440565558)))))
Generation=31 Avg Fitness=18985.022244765365 Best Fitness=626.7983005196708 Avg Size=242.66365333333334
Best Individual: ((((4.8605111887188475 / -2.6336150300717263) - (-3.0914104942160865 / (-2.5518267440432107 + ((X1  - -0.543441955233039) - -3.2936946451826756)))) * SIN(COS((SIN((-3.4257885430726915 * -4.0231012005388225)) * 5.998747972239768)))) / (4.231158943203086 / SIN((((X1  * ((SIN(2.722469584927757) - (-4.035547399837961 / -0.6047969120255576)) - -0.44359340580828377)) * (COS(-0.22692737391287032) * 0.3507289874121762)) - 3.874117554905137))))
Generation=32 Avg Fitness=15308.62221590022 Best Fitness=626.0266747498372 Avg Size=261.828
Best Individual: ((((((X1  - -0.5443930652136411) - -3.2936946451826756) / -2.6336150300717263) - (-3.0914104942160865 / (-2.5518267440432107 + ((X1  - -0.543441955233039) - -3.2936946451826756)))) * SIN(COS((SIN((-3.4257885430726915 * -4.0231012005388225)) * 5.998747972239768)))) / (4.231158943203086 / SIN(((X1  + ((X1  - -0.5443930652136411) - -0.5443930652136411)) / COS(5.693919440565558)))))
Generation=33 Avg Fitness=23564.53274790861 Best Fitness=624.5444357184828 Avg Size=292.0636
Best Individual: ((((5.2156452294700895 / -2.6336150300717263) - (-3.0914104942160865 / (-2.5518267440432107 + ((X1  - -0.543441955233039) - -3.2936946451826756)))) * SIN(COS((SIN((((-2.5518267440432107 + ((X1  - -0.5443930652136411) / -3.2936946451826756)) - 2.686864547135694) * -4.0231012005388225)) * 5.998747972239768)))) / (4.231158943203086 / SIN(-2.020349104435096)))
Generation=34 Avg Fitness=7905525.277957236 Best Fitness=621.8798603824393 Avg Size=302.73154666666665
Best Individual: ((((4.8605111887188475 / -2.6336150300717263) - (-3.0914104942160865 / (-2.5518267440432107 + ((X1  - -0.543441955233039) - -3.2936946451826756)))) * SIN(COS((SIN((-3.4257885430726915 * -4.0231012005388225)) * 5.998747972239768)))) / (4.231158943203086 / SIN(((X1  - -0.5443930652136411) * ((X1  - -0.5443930652136411) - -3.2936946451826756)))))
Generation=35 Avg Fitness=51913.66092610152 Best Fitness=613.7559412042017 Avg Size=283.6752266666667
Best Individual: ((((-2.5518267440432107 * 0.5918891573961886) - COS(-3.0914104942160865)) / (-2.5518267440432107 + ((X1  - -0.543441955233039) - -3.2936946451826756))) - SIN((COS(-0.44359340580828377) / (SIN(((X1  * -4.0231012005388225) - COS(-3.0914104942160865))) + (-2.5518267440432107 + COS(X1 ))))))
Generation=36 Avg Fitness=97148.51400665443 Best Fitness=613.7559412042017 Avg Size=281.53488
Best Individual: ((((-2.5518267440432107 * 0.5918891573961886) - COS(-3.0914104942160865)) / (-2.5518267440432107 + ((X1  - -0.543441955233039) - -3.2936946451826756))) - SIN((COS(-0.44359340580828377) / (SIN(((X1  * -4.0231012005388225) - COS(-3.0914104942160865))) + (-2.5518267440432107 + COS(X1 ))))))
Generation=37 Avg Fitness=43295.44458258697 Best Fitness=605.4979497859493 Avg Size=292.4184266666667
Best Individual: ((((-2.5518267440432107 * 0.5918891573961886) - COS(-3.0914104942160865)) / (-2.5518267440432107 + ((X1  - -0.543441955233039) - -3.2936946451826756))) - SIN((COS(-0.44359340580828377) / (SIN(((X1  * -4.0231012005388225) - COS((X1  - -2.2127675378476597)))) + (-2.5518267440432107 + COS((X1  * -4.0231012005388225)))))))
Generation=38 Avg Fitness=334648.62967952073 Best Fitness=605.4979497859493 Avg Size=297.1306133333333
Best Individual: ((((-2.5518267440432107 * 0.5918891573961886) - COS(-3.0914104942160865)) / (-2.5518267440432107 + ((X1  - -0.543441955233039) - -3.2936946451826756))) - SIN((COS(-0.44359340580828377) / (SIN(((X1  * -4.0231012005388225) - COS((X1  - -2.2127675378476597)))) + (-2.5518267440432107 + COS((X1  * -4.0231012005388225)))))))
Generation=39 Avg Fitness=37875.78724749333 Best Fitness=605.4979497859493 Avg Size=295.3936
Best Individual: ((((-2.5518267440432107 * 0.5918891573961886) - COS(-3.0914104942160865)) / (-2.5518267440432107 + ((X1  - -0.543441955233039) - -3.2936946451826756))) - SIN((COS(-0.44359340580828377) / (SIN(((X1  * -4.0231012005388225) - COS((X1  - -2.2127675378476597)))) + (-2.5518267440432107 + COS((X1  * -4.0231012005388225)))))))
PROBLEM *NOT* SOLVED
