..\data\input\1_2__0_7.dat
-- TINY GP (Java version) --
SEED=-1
MAX_LEN=10000
POPSIZE=50000
DEPTH=5
CROSSOVER_PROB=0.9
PMUT_PER_NODE=0.05
MIN_RANDOM=-5.0
MAX_RANDOM=6.0
GENERATIONS=40
TSIZE=2
SOLVING_THRESHOLD=1.47
----------------------------------
Generation=0 Avg Fitness=137621.30244541637 Best Fitness=191.90000000000003 Avg Size=6.98156
Best Individual: COS((X1  - COS(COS(SIN(2.299614103612357)))))
Generation=1 Avg Fitness=24375.946305006102 Best Fitness=191.90000000000003 Avg Size=6.70712
Best Individual: COS((X1  - COS(COS(SIN(2.299614103612357)))))
Generation=2 Avg Fitness=7283.037697538034 Best Fitness=133.26033898305081 Avg Size=7.3291
Best Individual: (COS((((COS(-2.1749183513647123) + 1.8644832505303626) - X1 ) + COS(-2.032933892443711))) / COS(SIN((SIN(-0.6644096691153498) + 4.972504806295662))))
Generation=3 Avg Fitness=5845.3918569121715 Best Fitness=88.85718185123574 Avg Size=7.89028
Best Individual: (COS((-0.5501866399793753 + X1 )) / COS(COS(COS(X1 ))))
Generation=4 Avg Fitness=3763.9189888806027 Best Fitness=88.85718185123574 Avg Size=8.5187
Best Individual: (COS((-0.5501866399793753 + X1 )) / COS(COS(COS(X1 ))))
Generation=5 Avg Fitness=10389.11717557898 Best Fitness=1.5800000000000178 Avg Size=9.27196
Best Individual: (SIN(X1 ) + COS(X1 ))
Generation=6 Avg Fitness=10646.305403355225 Best Fitness=1.5800000000000178 Avg Size=10.12354
Best Individual: (SIN(X1 ) + COS(X1 ))
Generation=7 Avg Fitness=8909.398506854164 Best Fitness=1.5800000000000178 Avg Size=11.64522
Best Individual: (SIN(X1 ) + COS(X1 ))
Generation=8 Avg Fitness=1506.9678850305718 Best Fitness=1.5800000000000178 Avg Size=14.29132
Best Individual: (SIN(X1 ) + COS(X1 ))
Generation=9 Avg Fitness=1097.8703228749162 Best Fitness=1.5800000000000178 Avg Size=17.3237
Best Individual: (SIN(X1 ) + COS(X1 ))
Generation=10 Avg Fitness=1546.1619148505465 Best Fitness=1.5800000000000178 Avg Size=20.5536
Best Individual: (SIN(X1 ) + COS(X1 ))
Generation=11 Avg Fitness=1799.6324131645717 Best Fitness=1.5800000000000178 Avg Size=24.5705
Best Individual: (SIN(X1 ) + COS(X1 ))
Generation=12 Avg Fitness=2923.9409164505428 Best Fitness=1.5800000000000178 Avg Size=30.90914
Best Individual: (SIN(X1 ) + COS(X1 ))
Generation=13 Avg Fitness=3848.025114049688 Best Fitness=1.5800000000000178 Avg Size=38.14278
Best Individual: (SIN(X1 ) + COS(X1 ))
Generation=14 Avg Fitness=2587.4802102562703 Best Fitness=1.5800000000000178 Avg Size=45.63472
Best Individual: (SIN(X1 ) + COS(X1 ))
Generation=15 Avg Fitness=66678.51139114046 Best Fitness=1.5100000000000184 Avg Size=52.38878
Best Individual: (COS((X1  - (COS(4.700578226120308) / 4.483199967401463))) + SIN(X1 ))
Generation=16 Avg Fitness=1237772.905989165 Best Fitness=1.5100000000000184 Avg Size=59.27974
Best Individual: (COS((X1  - (COS(4.700578226120308) / 4.483199967401463))) + SIN(X1 ))
Generation=17 Avg Fitness=1646.3687004208714 Best Fitness=1.5100000000000184 Avg Size=68.93584
Best Individual: (COS((X1  - (COS(4.700578226120308) / 4.483199967401463))) + SIN(X1 ))
Generation=18 Avg Fitness=1575.9560785304582 Best Fitness=1.5100000000000184 Avg Size=81.30572
Best Individual: (COS((X1  - (COS(4.700578226120308) / 4.483199967401463))) + SIN(X1 ))
Generation=19 Avg Fitness=972.815482295079 Best Fitness=1.5100000000000184 Avg Size=94.05116
Best Individual: (COS((X1  - (COS(4.700578226120308) / 4.483199967401463))) + SIN(X1 ))
Generation=20 Avg Fitness=200438.26505807563 Best Fitness=1.5000000000000187 Avg Size=104.62124
Best Individual: (COS(((((COS(-2.428997483551366) / -2.2237423223449766) * 0.29498433820440173) / ((-3.9556485674555484 - 4.483199967401463) * ((0.41254315451200974 / (((SIN(X1 ) * (COS(X1 ) + SIN((X1  - (SIN(3.167904624910328) / (-3.9234447158437717 - (((COS(SIN(X1 )) / -4.248176921111473) + (X1  - COS(COS((4.343162520332282 - X1 ))))) + 3.167904624910328))))))) * 5.834216218737273) + -1.7663760293021777)) - 5.684291169728597))) + X1 )) + SIN(X1 ))
Generation=21 Avg Fitness=111697.99857882468 Best Fitness=1.4800000000000177 Avg Size=109.4471
Best Individual: (COS(((((SIN(SIN((COS(SIN((-3.4910377272247044 * SIN(((COS(-2.1749183513647123) + 1.8644832505303626) * SIN((((X1  - COS(COS((COS(SIN((X1  * COS((SIN(COS(SIN(COS(-0.6318369571766072)))) - 2.7914674173775955))))) - X1 )))) * (0.29498433820440173 / COS((COS(COS(SIN(SIN(-2.032933892443711)))) - X1 )))) - 3.139454843533276))))))) - (COS(COS(((-4.615601135742612 - (((1.954284124438848 - -1.6961241853322133) / 5.973985802605332) - (SIN((COS(2.392974234046651) + (COS(1.4849437087872568) / SIN(-3.6935783659576384)))) - COS(1.892918409230317)))) + COS(COS((1.308813888038598 - COS(1.892918409230317))))))) * COS(SIN((SIN(2.8946734065093747) + -4.248176921111473))))))) / 0.5399270894371639) * 0.29498433820440173) / ((-3.9556485674555484 - 4.483199967401463) * ((0.41254315451200974 / 5.973985802605332) - (((3.9115797085861406 - -1.1888318754414797) - ((0.41254315451200974 / COS(((COS(-2.1749183513647123) + 1.8644832505303626) - X1 ))) - 5.684291169728597)) + SIN(COS((-0.6500148849253531 - -3.090175234417765))))))) + X1 )) + SIN(X1 ))
Generation=22 Avg Fitness=94525.68081442211 Best Fitness=1.4800000000000177 Avg Size=119.55158
Best Individual: (COS(((((SIN(SIN((COS(SIN((-3.4910377272247044 * SIN(((COS(-2.1749183513647123) + 1.8644832505303626) * SIN((((X1  - COS(COS((COS(SIN((X1  * COS((SIN(COS(SIN(COS(-0.6318369571766072)))) - 2.7914674173775955))))) - X1 )))) * (0.29498433820440173 / COS((COS(COS(SIN(SIN(-2.032933892443711)))) - X1 )))) - 3.139454843533276))))))) - (COS(COS(((-4.615601135742612 - (((1.954284124438848 - -1.6961241853322133) / 5.973985802605332) - (SIN((COS(2.392974234046651) + (COS(1.4849437087872568) / SIN(-3.6935783659576384)))) - COS(1.892918409230317)))) + COS(COS((1.308813888038598 - COS(1.892918409230317))))))) * COS(SIN((SIN(2.8946734065093747) + -4.248176921111473))))))) / 0.5399270894371639) * 0.29498433820440173) / ((-3.9556485674555484 - 4.483199967401463) * ((0.41254315451200974 / 5.973985802605332) - (((3.9115797085861406 - -1.1888318754414797) - ((0.41254315451200974 / COS(((COS(-2.1749183513647123) + 1.8644832505303626) - X1 ))) - 5.684291169728597)) + SIN(COS((-0.6500148849253531 - -3.090175234417765))))))) + X1 )) + SIN(X1 ))
Generation=23 Avg Fitness=7879.7491565997025 Best Fitness=1.4700000000000173 Avg Size=139.59028
Best Individual: (COS((X1  - (COS(4.700578226120308) / (4.119093422771595 / ((COS(X1 ) * COS(X1 )) / SIN(COS(SIN((SIN((-3.0071698811034655 * (COS(COS((COS(COS(X1 )) / (-0.32723406916960673 - (((COS(COS(COS(-3.4290435898423066))) / ((COS(COS(5.228530754650912)) + 0.41254315451200974) * (1.4849437087872568 + 1.8644832505303626))) + 4.700578226120308) / SIN(SIN((-3.5822513299684853 * (-2.1749183513647123 * (COS(COS(4.972504806295662)) + (-1.7663760293021777 * 5.57050509103915))))))))))) * -3.6935783659576384))) * (-0.6318369571766072 + (3.139454843533276 * 1.7270776521271234))))))))))) + SIN(X1 ))
Generation=24 Avg Fitness=1445.5468619357061 Best Fitness=1.4500000000000177 Avg Size=167.90694
Best Individual: (COS((X1  - (COS(4.700578226120308) / (4.119093422771595 / ((COS(X1 ) * COS(X1 )) / SIN(COS(SIN((SIN((-3.0071698811034655 * ((COS(0.46165038819887805) * X1 ) - 3.139454843533276))) * (-0.6318369571766072 + (3.139454843533276 * 1.7270776521271234))))))))))) + SIN(X1 ))
PROBLEM SOLVED
