..\data\input\1_3__0_999.dat
-- TINY GP (Java version) --
SEED=-1
MAX_LEN=10000
POPSIZE=50000
DEPTH=5
CROSSOVER_PROB=0.9
PMUT_PER_NODE=0.05
MIN_RANDOM=-5.0
MAX_RANDOM=6.0
GENERATIONS=40
TSIZE=2
SOLVING_THRESHOLD=209.79
----------------------------------
Generation=0 Avg Fitness=2575234.245108643 Best Fitness=1378.9034756877095 Avg Size=6.9831
Best Individual: ((3.2941831700301716 + (((3.307537442546117 - 5.601184454100769) - 3.4327290445990464) * -1.5455071288587812)) + ((((2.5753737642292185 * -1.0776352378203757) / (-1.873302632788998 + -4.414690405605284)) * ((-2.8567295005413396 - 0.9563568789102961) * SIN(-3.26237594230387))) / (-2.108694266513507 + 1.393279421430015)))
Generation=1 Avg Fitness=56188.123622199564 Best Fitness=1378.8935788504552 Avg Size=7.12168
Best Individual: ((2.6338697088134717 * (3.683386590989006 + COS(-2.24786944890609))) - -4.386882836083304)
Generation=2 Avg Fitness=41309.78917799425 Best Fitness=1378.8902035653146 Avg Size=8.08646
Best Individual: (2.399735300351357 + (5.096218431919125 + 4.9341480503863036))
Generation=3 Avg Fitness=34468.41005997546 Best Fitness=1378.8902035653146 Avg Size=9.5173
Best Individual: (2.399735300351357 + (5.096218431919125 + 4.9341480503863036))
Generation=4 Avg Fitness=47118.33467623534 Best Fitness=1378.8902035653146 Avg Size=11.14796
Best Individual: (2.399735300351357 + (5.096218431919125 + 4.9341480503863036))
Generation=5 Avg Fitness=14571.658335846703 Best Fitness=1378.8900882657533 Avg Size=12.9326
Best Individual: (3.3707464390891797 + ((5.074963529043387 + -0.3508512772558907) - (COS((5.77446861352254 * -0.31076287277738235)) - (3.683386590989006 - (-1.894383985535888 / 4.387863595890764)))))
Generation=6 Avg Fitness=14589.371676306368 Best Fitness=1378.8900882657533 Avg Size=15.04766
Best Individual: (3.3707464390891797 + ((5.074963529043387 + -0.3508512772558907) - (COS((5.77446861352254 * -0.31076287277738235)) - (3.683386590989006 - (-1.894383985535888 / 4.387863595890764)))))
Generation=7 Avg Fitness=33210.77280351841 Best Fitness=1378.8900882657533 Avg Size=17.85672
Best Individual: (3.3707464390891797 + ((5.074963529043387 + -0.3508512772558907) - (COS((5.77446861352254 * -0.31076287277738235)) - (3.683386590989006 - (-1.894383985535888 / 4.387863595890764)))))
Generation=8 Avg Fitness=47200.601445786706 Best Fitness=1357.4704356498457 Avg Size=21.68958
Best Individual: (((((3.683386590989006 + 2.7479375512723037) - ((4.146664789044623 + COS((SIN(COS(-4.386882836083304)) * (3.3239098740611652 / (((SIN(COS(-3.26237594230387)) * 0.8054070629253447) / 2.9193947931765987) + (-1.2958414954825201 * ((SIN(5.096218431919125) + (4.237535650702519 * -0.6805432016867048)) - (2.6338697088134717 + (3.3239098740611652 - (5.096218431919125 + -4.243665204463226)))))))))) + (-2.455101697068935 / (1.6364068121905344 / 2.5609026281474776)))) / (SIN((1.2579946787907303 + SIN(-4.89123067982032))) + (X1  / -3.1363018510460616))) + 5.760161382301643) + (4.146664789044623 + 2.6338697088134717))
Generation=9 Avg Fitness=30607.06700482177 Best Fitness=1355.9999769265844 Avg Size=27.43296
Best Individual: (((((3.683386590989006 + 2.7479375512723037) - (((2.5609026281474776 - 4.146664789044623) * -2.108694266513507) + (-2.455101697068935 / (((2.7029303214109053 - -3.7889822939254794) - (0.7575622701190765 * -1.2958414954825201)) / 2.5609026281474776)))) / (SIN((1.2579946787907303 + SIN(-4.386882836083304))) + (X1  / -3.1363018510460616))) + 5.760161382301643) + (4.146664789044623 + 2.6338697088134717))
Generation=10 Avg Fitness=8077.412588169021 Best Fitness=1238.560025329506 Avg Size=34.40614
Best Individual: ((-3.058925009504847 * -3.715425442049339) + COS(((4.760390552345017 - (COS(3.424474191952468) + -4.307471032903731)) / (((-2.8567295005413396 - X1 ) / (((SIN(SIN(-3.715425442049339)) * ((5.760161382301643 + 4.1666317201027425) / COS(SIN(2.5694473626074075)))) + ((3.2941831700301716 / (4.9341480503863036 / (5.108022453661967 + 5.074963529043387))) - ((3.339437688956677 - 1.4649197044497795) * SIN(-2.884190131846765)))) + -0.3508512772558907)) - 2.6338697088134717))))
Generation=11 Avg Fitness=16408.113283687246 Best Fitness=1238.560025329506 Avg Size=42.85876
Best Individual: ((-3.058925009504847 * -3.715425442049339) + COS(((4.760390552345017 - (COS(3.424474191952468) + -4.307471032903731)) / (((-2.8567295005413396 - X1 ) / (((SIN(SIN(-3.715425442049339)) * ((5.760161382301643 + 4.1666317201027425) / COS(SIN(2.5694473626074075)))) + ((3.2941831700301716 / (4.9341480503863036 / (5.108022453661967 + 5.074963529043387))) - ((3.339437688956677 - 1.4649197044497795) * SIN(-2.884190131846765)))) + -0.3508512772558907)) - 2.6338697088134717))))
Generation=12 Avg Fitness=3350.140194869392 Best Fitness=1072.4950633237602 Avg Size=52.16524
Best Individual: ((-3.058925009504847 * -3.715425442049339) + COS(((4.760390552345017 - (COS(3.424474191952468) + -4.307471032903731)) / (((-2.8567295005413396 - X1 ) / (((SIN(SIN(1.2579946787907303)) * ((5.760161382301643 + 4.1666317201027425) / COS(SIN(0.8707900199037804)))) + ((5.721607505495966 + (4.580473183482479 + 1.2579946787907303)) - (COS(3.339437688956677) * 4.580473183482479))) + SIN(-2.884190131846765))) - -0.3508512772558907))))
Generation=13 Avg Fitness=3380.8797210502166 Best Fitness=1064.7729852674056 Avg Size=62.73546
Best Individual: ((-3.058925009504847 * -3.715425442049339) + COS(((4.760390552345017 - (COS(3.424474191952468) + -4.307471032903731)) / (((5.601184454100769 - X1 ) / (((SIN(SIN(1.2579946787907303)) * ((5.760161382301643 + ((4.146664789044623 + COS(((3.683386590989006 * 3.2941831700301716) + COS(((2.462787970535074 - ((((COS((5.77446861352254 + ((3.991598840794845 * 2.5609026281474776) + (3.2941831700301716 + COS(4.1666317201027425))))) + 2.7029303214109053) + 2.399735300351357) / (-0.7144886713956167 - 3.424474191952468)) / 2.450887542523226)) - -2.136145660168045))))) + (-2.455101697068935 / ((2.9193947931765987 - (-4.386882836083304 * (3.933839224694678 + 1.6364068121905344))) / 2.5609026281474776)))) / COS(SIN(0.8707900199037804)))) + ((5.721607505495966 + (4.580473183482479 + 1.2579946787907303)) - (COS(3.339437688956677) * 4.580473183482479))) + SIN(-2.884190131846765))) - -0.3508512772558907))))
Generation=14 Avg Fitness=4663.577679301338 Best Fitness=975.5295799305276 Avg Size=74.08716
Best Individual: (((((3.683386590989006 + 2.7479375512723037) - (-3.797293238228002 + (4.146664789044623 / (-0.3508512772558907 / 2.5609026281474776)))) / ((-3.797293238228002 - (SIN(COS(0.7080257014711346)) / (((-3.797293238228002 - -2.0191564793765173) / 1.217061702806447) + (SIN(SIN((5.721607505495966 * (3.2941831700301716 / (SIN((5.108022453661967 - 1.6364068121905344)) / (-3.5246623893651456 * -2.455101697068935)))))) / (4.1666317201027425 / 3.3239098740611652))))) + (X1  / -3.1363018510460616))) + 5.760161382301643) + (4.146664789044623 + 2.6338697088134717))
Generation=15 Avg Fitness=24832.75204927504 Best Fitness=870.5329073431378 Avg Size=81.92874
Best Individual: ((((5.760161382301643 - (0.8707900199037804 + (((((3.683386590989006 - -1.873302632788998) + (COS(2.7479375512723037) / -0.07997177151216928)) + (5.096218431919125 - 0.8479481776583233)) - -3.7889822939254794) * (4.760390552345017 - (2.6338697088134717 + 4.755198618986206))))) / ((-3.7889822939254794 + COS(COS((((5.601184454100769 - (-4.386882836083304 / ((5.108022453661967 + -3.214985110203792) - ((SIN(COS(COS((-0.07997177151216928 / 5.760161382301643)))) * (-2.108694266513507 / (3.4327290445990464 + (-1.2958414954825201 * (SIN((3.4327290445990464 * ((1.983207924038517 / 5.2810144299177715) / (-2.24786944890609 + 2.5753737642292185)))) - (2.368977262076113 + 4.760390552345017)))))) - (4.760390552345017 + 4.9341480503863036))))) + ((4.760390552345017 - SIN(((-3.7889822939254794 + COS(COS(((((-4.243665204463226 - -0.31076287277738235) / (SIN((4.1666317201027425 + ((COS((4.580473183482479 + COS(SIN(((-4.2221057246697065 * COS((-0.6805432016867048 / (-3.058925009504847 - -4.428652354944354)))) / -1.6462377517068614))))) * (5.760161382301643 - -3.15843485195891)) + 5.2810144299177715))) - -1.5473302635406427)) / 5.096218431919125) - -4.3328964275697)))) / 1.8346791175507873))) * -0.05590721147113076)) - 4.580473183482479)))) + (X1  / -3.1363018510460616))) + 5.760161382301643) + (4.146664789044623 + 2.6338697088134717))
Generation=16 Avg Fitness=42234.982577327464 Best Fitness=496.0824062960946 Avg Size=87.58406
Best Individual: ((SIN(COS(-4.386882836083304)) * (-2.108694266513507 / (3.4327290445990464 + (-1.2958414954825201 * ((((4.760390552345017 - SIN((((-3.214985110203792 - 3.2941831700301716) / COS(0.9563568789102961)) - -4.307471032903731))) / ((-0.7144886713956167 - 5.721607505495966) - ((((-4.89123067982032 * (2.462787970535074 + SIN(5.760161382301643))) * (((((COS(SIN(((3.933839224694678 + 5.77446861352254) / (-3.1363018510460616 - -4.428652354944354)))) * ((5.760161382301643 + 4.1666317201027425) / COS(SIN(0.8707900199037804)))) + ((5.721607505495966 + (4.580473183482479 + 5.760161382301643)) - ((3.339437688956677 - 1.4649197044497795) * SIN((COS(2.7029303214109053) - -3.7889822939254794))))) - 5.77446861352254) + 1.2579946787907303) / 5.601184454100769)) + COS(-3.1363018510460616)) + ((3.2941831700301716 / (4.9341480503863036 / X1 )) - (-2.0191564793765173 * (0.8479481776583233 / -3.715425442049339)))))) - -1.7165182504999792) - COS(2.6338697088134717)))))) + (4.146664789044623 + 2.6338697088134717))
Generation=17 Avg Fitness=33911.77013232079 Best Fitness=409.8202284286212 Avg Size=95.67402
Best Individual: ((SIN(COS(-4.386882836083304)) * (-2.108694266513507 / (3.4327290445990464 + (-1.2958414954825201 * ((((4.760390552345017 - SIN((((-3.797293238228002 - 3.2941831700301716) / COS(0.9563568789102961)) - -4.307471032903731))) / ((-0.7144886713956167 - 5.721607505495966) - ((((-4.89123067982032 * (2.462787970535074 + SIN(5.760161382301643))) * (((((COS(SIN(((3.933839224694678 + 5.77446861352254) / (-3.1363018510460616 - -4.428652354944354)))) * ((5.760161382301643 + 4.1666317201027425) / COS(SIN(0.8707900199037804)))) + ((5.721607505495966 + ((4.146664789044623 - -2.24786944890609) + 5.760161382301643)) - ((3.339437688956677 - 1.4649197044497795) * SIN((COS(2.7029303214109053) - -3.7889822939254794))))) - 5.77446861352254) + 1.2579946787907303) / 5.601184454100769)) + COS(-3.1363018510460616)) + ((3.2941831700301716 / (4.9341480503863036 / X1 )) - (-2.0191564793765173 * (0.8479481776583233 / -3.715425442049339)))))) - -1.7165182504999792) - COS(2.6338697088134717)))))) + (4.146664789044623 + 2.6338697088134717))
Generation=18 Avg Fitness=33715.2833319319 Best Fitness=287.30699029104187 Avg Size=108.25982
Best Individual: ((SIN(COS(-4.386882836083304)) * (-2.108694266513507 / ((COS(0.8054070629253447) * (3.4327290445990464 - -1.5473302635406427)) + (-1.2958414954825201 * ((((4.760390552345017 - SIN((((-3.797293238228002 - 3.2941831700301716) / COS(0.9563568789102961)) - -4.307471032903731))) / ((-0.7144886713956167 - 5.721607505495966) - ((((-4.89123067982032 * (2.462787970535074 + SIN(5.760161382301643))) * (((((COS(SIN(((3.933839224694678 + 5.77446861352254) / (-3.1363018510460616 - -4.428652354944354)))) * ((5.760161382301643 + 4.1666317201027425) / COS(SIN(0.8707900199037804)))) + ((5.721607505495966 + ((4.146664789044623 - (SIN((-3.169948928794672 * -0.05590721147113076)) + -0.9774607550379892)) + 5.760161382301643)) - ((3.339437688956677 - 1.4649197044497795) * SIN((COS(2.7029303214109053) - -3.7889822939254794))))) - 5.77446861352254) + 1.2579946787907303) / 5.601184454100769)) + COS(-3.1363018510460616)) + ((3.2941831700301716 / (4.9341480503863036 / X1 )) - (-2.0191564793765173 * (0.8479481776583233 / -3.715425442049339)))))) - -1.7165182504999792) - COS(2.6338697088134717)))))) + (4.146664789044623 + 2.6338697088134717))
Generation=19 Avg Fitness=61483.14178543248 Best Fitness=287.25194623334806 Avg Size=126.50288
Best Individual: ((SIN(COS(-4.386882836083304)) * (-2.108694266513507 / (3.4327290445990464 + (-1.2958414954825201 * ((((4.760390552345017 - SIN((((-3.797293238228002 - 3.2941831700301716) / COS(0.9563568789102961)) - -4.307471032903731))) / ((-0.7144886713956167 - 5.721607505495966) - ((((-4.89123067982032 * (2.462787970535074 + SIN(5.760161382301643))) * (((((COS(SIN(((3.933839224694678 + 5.77446861352254) / ((COS(-1.597160095845938) + 5.760161382301643) + (4.146664789044623 + 2.6338697088134717))))) * ((5.760161382301643 + 4.1666317201027425) / COS(SIN(0.8707900199037804)))) + ((5.721607505495966 + ((4.146664789044623 - -2.24786944890609) + 5.760161382301643)) - ((3.339437688956677 - 1.4649197044497795) * (4.146664789044623 + 2.6338697088134717)))) - 5.77446861352254) + 1.2579946787907303) / 5.601184454100769)) + COS(-3.1363018510460616)) + ((3.2941831700301716 / (5.721607505495966 / X1 )) - (-2.0191564793765173 * (0.8479481776583233 / -3.715425442049339)))))) - -1.7165182504999792) - COS(2.6338697088134717)))))) + (4.146664789044623 + 2.6338697088134717))
Generation=20 Avg Fitness=136859.44217694123 Best Fitness=280.82255570434097 Avg Size=146.98554
Best Individual: (((((3.683386590989006 + -0.07997177151216928) - ((4.146664789044623 + COS(((3.683386590989006 * 3.2941831700301716) + COS((COS((2.368977262076113 / ((((5.096218431919125 + -1.873302632788998) - -3.15843485195891) - COS(COS((4.760390552345017 * (-2.455101697068935 + 5.721607505495966))))) + COS(-4.414690405605284)))) - -2.136145660168045))))) + (-2.455101697068935 / 4.146664789044623))) / (SIN((1.2579946787907303 + -3.1363018510460616)) + (X1  / -3.1363018510460616))) + (SIN(COS(-4.386882836083304)) * (-2.108694266513507 / (3.4327290445990464 + (-1.2958414954825201 * (((((-2.242832417204565 * -4.386882836083304) - SIN((((-3.214985110203792 - -0.7144886713956167) / COS(0.9563568789102961)) - ((3.2941831700301716 * (2.6338697088134717 / (-4.2221057246697065 - ((5.108022453661967 * 1.983207924038517) + (((-0.7144886713956167 * (2.5609026281474776 / -4.386882836083304)) + 3.4327290445990464) * (-0.3508512772558907 + (-4.386882836083304 * -3.214985110203792))))))) + COS((COS((2.6338697088134717 - (((((SIN((3.424474191952468 - -4.307471032903731)) * (-4.89123067982032 - 2.6338697088134717)) + (((-0.05590721147113076 + 5.2810144299177715) - SIN((((-4.428652354944354 + (SIN(-0.6805432016867048) / ((2.6338697088134717 * 4.9341480503863036) / (COS(4.755198618986206) + -3.5246623893651456)))) * 4.387863595890764) / COS(-2.108694266513507)))) + 5.601184454100769)) + 1.217061702806447) - COS(-1.0776352378203757)) - (1.217061702806447 + -2.242832417204565)))) - SIN((0.7080257014711346 * SIN((3.3239098740611652 + COS(2.5694473626074075))))))))))) / ((SIN(-2.8567295005413396) / -3.1363018510460616) - ((((-4.89123067982032 * (2.462787970535074 + SIN(5.760161382301643))) * (((SIN(5.760161382301643) - 5.77446861352254) + 1.2579946787907303) / 5.601184454100769)) + COS(-3.1363018510460616)) + ((3.2941831700301716 / (4.9341480503863036 / X1 )) - ((3.991598840794845 - 1.4649197044497795) * SIN(3.991598840794845)))))) - -1.7165182504999792) - COS(2.6338697088134717))))))) + (4.146664789044623 + 2.6338697088134717))
Generation=21 Avg Fitness=23167.2654685991 Best Fitness=190.84432552957145 Avg Size=165.52372
Best Individual: ((SIN(COS(-4.386882836083304)) * (-2.108694266513507 / (3.4327290445990464 + (-1.2958414954825201 * ((((4.760390552345017 - SIN(4.760390552345017)) / ((-0.7144886713956167 - 5.721607505495966) - ((((-4.89123067982032 * (2.462787970535074 + SIN(COS(4.146664789044623)))) * (((((COS(SIN(((3.933839224694678 + 5.77446861352254) / (-2.108694266513507 / (-4.521005635196264 + -2.884190131846765))))) * ((-2.242832417204565 + 4.1666317201027425) / COS(SIN(0.8707900199037804)))) + ((5.721607505495966 + (4.580473183482479 + 5.760161382301643)) - ((3.339437688956677 - 1.4649197044497795) * SIN((COS(2.7029303214109053) - -3.7889822939254794))))) - 4.146664789044623) + 1.2579946787907303) / 5.601184454100769)) + COS(-3.1363018510460616)) + ((2.6338697088134717 / (4.9341480503863036 / X1 )) - (-2.0191564793765173 * (0.8479481776583233 / -3.715425442049339)))))) - -1.7165182504999792) - COS(2.6338697088134717)))))) + (4.146664789044623 + 2.6338697088134717))
PROBLEM SOLVED
