..\data\input\1_5__-100_100.dat
-- TINY GP (Java version) --
SEED=-1
MAX_LEN=10000
POPSIZE=50000
DEPTH=5
CROSSOVER_PROB=0.9
PMUT_PER_NODE=0.05
MIN_RANDOM=-5.0
MAX_RANDOM=17.0
GENERATIONS=40
TSIZE=2
SOLVING_THRESHOLD=42.0
----------------------------------
Generation=0 Avg Fitness=7752832.08131797 Best Fitness=2063.2802893750136 Avg Size=6.99584
Best Individual: (0.5975605787499978 + COS(X1 ))
Generation=1 Avg Fitness=1913700.9962619378 Best Fitness=1914.9434932036625 Avg Size=6.6772
Best Individual: (((5.680610556775498 + -4.262619289921577) * COS(SIN(0.20432652713354926))) * SIN((11.763036990330608 / (COS(((7.347639720963935 * 2.4033045428939355) + (X1  - -1.327956834218865))) * 15.36989610469103))))
Generation=2 Avg Fitness=78943.49836685779 Best Fitness=1914.9434932036625 Avg Size=7.4386
Best Individual: (((5.680610556775498 + -4.262619289921577) * COS(SIN(0.20432652713354926))) * SIN((11.763036990330608 / (COS(((7.347639720963935 * 2.4033045428939355) + (X1  - -1.327956834218865))) * 15.36989610469103))))
Generation=3 Avg Fitness=116224.7408530067 Best Fitness=1567.4417355282424 Avg Size=8.19918
Best Individual: (SIN((COS(X1 ) + COS((7.044115871905584 * -4.262619289921577)))) / (COS(COS((SIN(6.445663464514315) / -4.058083046293051))) - 0.050714116977436774))
Generation=4 Avg Fitness=17802.322244207113 Best Fitness=1478.512570219992 Avg Size=9.11144
Best Individual: ((SIN((X1  + ((COS(2.1219542982798156) / 2.929247245422494) - 10.338260045429783))) + COS(X1 )) + (-0.5668072444730852 / (-3.2859069517620005 + 0.024296899484042456)))
Generation=5 Avg Fitness=51039.475023437604 Best Fitness=1478.512570219992 Avg Size=10.40246
Best Individual: ((SIN((X1  + ((COS(2.1219542982798156) / 2.929247245422494) - 10.338260045429783))) + COS(X1 )) + (-0.5668072444730852 / (-3.2859069517620005 + 0.024296899484042456)))
Generation=6 Avg Fitness=58315.02430798158 Best Fitness=1414.4999999999961 Avg Size=11.73426
Best Individual: ((SIN((X1  + ((SIN(COS(((15.36989610469103 + X1 ) + (SIN(((((5.660458402939053 - 8.892047086668939) + (6.626943253613053 * 3.9098388950192486)) - COS(COS(7.622525485101448))) + 2.929247245422494)) - 0.024296899484042456)))) / 2.929247245422494) - 10.338260045429783))) + COS(X1 )) + (-0.5668072444730852 / ((11.179881412700702 - (SIN(11.288147316755982) / 5.724782980867111)) + 0.024296899484042456)))
Generation=7 Avg Fitness=251865.3384551429 Best Fitness=1414.4999999999961 Avg Size=13.3582
Best Individual: ((SIN((X1  + ((SIN(COS(((15.36989610469103 + X1 ) + (SIN(((((5.660458402939053 - 8.892047086668939) + (6.626943253613053 * 3.9098388950192486)) - COS(COS(7.622525485101448))) + 2.929247245422494)) - 0.024296899484042456)))) / 2.929247245422494) - 10.338260045429783))) + COS(X1 )) + (-0.5668072444730852 / ((11.179881412700702 - (SIN(11.288147316755982) / 5.724782980867111)) + 0.024296899484042456)))
Generation=8 Avg Fitness=68078.74838968752 Best Fitness=1317.7282399234741 Avg Size=15.6595
Best Individual: ((SIN(((-4.262619289921577 + X1 ) * 0.050714116977436774)) - -1.9937430126503406) * COS(X1 ))
Generation=9 Avg Fitness=43030.34611989477 Best Fitness=1191.9999999999934 Avg Size=18.95506
Best Individual: (COS(((COS(7.622525485101448) - SIN(COS(((7.347639720963935 - ((8.628363750541034 / -1.9913062552087788) / 0.20432652713354926)) / X1 )))) - X1 )) + COS(X1 ))
Generation=10 Avg Fitness=61823.842327753504 Best Fitness=1116.4999999999952 Avg Size=22.76952
Best Individual: (COS(X1 ) - (SIN(((SIN(1.722377585421503) / SIN(SIN((SIN((6.445663464514315 * (7.347639720963935 - COS((COS(1.722377585421503) + COS(X1 )))))) / 4.421901765008634)))) / X1 )) - COS(X1 )))
Generation=11 Avg Fitness=38022.11295828655 Best Fitness=908.9999999999908 Avg Size=26.9673
Best Individual: (SIN((COS(X1 ) - SIN(SIN((((SIN(COS(-1.327956834218865)) * (((COS(X1 ) - SIN(SIN((SIN(COS(X1 )) / 3.0074383131550952)))) + (X1  + SIN(14.128771565514306))) * (-3.2309632741078085 * 8.472936357243197))) * COS(7.622525485101448)) / 3.0074383131550952))))) + COS(X1 ))
Generation=12 Avg Fitness=29538.142423147412 Best Fitness=908.9999999999908 Avg Size=32.07466
Best Individual: (SIN((COS(X1 ) - SIN(SIN((((SIN(COS(-1.327956834218865)) * (((COS(X1 ) - SIN(SIN((SIN(COS(X1 )) / 3.0074383131550952)))) + (X1  + SIN(14.128771565514306))) * (-3.2309632741078085 * 8.472936357243197))) * COS(7.622525485101448)) / 3.0074383131550952))))) + COS(X1 ))
Generation=13 Avg Fitness=68921.08801263558 Best Fitness=908.9999999999908 Avg Size=40.07142
Best Individual: (SIN((COS(X1 ) - SIN(SIN((((SIN(COS(-1.327956834218865)) * (((COS(X1 ) - SIN(SIN((SIN(COS(X1 )) / 3.0074383131550952)))) + (X1  + SIN(14.128771565514306))) * (-3.2309632741078085 * 8.472936357243197))) * COS(7.622525485101448)) / 3.0074383131550952))))) + COS(X1 ))
Generation=14 Avg Fitness=79545.56960399986 Best Fitness=738.4999999999967 Avg Size=50.52318
Best Individual: ((COS(X1 ) - SIN(SIN(SIN(((11.491374397116353 - 15.618061390607693) * X1 ))))) + COS(X1 ))
Generation=15 Avg Fitness=100623.35391277516 Best Fitness=624.0000000000011 Avg Size=61.6027
Best Individual: (SIN((COS(X1 ) - SIN(SIN((((SIN(COS(-1.327956834218865)) * (X1  * (-3.2309632741078085 * 8.472936357243197))) * COS(7.622525485101448)) / 3.0074383131550952))))) + COS(X1 ))
Generation=16 Avg Fitness=7806.169870592008 Best Fitness=507.99999999999443 Avg Size=71.98698
Best Individual: (COS(X1 ) + SIN((COS(X1 ) - SIN((SIN((COS(13.618894838804454) * X1 )) / SIN(COS(15.36989610469103)))))))
Generation=17 Avg Fitness=8956.002562577933 Best Fitness=507.99999999999443 Avg Size=82.3355
Best Individual: (COS(X1 ) + SIN((COS(X1 ) - SIN((SIN((COS(13.618894838804454) * X1 )) / SIN(COS(15.36989610469103)))))))
Generation=18 Avg Fitness=262973.9734106111 Best Fitness=507.99999999999443 Avg Size=95.79004
Best Individual: (COS(X1 ) + SIN((COS(X1 ) - SIN((SIN((COS(13.618894838804454) * X1 )) / SIN(COS(15.36989610469103)))))))
Generation=19 Avg Fitness=6387.028929426383 Best Fitness=507.99999999999443 Avg Size=112.55758
Best Individual: (COS(X1 ) + SIN((COS(X1 ) - SIN((SIN((COS(13.618894838804454) * X1 )) / SIN(COS(15.36989610469103)))))))
Generation=20 Avg Fitness=23400.215599032515 Best Fitness=507.99999999999443 Avg Size=131.59884
Best Individual: (COS(X1 ) + SIN((COS(X1 ) - SIN((SIN((COS(13.618894838804454) * X1 )) / SIN(COS(15.36989610469103)))))))
Generation=21 Avg Fitness=26278.680097936845 Best Fitness=507.99999999999443 Avg Size=149.16984
Best Individual: (COS(X1 ) + SIN((COS(X1 ) - SIN((SIN((COS(13.618894838804454) * X1 )) / SIN(COS(15.36989610469103)))))))
Generation=22 Avg Fitness=4707.634346127885 Best Fitness=498.0000000000017 Avg Size=166.8501
Best Individual: ((SIN((COS(X1 ) - SIN((SIN((COS(13.618894838804454) * X1 )) / SIN(COS(15.36989610469103)))))) + COS(X1 )) - SIN(SIN((((COS(X1 ) - SIN(SIN((COS(-1.4810924118541715) / (((SIN(10.753017337364872) * COS((9.763451388233868 * 1.2422738978789472))) * COS(X1 )) / (4.170278138658219 * COS(2.929247245422494))))))) / -4.058083046293051) / (SIN(((COS(((7.044115871905584 - SIN(6.445663464514315)) * 4.421901765008634)) / X1 ) * ((COS((((SIN(((SIN(SIN(SIN(SIN((COS(X1 ) + SIN((6.667973656194313 / (COS((9.161032702317828 * 2.929247245422494)) / X1 )))))))) + COS(X1 )) / X1 )) / -3.600147203169772) - ((SIN(((0.5975605787499978 / (X1  * X1 )) + 0.050714116977436774)) + COS(X1 )) + (-0.5668072444730852 / (11.288147316755982 + 0.024296899484042456)))) - -1.4810924118541715)) - -1.9913062552087788) / X1 ))) - -1.327956834218865)))))
Generation=23 Avg Fitness=3988.4001877716664 Best Fitness=404.9999999999976 Avg Size=185.11864
Best Individual: ((SIN((COS(X1 ) - SIN((SIN((COS(13.618894838804454) * X1 )) / SIN(COS(15.36989610469103)))))) + COS(X1 )) - SIN(SIN((((COS(X1 ) - SIN(SIN((COS(-1.4810924118541715) / (((11.179881412700702 + SIN(7.622525485101448)) / COS(X1 )) / SIN(SIN((COS(-1.4810924118541715) + (9.763451388233868 + 15.618061390607693))))))))) / -4.058083046293051) / (SIN(((COS(((7.044115871905584 - SIN((SIN(SIN(SIN(SIN((COS(X1 ) + SIN((6.667973656194313 / (COS((9.161032702317828 * 2.929247245422494)) / X1 )))))))) + COS(X1 )))) * 4.421901765008634)) / X1 ) * ((COS((((SIN(((SIN(SIN(SIN(SIN((COS(X1 ) + SIN((6.667973656194313 / (COS((9.161032702317828 * 2.929247245422494)) / X1 )))))))) + COS(X1 )) / X1 )) / -3.600147203169772) - ((SIN(((0.5975605787499978 / (X1  * X1 )) + 0.050714116977436774)) + COS(X1 )) + (-0.5668072444730852 / (11.288147316755982 + 0.024296899484042456)))) - -1.4810924118541715)) - -1.9913062552087788) / X1 ))) - -1.327956834218865)))))
Generation=24 Avg Fitness=4240.682285000418 Best Fitness=404.49999999999653 Avg Size=203.99926
Best Individual: ((SIN((COS(X1 ) - SIN((SIN((COS(13.618894838804454) * X1 )) / SIN(COS(15.36989610469103)))))) + COS(X1 )) - SIN(SIN((((COS(X1 ) - SIN(SIN((COS(-1.4810924118541715) / (((((13.453256654296414 + (SIN((SIN(-1.327956834218865) * SIN(COS(X1 )))) - 0.024296899484042456)) - X1 ) + SIN(7.622525485101448)) / COS(X1 )) / SIN(SIN((COS(-1.4810924118541715) + (9.763451388233868 + 15.618061390607693))))))))) / -4.058083046293051) / (SIN(((COS(((7.044115871905584 - SIN((SIN(SIN(SIN(SIN((COS(X1 ) + SIN((6.667973656194313 / (COS((9.161032702317828 * 2.929247245422494)) / X1 )))))))) + COS(X1 )))) * 4.421901765008634)) / X1 ) * ((COS((((SIN(X1 ) / -3.600147203169772) - ((SIN(((0.5975605787499978 / (X1  * X1 )) + 0.050714116977436774)) + COS(X1 )) + (-0.5668072444730852 / (11.288147316755982 + 0.024296899484042456)))) - -1.4810924118541715)) - -1.9913062552087788) / X1 ))) - -1.327956834218865)))))
Generation=25 Avg Fitness=1.147919268118177E7 Best Fitness=359.4999999999967 Avg Size=237.19966
Best Individual: (((COS(X1 ) + SIN((6.667973656194313 / (13.453256654296414 / X1 )))) + COS(X1 )) - SIN(SIN(((SIN(COS(-4.63448576501636)) / -4.058083046293051) / (SIN((((COS(((COS(X1 ) * (COS(X1 ) - SIN((COS(X1 ) / 6.626943253613053)))) + COS(COS(SIN((SIN(13.710314439338191) - (4.170278138658219 - COS(COS((X1  - ((COS(14.882991572049669) - (COS((7.556534716413081 - ((COS(X1 ) - COS(0.024296899484042456)) + COS((X1  * SIN((SIN(-0.889242948804351) + (X2  / X2 )))))))) / COS(X1 ))) * SIN(SIN(6.626943253613053))))))))))))) + COS(X1 )) / (-1.3855574730632334 - SIN(SIN(((X1  - SIN(COS(((((SIN(SIN(((SIN(COS((SIN(((COS(14.882991572049669) - (X1  / COS(X1 ))) * SIN((11.60033605519591 + 6.626943253613053)))) - SIN((15.618061390607693 / COS((9.161032702317828 * (COS(6.445663464514315) + SIN(((15.36989610469103 + X1 ) + (SIN(6.667973656194313) - 0.024296899484042456))))))))))) / -4.058083046293051) / (SIN(((((SIN(SIN(SIN(COS((((0.024296899484042456 * SIN((9.763451388233868 / SIN(COS(5.724782980867111))))) - ((SIN(COS(-4.63448576501636)) / -4.058083046293051) / (SIN((((COS((COS(X1 ) + COS(COS(SIN((X1  + (SIN(COS(((15.36989610469103 + X1 ) + 4.421901765008634))) * COS((COS(((X1  + (COS(SIN(COS(X1 ))) / (13.618894838804454 + COS(SIN((X1  - X1 )))))) - SIN(SIN(15.484254108687558)))) * -1.327956834218865))))))))) + COS((SIN(SIN(COS(2.1219542982798156))) - X1 ))) / COS(X1 )) * SIN(SIN((SIN((4.170278138658219 * COS(2.929247245422494))) / (SIN((0.5975605787499978 * (SIN(SIN(COS(X1 ))) / SIN((13.710314439338191 * 1.2422738978789472))))) / SIN(COS((6.685918578419091 / (14.279443038694613 / COS((15.466545620641934 * (COS(COS((7.622525485101448 - COS((SIN(SIN(COS(X1 ))) / 11.129472873662412))))) + SIN(0.050714116977436774)))))))))))))) - (COS(X1 ) - SIN((COS(0.050714116977436774) / 6.911753484212536)))))) * COS(X1 )))))) + X1 ) * 0.050714116977436774) / ((X1  / COS(X1 )) - SIN(COS(X1 )))) * 0.024296899484042456)) - SIN(0.050714116977436774))))) / X1 ) / 15.36989610469103) * (15.466545620641934 / 0.5975605787499978)) + COS(((11.288147316755982 * X1 ) - X1 )))))) - -1.4810924118541715))))) * 0.024296899484042456)) - -1.327956834218865)))))
Generation=26 Avg Fitness=5674.795833459386 Best Fitness=49.50000000000033 Avg Size=280.08096
Best Individual: (((COS(X1 ) + SIN((COS(13.618894838804454) * X1 ))) + COS(X1 )) - SIN(SIN(((SIN(COS(-4.63448576501636)) / -4.058083046293051) / (SIN((((COS(((COS(X1 ) * SIN(COS(X1 ))) + SIN((COS(-4.569354675746748) + SIN(X1 ))))) + COS(COS(SIN((SIN(13.710314439338191) - (4.170278138658219 - COS(COS(COS(X1 ))))))))) / ((COS(14.882991572049669) - (COS((7.556534716413081 - ((COS(X1 ) - COS(0.024296899484042456)) + COS((X1  * SIN((SIN(-0.889242948804351) + (X2  / X2 )))))))) / COS(X1 ))) * SIN(SIN(6.626943253613053)))) * COS(X1 ))) - (-1.3855574730632334 - SIN(COS((X1  + (COS((SIN(COS(SIN(SIN((6.667973656194313 / (COS((9.161032702317828 * 2.929247245422494)) / X1 )))))) + (7.510166196302503 + -4.63448576501636))) - 10.338260045429783))))))))))
Generation=27 Avg Fitness=2544.0535594240137 Best Fitness=29.500000000000014 Avg Size=296.86006
Best Individual: (((COS(X1 ) + SIN((COS(13.618894838804454) * X1 ))) + COS(X1 )) - SIN(SIN(((SIN(COS(-4.63448576501636)) / -4.058083046293051) / (SIN(((SIN(6.626943253613053) / ((COS(14.882991572049669) - (COS((7.556534716413081 - ((COS(X1 ) - COS(0.024296899484042456)) + COS((X1  * SIN((SIN(-0.889242948804351) + (X2  / X2 )))))))) / COS(X1 ))) * SIN(SIN(6.626943253613053)))) * COS(X1 ))) - (-1.3855574730632334 - SIN(COS(COS((8.816428834085784 - -0.5668072444730852))))))))))
PROBLEM SOLVED
